{"timestamp": "2026-08-06T09:17:22.000Z", "record_id": 4683, "event_id": 5007, "channel": "Microsoft-Windows-Windows Defender/Operational", "channel_key": "defender", "provider": "Microsoft-Windows-Windows Defender", "computer": "LAPTOP-8SM7PKPU", "level": "Information", "category": "other", "user_sid": "S-1-5-18", "process_id": 9812, "is_machine_account": 0, "mapped": 0, "source_file": "Microsoft-Windows-Windows-Defender-Operational.jsonl", "event_data": "{\"New Value\": \"Default\\\\ServiceStartStates = 0x0\", \"Old Value\": \"HKLM\\\\SOFTWARE\\\\Microsoft\\\\Windows Defender\\\\ServiceStartStates = 0x1\", \"Product Name\": \"Microsoft Defender Antivirus\", \"Product Version\": \"4.18.26070.9\"}", "message": "Microsoft Defender Antivirus Configuration has changed. If this is an unexpected event you should review the settings as this may be the result of malware.\r\n \tOld value: HKLM\\SOFTWARE\\Microsoft\\Windows Defender\\ServiceStartStates = 0x1\r\n \tNew value: Default\\ServiceStartStates = 0x0"}
{"timestamp": "2026-08-06T09:16:31.000Z", "record_id": 4682, "event_id": 5007, "channel": "Microsoft-Windows-Windows Defender/Operational", "channel_key": "defender", "provider": "Microsoft-Windows-Windows Defender", "computer": "LAPTOP-8SM7PKPU", "level": "Information", "category": "other", "user_sid": "S-1-5-18", "process_id": 9812, "is_machine_account": 0, "mapped": 0, "source_file": "Microsoft-Windows-Windows-Defender-Operational.jsonl", "event_data": "{\"New Value\": \"HKLM\\\\SOFTWARE\\\\Microsoft\\\\Windows Defender\\\\Diagnostics\\\\InitializingComponentProgress = ServiceStartedSuccessfully\", \"Old Value\": \"HKLM\\\\SOFTWARE\\\\Microsoft\\\\Windows Defender\\\\Diagnostics\\\\InitializingComponentProgress = LoadingEngine\", \"Product Name\": \"Microsoft Defender Antivirus\", \"Product Version\": \"4.18.26070.9\"}", "message": "Microsoft Defender Antivirus Configuration has changed. If this is an unexpected event you should review the settings as this may be the result of malware.\r\n \tOld value: HKLM\\SOFTWARE\\Microsoft\\Windows Defender\\Diagnostics\\InitializingComponentProgress = LoadingEngine\r\n \tNew value: HKLM\\SOFTWARE\\Microsoft\\Windows Defender\\Diagnostics\\InitializingComponentProgress = ServiceStartedSuccessfully"}
{"timestamp": "2026-08-06T09:16:31.000Z", "record_id": 4681, "event_id": 5007, "channel": "Microsoft-Windows-Windows Defender/Operational", "channel_key": "defender", "provider": "Microsoft-Windows-Windows Defender", "computer": "LAPTOP-8SM7PKPU", "level": "Information", "category": "other", "user_sid": "S-1-5-18", "process_id": 9812, "is_machine_account": 0, "mapped": 0, "source_file": "Microsoft-Windows-Windows-Defender-Operational.jsonl", "event_data": "{\"New Value\": \"HKLM\\\\SOFTWARE\\\\Microsoft\\\\Windows Defender\\\\DefenderDiag\\\\CriticalSupportFiles = \", \"Old Value\": \"Default\\\\DefenderDiag\\\\CriticalSupportFiles = \", \"Product Name\": \"Microsoft Defender Antivirus\", \"Product Version\": \"4.18.26070.9\"}", "message": "Microsoft Defender Antivirus Configuration has changed. If this is an unexpected event you should review the settings as this may be the result of malware.\r\n \tOld value: Default\\DefenderDiag\\CriticalSupportFiles = \r\n \tNew value: HKLM\\SOFTWARE\\Microsoft\\Windows Defender\\DefenderDiag\\CriticalSupportFiles = "}
{"timestamp": "2026-08-06T09:16:31.000Z", "record_id": 4680, "event_id": 5007, "channel": "Microsoft-Windows-Windows Defender/Operational", "channel_key": "defender", "provider": "Microsoft-Windows-Windows Defender", "computer": "LAPTOP-8SM7PKPU", "level": "Information", "category": "other", "user_sid": "S-1-5-18", "process_id": 9812, "is_machine_account": 0, "mapped": 0, "source_file": "Microsoft-Windows-Windows-Defender-Operational.jsonl", "event_data": "{\"New Value\": \"HKLM\\\\SOFTWARE\\\\Microsoft\\\\Windows Defender\\\\ProductAppDataPath = C:\\\\ProgramData\\\\Microsoft\\\\Windows Defender\", \"Old Value\": \"Default\\\\ProductAppDataPath = C:\\\\ProgramData\\\\Microsoft\\\\Windows Defender\", \"Product Name\": \"Microsoft Defender Antivirus\", \"Product Version\": \"4.18.26070.9\"}", "message": "Microsoft Defender Antivirus Configuration has changed. If this is an unexpected event you should review the settings as this may be the result of malware.\r\n \tOld value: Default\\ProductAppDataPath = C:\\ProgramData\\Microsoft\\Windows Defender\r\n \tNew value: HKLM\\SOFTWARE\\Microsoft\\Windows Defender\\ProductAppDataPath = C:\\ProgramData\\Microsoft\\Windows Defender"}
{"timestamp": "2026-08-06T09:16:31.000Z", "record_id": 4679, "event_id": 5007, "channel": "Microsoft-Windows-Windows Defender/Operational", "channel_key": "defender", "provider": "Microsoft-Windows-Windows Defender", "computer": "LAPTOP-8SM7PKPU", "level": "Information", "category": "other", "user_sid": "S-1-5-18", "process_id": 9812, "is_machine_account": 0, "mapped": 0, "source_file": "Microsoft-Windows-Windows-Defender-Operational.jsonl", "event_data": "{\"New Value\": \"HKLM\\\\SOFTWARE\\\\Microsoft\\\\Windows Defender\\\\InstallLocation = C:\\\\ProgramData\\\\Microsoft\\\\Windows Defender\\\\Platform\\\\4.18.26070.9-0\\\\\", \"Old Value\": \"HKLM\\\\SOFTWARE\\\\Microsoft\\\\Windows Defender\\\\InstallLocation = C:\\\\ProgramData\\\\Microsoft\\\\Windows Defender\\\\Platform\\\\4.18.26060.3008-0\\\\\", \"Product Name\": \"Microsoft Defender Antivirus\", \"Product Version\": \"4.18.26070.9\"}", "message": "Microsoft Defender Antivirus Configuration has changed. If this is an unexpected event you should review the settings as this may be the result of malware.\r\n \tOld value: HKLM\\SOFTWARE\\Microsoft\\Windows Defender\\InstallLocation = C:\\ProgramData\\Microsoft\\Windows Defender\\Platform\\4.18.26060.3008-0\\\r\n \tNew value: HKLM\\SOFTWARE\\Microsoft\\Windows Defender\\InstallLocation = C:\\ProgramData\\Microsoft\\Windows Defender\\Platform\\4.18.26070.9-0\\"}
{"timestamp": "2026-08-06T09:16:22.000Z", "record_id": 4678, "event_id": 5007, "channel": "Microsoft-Windows-Windows Defender/Operational", "channel_key": "defender", "provider": "Microsoft-Windows-Windows Defender", "computer": "LAPTOP-8SM7PKPU", "level": "Information", "category": "other", "user_sid": "S-1-5-18", "process_id": 9812, "is_machine_account": 0, "mapped": 0, "source_file": "Microsoft-Windows-Windows-Defender-Operational.jsonl", "event_data": "{\"New Value\": \"HKLM\\\\SOFTWARE\\\\Microsoft\\\\Windows Defender\\\\Diagnostics\\\\InitializingComponentProgress = LoadingEngine\", \"Old Value\": \"HKLM\\\\SOFTWARE\\\\Microsoft\\\\Windows Defender\\\\Diagnostics\\\\InitializingComponentProgress = PostPlatformUpdate\", \"Product Name\": \"Microsoft Defender Antivirus\", \"Product Version\": \"4.18.26070.9\"}", "message": "Microsoft Defender Antivirus Configuration has changed. If this is an unexpected event you should review the settings as this may be the result of malware.\r\n \tOld value: HKLM\\SOFTWARE\\Microsoft\\Windows Defender\\Diagnostics\\InitializingComponentProgress = PostPlatformUpdate\r\n \tNew value: HKLM\\SOFTWARE\\Microsoft\\Windows Defender\\Diagnostics\\InitializingComponentProgress = LoadingEngine"}
{"timestamp": "2026-08-06T09:16:22.000Z", "record_id": 4677, "event_id": 5007, "channel": "Microsoft-Windows-Windows Defender/Operational", "channel_key": "defender", "provider": "Microsoft-Windows-Windows Defender", "computer": "LAPTOP-8SM7PKPU", "level": "Information", "category": "other", "user_sid": "S-1-5-18", "process_id": 9812, "is_machine_account": 0, "mapped": 0, "source_file": "Microsoft-Windows-Windows-Defender-Operational.jsonl", "event_data": "{\"New Value\": \"HKLM\\\\SOFTWARE\\\\Microsoft\\\\Windows Defender\\\\ServiceStartStates = 0x1\", \"Old Value\": \"Default\\\\ServiceStartStates = 0x0\", \"Product Name\": \"Microsoft Defender Antivirus\", \"Product Version\": \"4.18.26070.9\"}", "message": "Microsoft Defender Antivirus Configuration has changed. If this is an unexpected event you should review the settings as this may be the result of malware.\r\n \tOld value: Default\\ServiceStartStates = 0x0\r\n \tNew value: HKLM\\SOFTWARE\\Microsoft\\Windows Defender\\ServiceStartStates = 0x1"}
{"timestamp": "2026-08-06T09:16:18.000Z", "record_id": 4676, "event_id": 2014, "channel": "Microsoft-Windows-Windows Defender/Operational", "channel_key": "defender", "provider": "Microsoft-Windows-Windows Defender", "computer": "LAPTOP-8SM7PKPU", "level": "Information", "category": "other", "user_sid": "S-1-5-18", "process_id": 9812, "is_machine_account": 0, "mapped": 0, "source_file": "Microsoft-Windows-Windows-Defender-Operational.jsonl", "event_data": "{\"Product Name\": \"Microsoft Defender Antivirus\", \"Product Version\": \"4.18.26070.9\"}", "message": "Microsoft Defender Antivirus platform update to 4.18.26070.9 has succeeded.\r\n"}
{"timestamp": "2026-08-06T09:16:13.000Z", "record_id": 4675, "event_id": 5007, "channel": "Microsoft-Windows-Windows Defender/Operational", "channel_key": "defender", "provider": "Microsoft-Windows-Windows Defender", "computer": "LAPTOP-8SM7PKPU", "level": "Information", "category": "other", "user_sid": "S-1-5-18", "process_id": 6872, "is_machine_account": 0, "mapped": 0, "source_file": "Microsoft-Windows-Windows-Defender-Operational.jsonl", "event_data": "{\"New Value\": \"HKLM\\\\SOFTWARE\\\\Microsoft\\\\Windows Defender\\\\Diagnostics\\\\CleanupComponentProgress = CleanupEngine\", \"Old Value\": \"HKLM\\\\SOFTWARE\\\\Microsoft\\\\Windows Defender\\\\Diagnostics\\\\CleanupComponentProgress = CleanupCompleted\", \"Product Name\": \"Microsoft Defender Antivirus\", \"Product Version\": \"4.18.26060.3008\"}", "message": "Microsoft Defender Antivirus Configuration has changed. If this is an unexpected event you should review the settings as this may be the result of malware.\r\n \tOld value: HKLM\\SOFTWARE\\Microsoft\\Windows Defender\\Diagnostics\\CleanupComponentProgress = CleanupCompleted\r\n \tNew value: HKLM\\SOFTWARE\\Microsoft\\Windows Defender\\Diagnostics\\CleanupComponentProgress = CleanupEngine"}
{"timestamp": "2026-08-06T09:16:13.000Z", "record_id": 4674, "event_id": 5007, "channel": "Microsoft-Windows-Windows Defender/Operational", "channel_key": "defender", "provider": "Microsoft-Windows-Windows Defender", "computer": "LAPTOP-8SM7PKPU", "level": "Information", "category": "other", "user_sid": "S-1-5-18", "process_id": 6872, "is_machine_account": 0, "mapped": 0, "source_file": "Microsoft-Windows-Windows-Defender-Operational.jsonl", "event_data": "{\"New Value\": \"Default\\\\ProductAppDataPath = C:\\\\ProgramData\\\\Microsoft\\\\Windows Defender\", \"Old Value\": \"HKLM\\\\SOFTWARE\\\\Microsoft\\\\Windows Defender\\\\ProductAppDataPath = C:\\\\ProgramData\\\\Microsoft\\\\Windows Defender\", \"Product Name\": \"Microsoft Defender Antivirus\", \"Product Version\": \"4.18.26060.3008\"}", "message": "Microsoft Defender Antivirus Configuration has changed. If this is an unexpected event you should review the settings as this may be the result of malware.\r\n \tOld value: HKLM\\SOFTWARE\\Microsoft\\Windows Defender\\ProductAppDataPath = C:\\ProgramData\\Microsoft\\Windows Defender\r\n \tNew value: Default\\ProductAppDataPath = C:\\ProgramData\\Microsoft\\Windows Defender"}
{"timestamp": "2026-08-06T09:15:31.000Z", "record_id": 4673, "event_id": 1002, "channel": "Microsoft-Windows-Windows Defender/Operational", "channel_key": "defender", "provider": "Microsoft-Windows-Windows Defender", "computer": "LAPTOP-8SM7PKPU", "level": "Warning", "category": "other", "user_sid": "S-1-5-18", "process_id": 6872, "is_machine_account": 0, "mapped": 0, "source_file": "Microsoft-Windows-Windows-Defender-Operational.jsonl", "event_data": "{\"Domain\": \"NT AUTHORITY\", \"Product Name\": \"Microsoft Defender Antivirus\", \"Product Version\": \"4.18.26060.3008\", \"SID\": \"S-1-5-18\", \"Scan ID\": \"{6225B3E9-3014-4A09-B351-30ABA8153459}\", \"Scan Parameters\": \"Quick Scan\", \"Scan Parameters Index\": \"1\", \"Scan Type\": \"Antimalware\", \"Scan Type Index\": \"1\", \"Stop Reason\": \"Scheduled scan was skipped because the last successful scan was within the last 7 days\", \"Stop Reason Index\": \"4\", \"User\": \"SYSTEM\"}", "message": "Microsoft Defender Antivirus scan has been stopped before completion.\r\n \tScan ID: {6225B3E9-3014-4A09-B351-30ABA8153459}\r\n \tScan Type: Antimalware\r\n \tScan Parameters: Quick Scan\r\n  \tUser: NT AUTHORITY\\SYSTEM\r\n \tStop Reason: Scheduled scan was skipped because the last successful scan was within the last 7 days"}
{"timestamp": "2026-08-06T09:15:31.000Z", "record_id": 4672, "event_id": 1000, "channel": "Microsoft-Windows-Windows Defender/Operational", "channel_key": "defender", "provider": "Microsoft-Windows-Windows Defender", "computer": "LAPTOP-8SM7PKPU", "level": "Information", "category": "other", "user_sid": "S-1-5-18", "process_id": 6872, "is_machine_account": 0, "mapped": 0, "source_file": "Microsoft-Windows-Windows-Defender-Operational.jsonl", "event_data": "{\"Domain\": \"NT AUTHORITY\", \"Low CPU Priority for Scans\": \"Disabled\", \"Product Name\": \"Microsoft Defender Antivirus\", \"Product Version\": \"4.18.26060.3008\", \"SID\": \"S-1-5-18\", \"Scan ID\": \"{6225B3E9-3014-4A09-B351-30ABA8153459}\", \"Scan Only If Idle\": \"Enabled\", \"Scan Parameters\": \"Quick Scan\", \"Scan Parameters Index\": \"1\", \"Scan Resources\": \"\", \"Scan Trigger\": \"Scheduled maintenance\", \"Scan Trigger Index\": \"55\", \"Scan Type\": \"Antimalware\", \"Scan Type Index\": \"1\", \"Thread Priority\": \"7\", \"User\": \"SYSTEM\"}", "message": "Microsoft Defender Antivirus scan has started.\r\n \tScan ID: {6225B3E9-3014-4A09-B351-30ABA8153459}\r\n \tScan Type: Antimalware\r\n \tScan Parameters: Quick Scan\r\n \tScan Resources: \r\n  \tUser: NT AUTHORITY\\SYSTEM\r\n \tScan Trigger: Scheduled maintenance\r\n \tScan Only If Idle: Enabled\r\n \tLow CPU Priority for Scans: Disabled\r\n \tThread Priority: 7"}
{"timestamp": "2026-08-06T09:10:37.000Z", "record_id": 4671, "event_id": 5007, "channel": "Microsoft-Windows-Windows Defender/Operational", "channel_key": "defender", "provider": "Microsoft-Windows-Windows Defender", "computer": "LAPTOP-8SM7PKPU", "level": "Information", "category": "other", "user_sid": "S-1-5-18", "process_id": 6872, "is_machine_account": 0, "mapped": 0, "source_file": "Microsoft-Windows-Windows-Defender-Operational.jsonl", "event_data": "{\"New Value\": \"HKLM\\\\SOFTWARE\\\\Microsoft\\\\Windows Defender\\\\CoreService\\\\WdConfigHash = 0x749E6A19\", \"Old Value\": \"HKLM\\\\SOFTWARE\\\\Microsoft\\\\Windows Defender\\\\CoreService\\\\WdConfigHash = 0x835CD723\", \"Product Name\": \"Microsoft Defender Antivirus\", \"Product Version\": \"4.18.26060.3008\"}", "message": "Microsoft Defender Antivirus Configuration has changed. If this is an unexpected event you should review the settings as this may be the result of malware.\r\n \tOld value: HKLM\\SOFTWARE\\Microsoft\\Windows Defender\\CoreService\\WdConfigHash = 0x835CD723\r\n \tNew value: HKLM\\SOFTWARE\\Microsoft\\Windows Defender\\CoreService\\WdConfigHash = 0x749E6A19"}
{"timestamp": "2026-08-06T09:10:37.000Z", "record_id": 4670, "event_id": 2000, "channel": "Microsoft-Windows-Windows Defender/Operational", "channel_key": "defender", "provider": "Microsoft-Windows-Windows Defender", "computer": "LAPTOP-8SM7PKPU", "level": "Information", "category": "other", "user_sid": "S-1-5-18", "process_id": 6872, "is_machine_account": 0, "mapped": 0, "source_file": "Microsoft-Windows-Windows-Defender-Operational.jsonl", "event_data": "{\"Current Engine Version\": \"1.1.26070.7\", \"Current security intelligence Version\": \"1.457.27.0\", \"Domain\": \"NT AUTHORITY\", \"Previous Engine Version\": \"1.1.26060.3008\", \"Previous security intelligence Version\": \"1.455.485.0\", \"Product Name\": \"Microsoft Defender Antivirus\", \"Product Version\": \"4.18.26060.3008\", \"SID\": \"S-1-5-18\", \"Security intelligence Type\": \"AntiSpyware\", \"Security intelligence Type Index\": \"2\", \"Unused\": \"\", \"Unused2\": \"\", \"Unused3\": \"\", \"Update Type\": \"Full\", \"Update Type Index\": \"1\", \"User\": \"SYSTEM\"}", "message": "Microsoft Defender Antivirus security intelligence version updated.\r\n \tCurrent security intelligence Version: 1.457.27.0\r\n \tPrevious security intelligence Version: 1.455.485.0\r\n \tSecurity intelligence Type: AntiSpyware\r\n \tUpdate Type: Full\r\n \tUser: NT AUTHORITY\\SYSTEM\r\n \tCurrent Engine Version: 1.1.26070.7\r\n \tPrevious Engine Version: 1.1.26060.3008"}
{"timestamp": "2026-08-06T09:10:37.000Z", "record_id": 4669, "event_id": 2000, "channel": "Microsoft-Windows-Windows Defender/Operational", "channel_key": "defender", "provider": "Microsoft-Windows-Windows Defender", "computer": "LAPTOP-8SM7PKPU", "level": "Information", "category": "other", "user_sid": "S-1-5-18", "process_id": 6872, "is_machine_account": 0, "mapped": 0, "source_file": "Microsoft-Windows-Windows-Defender-Operational.jsonl", "event_data": "{\"Current Engine Version\": \"1.1.26070.7\", \"Current security intelligence Version\": \"1.457.27.0\", \"Domain\": \"NT AUTHORITY\", \"Previous Engine Version\": \"1.1.26060.3008\", \"Previous security intelligence Version\": \"1.455.485.0\", \"Product Name\": \"Microsoft Defender Antivirus\", \"Product Version\": \"4.18.26060.3008\", \"SID\": \"S-1-5-18\", \"Security intelligence Type\": \"AntiVirus\", \"Security intelligence Type Index\": \"1\", \"Unused\": \"\", \"Unused2\": \"\", \"Unused3\": \"\", \"Update Type\": \"Full\", \"Update Type Index\": \"1\", \"User\": \"SYSTEM\"}", "message": "Microsoft Defender Antivirus security intelligence version updated.\r\n \tCurrent security intelligence Version: 1.457.27.0\r\n \tPrevious security intelligence Version: 1.455.485.0\r\n \tSecurity intelligence Type: AntiVirus\r\n \tUpdate Type: Full\r\n \tUser: NT AUTHORITY\\SYSTEM\r\n \tCurrent Engine Version: 1.1.26070.7\r\n \tPrevious Engine Version: 1.1.26060.3008"}
{"timestamp": "2026-08-06T09:10:37.000Z", "record_id": 4668, "event_id": 2002, "channel": "Microsoft-Windows-Windows Defender/Operational", "channel_key": "defender", "provider": "Microsoft-Windows-Windows Defender", "computer": "LAPTOP-8SM7PKPU", "level": "Information", "category": "other", "user_sid": "S-1-5-18", "process_id": 6872, "is_machine_account": 0, "mapped": 0, "source_file": "Microsoft-Windows-Windows-Defender-Operational.jsonl", "event_data": "{\"Current Engine Version\": \"1.1.26070.7\", \"Domain\": \"NT AUTHORITY\", \"Feature Index\": \"0\", \"Feature Name\": \"Antimalware\", \"Previous Engine Version\": \"1.1.26060.3008\", \"Product Name\": \"Microsoft Defender Antivirus\", \"Product Version\": \"4.18.26060.3008\", \"SID\": \"S-1-5-18\", \"Unused\": \"\", \"Unused2\": \"\", \"Unused3\": \"\", \"Unused4\": \"\", \"Unused5\": \"\", \"User\": \"SYSTEM\"}", "message": "Microsoft Defender Antivirus engine version has been updated.\r\n \tCurrent Engine Version: 1.1.26070.7\r\n \tPrevious Engine Version: 1.1.26060.3008\r\n \tUser: NT AUTHORITY\\SYSTEM"}
{"timestamp": "2026-08-06T09:05:42.000Z", "record_id": 4667, "event_id": 5007, "channel": "Microsoft-Windows-Windows Defender/Operational", "channel_key": "defender", "provider": "Microsoft-Windows-Windows Defender", "computer": "LAPTOP-8SM7PKPU", "level": "Information", "category": "other", "user_sid": "S-1-5-18", "process_id": 6872, "is_machine_account": 0, "mapped": 0, "source_file": "Microsoft-Windows-Windows-Defender-Operational.jsonl", "event_data": "{\"New Value\": \"HKLM\\\\SOFTWARE\\\\Microsoft\\\\Windows Defender\\\\Features\\\\Controls\\\\204 = 0x1\", \"Old Value\": \"\", \"Product Name\": \"Microsoft Defender Antivirus\", \"Product Version\": \"4.18.26060.3008\"}", "message": "Microsoft Defender Antivirus Configuration has changed. If this is an unexpected event you should review the settings as this may be the result of malware.\r\n \tOld value: \r\n \tNew value: HKLM\\SOFTWARE\\Microsoft\\Windows Defender\\Features\\Controls\\204 = 0x1"}
{"timestamp": "2026-08-06T09:05:42.000Z", "record_id": 4666, "event_id": 5007, "channel": "Microsoft-Windows-Windows Defender/Operational", "channel_key": "defender", "provider": "Microsoft-Windows-Windows Defender", "computer": "LAPTOP-8SM7PKPU", "level": "Information", "category": "other", "user_sid": "S-1-5-18", "process_id": 6872, "is_machine_account": 0, "mapped": 0, "source_file": "Microsoft-Windows-Windows-Defender-Operational.jsonl", "event_data": "{\"New Value\": \"HKLM\\\\SOFTWARE\\\\Microsoft\\\\Windows Defender\\\\Features\\\\Controls\\\\203 = 0x1\", \"Old Value\": \"\", \"Product Name\": \"Microsoft Defender Antivirus\", \"Product Version\": \"4.18.26060.3008\"}", "message": "Microsoft Defender Antivirus Configuration has changed. If this is an unexpected event you should review the settings as this may be the result of malware.\r\n \tOld value: \r\n \tNew value: HKLM\\SOFTWARE\\Microsoft\\Windows Defender\\Features\\Controls\\203 = 0x1"}
{"timestamp": "2026-08-06T09:05:42.000Z", "record_id": 4665, "event_id": 5007, "channel": "Microsoft-Windows-Windows Defender/Operational", "channel_key": "defender", "provider": "Microsoft-Windows-Windows Defender", "computer": "LAPTOP-8SM7PKPU", "level": "Information", "category": "other", "user_sid": "S-1-5-18", "process_id": 6872, "is_machine_account": 0, "mapped": 0, "source_file": "Microsoft-Windows-Windows-Defender-Operational.jsonl", "event_data": "{\"New Value\": \"HKLM\\\\SOFTWARE\\\\Microsoft\\\\Windows Defender\\\\CoreService\\\\WdConfigHash = 0x835CD723\", \"Old Value\": \"HKLM\\\\SOFTWARE\\\\Microsoft\\\\Windows Defender\\\\CoreService\\\\WdConfigHash = 0xE63BEC65\", \"Product Name\": \"Microsoft Defender Antivirus\", \"Product Version\": \"4.18.26060.3008\"}", "message": "Microsoft Defender Antivirus Configuration has changed. If this is an unexpected event you should review the settings as this may be the result of malware.\r\n \tOld value: HKLM\\SOFTWARE\\Microsoft\\Windows Defender\\CoreService\\WdConfigHash = 0xE63BEC65\r\n \tNew value: HKLM\\SOFTWARE\\Microsoft\\Windows Defender\\CoreService\\WdConfigHash = 0x835CD723"}
{"timestamp": "2026-08-06T09:05:41.000Z", "record_id": 4664, "event_id": 5007, "channel": "Microsoft-Windows-Windows Defender/Operational", "channel_key": "defender", "provider": "Microsoft-Windows-Windows Defender", "computer": "LAPTOP-8SM7PKPU", "level": "Information", "category": "other", "user_sid": "S-1-5-18", "process_id": 6872, "is_machine_account": 0, "mapped": 0, "source_file": "Microsoft-Windows-Windows-Defender-Operational.jsonl", "event_data": "{\"New Value\": \"HKLM\\\\SOFTWARE\\\\Microsoft\\\\Windows Defender\\\\Features\\\\EcsConfigs\\\\ETag\\\\Tag = \\\"WYjJZvdAiYejMgRGqTRolx/XUWq+uOwUSDIAXPJPj7c=\\\"\", \"Old Value\": \"HKLM\\\\SOFTWARE\\\\Microsoft\\\\Windows Defender\\\\Features\\\\EcsConfigs\\\\ETag\\\\Tag = \\\"4EF3K3Z7s27aigk2sGlJq6GNZUH16g+1Bs066t+ksj0=\\\"\", \"Product Name\": \"Microsoft Defender Antivirus\", \"Product Version\": \"4.18.26060.3008\"}", "message": "Microsoft Defender Antivirus Configuration has changed. If this is an unexpected event you should review the settings as this may be the result of malware.\r\n \tOld value: HKLM\\SOFTWARE\\Microsoft\\Windows Defender\\Features\\EcsConfigs\\ETag\\Tag = \"4EF3K3Z7s27aigk2sGlJq6GNZUH16g+1Bs066t+ksj0=\"\r\n \tNew value: HKLM\\SOFTWARE\\Microsoft\\Windows Defender\\Features\\EcsConfigs\\ETag\\Tag = \"WYjJZvdAiYejMgRGqTRolx/XUWq+uOwUSDIAXPJPj7c=\""}
{"timestamp": "2026-08-06T09:05:41.000Z", "record_id": 4663, "event_id": 5007, "channel": "Microsoft-Windows-Windows Defender/Operational", "channel_key": "defender", "provider": "Microsoft-Windows-Windows Defender", "computer": "LAPTOP-8SM7PKPU", "level": "Information", "category": "other", "user_sid": "S-1-5-18", "process_id": 6872, "is_machine_account": 0, "mapped": 0, "source_file": "Microsoft-Windows-Windows-Defender-Operational.jsonl", "event_data": "{\"New Value\": \"HKLM\\\\SOFTWARE\\\\Microsoft\\\\Windows Defender\\\\Features\\\\EcsConfigs\\\\MpFC_DC_AvailableOnServer = 0x1\", \"Old Value\": \"\", \"Product Name\": \"Microsoft Defender Antivirus\", \"Product Version\": \"4.18.26060.3008\"}", "message": "Microsoft Defender Antivirus Configuration has changed. If this is an unexpected event you should review the settings as this may be the result of malware.\r\n \tOld value: \r\n \tNew value: HKLM\\SOFTWARE\\Microsoft\\Windows Defender\\Features\\EcsConfigs\\MpFC_DC_AvailableOnServer = 0x1"}
{"timestamp": "2026-08-06T08:59:51.000Z", "record_id": 4662, "event_id": 5007, "channel": "Microsoft-Windows-Windows Defender/Operational", "channel_key": "defender", "provider": "Microsoft-Windows-Windows Defender", "computer": "LAPTOP-8SM7PKPU", "level": "Information", "category": "other", "user_sid": "S-1-5-18", "process_id": 6872, "is_machine_account": 0, "mapped": 0, "source_file": "Microsoft-Windows-Windows-Defender-Operational.jsonl", "event_data": "{\"New Value\": \"HKLM\\\\SOFTWARE\\\\Microsoft\\\\Windows Defender\\\\UX Configuration\\\\ToastOrSsoTrigger = 0x0\", \"Old Value\": \"HKLM\\\\SOFTWARE\\\\Microsoft\\\\Windows Defender\\\\UX Configuration\\\\ToastOrSsoTrigger = 0x1\", \"Product Name\": \"Microsoft Defender Antivirus\", \"Product Version\": \"4.18.26060.3008\"}", "message": "Microsoft Defender Antivirus Configuration has changed. If this is an unexpected event you should review the settings as this may be the result of malware.\r\n \tOld value: HKLM\\SOFTWARE\\Microsoft\\Windows Defender\\UX Configuration\\ToastOrSsoTrigger = 0x1\r\n \tNew value: HKLM\\SOFTWARE\\Microsoft\\Windows Defender\\UX Configuration\\ToastOrSsoTrigger = 0x0"}
{"timestamp": "2026-08-06T09:32:51.000Z", "record_id": 74211, "event_id": 158, "channel": "System", "channel_key": "system", "provider": "Microsoft-Windows-Time-Service", "computer": "LAPTOP-8SM7PKPU", "level": "Information", "category": "other", "user_sid": "S-1-5-19", "process_id": 3580, "is_machine_account": 0, "mapped": 0, "source_file": "System.jsonl", "event_data": "{\"TimeProvider\": \"VMICTimeProvider\"}", "message": "The time provider 'VMICTimeProvider' has indicated that the current hardware and operating environment is not supported and has stopped. This behavior is expected for VMICTimeProvider on non-HyperV-guest environments. This may be the expected behavior for the current provider in the current operating environment as well."}
{"timestamp": "2026-08-06T09:16:31.000Z", "record_id": 74210, "event_id": 19, "channel": "System", "channel_key": "system", "provider": "Microsoft-Windows-WindowsUpdateClient", "computer": "LAPTOP-8SM7PKPU", "level": "Information", "category": "other", "user_sid": "S-1-5-18", "process_id": 38284, "is_machine_account": 0, "mapped": 0, "source_file": "System.jsonl", "event_data": "{\"serviceGuid\": \"{9482f4b4-e343-43b6-b170-9a65bc822c77}\", \"updateGuid\": \"{9477e609-e026-4836-ae84-2b51eb954ddc}\", \"updateRevisionNumber\": \"200\", \"updateTitle\": \"Update for Microsoft Defender Antivirus antimalware platform - KB4052623 (Version 4.18.26070.9) - Current Channel (Broad)\"}", "message": "Installation Successful: Windows successfully installed the following update: Update for Microsoft Defender Antivirus antimalware platform - KB4052623 (Version 4.18.26070.9) - Current Channel (Broad)"}
{"timestamp": "2026-08-06T09:16:30.000Z", "record_id": 74209, "event_id": 7040, "channel": "System", "channel_key": "system", "provider": "Service Control Manager", "computer": "LAPTOP-8SM7PKPU", "level": "Information", "category": "service_install", "attack_data_sources": "DS0019:Service Creation", "user_sid": "S-1-5-18", "process_id": 1908, "service_name": "Microsoft WdAiNisDrv Driver", "service_start_type": "disabled", "is_machine_account": 0, "mapped": 1, "source_file": "System.jsonl", "event_data": "{\"param1\": \"Microsoft WdAiNisDrv Driver\", \"param2\": \"demand start\", \"param3\": \"disabled\", \"param4\": \"WdAiNisDrv\"}", "message": "The start type of the Microsoft WdAiNisDrv Driver service was changed from demand start to disabled."}
{"timestamp": "2026-08-06T09:16:22.000Z", "record_id": 74208, "event_id": 7045, "channel": "System", "channel_key": "system", "provider": "Service Control Manager", "computer": "LAPTOP-8SM7PKPU", "level": "Information", "category": "service_install", "attack_data_sources": "DS0019:Service Creation", "user_sid": "S-1-5-18", "process_id": 1908, "service_name": "KslD", "service_path": "system32\\drivers\\wd\\KslD.sys", "service_type": "kernel mode driver", "service_start_type": "demand start", "is_machine_account": 0, "mapped": 1, "source_file": "System.jsonl", "event_data": "{\"AccountName\": \"\", \"ImagePath\": \"system32\\\\drivers\\\\wd\\\\KslD.sys\", \"ServiceName\": \"KslD\", \"ServiceType\": \"kernel mode driver\", \"StartType\": \"demand start\"}", "message": "A service was installed in the system.\r\n\r\nService Name:  KslD\r\nService File Name:  system32\\drivers\\wd\\KslD.sys\r\nService Type:  kernel mode driver\r\nService Start Type:  demand start\r\nService Account:  "}
{"timestamp": "2026-08-06T09:16:22.000Z", "record_id": 74207, "event_id": 6, "channel": "System", "channel_key": "system", "provider": "Microsoft-Windows-FilterManager", "computer": "LAPTOP-8SM7PKPU", "level": "Information", "category": "other", "user_sid": "S-1-5-18", "process_id": 4, "is_machine_account": 0, "mapped": 0, "source_file": "System.jsonl", "event_data": "{\"DeviceName\": \"WdFilter\", \"DeviceNameLength\": \"8\", \"DeviceTime\": \"2039-08-18T22:32:16.0000000Z\", \"DeviceVersionMajor\": \"10\", \"DeviceVersionMinor\": \"0\", \"FinalStatus\": \"0x0\"}", "message": "File System Filter 'WdFilter' (10.0, ‎2039‎-‎08‎-‎18T22:32:16.000000000Z) has successfully loaded and registered with Filter Manager."}
{"timestamp": "2026-08-06T09:16:13.000Z", "record_id": 74206, "event_id": 1, "channel": "System", "channel_key": "system", "provider": "Microsoft-Windows-FilterManager", "computer": "LAPTOP-8SM7PKPU", "level": "Information", "category": "other", "user_sid": "S-1-5-18", "process_id": 4, "is_machine_account": 0, "mapped": 0, "source_file": "System.jsonl", "event_data": "{\"DeviceName\": \"WdFilter\", \"DeviceNameLength\": \"8\", \"DeviceTime\": \"2002-02-17T05:30:42.0000000Z\", \"DeviceVersionMajor\": \"10\", \"DeviceVersionMinor\": \"0\", \"FinalStatus\": \"0x0\"}", "message": "File System Filter 'WdFilter' (Version 10.0, ‎2002‎-‎02‎-‎17T05:30:42.000000000Z) unloaded successfully."}
{"timestamp": "2026-08-06T09:16:12.000Z", "record_id": 74205, "event_id": 7040, "channel": "System", "channel_key": "system", "provider": "Service Control Manager", "computer": "LAPTOP-8SM7PKPU", "level": "Information", "category": "service_install", "attack_data_sources": "DS0019:Service Creation", "user_sid": "S-1-5-18", "process_id": 1908, "service_name": "Microsoft WdAiNisDrv Driver", "service_start_type": "demand start", "is_machine_account": 0, "mapped": 1, "source_file": "System.jsonl", "event_data": "{\"param1\": \"Microsoft WdAiNisDrv Driver\", \"param2\": \"disabled\", \"param3\": \"demand start\", \"param4\": \"WdAiNisDrv\"}", "message": "The start type of the Microsoft WdAiNisDrv Driver service was changed from disabled to demand start."}
{"timestamp": "2026-08-06T09:16:07.000Z", "record_id": 74204, "event_id": 43, "channel": "System", "channel_key": "system", "provider": "Microsoft-Windows-WindowsUpdateClient", "computer": "LAPTOP-8SM7PKPU", "level": "Information", "category": "other", "user_sid": "S-1-5-18", "process_id": 38284, "is_machine_account": 0, "mapped": 0, "source_file": "System.jsonl", "event_data": "{\"updateGuid\": \"{9477e609-e026-4836-ae84-2b51eb954ddc}\", \"updateRevisionNumber\": \"200\", \"updateTitle\": \"Update for Microsoft Defender Antivirus antimalware platform - KB4052623 (Version 4.18.26070.9) - Current Channel (Broad)\"}", "message": "Installation Started: Windows has started installing the following update: Update for Microsoft Defender Antivirus antimalware platform - KB4052623 (Version 4.18.26070.9) - Current Channel (Broad)"}
{"timestamp": "2026-08-06T09:15:31.000Z", "record_id": 74203, "event_id": 37, "channel": "System", "channel_key": "system", "provider": "Microsoft-Windows-Time-Service", "computer": "LAPTOP-8SM7PKPU", "level": "Information", "category": "other", "user_sid": "S-1-5-19", "process_id": 3580, "is_machine_account": 0, "mapped": 0, "source_file": "System.jsonl", "event_data": "{\"TimeSource\": \"time.windows.com,0x9 (ntp.m|0x9|0.0.0.0:123->51.145.123.29:123)\"}", "message": "The time provider NtpClient is currently receiving valid time data from time.windows.com,0x9 (ntp.m|0x9|0.0.0.0:123->51.145.123.29:123)."}
{"timestamp": "2026-08-06T09:15:31.000Z", "record_id": 74202, "event_id": 158, "channel": "System", "channel_key": "system", "provider": "Microsoft-Windows-Time-Service", "computer": "LAPTOP-8SM7PKPU", "level": "Information", "category": "other", "user_sid": "S-1-5-19", "process_id": 3580, "is_machine_account": 0, "mapped": 0, "source_file": "System.jsonl", "event_data": "{\"TimeProvider\": \"VMICTimeProvider\"}", "message": "The time provider 'VMICTimeProvider' has indicated that the current hardware and operating environment is not supported and has stopped. This behavior is expected for VMICTimeProvider on non-HyperV-guest environments. This may be the expected behavior for the current provider in the current operating environment as well."}
{"timestamp": "2026-08-06T09:15:19.000Z", "record_id": 74201, "event_id": 19, "channel": "System", "channel_key": "system", "provider": "Microsoft-Windows-WindowsUpdateClient", "computer": "LAPTOP-8SM7PKPU", "level": "Information", "category": "other", "user_sid": "S-1-5-18", "process_id": 38284, "is_machine_account": 0, "mapped": 0, "source_file": "System.jsonl", "event_data": "{\"serviceGuid\": \"{8b24b027-1dee-babb-9a95-3517dfb9c552}\", \"updateGuid\": \"{b25286e1-c770-48da-b80e-a9db98dd671a}\", \"updateRevisionNumber\": \"1\", \"updateTitle\": \"Advanced Micro Devices, Inc System Driver Update (1.0.19.4)\"}", "message": "Installation Successful: Windows successfully installed the following update: Advanced Micro Devices, Inc System Driver Update (1.0.19.4)"}
{"timestamp": "2026-08-06T09:15:18.000Z", "record_id": 74200, "event_id": 43, "channel": "System", "channel_key": "system", "provider": "Microsoft-Windows-WindowsUpdateClient", "computer": "LAPTOP-8SM7PKPU", "level": "Information", "category": "other", "user_sid": "S-1-5-18", "process_id": 38284, "is_machine_account": 0, "mapped": 0, "source_file": "System.jsonl", "event_data": "{\"updateGuid\": \"{b25286e1-c770-48da-b80e-a9db98dd671a}\", \"updateRevisionNumber\": \"1\", \"updateTitle\": \"Advanced Micro Devices, Inc System Driver Update (1.0.19.4)\"}", "message": "Installation Started: Windows has started installing the following update: Advanced Micro Devices, Inc System Driver Update (1.0.19.4)"}
{"timestamp": "2026-08-06T09:15:17.000Z", "record_id": 74199, "event_id": 44, "channel": "System", "channel_key": "system", "provider": "Microsoft-Windows-WindowsUpdateClient", "computer": "LAPTOP-8SM7PKPU", "level": "Information", "category": "other", "user_sid": "S-1-5-18", "process_id": 38284, "is_machine_account": 0, "mapped": 0, "source_file": "System.jsonl", "event_data": "{\"updateGuid\": \"{b25286e1-c770-48da-b80e-a9db98dd671a}\", \"updateRevisionNumber\": \"1\", \"updateTitle\": \"Advanced Micro Devices, Inc System Driver Update (1.0.19.4)\"}", "message": "Windows Update started downloading an update."}
{"timestamp": "2026-08-06T09:15:17.000Z", "record_id": 74198, "event_id": 44, "channel": "System", "channel_key": "system", "provider": "Microsoft-Windows-WindowsUpdateClient", "computer": "LAPTOP-8SM7PKPU", "level": "Information", "category": "other", "user_sid": "S-1-5-18", "process_id": 38284, "is_machine_account": 0, "mapped": 0, "source_file": "System.jsonl", "event_data": "{\"updateGuid\": \"{9477e609-e026-4836-ae84-2b51eb954ddc}\", \"updateRevisionNumber\": \"200\", \"updateTitle\": \"Update for Microsoft Defender Antivirus antimalware platform - KB4052623 (Version 4.18.26070.9) - Current Channel (Broad)\"}", "message": "Windows Update started downloading an update."}
{"timestamp": "2026-08-06T09:13:04.000Z", "record_id": 74197, "event_id": 2, "channel": "System", "channel_key": "system", "provider": "Microsoft-Windows-IsolatedUserMode", "computer": "LAPTOP-8SM7PKPU", "level": "Information", "category": "other", "user_sid": "S-1-5-18", "process_id": 35760, "is_machine_account": 0, "mapped": 0, "source_file": "System.jsonl", "event_data": "{\"NormalProcessId\": \"35760\", \"Status\": \"0\", \"TrustletIdentity\": \"4\"}", "message": "Secure Trustlet Id 4 and Pid 35760 stopped with status STATUS_SUCCESS."}
{"timestamp": "2026-08-06T09:10:37.000Z", "record_id": 74196, "event_id": 19, "channel": "System", "channel_key": "system", "provider": "Microsoft-Windows-WindowsUpdateClient", "computer": "LAPTOP-8SM7PKPU", "level": "Information", "category": "other", "user_sid": "S-1-5-18", "process_id": 38284, "is_machine_account": 0, "mapped": 0, "source_file": "System.jsonl", "event_data": "{\"serviceGuid\": \"{9482f4b4-e343-43b6-b170-9a65bc822c77}\", \"updateGuid\": \"{822e591a-74cf-43db-817e-df6bbd8033d3}\", \"updateRevisionNumber\": \"200\", \"updateTitle\": \"Security Intelligence Update for Microsoft Defender Antivirus - KB2267602 (Version 1.457.27.0) - Current Channel (Broad)\"}", "message": "Installation Successful: Windows successfully installed the following update: Security Intelligence Update for Microsoft Defender Antivirus - KB2267602 (Version 1.457.27.0) - Current Channel (Broad)"}
{"timestamp": "2026-08-06T09:10:07.000Z", "record_id": 74195, "event_id": 43, "channel": "System", "channel_key": "system", "provider": "Microsoft-Windows-WindowsUpdateClient", "computer": "LAPTOP-8SM7PKPU", "level": "Information", "category": "other", "user_sid": "S-1-5-18", "process_id": 38284, "is_machine_account": 0, "mapped": 0, "source_file": "System.jsonl", "event_data": "{\"updateGuid\": \"{822e591a-74cf-43db-817e-df6bbd8033d3}\", \"updateRevisionNumber\": \"200\", \"updateTitle\": \"Security Intelligence Update for Microsoft Defender Antivirus - KB2267602 (Version 1.457.27.0) - Current Channel (Broad)\"}", "message": "Installation Started: Windows has started installing the following update: Security Intelligence Update for Microsoft Defender Antivirus - KB2267602 (Version 1.457.27.0) - Current Channel (Broad)"}
{"timestamp": "2026-08-06T09:09:18.000Z", "record_id": 74194, "event_id": 44, "channel": "System", "channel_key": "system", "provider": "Microsoft-Windows-WindowsUpdateClient", "computer": "LAPTOP-8SM7PKPU", "level": "Information", "category": "other", "user_sid": "S-1-5-18", "process_id": 38284, "is_machine_account": 0, "mapped": 0, "source_file": "System.jsonl", "event_data": "{\"updateGuid\": \"{822e591a-74cf-43db-817e-df6bbd8033d3}\", \"updateRevisionNumber\": \"200\", \"updateTitle\": \"Security Intelligence Update for Microsoft Defender Antivirus - KB2267602 (Version 1.457.27.0) - Current Channel (Broad)\"}", "message": "Windows Update started downloading an update."}
{"timestamp": "2026-08-06T09:01:14.000Z", "record_id": 74193, "event_id": 19, "channel": "System", "channel_key": "system", "provider": "Microsoft-Windows-WindowsUpdateClient", "computer": "LAPTOP-8SM7PKPU", "level": "Information", "category": "other", "user_sid": "S-1-5-18", "process_id": 38284, "is_machine_account": 0, "mapped": 0, "source_file": "System.jsonl", "event_data": "{\"serviceGuid\": \"{855e8a7c-ecb4-4ca3-b045-1dfa50104289}\", \"updateGuid\": \"{d5dcbf5f-fa94-4d93-ac4c-662c308a9d18}\", \"updateRevisionNumber\": \"1\", \"updateTitle\": \"9NRZT3Q9R3DL-Microsoft.WindowsAppRuntime.2\"}", "message": "Installation Successful: Windows successfully installed the following update: 9NRZT3Q9R3DL-Microsoft.WindowsAppRuntime.2"}
{"timestamp": "2026-08-06T09:01:14.000Z", "record_id": 74192, "event_id": 43, "channel": "System", "channel_key": "system", "provider": "Microsoft-Windows-WindowsUpdateClient", "computer": "LAPTOP-8SM7PKPU", "level": "Information", "category": "other", "user_sid": "S-1-5-18", "process_id": 38284, "is_machine_account": 0, "mapped": 0, "source_file": "System.jsonl", "event_data": "{\"updateGuid\": \"{d5dcbf5f-fa94-4d93-ac4c-662c308a9d18}\", \"updateRevisionNumber\": \"1\", \"updateTitle\": \"9NRZT3Q9R3DL-Microsoft.WindowsAppRuntime.2\"}", "message": "Installation Started: Windows has started installing the following update: 9NRZT3Q9R3DL-Microsoft.WindowsAppRuntime.2"}
{"timestamp": "2026-08-06T09:01:14.000Z", "record_id": 74191, "event_id": 19, "channel": "System", "channel_key": "system", "provider": "Microsoft-Windows-WindowsUpdateClient", "computer": "LAPTOP-8SM7PKPU", "level": "Information", "category": "other", "user_sid": "S-1-5-18", "process_id": 38284, "is_machine_account": 0, "mapped": 0, "source_file": "System.jsonl", "event_data": "{\"serviceGuid\": \"{855e8a7c-ecb4-4ca3-b045-1dfa50104289}\", \"updateGuid\": \"{8eb63d09-528c-4fed-b9a8-c4463b2ddb92}\", \"updateRevisionNumber\": \"1\", \"updateTitle\": \"9NRZT3Q9R3DL-Microsoft.WindowsAppRuntime.2\"}", "message": "Installation Successful: Windows successfully installed the following update: 9NRZT3Q9R3DL-Microsoft.WindowsAppRuntime.2"}
{"timestamp": "2026-08-06T09:01:14.000Z", "record_id": 74190, "event_id": 43, "channel": "System", "channel_key": "system", "provider": "Microsoft-Windows-WindowsUpdateClient", "computer": "LAPTOP-8SM7PKPU", "level": "Information", "category": "other", "user_sid": "S-1-5-18", "process_id": 38284, "is_machine_account": 0, "mapped": 0, "source_file": "System.jsonl", "event_data": "{\"updateGuid\": \"{8eb63d09-528c-4fed-b9a8-c4463b2ddb92}\", \"updateRevisionNumber\": \"1\", \"updateTitle\": \"9NRZT3Q9R3DL-Microsoft.WindowsAppRuntime.2\"}", "message": "Installation Started: Windows has started installing the following update: 9NRZT3Q9R3DL-Microsoft.WindowsAppRuntime.2"}
{"timestamp": "2026-08-06T09:01:14.000Z", "record_id": 74189, "event_id": 98, "channel": "System", "channel_key": "system", "provider": "Microsoft-Windows-Ntfs", "computer": "LAPTOP-8SM7PKPU", "level": "Information", "category": "other", "user_sid": "S-1-5-18", "process_id": 4, "is_machine_account": 0, "mapped": 0, "source_file": "System.jsonl", "event_data": "{\"CorruptionActionState\": \"0\", \"DeviceName\": \"\\\\Device\\\\HarddiskVolumeShadowCopy12\", \"DriveName\": \"Windows\"}", "message": "Volume Windows (\\Device\\HarddiskVolumeShadowCopy12) is healthy.  No action is needed."}
{"timestamp": "2026-08-06T09:00:24.000Z", "record_id": 74188, "event_id": 44, "channel": "System", "channel_key": "system", "provider": "Microsoft-Windows-WindowsUpdateClient", "computer": "LAPTOP-8SM7PKPU", "level": "Information", "category": "other", "user_sid": "S-1-5-18", "process_id": 38284, "is_machine_account": 0, "mapped": 0, "source_file": "System.jsonl", "event_data": "{\"updateGuid\": \"{d5dcbf5f-fa94-4d93-ac4c-662c308a9d18}\", \"updateRevisionNumber\": \"1\", \"updateTitle\": \"9NRZT3Q9R3DL-Microsoft.WindowsAppRuntime.2\"}", "message": "Windows Update started downloading an update."}
{"timestamp": "2026-08-06T09:00:24.000Z", "record_id": 74187, "event_id": 44, "channel": "System", "channel_key": "system", "provider": "Microsoft-Windows-WindowsUpdateClient", "computer": "LAPTOP-8SM7PKPU", "level": "Information", "category": "other", "user_sid": "S-1-5-18", "process_id": 38284, "is_machine_account": 0, "mapped": 0, "source_file": "System.jsonl", "event_data": "{\"updateGuid\": \"{8eb63d09-528c-4fed-b9a8-c4463b2ddb92}\", \"updateRevisionNumber\": \"1\", \"updateTitle\": \"9NRZT3Q9R3DL-Microsoft.WindowsAppRuntime.2\"}", "message": "Windows Update started downloading an update."}
{"timestamp": "2026-08-06T08:59:51.000Z", "record_id": 74186, "event_id": 1, "channel": "System", "channel_key": "system", "provider": "Microsoft-Windows-IsolatedUserMode", "computer": "LAPTOP-8SM7PKPU", "level": "Information", "category": "other", "user_sid": "S-1-5-18", "process_id": 5584, "is_machine_account": 0, "mapped": 0, "source_file": "System.jsonl", "event_data": "{\"ImageName\": \"\\\\??\\\\C:\\\\Windows\\\\system32\\\\BioIso.exe\", \"NormalProcessId\": \"35760\", \"Status\": \"0\", \"TrustletIdentity\": \"4\"}", "message": "Secure Trustlet \\??\\C:\\Windows\\system32\\BioIso.exe Id 4 and Pid 35760 started with status STATUS_SUCCESS."}
{"timestamp": "2026-08-06T08:59:51.000Z", "record_id": 74185, "event_id": 5, "channel": "System", "channel_key": "system", "provider": "Microsoft-Windows-IsolatedUserMode", "computer": "LAPTOP-8SM7PKPU", "level": "Information", "category": "other", "user_sid": "S-1-5-18", "process_id": 5584, "is_machine_account": 0, "mapped": 0, "source_file": "System.jsonl", "event_data": "{\"ImageName\": \"NULL\", \"NormalProcessId\": \"0\", \"Status\": \"0\", \"TrustletIdentity\": \"0\"}", "message": "Secure Trustlet NULL Id 0 and Pid 0 started with status STATUS_SUCCESS."}
{"timestamp": "2026-08-06T08:59:43.000Z", "record_id": 74184, "event_id": 1, "channel": "System", "channel_key": "system", "provider": "Microsoft-Windows-Kernel-General", "computer": "LAPTOP-8SM7PKPU", "level": "Information", "category": "other", "user_sid": "S-1-5-19", "process_id": 27420, "is_machine_account": 0, "mapped": 0, "source_file": "System.jsonl", "event_data": "{\"CmosTime\": \"2026-08-06T09:59:43.2420810Z\", \"NewTime\": \"2026-08-06T08:59:43.2420810Z\", \"OldTime\": \"2026-08-06T08:59:43.2410128Z\", \"ProcessID\": \"27420\", \"ProcessName\": \"\\\\Device\\\\HarddiskVolume3\\\\Windows\\\\System32\\\\svchost.exe\", \"RealTimeIsUniversal\": \"false\", \"Reason\": \"1\", \"SystemInCmosMode\": \"false\", \"TimeDeltaInMs\": \"1\", \"TimeZoneBias\": \"-60\"}", "message": "The system time has changed to ‎2026‎-‎08‎-‎06T08:59:43.242081000Z from ‎2026‎-‎08‎-‎06T08:59:43.241012800Z.\r\nTime Delta: 1 ms\r\n\r\nChange Reason: An application or system component changed the time.\r\nProcess: '\\Device\\HarddiskVolume3\\Windows\\System32\\svchost.exe' (PID 27420).\r\n\r\nRTC time: ‎2026‎-‎08‎-‎06T09:59:43.242081000Z\r\nCurrent time zone bias: -60\r\nRTC time is in UTC: false\r\nSystem time was based on RTC time: false"}
{"timestamp": "2026-08-06T08:59:43.000Z", "record_id": 74183, "event_id": 24, "channel": "System", "channel_key": "system", "provider": "Microsoft-Windows-Kernel-General", "computer": "LAPTOP-8SM7PKPU", "level": "Information", "category": "other", "user_sid": "S-1-5-19", "process_id": 27420, "is_machine_account": 0, "mapped": 0, "source_file": "System.jsonl", "event_data": "{\"CurrentBias\": \"-60\", \"CurrentTimeZoneID\": \"2\", \"ExitReason\": \"0\", \"FirstRefresh\": \"0\", \"TimeZoneInfoCacheUpdated\": \"0\"}", "message": "The time zone information was refreshed with exit reason 0. Current time zone bias is -60."}
{"timestamp": "2026-08-06T08:59:39.000Z", "record_id": 74182, "event_id": 566, "channel": "System", "channel_key": "system", "provider": "Microsoft-Windows-Kernel-Power", "computer": "LAPTOP-8SM7PKPU", "level": "Information", "category": "other", "user_sid": "S-1-5-18", "process_id": 4, "is_machine_account": 0, "mapped": 0, "source_file": "System.jsonl", "event_data": "{\"BootId\": \"57\", \"MonitorReason\": \"31\", \"NextSessionId\": \"242\", \"NextSessionType\": \"0\", \"PowerStateAc\": \"true\", \"PreviousEnergyCapacityAtEnd\": \"50600\", \"PreviousEnergyCapacityAtStart\": \"50600\", \"PreviousFullEnergyCapacityAtEnd\": \"50640\", \"PreviousFullEnergyCapacityAtStart\": \"50640\", \"PreviousSessionDurationInUs\": \"3310717\", \"PreviousSessionId\": \"240\", \"PreviousSessionType\": \"1\", \"Reason\": \"31\"}", "message": "The system session has transitioned from 240 to 242.\r\n\r\nReason InputAccelerometer \r\n\r\nBootId: 57"}
