{"timestamp": "2026-08-06T08:59:39.000Z", "record_id": 74181, "event_id": 507, "channel": "System", "channel_key": "system", "provider": "Microsoft-Windows-Kernel-Power", "computer": "LAPTOP-8SM7PKPU", "level": "Information", "category": "other", "user_sid": "S-1-5-18", "process_id": 4, "is_machine_account": 0, "mapped": 0, "source_file": "System.jsonl", "event_data": "{\"ActiveResidencyInUs\": \"3313877\", \"AoAcCompliantNic\": \"true\", \"AudioPlaybackInUs\": \"0\", \"AudioPlaying\": \"false\", \"BatteryFullChargeCapacityOnExit\": \"50640\", \"BatteryRemainingCapacityOnExit\": \"50600\", \"BootId\": \"57\", \"DisconnectedStandby\": \"false\", \"DripsResidencyInUs\": \"0\", \"DripsTransitions\": \"0\", \"DurationInUs\": \"3313877\", \"DwmSyncFlushTime\": \"0\", \"EnergyDrain\": \"0\", \"ExitLatencyInUs\": \"68585\", \"ExternalMonitorConnectedState\": \"true\", \"FirstDripsEntryInUs\": \"0\", \"FullChargeCapacityRatio\": \"96\", \"GdiOnTime\": \"0\", \"HwDripsResidencyInUs\": \"0\", \"InputSuppressionActionCount\": \"0\", \"IsCsSessionInProgressOnExit\": \"false\", \"LidOpenState\": \"false\", \"ModernSleepAppliedActionsBitmask\": \"0\", \"ModernSleepEnabledActionsBitmask\": \"7\", \"MonitorPowerOnTime\": \"67642\", \"NonActivatedCpuInUs\": \"0\", \"NonAttributedCpuInUs\": \"0\", \"NonDripsTimeActivatedInUs\": \"0\", \"NonResiliencyTimeInUs\": \"3313877\", \"PowerButtonSuppressionActionCount\": \"0\", \"PowerSchemeInfo\": \"4\", \"PowerStateAc\": \"true\", \"Reason\": \"31\", \"ResiliencyDripsTimeInUs\": \"0\", \"ResiliencyHwDripsTimeInUs\": \"0\", \"ScenarioInstanceId\": \"242\", \"ScenarioInstanceIdV2\": \"240\", \"ScreenOffDurationInUs\": \"3310717\", \"ScreenOffEnergyCapacityAtEnd\": \"50600\", \"ScreenOffEnergyCapacityAtStart\": \"50600\", \"ScreenOffFullEnergyCapacityAtEnd\": \"50640\", \"ScreenOffFullEnergyCapacityAtStart\": \"50640\", \"ScreenOffHwDripsResidencyInUs\": \"0\", \"ScreenOffSwDripsResidencyInUs\": \"0\", \"SleepDurationInUs\": \"0\", \"SleepEnergyCapacityAtEnd\": \"0\", \"SleepEnergyCapacityAtStart\": \"0\", \"SleepEntered\": \"false\", \"SleepFullEnergyCapacityAtEnd\": \"0\", \"SleepFullEnergyCapacityAtStart\": \"0\", \"SleepHwDripsResidencyInUs\": \"0\", \"SleepSwDripsResidencyInUs\": \"0\"}", "message": "The system is exiting Modern Standby \r\n\r\nReason: Input Keyboard."}
{"timestamp": "2026-08-06T08:59:36.000Z", "record_id": 74180, "event_id": 506, "channel": "System", "channel_key": "system", "provider": "Microsoft-Windows-Kernel-Power", "computer": "LAPTOP-8SM7PKPU", "level": "Information", "category": "other", "user_sid": "S-1-5-18", "process_id": 4, "is_machine_account": 0, "mapped": 0, "source_file": "System.jsonl", "event_data": "{\"BatteryFullChargeCapacityOnEnter\": \"50640\", \"BatteryRemainingCapacityOnEnter\": \"50600\", \"BootId\": \"57\", \"ExternalMonitorConnectedState\": \"true\", \"LidOpenState\": \"false\", \"Reason\": \"12\", \"ScenarioInstanceId\": \"240\", \"ScenarioInstanceIdV2\": \"240\"}", "message": "The system is entering Modern Standby \r\n\r\nReason: Idle Timeout."}
{"timestamp": "2026-08-06T08:59:36.000Z", "record_id": 74179, "event_id": 566, "channel": "System", "channel_key": "system", "provider": "Microsoft-Windows-Kernel-Power", "computer": "LAPTOP-8SM7PKPU", "level": "Information", "category": "other", "user_sid": "S-1-5-18", "process_id": 4, "is_machine_account": 0, "mapped": 0, "source_file": "System.jsonl", "event_data": "{\"BootId\": \"57\", \"MonitorReason\": \"12\", \"NextSessionId\": \"240\", \"NextSessionType\": \"1\", \"PowerStateAc\": \"true\", \"PreviousEnergyCapacityAtEnd\": \"50600\", \"PreviousEnergyCapacityAtStart\": \"50640\", \"PreviousFullEnergyCapacityAtEnd\": \"50640\", \"PreviousFullEnergyCapacityAtStart\": \"50640\", \"PreviousSessionDurationInUs\": \"31042505\", \"PreviousSessionId\": \"239\", \"PreviousSessionType\": \"0\", \"Reason\": \"12\"}", "message": "The system session has transitioned from 239 to 240.\r\n\r\nReason SessionUnlock \r\n\r\nBootId: 57"}
{"timestamp": "2026-08-06T08:59:27.000Z", "record_id": 74178, "event_id": 37, "channel": "System", "channel_key": "system", "provider": "Microsoft-Windows-Time-Service", "computer": "LAPTOP-8SM7PKPU", "level": "Information", "category": "other", "user_sid": "S-1-5-19", "process_id": 27420, "is_machine_account": 0, "mapped": 0, "source_file": "System.jsonl", "event_data": "{\"TimeSource\": \"time.windows.com,0x9 (ntp.m|0x9|0.0.0.0:123->51.145.123.29:123)\"}", "message": "The time provider NtpClient is currently receiving valid time data from time.windows.com,0x9 (ntp.m|0x9|0.0.0.0:123->51.145.123.29:123)."}
{"timestamp": "2026-08-06T08:59:08.000Z", "record_id": 74177, "event_id": 1038, "channel": "System", "channel_key": "system", "provider": "Microsoft-Windows-TPM-WMI", "computer": "LAPTOP-8SM7PKPU", "level": "Information", "category": "other", "user_sid": "S-1-5-18", "process_id": 4184, "is_machine_account": 0, "mapped": 0, "source_file": "System.jsonl", "event_data": "{\"Path\": \"C:\\\\Windows\\\\Logs\\\\MeasuredBoot\\\\0000000055-0000000005.json\"}", "message": "Pre-attestation health checks confirm that the device is expected to pass attestation.\r\n Please see C:\\Windows\\Logs\\MeasuredBoot\\0000000055-0000000005.json for detailed information on what checks were made."}
{"timestamp": "2026-08-06T08:59:08.000Z", "record_id": 74176, "event_id": 1041, "channel": "System", "channel_key": "system", "provider": "Microsoft-Windows-TPM-WMI", "computer": "LAPTOP-8SM7PKPU", "level": "Information", "category": "other", "user_sid": "S-1-5-18", "process_id": 4184, "is_machine_account": 0, "mapped": 0, "source_file": "System.jsonl", "event_data": "{\"Json\": \"{\\\"Version\\\":2,\\\"HealthStatus\\\":\\\"Attestable\\\",\\\"Required\\\":[{\\\"Field\\\":\\\"TpmPresent\\\",\\\"Value\\\":true,\\\"DesiredValue\\\":true},{\\\"Field\\\":\\\"TpmMeetsMinimumVersion\\\",\\\"Value\\\":true,\\\"DesiredValue\\\":true},{\\\"Field\\\":\\\"TpmIsResponsive\\\",\\\"Value\\\":true,\\\"DesiredValue\\\":true},{\\\"Field\\\":\\\"EkCertIsAvailable\\\",\\\"Value\\\":true,\\\"DesiredValue\\\":true},{\\\"Field\\\":\\\"TcgLogFound\\\",\\\"Value\\\":true,\\\"DesiredValue\\\":true}],\\\"Expected\\\":[{\\\"Field\\\":\\\"PcrsMatchTcgLog\\\",\\\"Value\\\":true,\\\"DesiredValue\\\":true}],\\\"Informational\\\":[{\\\"Field\\\":\\\"SecureBootEnabled\\\",\\\"ValueFromComputer\\\":true,\\\"ValueFromTcgLog\\\":true,\\\"DesiredValue\\\":true,\\\"TcgValueIsVerifiable\\\":true},{\\\"Field\\\":\\\"VirtualSecureMemory\\\",\\\"ValueFromComputer\\\":true,\\\"ValueFromTcgLog\\\":true,\\\"DesiredValue\\\":true,\\\"TcgValueIsVerifiable\\\":true},{\\\"Field\\\":\\\"SecureCorePCCompliant\\\",\\\"ValueFromComputer\\\":true,\\\"ValueFromTcgLog\\\":false,\\\"DesiredValue\\\":true,\\\"TcgValueIsVerifiable\\\":true},{\\\"Field\\\":\\\"MostRecentBootTcgLogFoundInFileSystem\\\",\\\"Value\\\":true,\\\"DesiredValue\\\":true},{\\\"Field\\\":\\\"CurrentTcgLogFoundInFileSystem\\\",\\\"Value\\\":true,\\\"DesiredValue\\\":true},{\\\"Field\\\":\\\"EkCertRsa2048IsAvailable\\\",\\\"Value\\\":true,\\\"DesiredValue\\\":true},{\\\"Field\\\":\\\"EkCertEccP256IsAvailable\\\",\\\"Value\\\":false,\\\"DesiredValue\\\":true},{\\\"Field\\\":\\\"EkCertEccP384IsAvailable\\\",\\\"Value\\\":true,\\\"DesiredValue\\\":true},{\\\"Field\\\":\\\"WindowsAikCertRsa2048IsAvailable\\\",\\\"Value\\\":true,\\\"DesiredValue\\\":true},{\\\"Field\\\":\\\"WindowsAikCertEccP256IsAvailable\\\",\\\"Value\\\":false,\\\"DesiredValue\\\":true},{\\\"Field\\\":\\\"WindowsAikCertEccP384IsAvailable\\\",\\\"Value\\\":true,\\\"DesiredValue\\\":true}]}\"}", "message": "Pre-attestation health check detailed information: {\"Version\":2,\"HealthStatus\":\"Attestable\",\"Required\":[{\"Field\":\"TpmPresent\",\"Value\":true,\"DesiredValue\":true},{\"Field\":\"TpmMeetsMinimumVersion\",\"Value\":true,\"DesiredValue\":true},{\"Field\":\"TpmIsResponsive\",\"Value\":true,\"DesiredValue\":true},{\"Field\":\"EkCertIsAvailable\",\"Value\":true,\"DesiredValue\":true},{\"Field\":\"TcgLogFound\",\"Value\":true,\"DesiredValue\":true}],\"Expected\":[{\"Field\":\"PcrsMatchTcgLog\",\"Value\":true,\"DesiredValue\":true}],\"Informational\":[{\"Field\":\"SecureBootEnabled\",\"ValueFromComputer\":true,\"ValueFromTcgLog\":true,\"DesiredValue\":true,\"TcgValueIsVerifiable\":true},{\"Field\":\"VirtualSecureMemory\",\"ValueFromComputer\":true,\"ValueFromTcgLog\":true,\"DesiredValue\":true,\"TcgValueIsVerifiable\":true},{\"Field\":\"SecureCorePCCompliant\",\"ValueFromComputer\":true,\"ValueFromTcgLog\":false,\"DesiredValue\":true,\"TcgValueIsVerifiable\":true},{\"Field\":\"MostRecentBootTcgLogFoundInFileSystem\",\"Value\":true,\"DesiredValue\":true},{\"Field\":\"CurrentTcgLogFoundInFileSystem\",\"Value\":true,\"DesiredValue\":true},{\"Field\":\"EkCertRsa2048IsAvailable\",\"Value\":true,\"DesiredValue\":true},{\"Field\":\"EkCertEccP256IsAvailable\",\"Value\":false,\"DesiredValue\":true},{\"Field\":\"EkCertEccP384IsAvailable\",\"Value\":true,\"DesiredValue\":true},{\"Field\":\"WindowsAikCertRsa2048IsAvailable\",\"Value\":true,\"DesiredValue\":true},{\"Field\":\"WindowsAikCertEccP256IsAvailable\",\"Value\":false,\"DesiredValue\":true},{\"Field\":\"WindowsAikCertEccP384IsAvailable\",\"Value\":true,\"DesiredValue\":true}]}"}
{"timestamp": "2026-08-06T08:59:06.000Z", "record_id": 74175, "event_id": 16, "channel": "System", "channel_key": "system", "provider": "Microsoft-Windows-Kernel-General", "computer": "LAPTOP-8SM7PKPU", "level": "Information", "category": "other", "user_sid": "S-1-5-18", "process_id": 4, "is_machine_account": 0, "mapped": 0, "source_file": "System.jsonl", "event_data": "{\"DirtyPages\": \"10\", \"HiveName\": \"\\\\Device\\\\HarddiskVolume1\\\\EFI\\\\Microsoft\\\\Boot\\\\BCD\", \"HiveNameLength\": \"46\", \"KeysUpdated\": \"152\"}", "message": "The access history in hive \\Device\\HarddiskVolume1\\EFI\\Microsoft\\Boot\\BCD was cleared updating 152 keys and creating 10 modified pages."}
{"timestamp": "2026-08-06T08:59:05.000Z", "record_id": 74174, "event_id": 18, "channel": "System", "channel_key": "system", "provider": "BTHUSB", "computer": "LAPTOP-8SM7PKPU", "level": "Information", "category": "other", "process_id": 4, "is_machine_account": 0, "mapped": 0, "source_file": "System.jsonl", "event_data": "{}", "message": "Windows cannot store Bluetooth authentication codes (link keys) on the local adapter. Bluetooth keyboards might not work in the system BIOS during start-up."}
{"timestamp": "2026-08-06T08:59:05.000Z", "record_id": 74173, "event_id": 134, "channel": "System", "channel_key": "system", "provider": "Microsoft-Windows-Time-Service", "computer": "LAPTOP-8SM7PKPU", "level": "Warning", "category": "other", "user_sid": "S-1-5-19", "process_id": 27420, "is_machine_account": 0, "mapped": 0, "source_file": "System.jsonl", "event_data": "{\"DomainPeer\": \"time.windows.com,0x9\", \"ErrorMessage\": \"No such host is known. (0x80072AF9)\", \"RetryMinutes\": \"15\"}", "message": "NtpClient was unable to set a manual peer to use as a time source because of DNS resolution error on 'time.windows.com,0x9'. NtpClient will try again in 15 minutes and double the reattempt interval thereafter. The error was: No such host is known. (0x80072AF9)"}
{"timestamp": "2026-08-06T08:59:05.000Z", "record_id": 74172, "event_id": 566, "channel": "System", "channel_key": "system", "provider": "Microsoft-Windows-Kernel-Power", "computer": "LAPTOP-8SM7PKPU", "level": "Information", "category": "other", "process_id": 4, "is_machine_account": 0, "mapped": 0, "source_file": "System.jsonl", "event_data": "{\"BootId\": \"57\", \"MonitorReason\": \"25\", \"NextSessionId\": \"239\", \"NextSessionType\": \"0\", \"PowerStateAc\": \"true\", \"PreviousEnergyCapacityAtEnd\": \"50640\", \"PreviousEnergyCapacityAtStart\": \"50640\", \"PreviousFullEnergyCapacityAtEnd\": \"50640\", \"PreviousFullEnergyCapacityAtStart\": \"50640\", \"PreviousSessionDurationInUs\": \"81406\", \"PreviousSessionId\": \"237\", \"PreviousSessionType\": \"1\", \"Reason\": \"25\"}", "message": "The system session has transitioned from 237 to 239.\r\n\r\nReason WinRT \r\n\r\nBootId: 57"}
{"timestamp": "2026-08-06T08:59:05.000Z", "record_id": 74171, "event_id": 507, "channel": "System", "channel_key": "system", "provider": "Microsoft-Windows-Kernel-Power", "computer": "LAPTOP-8SM7PKPU", "level": "Information", "category": "other", "process_id": 4, "is_machine_account": 0, "mapped": 0, "source_file": "System.jsonl", "event_data": "{\"ActiveResidencyInUs\": \"82419\", \"AoAcCompliantNic\": \"true\", \"AudioPlaybackInUs\": \"0\", \"AudioPlaying\": \"false\", \"BatteryFullChargeCapacityOnExit\": \"50640\", \"BatteryRemainingCapacityOnExit\": \"50640\", \"BootId\": \"57\", \"DisconnectedStandby\": \"false\", \"DripsResidencyInUs\": \"0\", \"DripsTransitions\": \"0\", \"DurationInUs\": \"82419\", \"DwmSyncFlushTime\": \"0\", \"EnergyDrain\": \"0\", \"ExitLatencyInUs\": \"41593\", \"ExternalMonitorConnectedState\": \"false\", \"FirstDripsEntryInUs\": \"0\", \"FullChargeCapacityRatio\": \"96\", \"GdiOnTime\": \"0\", \"HwDripsResidencyInUs\": \"0\", \"InputSuppressionActionCount\": \"0\", \"IsCsSessionInProgressOnExit\": \"false\", \"LidOpenState\": \"false\", \"ModernSleepAppliedActionsBitmask\": \"0\", \"ModernSleepEnabledActionsBitmask\": \"7\", \"MonitorPowerOnTime\": \"37745\", \"NonActivatedCpuInUs\": \"0\", \"NonAttributedCpuInUs\": \"0\", \"NonDripsTimeActivatedInUs\": \"0\", \"NonResiliencyTimeInUs\": \"82419\", \"PowerButtonSuppressionActionCount\": \"0\", \"PowerSchemeInfo\": \"4\", \"PowerStateAc\": \"true\", \"Reason\": \"25\", \"ResiliencyDripsTimeInUs\": \"0\", \"ResiliencyHwDripsTimeInUs\": \"0\", \"ScenarioInstanceId\": \"239\", \"ScenarioInstanceIdV2\": \"237\", \"ScreenOffDurationInUs\": \"81406\", \"ScreenOffEnergyCapacityAtEnd\": \"50640\", \"ScreenOffEnergyCapacityAtStart\": \"50640\", \"ScreenOffFullEnergyCapacityAtEnd\": \"50640\", \"ScreenOffFullEnergyCapacityAtStart\": \"50640\", \"ScreenOffHwDripsResidencyInUs\": \"0\", \"ScreenOffSwDripsResidencyInUs\": \"0\", \"SleepDurationInUs\": \"0\", \"SleepEnergyCapacityAtEnd\": \"0\", \"SleepEnergyCapacityAtStart\": \"0\", \"SleepEntered\": \"false\", \"SleepFullEnergyCapacityAtEnd\": \"0\", \"SleepFullEnergyCapacityAtStart\": \"0\", \"SleepHwDripsResidencyInUs\": \"0\", \"SleepSwDripsResidencyInUs\": \"0\"}", "message": "The system is exiting Modern Standby \r\n\r\nReason: Resume from Hibernate."}
{"timestamp": "2026-08-06T08:59:05.000Z", "record_id": 74170, "event_id": 506, "channel": "System", "channel_key": "system", "provider": "Microsoft-Windows-Kernel-Power", "computer": "LAPTOP-8SM7PKPU", "level": "Information", "category": "other", "process_id": 4, "is_machine_account": 0, "mapped": 0, "source_file": "System.jsonl", "event_data": "{\"BatteryFullChargeCapacityOnEnter\": \"50640\", \"BatteryRemainingCapacityOnEnter\": \"50640\", \"BootId\": \"57\", \"ExternalMonitorConnectedState\": \"false\", \"LidOpenState\": \"false\", \"Reason\": \"20\", \"ScenarioInstanceId\": \"237\", \"ScenarioInstanceIdV2\": \"237\"}", "message": "The system is entering Modern Standby \r\n\r\nReason: Sleep, Hibernate, or Shutdown."}
{"timestamp": "2026-08-06T08:59:05.000Z", "record_id": 74169, "event_id": 566, "channel": "System", "channel_key": "system", "provider": "Microsoft-Windows-Kernel-Power", "computer": "LAPTOP-8SM7PKPU", "level": "Information", "category": "other", "process_id": 4, "is_machine_account": 0, "mapped": 0, "source_file": "System.jsonl", "event_data": "{\"BootId\": \"57\", \"MonitorReason\": \"20\", \"NextSessionId\": \"237\", \"NextSessionType\": \"1\", \"PowerStateAc\": \"true\", \"PreviousEnergyCapacityAtEnd\": \"50640\", \"PreviousEnergyCapacityAtStart\": \"45770\", \"PreviousFullEnergyCapacityAtEnd\": \"50640\", \"PreviousFullEnergyCapacityAtStart\": \"50640\", \"PreviousSessionDurationInUs\": \"211329251441\", \"PreviousSessionId\": \"236\", \"PreviousSessionType\": \"3\", \"Reason\": \"20\"}", "message": "The system session has transitioned from 236 to 237.\r\n\r\nReason SxTransition \r\n\r\nBootId: 57"}
{"timestamp": "2026-08-06T08:59:05.000Z", "record_id": 74168, "event_id": 27, "channel": "System", "channel_key": "system", "provider": "Microsoft-Windows-Kernel-Boot", "computer": "LAPTOP-8SM7PKPU", "level": "Information", "category": "other", "process_id": 4, "is_machine_account": 0, "mapped": 0, "source_file": "System.jsonl", "event_data": "{\"BootType\": \"2\", \"LoadOptions\": \"\"}", "message": "The boot type was 0x2."}
{"timestamp": "2026-08-06T08:59:05.000Z", "record_id": 74167, "event_id": 25, "channel": "System", "channel_key": "system", "provider": "Microsoft-Windows-Kernel-Boot", "computer": "LAPTOP-8SM7PKPU", "level": "Information", "category": "other", "process_id": 4, "is_machine_account": 0, "mapped": 0, "source_file": "System.jsonl", "event_data": "{\"BootMenuPolicy\": \"0\"}", "message": "The boot menu policy was 0x0."}
{"timestamp": "2026-08-06T08:59:05.000Z", "record_id": 74166, "event_id": 32, "channel": "System", "channel_key": "system", "provider": "Microsoft-Windows-Kernel-Boot", "computer": "LAPTOP-8SM7PKPU", "level": "Information", "category": "other", "process_id": 4, "is_machine_account": 0, "mapped": 0, "source_file": "System.jsonl", "event_data": "{\"BitlockerUserInputTime\": \"0\"}", "message": "The bootmgr spent 0 ms waiting for user input."}
{"timestamp": "2026-08-06T08:59:05.000Z", "record_id": 74165, "event_id": 18, "channel": "System", "channel_key": "system", "provider": "Microsoft-Windows-Kernel-Boot", "computer": "LAPTOP-8SM7PKPU", "level": "Information", "category": "other", "process_id": 4, "is_machine_account": 0, "mapped": 0, "source_file": "System.jsonl", "event_data": "{\"EntryCount\": \"1\"}", "message": "There are 0x1 boot options on this system."}
{"timestamp": "2026-08-06T08:59:05.000Z", "record_id": 74164, "event_id": 30, "channel": "System", "channel_key": "system", "provider": "Microsoft-Windows-Kernel-Boot", "computer": "LAPTOP-8SM7PKPU", "level": "Information", "category": "other", "process_id": 4, "is_machine_account": 0, "mapped": 0, "source_file": "System.jsonl", "event_data": "{\"ExitBootServicesEntry\": \"18274\", \"ExitBootServicesExit\": \"18276\", \"LoadOSImageStart\": \"16456\", \"ResetEndStart\": \"0\", \"StartOSImageStart\": \"16493\"}", "message": "The firmware reported boot metrics."}
{"timestamp": "2026-08-06T08:59:05.000Z", "record_id": 74163, "event_id": 24709, "channel": "System", "channel_key": "system", "provider": "Microsoft-Windows-BitLocker-Driver", "computer": "LAPTOP-8SM7PKPU", "level": "Information", "category": "other", "process_id": 4, "is_machine_account": 0, "mapped": 0, "source_file": "System.jsonl", "event_data": "{\"AllFinalPcrValuesPcrBitmap\": \"0x880\", \"AllPcrDatasPcrBitmap\": \"0x880\", \"CountPcrsInAllFinalPcrValuesPcrBitmap\": \"2\", \"CountPcrsInAllPcrDatasPcrBitmap\": \"2\", \"DateTime\": \"2026-08-06T09:58:55.0000000Z\", \"FinalPcrValues\": \"4512C8C9BDAA06BD7AC80BCB87838B968A27C99F0A08DE1E079BF3DB1C2A2C770000000000000000000000000000000000000000000000000000000000000000\", \"FinalPcrValuesSize\": \"64\", \"IsSecureBootOn\": \"true\", \"SealedPcrDigestsDatums\": \"3C0200001C000100010007000700540000001B0001000000010000801E001D000200010053006500630075007200650042006F006F007400000028001C001A000100CCFC4BB32888A345BC8AEADABA552B627D99348C767681AB3141F5B01E40A40E440000001B0001000100010000800E001D000200010050004B00000028001C001A00010024309EBADEC3A1E24E49AF4FBF2F914C9A836CF89FA8D7A5958609276E1B7EBF460000001B00010002000100008010001D00020001004B0045004B00000028001C001A000100CEA9C249583329B2A7F1E055E9BF62DF567644339EF1CEC4A35C8E86BC3F7ECE440000001B0001000300010000800E001D000200010064006200000028001C001A0001003FFF9E4FEA3565AAB03855A387E414DC50816855482C8A5AF7BD8EFF881F552F460000001B00010004000100008010001D0002000100640062007800000028001C001A000100B9C4E604A5844EF853F1E084615CBBFC1B946E9F376B5C94C7DB367AD6CA8D32520000001B0001000500040000001C001D000200010053006500700061007200610074006F007200000028001C001A000100DF3F619804A92FDB4057192DC43DD748EA778ADC52BC498CE80524C014B81119740000001B0001000600E00000803E001D00020001004F0053004C006F00610064006500720041007500740068006F0072006900740079005300690067006E0061007400750072006500000028001C001A0001009289FEE87F143306777CFBCEFD8084C64B4E579C3865574912346302C0990A2B440000001C00010001000B000100360000001B00010000000C00000028001C001A000100097328E8C957DE2428283954F6A1EE8FF7AD7DEF12E100A600178407F5DECF24\", \"SealedPcrDigestsDatumsSize\": \"640\", \"TcgLogHashAlgorithm\": \"0xb\", \"TcgLogHashAlgorithmSize\": \"32\"}", "message": "This event contains the boot-time final TPM PCR values and TCG log data."}
{"timestamp": "2026-08-06T08:59:04.000Z", "record_id": 74162, "event_id": 16, "channel": "System", "channel_key": "system", "provider": "Microsoft-Windows-Kernel-General", "computer": "LAPTOP-8SM7PKPU", "level": "Information", "category": "other", "process_id": 10628, "is_machine_account": 0, "mapped": 0, "source_file": "System.jsonl", "event_data": "{\"DirtyPages\": \"1095\", \"HiveName\": \"\\\\??\\\\C:\\\\Windows\\\\AppCompat\\\\Programs\\\\Amcache.hve\", \"HiveNameLength\": \"45\", \"KeysUpdated\": \"3268\"}", "message": "The access history in hive \\??\\C:\\Windows\\AppCompat\\Programs\\Amcache.hve was cleared updating 3268 keys and creating 1095 modified pages."}
{"timestamp": "2026-08-06T08:59:04.000Z", "record_id": 74161, "event_id": 701, "channel": "System", "channel_key": "system", "provider": "Win32k", "computer": "LAPTOP-8SM7PKPU", "level": "Warning", "category": "other", "process_id": 4, "is_machine_account": 0, "mapped": 0, "source_file": "System.jsonl", "event_data": "{}", "message": "Power Manager has not requested suppression of all input (INPUT_SUPPRESS_REQUEST=0)"}
{"timestamp": "2026-08-06T08:59:04.000Z", "record_id": 74160, "event_id": 701, "channel": "System", "channel_key": "system", "provider": "Win32k", "computer": "LAPTOP-8SM7PKPU", "level": "Warning", "category": "other", "process_id": 4, "is_machine_account": 0, "mapped": 0, "source_file": "System.jsonl", "event_data": "{}", "message": "Power Manager has not requested suppression of all input (INPUT_SUPPRESS_REQUEST=0)"}
{"timestamp": "2026-08-06T08:59:04.000Z", "record_id": 74159, "event_id": 105, "channel": "System", "channel_key": "system", "provider": "Microsoft-Windows-Kernel-Power", "computer": "LAPTOP-8SM7PKPU", "level": "Information", "category": "other", "process_id": 4, "is_machine_account": 0, "mapped": 0, "source_file": "System.jsonl", "event_data": "{\"AcOnline\": \"true\", \"FullChargeCapacity\": \"50640\", \"RemainingCapacity\": \"45740\"}", "message": "Power source change."}
{"timestamp": "2026-08-06T08:59:04.000Z", "record_id": 74158, "event_id": 24709, "channel": "System", "channel_key": "system", "provider": "Microsoft-Windows-BitLocker-Driver", "computer": "LAPTOP-8SM7PKPU", "level": "Information", "category": "other", "process_id": 4, "is_machine_account": 0, "mapped": 0, "source_file": "System.jsonl", "event_data": "{\"AllFinalPcrValuesPcrBitmap\": \"0x880\", \"AllPcrDatasPcrBitmap\": \"0x880\", \"CountPcrsInAllFinalPcrValuesPcrBitmap\": \"2\", \"CountPcrsInAllPcrDatasPcrBitmap\": \"2\", \"DateTime\": \"2026-08-06T09:58:55.0000000Z\", \"FinalPcrValues\": \"4512C8C9BDAA06BD7AC80BCB87838B968A27C99F0A08DE1E079BF3DB1C2A2C770000000000000000000000000000000000000000000000000000000000000000\", \"FinalPcrValuesSize\": \"64\", \"IsSecureBootOn\": \"true\", \"SealedPcrDigestsDatums\": \"3C0200001C000100010007000700540000001B0001000000010000801E001D000200010053006500630075007200650042006F006F007400000028001C001A000100CCFC4BB32888A345BC8AEADABA552B627D99348C767681AB3141F5B01E40A40E440000001B0001000100010000800E001D000200010050004B00000028001C001A00010024309EBADEC3A1E24E49AF4FBF2F914C9A836CF89FA8D7A5958609276E1B7EBF460000001B00010002000100008010001D00020001004B0045004B00000028001C001A000100CEA9C249583329B2A7F1E055E9BF62DF567644339EF1CEC4A35C8E86BC3F7ECE440000001B0001000300010000800E001D000200010064006200000028001C001A0001003FFF9E4FEA3565AAB03855A387E414DC50816855482C8A5AF7BD8EFF881F552F460000001B00010004000100008010001D0002000100640062007800000028001C001A000100B9C4E604A5844EF853F1E084615CBBFC1B946E9F376B5C94C7DB367AD6CA8D32520000001B0001000500040000001C001D000200010053006500700061007200610074006F007200000028001C001A000100DF3F619804A92FDB4057192DC43DD748EA778ADC52BC498CE80524C014B81119740000001B0001000600E00000803E001D00020001004F0053004C006F00610064006500720041007500740068006F0072006900740079005300690067006E0061007400750072006500000028001C001A0001009289FEE87F143306777CFBCEFD8084C64B4E579C3865574912346302C0990A2B440000001C00010001000B000100360000001B00010000000C00000028001C001A000100097328E8C957DE2428283954F6A1EE8FF7AD7DEF12E100A600178407F5DECF24\", \"SealedPcrDigestsDatumsSize\": \"640\", \"TcgLogHashAlgorithm\": \"0xb\", \"TcgLogHashAlgorithmSize\": \"32\"}", "message": "This event contains the boot-time final TPM PCR values and TCG log data."}
{"timestamp": "2026-08-06T08:59:04.000Z", "record_id": 74157, "event_id": 24711, "channel": "System", "channel_key": "system", "provider": "Microsoft-Windows-BitLocker-Driver", "computer": "LAPTOP-8SM7PKPU", "level": "Information", "category": "other", "process_id": 4, "is_machine_account": 0, "mapped": 0, "source_file": "System.jsonl", "event_data": "{\"ErrorCode\": \"0x0\", \"Flags\": \"0x0\", \"OptionalGUID\": \"{e0f3b476-a73e-4425-805b-0c939f260e04}\", \"Volume\": \"C:\", \"VolumeGUID\": \"{f2f1fc8c-601f-4796-8699-41d0e2b4a6d3}\", \"WritePhase\": \"0x0\"}", "message": "A V2 TPM protector was used to start Windows.\r\nBinding ID: {e0f3b476-a73e-4425-805b-0c939f260e04}."}
{"timestamp": "2026-08-06T08:59:04.000Z", "record_id": 74156, "event_id": 6013, "channel": "System", "channel_key": "system", "provider": "EventLog", "computer": "LAPTOP-8SM7PKPU", "level": "Information", "category": "other", "process_id": 4428, "is_machine_account": 0, "mapped": 0, "source_file": "System.jsonl", "event_data": "{\"Data\": [\"\", \"\", \"\"]}", "message": "The system uptime is 946920 seconds."}
{"timestamp": "2026-08-06T08:59:01.000Z", "record_id": 74155, "event_id": 1, "channel": "System", "channel_key": "system", "provider": "Microsoft-Windows-Kernel-General", "computer": "LAPTOP-8SM7PKPU", "level": "Information", "category": "other", "process_id": 4, "is_machine_account": 0, "mapped": 0, "source_file": "System.jsonl", "event_data": "{\"CmosTime\": \"2026-08-06T09:59:01.5000000Z\", \"NewTime\": \"2026-08-06T08:59:01.5000000Z\", \"OldTime\": \"2026-08-03T22:17:13.9478592Z\", \"ProcessID\": \"4\", \"ProcessName\": \"\", \"RealTimeIsUniversal\": \"false\", \"Reason\": \"2\", \"SystemInCmosMode\": \"false\", \"TimeDeltaInMs\": \"211307552\", \"TimeZoneBias\": \"-60\"}", "message": "The system time has changed to ‎2026‎-‎08‎-‎06T08:59:01.500000000Z from ‎2026‎-‎08‎-‎03T22:17:13.947859200Z.\r\nTime Delta: 211307552 ms\r\n\r\nChange Reason: System time synchronized with the hardware clock.\r\nProcess: '' (PID 4).\r\n\r\nRTC time: ‎2026‎-‎08‎-‎06T09:59:01.500000000Z\r\nCurrent time zone bias: -60\r\nRTC time is in UTC: false\r\nSystem time was based on RTC time: false"}
