{"timestamp": "2026-08-06T09:01:14.000Z", "record_id": 27500, "event_id": 8194, "channel": "Application", "channel_key": "application", "provider": "System Restore", "computer": "LAPTOP-8SM7PKPU", "level": "Information", "category": "other", "process_id": 38284, "is_machine_account": 0, "mapped": 0, "source_file": "Application.jsonl", "event_data": "{\"Data\": [\"\", \"\"]}", "message": "Successfully created restore point (Process = C:\\Windows\\system32\\svchost.exe -k netsvcs -p -s wuauserv; Description = Windows Update)."}
{"timestamp": "2026-08-06T09:01:12.000Z", "record_id": 27499, "event_id": 8231, "channel": "Application", "channel_key": "application", "provider": "VSS", "computer": "LAPTOP-8SM7PKPU", "level": "Information", "category": "other", "process_id": 38284, "is_machine_account": 0, "mapped": 0, "source_file": "Application.jsonl", "event_data": "{\"Data\": [\"\", \"\", \"\", \"\", \"\"]}", "message": "Volume Shadow Copy Service information: Snapshot creation initiated for Snapshot Set {593870f7-a64b-453a-b0c3-c29a01b81704}.\r\n Process command line: C:\\Windows\\system32\\svchost.exe -k netsvcs -p -s wuauserv\r\n Process Caller Stack:\r\n Process[0]: svchost.exe\r\n Process[1]: services.exe\r\n Process[2]: wininit.exe\r\n"}
{"timestamp": "2026-08-06T09:00:31.000Z", "record_id": 27498, "event_id": 0, "channel": "Application", "channel_key": "application", "provider": "edgeupdate", "computer": "LAPTOP-8SM7PKPU", "level": "Information", "category": "other", "process_id": 13376, "is_machine_account": 0, "mapped": 0, "source_file": "Application.jsonl", "event_data": "{\"Data\": \"\"}", "message": "Service stopped."}
{"timestamp": "2026-08-06T09:00:09.000Z", "record_id": 27497, "event_id": 16394, "channel": "Application", "channel_key": "application", "provider": "Microsoft-Windows-Security-SPP", "computer": "LAPTOP-8SM7PKPU", "level": "Information", "category": "other", "process_id": 13032, "is_machine_account": 0, "mapped": 0, "source_file": "Application.jsonl", "event_data": "{}", "message": "Offline downlevel migration succeeded."}
{"timestamp": "2026-08-06T08:59:42.000Z", "record_id": 27496, "event_id": 16384, "channel": "Application", "channel_key": "application", "provider": "Microsoft-Windows-Security-SPP", "computer": "LAPTOP-8SM7PKPU", "level": "Information", "category": "other", "process_id": 21192, "is_machine_account": 0, "mapped": 0, "source_file": "Application.jsonl", "event_data": "{\"Data\": [\"\", \"\"]}", "message": "Successfully scheduled Software Protection service for re-start at 2126-07-13T08:59:42Z. Reason: RulesEngine."}
{"timestamp": "2026-08-06T08:59:06.000Z", "record_id": 27495, "event_id": 257, "channel": "Application", "channel_key": "application", "provider": "Edge", "computer": "LAPTOP-8SM7PKPU", "level": "Warning", "category": "other", "user_sid": "S-1-5-18", "process_id": 3700, "is_machine_account": 0, "mapped": 0, "source_file": "Application.jsonl", "event_data": "{\"Data\": \"\"}", "message": "[0806/095906.252:WARNING:chrome\\elevation_service\\caller_validation.cc:163] Failed to authenticate caller process: C:\\Program Files (x86)\\Microsoft\\Edge\\Application\\msedge.exe"}
{"timestamp": "2026-08-06T09:15:31.000Z", "record_id": 4290, "event_id": 4104, "channel": "Microsoft-Windows-PowerShell/Operational", "channel_key": "powershell", "provider": "Microsoft-Windows-PowerShell", "computer": "LAPTOP-8SM7PKPU", "level": "Warning", "category": "script_execution", "attack_data_sources": "DS0012:Script Execution", "user_sid": "S-1-5-21-3119828605-3733597828-3599172180-1001", "process_id": 37868, "file_path": "C:\\Windows\\TEMP\\SDIAG_f614183b-db00-4343-b206-e7ca40189b93\\CL_Utility.ps1", "script_block_text": "# Copyright © 2008, Microsoft Corporation. All rights reserved.\n\n\n#Common utility functions\nImport-LocalizedData -BindingVariable localizationString -FileName CL_LocalizationData\n\n# Function to get user troubleshooting history\nfunction Get-UserTSHistoryPath {\n    return \"${env:localappdata}\\diagnostics\"\n}\n\n# Function to get admin troubleshooting history\nfunction Get-AdminTSHistoryPath {\n    return \"${env:localappdata}\\elevateddiagnostics\"\n}\n\n# Function to get user report folder path\nfunction Get-UserReportPath {\n    return \"${env:localappdata}\\Microsoft\\Windows\\WER\\ReportQueue\"\n}\n\n# Function to get system report folder path\nfunction Get-MachineReportPath {\n    return \"${env:AllUsersProfile}\\Microsoft\\Windows\\WER\\ReportQueue\"\n}\n\n# Function to get threshold to check whether a folder is old\nfunction Get-ThresholdForCheckOlderFile {\n    [int]$threshold = -1\n    return $threshold\n}\n\n# Function to get threshold for deleting WER folder\nfunction Get-ThresholdForFileDeleting() {\n    [string]$registryEntryPath = \"HKLM:\\SOFTWARE\\Microsoft\\Windows\\Windows Error Reporting\"\n    [string]$registryEntryName = \"PurgeThreshholdValueInKB\"\n    [double]$defaultValue = 10.0\n\n    return Get-RegistryValue $registryEntryPath $registryEntryName $defaultValue\n}\n\n# Function to get the size of a directory in kb\nfunction Get-FolderSize([string]$folder = $(throw \"No folder is specified\")) {\n    if([String]::IsNullOrEmpty($folder) -or (-not(Test-Path $folder))) {\n        return 0\n    }\n\n    if(-not $Global:DirectoryObject) {\n        $Global:DirectoryObject = New-Object -comobject \"Scripting.FileSystemObject\"\n    }\n\n    return ($Global:DirectoryObject.GetFolder($folder).Size) / 1kb\n}\n\n# Function to delete a folder\nfunction Delete-Folder([string]$folder = $(throw \"No folder is specified\")) {\n    if([String]::IsNullOrEmpty($folder) -or (-not(Test-Path $folder))) {\n        return\n    }\n\n    Remove-Item -literalPath $folder -Recurse -Force\n}\n\n# Function to delete old folders\nfunction Delete-OldFolders($folder=$(throw \"No folder is specified\")) {\n    if(($folder -eq $null) -or (-not(Test-Path $folder))) {\n        return\n    }\n\n    [int]$threshold = Get-ThresholdForCheckOlderFile\n    $folders = Get-ChildItem -LiteralPath ($folder.FullName) -Force | Where-Object {$_.PSIsContainer}\n    if($folders -ne $null) {\n        foreach($folder in $folders) {\n            if((($folder.CreationTime).CompareTo((Get-Date).AddMonths($threshold))) -lt 0) {\n                Delete-Folder ($folder.FullName)\n            } else {\n                Delete-OldFolders (Get-Item ($folder.FullName))\n            }\n        }\n    }\n}\n\n# Function to get registry value\nfunction Get-RegistryValue([string]$registryEntryPath = $(throw \"No registry entry path is specified\"), [string]$registryEntryName = $(throw \"No registry entry name is specified\"), [double]$defaultValue = 0.0) {\n    [double]$registryEntryValue = $defaultValue\n\n    $registryEntry = Get-ItemProperty -Path $registryEntryPath -Name $registryEntryName\n    if($registryEntry -ne $null) {\n        $registryEntryValue = $registryEntry.$registryEntryName\n    }\n\n\treturn $registryEntryValue\n}\n\n# Function to get the percentage that WER queue can take up\nfunction Get-Percentage() {\n    [string]$registryEntryPath = \"HKLM:\\SOFTWARE\\Microsoft\\Windows\\Windows Error Reporting\"\n    [string]$registryEntryName = \"MaxQueueSizePercentage\"\n    [double]$defaultValue = 100.0\n\n    return Get-RegistryValue $registryEntryPath $registryEntryName $defaultValue\n}\n\n# Function to get free disk space on machine\nfunction Get-FreeSpace {\n    [double]$freeSpace = 0.0\n    [string]$wql = \"SELECT * FROM Win32_LogicalDisk WHERE MediaType=12\"\n    $drives = Get-WmiObject -query $wql\n    if($null -ne $drives) {\n        foreach($drive in $drives) {\n            $freeSpace += ($drive.freeSpace)\n        }\n    }\n\n    return ($freeSpace / 1KB)\n}\n\n# Function to get all unnecessary files\nfunction Get-UnnecessaryFiles([string]$folder = $(throw \"No folder is specified\")) {\n    if([String]::IsNullOrEmpty($folder) -or (-not(Test-Path $folder))) {\n        return $null\n    }\n\n    [int]$threshold = Get-ThresholdForCheckOlderFile\n\n    return (Get-ChildItem -literalPath $folder -Recurse -Force | Where-Object {($_.PSIsContainer) -and ((($_.CreationTime).CompareTo((Get-Date).AddMonths($threshold))) -lt 0)})\n}\n\n# Function to format disk space (KB -> MB)\nfunction Format-DiskSpaceMB([double]$space = $(throw \"No space is specified\")) {\n    return [string]([Math]::Round(($space / 1KB), 3))\n}\n\n# Function to format disk space (B -> GB)\nFunction Format-DiskSpaceGB([double]$space = $(throw \"No space is specified\")) {\n    return [string]([Math]::Round(($space / 1GB), 3))\n}\n\n# Function to attach item to the list with delimiter \"/\"\nfunction AttachTo-List([string]$list = $(throw \"No list is specified\"), [string]$item = $(throw \"No item is specified\"))\n{\n    if([String]::IsNullOrEmpty($list))\n    {\n        return $item\n    }\n\n    if([String]::IsNullOrEmpty($item))\n    {\n        return $list\n    }\n\n    return $list + \"/\" + $item\n}\n\n# Function to parse the the list with delimiter \"/\"\nfunction Parse-List([string]$list = $(throw \"No list is specified\"))\n{\n    if($list -eq $null)\n    {\n        return $null\n    }\n\n    return $list.Split(\"/\", [StringSplitOptions]::RemoveEmptyEntries)\n}\n\n# Function to get list length\nfunction Get-ListLength([string]$list = $(throw \"No list is specified\"))\n{\n    if($list -eq $null)\n    {\n        return 0\n    }\n\n    $result = Parse-List $list\n\n    if($result -is [string])\n    {\n        return 1\n    }\n    elseif($result -is [object[]])\n    {\n        return $result.count\n    }\n    else\n    {\n        return 0\n    }\n}\n\n# Function to convert to WQL path\nfunction ConvertTo-WQLPath([string]$wqlPath = $(throw \"No WQL path is specified\"))\n{\n    if($wqlPath -eq $null)\n    {\n        return \"\"\n    }\n\n    return $wqlPath.Replace(\"\\\", \"\\\\\")\n}\n\n# Function to check whether the shortcut is valid\nfunction Test-ValidLink([Wmi]$wmiLinkFile = $(throw \"No WMI link file is specified\"))\n{\n    if(($wmiLinkFile -eq $null) -or ([String]::IsNullOrEmpty($wmiLinkFile.Target)))\n    {\n        return $false\n    }\n\n    return Test-Path $wmiLinkFile.Target\n}\n\n# Function to chech whether have permission to delete the shortcut file\nfunction Test-Delete([Wmi]$wmiLinkFile = $(throw \"No WMI link file is specified\"))\n{\n    if($wmiLinkFile -eq $null)\n    {\n        return $false\n    }\n\n    return ($wmiLinkFile.AccessMask -band 0x10000) -eq 0x10000\n}\n\n# Function to get desktop path\nfunction Get-DesktopPath()\n{\n$methodDefinition = @\"\n    public static string GetDesktopPath\n    {\n        get\n        {\n            return Environment.GetFolderPath(Environment.SpecialFolder.DesktopDirectory);\n        }\n    }\n\"@\n\n    $type = Add-Type -MemberDefinition $methodDefinition -Name \"DesktopPath\" -PassThru\n\n    return $type::GetDesktopPath\n}\n\n# Function to get startup path\nfunction Get-StartupPath()\n{\n$methodDefinition = @\"\n    public static string GetStartupPath\n    {\n        get\n        {\n            return Environment.GetFolderPath(Environment.SpecialFolder.Startup);\n        }\n    }\n\"@\n\n    $type = Add-Type -MemberDefinition $methodDefinition -Name \"StartupPath\" -PassThru\n\n    return $type::GetStartupPath\n}\n\n# Function to remove all files in the list\nfunction Remove-FileList([string]$list = $(throw \"No list is specified\"))\n{\n    if([String]::IsNullOrEmpty($list))\n    {\n        return\n    }\n\n    try\n    {\n        Parse-List $list | Foreach-Object {\n            if(-not([String]::IsNullOrEmpty($_)))\n            {\n                Remove-Item $_ -Force\n            }\n        }\n    }\n    catch\n    {\n        $_ | ConvertTo-Xml | Update-DiagReport -id DeleteFileExceptions -Name $localizationString.filesFailToRemove_name -Description $localizationString.filesFailToRemove_description -Verbosity Warning\n    }\n}\n\n# Function to get the last access time of an Icon\nfunction Get-LastAccessTime([string]$filePath = $(throw \"No file path is specified\"))\n{\n    if([String]::IsNullOrEmpty($filePath) -or -not(Test-Path $filePath))\n    {\n        throw \"No file path found\"\n    }\n\n$typeDefinition = @\"\n\nusing System;\nusing System.Collections.Generic;\nusing System.Runtime.InteropServices;\nusing ComType = System.Runtime.InteropServices.ComTypes;\n\npublic sealed class FileInfo\n{\n    private FileInfo()\n    {\n    }\n\n    [StructLayout(LayoutKind.Sequential, CharSet = CharSet.Unicode)]\n    struct UAINFO\n    {\n        internal int cbSize;\n        internal int dwMask;\n        internal float R;\n        internal uint cLaunches;\n        internal uint cSwitches;\n        internal int dwTime;\n        internal ComType.FILETIME ftExecute;\n        [MarshalAs(UnmanagedType.Bool)] internal bool fExcludeFromMFU;\n\n        internal UAINFO(int dwMask)\n        {\n            this.cbSize = Marshal.SizeOf(typeof(UAINFO));\n            this.dwMask = dwMask;\n            this.R = 0;\n            this.cLaunches = 0;\n            this.cSwitches = 0;\n            this.dwTime = 0;\n            this.ftExecute = new ComType.FILETIME();\n            this.fExcludeFromMFU = false;\n        }\n    }\n\n    internal const int UAIM_FILETIME = 1;\n    internal static Guid UAIID_SHORTCUTS = new Guid(\"F4E57C4B-2036-45F0-A9AB-443BCFE33D9F\");\n\n    [ComImport, Guid(\"90D75131-43A6-4664-9AF8-DCCEB85A7462\"), InterfaceType(ComInterfaceType.InterfaceIsIUnknown)]\n    interface IShellUserAssist\n    {\n        int FireEvent(ref Guid pguidGrp, int eCmd, string pszPath, int dwTimeElapsed);\n        int QueryEntry(ref Guid pguidGrp, string pszPath, ref UAINFO pui);\n        int SetEntry(ref Guid pguidGrp, string pszPath, ref UAINFO pui);\n        int RenameEntry(ref Guid pguidGrp, string pszFrom, string pszTo);\n        int DeleteEntry(ref Guid pguidGrp, string pszPath);\n        int Enable(bool fEnable);\n    }\n\n    [ComImport, Guid(\"DD313E04-FEFF-11d1-8ECD-0000F87A470C\")]\n    internal class UserAssist { }\n\n    public static DateTime GetLastAccessTime(string filePath)\n    {\n        if(String.IsNullOrEmpty(filePath))\n        {\n            throw new ArgumentException(\"The file path is null or empty\");\n        }\n\n        UAINFO uaInfo = new UAINFO(UAIM_FILETIME);\n        IShellUserAssist iShellUserAssist = new UserAssist() as IShellUserAssist;\n        if (iShellUserAssist == null)\n        {\n            throw new InvalidOperationException(\"Can't get iShellUserAssist interface\");\n        }\n\n        try\n        {\n            Marshal.ThrowExceptionForHR(iShellUserAssist.QueryEntry(ref UAIID_SHORTCUTS, filePath, ref uaInfo));\n        }\n        catch\n        {\n            throw new InvalidOperationException(\"Can't query info about\" + filePath);\n        }\n\n        long fileTime = (((long)uaInfo.ftExecute.dwHighDateTime) << 32) + uaInfo.ftExecute.dwLowDateTime;\n\n        return DateTime.FromFileTime(fileTime);\n    }\n}\n\"@\n\n    $type = Add-Type -TypeDefinition $typeDefinition -PassThru\n\n    return $type[0]::GetLastAccessTime($filePath)\n}\n\n# Function to check whether the icon is pointing to a file\nfunction Test-FileShortcut([Wmi]$wmiLinkFile = $(throw \"No wmi link file is specified\"))\n{\n    if($wmiLinkFile -eq $null)\n    {\n        return $false\n    }\n\n    [string]$target = $wmiLinkFile.Target\n    if([String]::IsNullOrEmpty($target) -or -not(Test-Path $target))\n    {\n        return $false\n    }\n\n    return -not((Get-Item $target).PSIsContainer)\n}\n\n# Function to create a choice in interaction page\nfunction Get-Choice([string]$name = $(throw \"No choice name is specified\"), [string]$description = $(throw \"No choice description is specified\"),\n                   [string]$value = $(throw \"No choice value is specified\"), [xml]$extension)\n{\n    return @{\"Name\"=$name;\"Description\"=$description;\"Value\"=$value;\"ExtensionPoint\"=$extension.InnerXml}\n}\n\n# Function to check whether the current machine is domain joined\nFunction Test-DomainJoined()\n{\n    return (Get-WmiObject -query \"select * from win32_ntdomain where Status ='OK'\") -ne $null\n}\n\n# Function to update time source\nFunction Update-TimeSource([string]$timeSource = $(throw \"No time source is specified\"))\n{\n    w32tm.exe /config /update /manualpeerlist:\"$timeSource\"\n}\n\n# Function to get system drive info\nfunction Get-SystemDriveInfo() {\n    [string]$wql = \"SELECT * FROM Win32_LogicalDisk WHERE MediaType=12 AND Name = '\" + ${env:systemdrive} + \"'\"\n    return Get-WmiObject -query $wql\n}\n\n# Function to get time service status\nfunction Get-ServiceStatus([string]$serviceName=$(throw \"No service name is specified\")) {\n   [bool]$startService = $true\n\n   [WMI]$timeService = @(Get-WmiObject -Query \"Select * From Win32_Service Where Name = `\"$serviceName`\"\")[0]\n   if($null -ne $timeService) {\n      [ServiceProcess.ServiceControllerStatus]$timeServicesStatus = (Get-Service $serviceName).Status\n      if(([ServiceProcess.ServiceControllerStatus]::Stopped -eq $timeServicesStatus) -or ([ServiceProcess.ServiceControllerStatus]::StopPending -eq $timeServicesStatus)) {\n         $startService = $false\n      }\n   }\n\n   return $startService\n}\n\n# Function to wait for expected service status\nfunction WaitFor-ServiceStatus([string]$serviceName=$(throw \"No service name is specified\"), [ServiceProcess.ServiceControllerStatus]$serviceStatus=$(throw \"No service status is specified\")) {\n    [ServiceProcess.ServiceController]$sc = New-Object \"ServiceProcess.ServiceController\" $serviceName\n    [TimeSpan]$timeOut = New-Object TimeSpan(0,0,0,5,0)\n    $sc.WaitForStatus($serviceStatus, $timeOut)\n}", "script_block_id": "92a899b6-5d33-4444-85bc-e39febe8cca1", "message_number": 1, "message_total": 1, "is_machine_account": 0, "mapped": 1, "source_file": "Microsoft-Windows-PowerShell-Operational.jsonl", "event_data": "{\"MessageNumber\": \"1\", \"MessageTotal\": \"1\", \"Path\": \"C:\\\\Windows\\\\TEMP\\\\SDIAG_f614183b-db00-4343-b206-e7ca40189b93\\\\CL_Utility.ps1\", \"ScriptBlockId\": \"92a899b6-5d33-4444-85bc-e39febe8cca1\", \"ScriptBlockText\": \"# Copyright © 2008, Microsoft Corporation. All rights reserved.\\n\\n\\n#Common utility functions\\nImport-LocalizedData -BindingVariable localizationString -FileName CL_LocalizationData\\n\\n# Function to get user troubleshooting history\\nfunction Get-UserTSHistoryPath {\\n    return \\\"${env:localappdata}\\\\diagnostics\\\"\\n}\\n\\n# Function to get admin troubleshooting history\\nfunction Get-AdminTSHistoryPath {\\n    return \\\"${env:localappdata}\\\\elevateddiagnostics\\\"\\n}\\n\\n# Function to get user report folder path\\nfunction Get-UserReportPath {\\n    return \\\"${env:localappdata}\\\\Microsoft\\\\Windows\\\\WER\\\\ReportQueue\\\"\\n}\\n\\n# Function to get system report folder path\\nfunction Get-MachineReportPath {\\n    return \\\"${env:AllUsersProfile}\\\\Microsoft\\\\Windows\\\\WER\\\\ReportQueue\\\"\\n}\\n\\n# Function to get threshold to check whether a folder is old\\nfunction Get-ThresholdForCheckOlderFile {\\n    [int]$threshold = -1\\n    return $threshold\\n}\\n\\n# Function to get threshold for deleting WER folder\\nfunction Get-ThresholdForFileDeleting() {\\n    [string]$registryEntryPath = \\\"HKLM:\\\\SOFTWARE\\\\Microsoft\\\\Windows\\\\Windows Error Reporting\\\"\\n    [string]$registryEntryName = \\\"PurgeThreshholdValueInKB\\\"\\n    [double]$defaultValue = 10.0\\n\\n    return Get-RegistryValue $registryEntryPath $registryEntryName $defaultValue\\n}\\n\\n# Function to get the size of a directory in kb\\nfunction Get-FolderSize([string]$folder = $(throw \\\"No folder is specified\\\")) {\\n    if([String]::IsNullOrEmpty($folder) -or (-not(Test-Path $folder))) {\\n        return 0\\n    }\\n\\n    if(-not $Global:DirectoryObject) {\\n        $Global:DirectoryObject = New-Object -comobject \\\"Scripting.FileSystemObject\\\"\\n    }\\n\\n    return ($Global:DirectoryObject.GetFolder($folder).Size) / 1kb\\n}\\n\\n# Function to delete a folder\\nfunction Delete-Folder([string]$folder = $(throw \\\"No folder is specified\\\")) {\\n    if([String]::IsNullOrEmpty($folder) -or (-not(Test-Path $folder))) {\\n        return\\n    }\\n\\n    Remove-Item -literalPath $folder -Recurse -Force\\n}\\n\\n# Function to delete old folders\\nfunction Delete-OldFolders($folder=$(throw \\\"No folder is specified\\\")) {\\n    if(($folder -eq $null) -or (-not(Test-Path $folder))) {\\n        return\\n    }\\n\\n    [int]$threshold = Get-ThresholdForCheckOlderFile\\n    $folders = Get-ChildItem -LiteralPath ($folder.FullName) -Force | Where-Object {$_.PSIsContainer}\\n    if($folders -ne $null) {\\n        foreach($folder in $folders) {\\n            if((($folder.CreationTime).CompareTo((Get-Date).AddMonths($threshold))) -lt 0) {\\n                Delete-Folder ($folder.FullName)\\n            } else {\\n                Delete-OldFolders (Get-Item ($folder.FullName))\\n            }\\n        }\\n    }\\n}\\n\\n# Function to get registry value\\nfunction Get-RegistryValue([string]$registryEntryPath = $(throw \\\"No registry entry path is specified\\\"), [string]$registryEntryName = $(throw \\\"No registry entry name is specified\\\"), [double]$defaultValue = 0.0) {\\n    [double]$registryEntryValue = $defaultValue\\n\\n    $registryEntry = Get-ItemProperty -Path $registryEntryPath -Name $registryEntryName\\n    if($registryEntry -ne $null) {\\n        $registryEntryValue = $registryEntry.$registryEntryName\\n    }\\n\\n\\treturn $registryEntryValue\\n}\\n\\n# Function to get the percentage that WER queue can take up\\nfunction Get-Percentage() {\\n    [string]$registryEntryPath = \\\"HKLM:\\\\SOFTWARE\\\\Microsoft\\\\Windows\\\\Windows Error Reporting\\\"\\n    [string]$registryEntryName = \\\"MaxQueueSizePercentage\\\"\\n    [double]$defaultValue = 100.0\\n\\n    return Get-RegistryValue $registryEntryPath $registryEntryName $defaultValue\\n}\\n\\n# Function to get free disk space on machine\\nfunction Get-FreeSpace {\\n    [double]$freeSpace = 0.0\\n    [string]$wql = \\\"SELECT * FROM Win32_LogicalDisk WHERE MediaType=12\\\"\\n    $drives = Get-WmiObject -query $wql\\n    if($null -ne $drives) {\\n        foreach($drive in $drives) {\\n            $freeSpace += ($drive.freeSpace)\\n        }\\n    }\\n\\n    return ($freeSpace / 1KB)\\n}\\n\\n# Function to get all unnecessary files\\nfunction Get-UnnecessaryFiles([string]$folder = $(throw \\\"No folder is specified\\\")) {\\n    if([String]::IsNullOrEmpty($folder) -or (-not(Test-Path $folder))) {\\n        return $null\\n    }\\n\\n    [int]$threshold = Get-ThresholdForCheckOlderFile\\n\\n    return (Get-ChildItem -literalPath $folder -Recurse -Force | Where-Object {($_.PSIsContainer) -and ((($_.CreationTime).CompareTo((Get-Date).AddMonths($threshold))) -lt 0)})\\n}\\n\\n# Function to format disk space (KB -> MB)\\nfunction Format-DiskSpaceMB([double]$space = $(throw \\\"No space is specified\\\")) {\\n    return [string]([Math]::Round(($space / 1KB), 3))\\n}\\n\\n# Function to format disk space (B -> GB)\\nFunction Format-DiskSpaceGB([double]$space = $(throw \\\"No space is specified\\\")) {\\n    return [string]([Math]::Round(($space / 1GB), 3))\\n}\\n\\n# Function to attach item to the list with delimiter \\\"/\\\"\\nfunction AttachTo-List([string]$list = $(throw \\\"No list is specified\\\"), [string]$item = $(throw \\\"No item is specified\\\"))\\n{\\n    if([String]::IsNullOrEmpty($list))\\n    {\\n        return $item\\n    }\\n\\n    if([String]::IsNullOrEmpty($item))\\n    {\\n        return $list\\n    }\\n\\n    return $list + \\\"/\\\" + $item\\n}\\n\\n# Function to parse the the list with delimiter \\\"/\\\"\\nfunction Parse-List([string]$list = $(throw \\\"No list is specified\\\"))\\n{\\n    if($list -eq $null)\\n    {\\n        return $null\\n    }\\n\\n    return $list.Split(\\\"/\\\", [StringSplitOptions]::RemoveEmptyEntries)\\n}\\n\\n# Function to get list length\\nfunction Get-ListLength([string]$list = $(throw \\\"No list is specified\\\"))\\n{\\n    if($list -eq $null)\\n    {\\n        return 0\\n    }\\n\\n    $result = Parse-List $list\\n\\n    if($result -is [string])\\n    {\\n        return 1\\n    }\\n    elseif($result -is [object[]])\\n    {\\n        return $result.count\\n    }\\n    else\\n    {\\n        return 0\\n    }\\n}\\n\\n# Function to convert to WQL path\\nfunction ConvertTo-WQLPath([string]$wqlPath = $(throw \\\"No WQL path is specified\\\"))\\n{\\n    if($wqlPath -eq $null)\\n    {\\n        return \\\"\\\"\\n    }\\n\\n    return $wqlPath.Replace(\\\"\\\\\\\", \\\"\\\\\\\\\\\")\\n}\\n\\n# Function to check whether the shortcut is valid\\nfunction Test-ValidLink([Wmi]$wmiLinkFile = $(throw \\\"No WMI link file is specified\\\"))\\n{\\n    if(($wmiLinkFile -eq $null) -or ([String]::IsNullOrEmpty($wmiLinkFile.Target)))\\n    {\\n        return $false\\n    }\\n\\n    return Test-Path $wmiLinkFile.Target\\n}\\n\\n# Function to chech whether have permission to delete the shortcut file\\nfunction Test-Delete([Wmi]$wmiLinkFile = $(throw \\\"No WMI link file is specified\\\"))\\n{\\n    if($wmiLinkFile -eq $null)\\n    {\\n        return $false\\n    }\\n\\n    return ($wmiLinkFile.AccessMask -band 0x10000) -eq 0x10000\\n}\\n\\n# Function to get desktop path\\nfunction Get-DesktopPath()\\n{\\n$methodDefinition = @\\\"\\n    public static string GetDesktopPath\\n    {\\n        get\\n        {\\n            return Environment.GetFolderPath(Environment.SpecialFolder.DesktopDirectory);\\n        }\\n    }\\n\\\"@\\n\\n    $type = Add-Type -MemberDefinition $methodDefinition -Name \\\"DesktopPath\\\" -PassThru\\n\\n    return $type::GetDesktopPath\\n}\\n\\n# Function to get startup path\\nfunction Get-StartupPath()\\n{\\n$methodDefinition = @\\\"\\n    public static string GetStartupPath\\n    {\\n        get\\n        {\\n            return Environment.GetFolderPath(Environment.SpecialFolder.Startup);\\n        }\\n    }\\n\\\"@\\n\\n    $type = Add-Type -MemberDefinition $methodDefinition -Name \\\"StartupPath\\\" -PassThru\\n\\n    return $type::GetStartupPath\\n}\\n\\n# Function to remove all files in the list\\nfunction Remove-FileList([string]$list = $(throw \\\"No list is specified\\\"))\\n{\\n    if([String]::IsNullOrEmpty($list))\\n    {\\n        return\\n    }\\n\\n    try\\n    {\\n        Parse-List $list | Foreach-Object {\\n            if(-not([String]::IsNullOrEmpty($_)))\\n            {\\n                Remove-Item $_ -Force\\n            }\\n        }\\n    }\\n    catch\\n    {\\n        $_ | ConvertTo-Xml | Update-DiagReport -id DeleteFileExceptions -Name $localizationString.filesFailToRemove_name -Description $localizationString.filesFailToRemove_description -Verbosity Warning\\n    }\\n}\\n\\n# Function to get the last access time of an Icon\\nfunction Get-LastAccessTime([string]$filePath = $(throw \\\"No file path is specified\\\"))\\n{\\n    if([String]::IsNullOrEmpty($filePath) -or -not(Test-Path $filePath))\\n    {\\n        throw \\\"No file path found\\\"\\n    }\\n\\n$typeDefinition = @\\\"\\n\\nusing System;\\nusing System.Collections.Generic;\\nusing System.Runtime.InteropServices;\\nusing ComType = System.Runtime.InteropServices.ComTypes;\\n\\npublic sealed class FileInfo\\n{\\n    private FileInfo()\\n    {\\n    }\\n\\n    [StructLayout(LayoutKind.Sequential, CharSet = CharSet.Unicode)]\\n    struct UAINFO\\n    {\\n        internal int cbSize;\\n        internal int dwMask;\\n        internal float R;\\n        internal uint cLaunches;\\n        internal uint cSwitches;\\n        internal int dwTime;\\n        internal ComType.FILETIME ftExecute;\\n        [MarshalAs(UnmanagedType.Bool)] internal bool fExcludeFromMFU;\\n\\n        internal UAINFO(int dwMask)\\n        {\\n            this.cbSize = Marshal.SizeOf(typeof(UAINFO));\\n            this.dwMask = dwMask;\\n            this.R = 0;\\n            this.cLaunches = 0;\\n            this.cSwitches = 0;\\n            this.dwTime = 0;\\n            this.ftExecute = new ComType.FILETIME();\\n            this.fExcludeFromMFU = false;\\n        }\\n    }\\n\\n    internal const int UAIM_FILETIME = 1;\\n    internal static Guid UAIID_SHORTCUTS = new Guid(\\\"F4E57C4B-2036-45F0-A9AB-443BCFE33D9F\\\");\\n\\n    [ComImport, Guid(\\\"90D75131-43A6-4664-9AF8-DCCEB85A7462\\\"), InterfaceType(ComInterfaceType.InterfaceIsIUnknown)]\\n    interface IShellUserAssist\\n    {\\n        int FireEvent(ref Guid pguidGrp, int eCmd, string pszPath, int dwTimeElapsed);\\n        int QueryEntry(ref Guid pguidGrp, string pszPath, ref UAINFO pui);\\n        int SetEntry(ref Guid pguidGrp, string pszPath, ref UAINFO pui);\\n        int RenameEntry(ref Guid pguidGrp, string pszFrom, string pszTo);\\n        int DeleteEntry(ref Guid pguidGrp, string pszPath);\\n        int Enable(bool fEnable);\\n    }\\n\\n    [ComImport, Guid(\\\"DD313E04-FEFF-11d1-8ECD-0000F87A470C\\\")]\\n    internal class UserAssist { }\\n\\n    public static DateTime GetLastAccessTime(string filePath)\\n    {\\n        if(String.IsNullOrEmpty(filePath))\\n        {\\n            throw new ArgumentException(\\\"The file path is null or empty\\\");\\n        }\\n\\n        UAINFO uaInfo = new UAINFO(UAIM_FILETIME);\\n        IShellUserAssist iShellUserAssist = new UserAssist() as IShellUserAssist;\\n        if (iShellUserAssist == null)\\n        {\\n            throw new InvalidOperationException(\\\"Can't get iShellUserAssist interface\\\");\\n        }\\n\\n        try\\n        {\\n            Marshal.ThrowExceptionForHR(iShellUserAssist.QueryEntry(ref UAIID_SHORTCUTS, filePath, ref uaInfo));\\n        }\\n        catch\\n        {\\n            throw new InvalidOperationException(\\\"Can't query info about\\\" + filePath);\\n        }\\n\\n        long fileTime = (((long)uaInfo.ftExecute.dwHighDateTime) << 32) + uaInfo.ftExecute.dwLowDateTime;\\n\\n        return DateTime.FromFileTime(fileTime);\\n    }\\n}\\n\\\"@\\n\\n    $type = Add-Type -TypeDefinition $typeDefinition -PassThru\\n\\n    return $type[0]::GetLastAccessTime($filePath)\\n}\\n\\n# Function to check whether the icon is pointing to a file\\nfunction Test-FileShortcut([Wmi]$wmiLinkFile = $(throw \\\"No wmi link file is specified\\\"))\\n{\\n    if($wmiLinkFile -eq $null)\\n    {\\n        return $false\\n    }\\n\\n    [string]$target = $wmiLinkFile.Target\\n    if([String]::IsNullOrEmpty($target) -or -not(Test-Path $target))\\n    {\\n        return $false\\n    }\\n\\n    return -not((Get-Item $target).PSIsContainer)\\n}\\n\\n# Function to create a choice in interaction page\\nfunction Get-Choice([string]$name = $(throw \\\"No choice name is specified\\\"), [string]$description = $(throw \\\"No choice description is specified\\\"),\\n                   [string]$value = $(throw \\\"No choice value is specified\\\"), [xml]$extension)\\n{\\n    return @{\\\"Name\\\"=$name;\\\"Description\\\"=$description;\\\"Value\\\"=$value;\\\"ExtensionPoint\\\"=$extension.InnerXml}\\n}\\n\\n# Function to check whether the current machine is domain joined\\nFunction Test-DomainJoined()\\n{\\n    return (Get-WmiObject -query \\\"select * from win32_ntdomain where Status ='OK'\\\") -ne $null\\n}\\n\\n# Function to update time source\\nFunction Update-TimeSource([string]$timeSource = $(throw \\\"No time source is specified\\\"))\\n{\\n    w32tm.exe /config /update /manualpeerlist:\\\"$timeSource\\\"\\n}\\n\\n# Function to get system drive info\\nfunction Get-SystemDriveInfo() {\\n    [string]$wql = \\\"SELECT * FROM Win32_LogicalDisk WHERE MediaType=12 AND Name = '\\\" + ${env:systemdrive} + \\\"'\\\"\\n    return Get-WmiObject -query $wql\\n}\\n\\n# Function to get time service status\\nfunction Get-ServiceStatus([string]$serviceName=$(throw \\\"No service name is specified\\\")) {\\n   [bool]$startService = $true\\n\\n   [WMI]$timeService = @(Get-WmiObject -Query \\\"Select * From Win32_Service Where Name = `\\\"$serviceName`\\\"\\\")[0]\\n   if($null -ne $timeService) {\\n      [ServiceProcess.ServiceControllerStatus]$timeServicesStatus = (Get-Service $serviceName).Status\\n      if(([ServiceProcess.ServiceControllerStatus]::Stopped -eq $timeServicesStatus) -or ([ServiceProcess.ServiceControllerStatus]::StopPending -eq $timeServicesStatus)) {\\n         $startService = $false\\n      }\\n   }\\n\\n   return $startService\\n}\\n\\n# Function to wait for expected service status\\nfunction WaitFor-ServiceStatus([string]$serviceName=$(throw \\\"No service name is specified\\\"), [ServiceProcess.ServiceControllerStatus]$serviceStatus=$(throw \\\"No service status is specified\\\")) {\\n    [ServiceProcess.ServiceController]$sc = New-Object \\\"ServiceProcess.ServiceController\\\" $serviceName\\n    [TimeSpan]$timeOut = New-Object TimeSpan(0,0,0,5,0)\\n    $sc.WaitForStatus($serviceStatus, $timeOut)\\n}\"}", "message": "Creating Scriptblock text (1 of 1):\r\n# Copyright © 2008, Microsoft Corporation. All rights reserved.\r\n\r\n\r\n#Common utility functions\r\nImport-LocalizedData -BindingVariable localizationString -FileName CL_LocalizationData\r\n\r\n# Function to get user troubleshooting history\r\nfunction Get-UserTSHistoryPath {\r\n    return \"${env:localappdata}\\diagnostics\"\r\n}\r\n\r\n# Function to get admin troubleshooting history\r\nfunction Get-AdminTSHistoryPath {\r\n    return \"${env:localappdata}\\elevateddiagnostics\"\r\n}\r\n\r\n# Function to get user report folder path\r\nfunction Get-UserReportPath {\r\n    return \"${env:localappdata}\\Microsoft\\Windows\\WER\\ReportQueue\"\r\n}\r\n\r\n# Function to get system report folder path\r\nfunction Get-MachineReportPath {\r\n    return \"${env:AllUsersProfile}\\Microsoft\\Windows\\WER\\ReportQueue\"\r\n}\r\n\r\n# Function to get threshold to check whether a folder is old\r\nfunction Get-ThresholdForCheckOlderFile {\r\n    [int]$threshold = -1\r\n    return $threshold\r\n}\r\n\r\n# Function to get threshold for deleting WER folder\r\nfunction Get-ThresholdForFileDeleting() {\r\n    [string]$registryEntryPath = \"HKLM:\\SOFTWARE\\Microsoft\\Windows\\Windows Error Reporting\"\r\n    [string]$registryEntryName = \"PurgeThreshholdValueInKB\"\r\n    [double]$defaultValue = 10.0\r\n\r\n    return Get-RegistryValue $registryEntryPath $registryEntryName $defaultValue\r\n}\r\n\r\n# Function to get the size of a directory in kb\r\nfunction Get-FolderSize([string]$folder = $(throw \"No folder is specified\")) {\r\n    if([String]::IsNullOrEmpty($folder) -or (-not(Test-Path $folder))) {\r\n        return 0\r\n    }\r\n\r\n    if(-not $Global:DirectoryObject) {\r\n        $Global:DirectoryObject = New-Object -comobject \"Scripting.FileSystemObject\"\r\n    }\r\n\r\n    return ($Global:DirectoryObject.GetFolder($folder).Size) / 1kb\r\n}\r\n\r\n# Function to delete a folder\r\nfunction Delete-Folder([string]$folder = $(throw \"No folder is specified\")) {\r\n    if([String]::IsNullOrEmpty($folder) -or (-not(Test-Path $folder))) {\r\n        return\r\n    }\r\n\r\n    Remove-Item -literalPath $folder -Recurse -Force\r\n}\r\n\r\n# Function to delete old folders\r\nfunction Delete-OldFolders($folder=$(throw \"No folder is specified\")) {\r\n    if(($folder -eq $null) -or (-not(Test-Path $folder))) {\r\n        return\r\n    }\r\n\r\n    [int]$threshold = Get-ThresholdForCheckOlderFile\r\n    $folders = Get-ChildItem -LiteralPath ($folder.FullName) -Force | Where-Object {$_.PSIsContainer}\r\n    if($folders -ne $null) {\r\n        foreach($folder in $folders) {\r\n            if((($folder.CreationTime).CompareTo((Get-Date).AddMonths($threshold))) -lt 0) {\r\n                Delete-Folder ($folder.FullName)\r\n            } else {\r\n                Delete-OldFolders (Get-Item ($folder.FullName))\r\n            }\r\n        }\r\n    }\r\n}\r\n\r\n# Function to get registry value\r\nfunction Get-RegistryValue([string]$registryEntryPath = $(throw \"No registry entry path is specified\"), [string]$registryEntryName = $(throw \"No registry entry name is specified\"), [double]$defaultValue = 0.0) {\r\n    [double]$registryEntryValue = $defaultValue\r\n\r\n    $registryEntry = Get-ItemProperty -Path $registryEntryPath -Name $registryEntryName\r\n    if($registryEntry -ne $null) {\r\n        $registryEntryValue = $registryEntry.$registryEntryName\r\n    }\r\n\r\n\treturn $registryEntryValue\r\n}\r\n\r\n# Function to get the percentage that WER queue can take up\r\nfunction Get-Percentage() {\r\n    [string]$registryEntryPath = \"HKLM:\\SOFTWARE\\Microsoft\\Windows\\Windows Error Reporting\"\r\n    [string]$registryEntryName = \"MaxQueueSizePercentage\"\r\n    [double]$defaultValue = 100.0\r\n\r\n    return Get-RegistryValue $registryEntryPath $registryEntryName $defaultValue\r\n}\r\n\r\n# Function to get free disk space on machine\r\nfunction Get-FreeSpace {\r\n    [double]$freeSpace = 0.0\r\n    [string]$wql = \"SELECT * FROM Win32_LogicalDisk WHERE MediaType=12\"\r\n    $drives = Get-WmiObject -query $wql\r\n    if($null -ne $drives) {\r\n        foreach($drive in $drives) {\r\n            $freeSpace += ($drive.freeSpace)\r\n        }\r\n    }\r\n\r\n    return ($freeSpace / 1KB)\r\n}\r\n\r\n# Function to get all unnecessary files\r\nfunction Get-UnnecessaryFiles([string]$folder = $(throw \"No folder is specified\")) {\r\n    if([String]::IsNullOrEmpty($folder) -or (-not(Test-Path $folder))) {\r\n        return $null\r\n    }\r\n\r\n    [int]$threshold = Get-ThresholdForCheckOlderFile\r\n\r\n    return (Get-ChildItem -literalPath $folder -Recurse -Force | Where-Object {($_.PSIsContainer) -and ((($_.CreationTime).CompareTo((Get-Date).AddMonths($threshold))) -lt 0)})\r\n}\r\n\r\n# Function to format disk space (KB -> MB)\r\nfunction Format-DiskSpaceMB([double]$space = $(throw \"No space is specified\")) {\r\n    return [string]([Math]::Round(($space / 1KB), 3))\r\n}\r\n\r\n# Function to format disk space (B -> GB)\r\nFunction Format-DiskSpaceGB([double]$space = $(throw \"No space is specified\")) {\r\n    return [string]([Math]::Round(($space / 1GB), 3))\r\n}\r\n\r\n# Function to attach item to the list with delimiter \"/\"\r\nfunction AttachTo-List([string]$list = $(throw \"No list is specified\"), [string]$item = $(throw \"No item is specified\"))\r\n{\r\n    if([String]::IsNullOrEmpty($list))\r\n    {\r\n        return $item\r\n    }\r\n\r\n    if([String]::IsNullOrEmpty($item))\r\n    {\r\n        return $list\r\n    }\r\n\r\n    return $list + \"/\" + $item\r\n}\r\n\r\n# Function to parse the the list with delimiter \"/\"\r\nfunction Parse-List([string]$list = $(throw \"No list is specified\"))\r\n{\r\n    if($list -eq $null)\r\n    {\r\n        return $null\r\n    }\r\n\r\n    return $list.Split(\"/\", [StringSplitOptions]::RemoveEmptyEntries)\r\n}\r\n\r\n# Function to get list length\r\nfunction Get-ListLength([string]$list = $(throw \"No list is specified\"))\r\n{\r\n    if($list -eq $null)\r\n    {\r\n        return 0\r\n    }\r\n\r\n    $result = Parse-List $list\r\n\r\n    if($result -is [string])\r\n    {\r\n        return 1\r\n    }\r\n    elseif($result -is [object[]])\r\n    {\r\n        return $result.count\r\n    }\r\n    else\r\n    {\r\n        return 0\r\n    }\r\n}\r\n\r\n# Function to convert to WQL path\r\nfunction ConvertTo-WQLPath([string]$wqlPath = $(throw \"No WQL path is specified\"))\r\n{\r\n    if($wqlPath -eq $null)\r\n    {\r\n        return \"\"\r\n    }\r\n\r\n    return $wqlPath.Replace(\"\\\", \"\\\\\")\r\n}\r\n\r\n# Function to check whether the shortcut is valid\r\nfunction Test-ValidLink([Wmi]$wmiLinkFile = $(throw \"No WMI link file is specified\"))\r\n{\r\n    if(($wmiLinkFile -eq $null) -or ([String]::IsNullOrEmpty($wmiLinkFile.Target)))\r\n    {\r\n        return $false\r\n    }\r\n\r\n    return Test-Path $wmiLinkFile.Target\r\n}\r\n\r\n# Function to chech whether have permission to delete the shortcut file\r\nfunction Test-Delete([Wmi]$wmiLinkFile = $(throw \"No WMI link file is specified\"))\r\n{\r\n    if($wmiLinkFile -eq $null)\r\n    {\r\n        return $false\r\n    }\r\n\r\n    return ($wmiLinkFile.AccessMask -band 0x10000) -eq 0x10000\r\n}\r\n\r\n# Function to get desktop path\r\nfunction Get-DesktopPath()\r\n{\r\n$methodDefinition = @\"\r\n    public static string GetDesktopPath\r\n    {\r\n        get\r\n        {\r\n            return Environment.GetFolderPath(Environment.SpecialFolder.DesktopDirectory);\r\n        }\r\n    }\r\n\"@\r\n\r\n    $type = Add-Type -MemberDefinition $methodDefinition -Name \"DesktopPath\" -PassThru\r\n\r\n    return $type::GetDesktopPath\r\n}\r\n\r\n# Function to get startup path\r\nfunction Get-StartupPath()\r\n{\r\n$methodDefinition = @\"\r\n    public static string GetStartupPath\r\n    {\r\n        get\r\n        {\r\n            return Environment.GetFolderPath(Environment.SpecialFolder.Startup);\r\n        }\r\n    }\r\n\"@\r\n\r\n    $type = Add-Type -MemberDefinition $methodDefinition -Name \"StartupPath\" -PassThru\r\n\r\n    return $type::GetStartupPath\r\n}\r\n\r\n# Function to remove all files in the list\r\nfunction Remove-FileList([string]$list = $(throw \"No list is specified\"))\r\n{\r\n    if([String]::IsNullOrEmpty($list))\r\n    {\r\n        return\r\n    }\r\n\r\n    try\r\n    {\r\n        Parse-List $list | Foreach-Object {\r\n            if(-not([String]::IsNullOrEmpty($_)))\r\n            {\r\n                Remove-Item $_ -Force\r\n            }\r\n        }\r\n    }\r\n    catch\r\n    {\r\n        $_ | ConvertTo-Xml | Update-DiagReport -id DeleteFileExceptions -Name $localizationString.filesFailToRemove_name -Description $localizationString.filesFailToRemove_description -Verbosity Warning\r\n    }\r\n}\r\n\r\n# Function to get the last access time of an Icon\r\nfunction Get-LastAccessTime([string]$filePath = $(throw \"No file path is specified\"))\r\n{\r\n    if([String]::IsNullOrEmpty($filePath) -or -not(Test-Path $filePath))\r\n    {\r\n        throw \"No file path found\"\r\n    }\r\n\r\n$typeDefinition = @\"\r\n\r\nusing System;\r\nusing System.Collections.Generic;\r\nusing System.Runtime.InteropServices;\r\nusing ComType = System.Runtime.InteropServices.ComTypes;\r\n\r\npublic sealed class FileInfo\r\n{\r\n    private FileInfo()\r\n    {\r\n    }\r\n\r\n    [StructLayout(LayoutKind.Sequential, CharSet = CharSet.Unicode)]\r\n    struct UAINFO\r\n    {\r\n        internal int cbSize;\r\n        internal int dwMask;\r\n        internal float R;\r\n        internal uint cLaunches;\r\n        internal uint cSwitches;\r\n        internal int dwTime;\r\n        internal ComType.FILETIME ftExecute;\r\n        [MarshalAs(UnmanagedType.Bool)] internal bool fExcludeFromMFU;\r\n\r\n        internal UAINFO(int dwMask)\r\n        {\r\n            this.cbSize = Marshal.SizeOf(typeof(UAINFO));\r\n            this.dwMask = dwMask;\r\n            this.R = 0;\r\n            this.cLaunches = 0;\r\n            this.cSwitches = 0;\r\n            this.dwTime = 0;\r\n            this.ftExecute = new ComType.FILETIME();\r\n            this.fExcludeFromMFU = false;\r\n        }\r\n    }\r\n\r\n    internal const int UAIM_FILETIME = 1;\r\n    internal static Guid UAIID_SHORTCUTS = new Guid(\"F4E57C4B-2036-45F0-A9AB-443BCFE33D9F\");\r\n\r\n    [ComImport, Guid(\"90D75131-43A6-4664-9AF8-DCCEB85A7462\"), InterfaceType(ComInterfaceType.InterfaceIsIUnknown)]\r\n    interface IShellUserAssist\r\n    {\r\n        int FireEvent(ref Guid pguidGrp, int eCmd, string pszPath, int dwTimeElapsed);\r\n        int QueryEntry(ref Guid pguidGrp, string pszPath, ref UAINFO pui);\r\n        int SetEntry(ref Guid pguidGrp, string pszPath, ref UAINFO pui);\r\n        int RenameEntry(ref Guid pguidGrp, string pszFrom, string pszTo);\r\n        int DeleteEntry(ref Guid pguidGrp, string pszPath);\r\n        int Enable(bool fEnable);\r\n    }\r\n\r\n    [ComImport, Guid(\"DD313E04-FEFF-11d1-8ECD-0000F87A470C\")]\r\n    internal class UserAssist { }\r\n\r\n    public static DateTime GetLastAccessTime(string filePath)\r\n    {\r\n        if(String.IsNullOrEmpty(filePath))\r\n        {\r\n            throw new ArgumentException(\"The file path is null or empty\");\r\n        }\r\n\r\n        UAINFO uaInfo = new UAINFO(UAIM_FILETIME);\r\n        IShellUserAssist iShellUserAssist = new UserAssist() as IShellUserAssist;\r\n        if (iShellUserAssist == null)\r\n        {\r\n            throw new InvalidOperationException(\"Can't get iShellUserAssist interface\");\r\n        }\r\n\r\n        try\r\n        {\r\n            Marshal.ThrowExceptionForHR(iShellUserAssist.QueryEntry(ref UAIID_SHORTCUTS, filePath, ref uaInfo));\r\n        }\r\n        catch\r\n        {\r\n            throw new InvalidOperationException(\"Can't query info about\" + filePath);\r\n        }\r\n\r\n        long fileTime = (((long)uaInfo.ftExecute.dwHighDateTime) << 32) + uaInfo.ftExecute.dwLowDateTime;\r\n\r\n        return DateTime.FromFileTime(fileTime);\r\n    }\r\n}\r\n\"@\r\n\r\n    $type = Add-Type -TypeDefinition $typeDefinition -PassThru\r\n\r\n    return $type[0]::GetLastAccessTime($filePath)\r\n}\r\n\r\n# Function to check whether the icon is pointing to a file\r\nfunction Test-FileShortcut([Wmi]$wmiLinkFile = $(throw \"No wmi link file is specified\"))\r\n{\r\n    if($wmiLinkFile -eq $null)\r\n    {\r\n        return $false\r\n    }\r\n\r\n    [string]$target = $wmiLinkFile.Target\r\n    if([String]::IsNullOrEmpty($target) -or -not(Test-Path $target))\r\n    {\r\n        return $false\r\n    }\r\n\r\n    return -not((Get-Item $target).PSIsContainer)\r\n}\r\n\r\n# Function to create a choice in interaction page\r\nfunction Get-Choice([string]$name = $(throw \"No choice name is specified\"), [string]$description = $(throw \"No choice description is specified\"),\r\n                   [string]$value = $(throw \"No choice value is specified\"), [xml]$extension)\r\n{\r\n    return @{\"Name\"=$name;\"Description\"=$description;\"Value\"=$value;\"ExtensionPoint\"=$extension.InnerXml}\r\n}\r\n\r\n# Function to check whether the current machine is domain joined\r\nFunction Test-DomainJoined()\r\n{\r\n    return (Get-WmiObject -query \"select * from win32_ntdomain where Status ='OK'\") -ne $null\r\n}\r\n\r\n# Function to update time source\r\nFunction Update-TimeSource([string]$timeSource = $(throw \"No time source is specified\"))\r\n{\r\n    w32tm.exe /config /update /manualpeerlist:\"$timeSource\"\r\n}\r\n\r\n# Function to get system drive info\r\nfunction Get-SystemDriveInfo() {\r\n    [string]$wql = \"SELECT * FROM Win32_LogicalDisk WHERE MediaType=12 AND Name = '\" + ${env:systemdrive} + \"'\"\r\n    return Get-WmiObject -query $wql\r\n}\r\n\r\n# Function to get time service status\r\nfunction Get-ServiceStatus([string]$serviceName=$(throw \"No service name is specified\")) {\r\n   [bool]$startService = $true\r\n\r\n   [WMI]$timeService = @(Get-WmiObject -Query \"Select * From Win32_Service Where Name = `\"$serviceName`\"\")[0]\r\n   if($null -ne $timeService) {\r\n      [ServiceProcess.ServiceControllerStatus]$timeServicesStatus = (Get-Service $serviceName).Status\r\n      if(([ServiceProcess.ServiceControllerStatus]::Stopped -eq $timeServicesStatus) -or ([ServiceProcess.ServiceControllerStatus]::StopPending -eq $timeServicesStatus)) {\r\n         $startService = $false\r\n      }\r\n   }\r\n\r\n   return $startService\r\n}\r\n\r\n# Function to wait for expected service status\r\nfunction WaitFor-ServiceStatus([string]$serviceName=$(throw \"No service name is specified\"), [ServiceProcess.ServiceControllerStatus]$serviceStatus=$(throw \"No service status is specified\")) {\r\n    [ServiceProcess.ServiceController]$sc = New-Object \"ServiceProcess.ServiceController\" $serviceName\r\n    [TimeSpan]$timeOut = New-Object TimeSpan(0,0,0,5,0)\r\n    $sc.WaitForStatus($serviceStatus, $timeOut)\r\n}\r\n\r\nScriptBlock ID: 92a899b6-5d33-4444-85bc-e39febe8cca1\r\nPath: C:\\Windows\\TEMP\\SDIAG_f614183b-db00-4343-b206-e7ca40189b93\\CL_Utility.ps1"}
{"timestamp": "2026-08-06T09:15:31.000Z", "record_id": 4289, "event_id": 53504, "channel": "Microsoft-Windows-PowerShell/Operational", "channel_key": "powershell", "provider": "Microsoft-Windows-PowerShell", "computer": "LAPTOP-8SM7PKPU", "level": "Information", "category": "other", "user_sid": "S-1-5-21-3119828605-3733597828-3599172180-1001", "process_id": 37868, "is_machine_account": 0, "mapped": 0, "source_file": "Microsoft-Windows-PowerShell-Operational.jsonl", "event_data": "{\"param1\": \"37868\", \"param2\": \"DefaultAppDomain\"}", "message": "Windows PowerShell has started an IPC listening thread on process: 37868 in AppDomain: DefaultAppDomain."}
{"timestamp": "2026-08-06T08:59:51.000Z", "record_id": 3049, "event_id": 59, "channel": "Microsoft-Windows-TerminalServices-LocalSessionManager/Operational", "channel_key": "rdp_local", "provider": "Microsoft-Windows-TerminalServices-LocalSessionManager", "computer": "LAPTOP-8SM7PKPU", "level": "Information", "category": "other", "user_sid": "S-1-5-18", "process_id": 2112, "is_machine_account": 0, "mapped": 0, "source_file": "Microsoft-Windows-TerminalServices-LocalSessionManager-Operational.jsonl", "event_data": "{\"CallerImageName\": \"C:\\\\Windows\\\\system32\\\\svchost.exe -k netsvcs -s CertPropSvc\", \"ClientProcessId\": \"3028\", \"Function\": \"RpcGetCurrentSessionCapabilities\", \"SessionId\": \"0\"}", "message": "RpcGetCurrentSessionCapabilities from C:\\Windows\\system32\\svchost.exe -k netsvcs -s CertPropSvc( #0x0/0x3028 )"}
