"2026-08-02T10:58:01.613Z","4204","4100","Microsoft-Windows-PowerShell/Operational","Microsoft-Windows-PowerShell","Warning","LAPTOP-8SM7PKPU","S-1-5-21-3119828605-3733597828-3599172180-1001","{""ContextInfo"":""        Severity = Warning\n        Host Name = Visual Studio Code Host\n        Host Version = 2025.4.0\n        Host ID = eba7ad3a-ba65-4d04-be04-c760678eb620\n        Host Application = C:\\Windows\\System32\\WindowsPowerShell\\v1.0\\powershell.exe -NoProfile -ExecutionPolicy Bypass -Command Import-Module \u0027c:\\Users\\yaswa\\.vscode\\extensions\\ms-vscode.powershell-2025.4.0\\modules\\PowerShellEditorServices\\PowerShellEditorServices.psd1\u0027; Start-EditorServices -HostName \u0027Visual Studio Code Host\u0027 -HostProfileId \u0027Microsoft.VSCode\u0027 -HostVersion \u00272025.4.0\u0027 -BundledModulesPath \u0027c:\\Users\\yaswa\\.vscode\\extensions\\ms-vscode.powershell-2025.4.0\\modules\u0027 -EnableConsoleRepl -StartupBanner \""PowerShell Extension v2025.4.0\nCopyright (c) Microsoft Corporation.\n\nhttps://aka.ms/vscode-powershell\nType \u0027help\u0027 to get help.\n\"" -LogLevel \u0027Warning\u0027 -LogPath \u0027c:\\Users\\yaswa\\AppData\\Roaming\\Code\\logs\\20260730T121325\\window3\\exthost\\ms-vscode.powershell\u0027 -SessionDetailsPath \u0027c:\\Users\\yaswa\\AppData\\Roaming\\Code\\User\\globalStorage\\ms-vscode.powershell\\sessions\\PSES-VSCode-20148-876616.json\u0027 -FeatureFlags @() \n        Engine Version = 5.1.26100.8875\n        Runspace ID = b2b9c8f5-1f0c-4928-af6e-269b2c2642ba\n        Pipeline ID = 12\n        Command Name = \n        Command Type = \n        Script Name = \n        Command Path = \n        Sequence Number = 73\n        User = LAPTOP-8SM7PKPU\\yaswa\n        Connected User = \n        Shell ID = Microsoft.PowerShell\n"",""Payload"":""Error Message = System error.\n"",""UserData"":""""}","Error Message = System error.   Context:         Severity = Warning         Host Name = Visual Studio Code Host         Host Version = 2025.4.0         Host ID = eba7ad3a-ba65-4d04-be04-c760678eb620         Host Application = C:\Windows\System32\WindowsPowerShell\v1.0\powershell.exe -NoProfile -ExecutionPolicy Bypass -Command Import-Module 'c:\Users\yaswa\.vscode\extensions\ms-vscode.powershell-2025.4.0\modules\PowerShellEditorServices\PowerShellEditorServices.psd1'; Start-EditorServices -HostName 'Visual Studio Code Host' -HostProfileId 'Microsoft.VSCode' -HostVersion '2025.4.0' -BundledModulesPath 'c:\Users\yaswa\.vscode\extensions\ms-vscode.powershell-2025.4.0\modules' -EnableConsoleRepl -StartupBanner ""PowerShell Extension v2025.4.0 Copyright (c) Microsoft Corporation.  https://aka.ms/vscode-powershell Type 'help' to get help. "" -LogLevel 'Warning' -LogPath 'c:\Users\yaswa\AppData\Roaming\Code\logs\20260730T121325\window3\exthost\ms-vscode.powershell' -SessionDetailsPath 'c:\Users\yaswa\AppData\Roaming\Code\User\globalStorage\ms-vscode.powershell\sessions\PSES-VSCode-20148-876616.json' -FeatureFlags @()          Engine Version = 5.1.26100.8875         Runspace ID = b2b9c8f5-1f0c-4928-af6e-269b2c2642ba         Pipeline ID = 12         Command Name =          Command Type =          Script Name =          Command Path =          Sequence Number = 73         User = LAPTOP-8SM7PKPU\yaswa         Connected User =          Shell ID = Microsoft.PowerShell   User Data:  "
"2026-08-02T10:58:01.612Z","4203","4100","Microsoft-Windows-PowerShell/Operational","Microsoft-Windows-PowerShell","Warning","LAPTOP-8SM7PKPU","S-1-5-21-3119828605-3733597828-3599172180-1001","{""ContextInfo"":""        Severity = Warning\n        Host Name = Visual Studio Code Host\n        Host Version = 2025.4.0\n        Host ID = eba7ad3a-ba65-4d04-be04-c760678eb620\n        Host Application = C:\\Windows\\System32\\WindowsPowerShell\\v1.0\\powershell.exe -NoProfile -ExecutionPolicy Bypass -Command Import-Module \u0027c:\\Users\\yaswa\\.vscode\\extensions\\ms-vscode.powershell-2025.4.0\\modules\\PowerShellEditorServices\\PowerShellEditorServices.psd1\u0027; Start-EditorServices -HostName \u0027Visual Studio Code Host\u0027 -HostProfileId \u0027Microsoft.VSCode\u0027 -HostVersion \u00272025.4.0\u0027 -BundledModulesPath \u0027c:\\Users\\yaswa\\.vscode\\extensions\\ms-vscode.powershell-2025.4.0\\modules\u0027 -EnableConsoleRepl -StartupBanner \""PowerShell Extension v2025.4.0\nCopyright (c) Microsoft Corporation.\n\nhttps://aka.ms/vscode-powershell\nType \u0027help\u0027 to get help.\n\"" -LogLevel \u0027Warning\u0027 -LogPath \u0027c:\\Users\\yaswa\\AppData\\Roaming\\Code\\logs\\20260730T121325\\window3\\exthost\\ms-vscode.powershell\u0027 -SessionDetailsPath \u0027c:\\Users\\yaswa\\AppData\\Roaming\\Code\\User\\globalStorage\\ms-vscode.powershell\\sessions\\PSES-VSCode-20148-876616.json\u0027 -FeatureFlags @() \n        Engine Version = 5.1.26100.8875\n        Runspace ID = b2b9c8f5-1f0c-4928-af6e-269b2c2642ba\n        Pipeline ID = 12\n        Command Name = \n        Command Type = \n        Script Name = \n        Command Path = \n        Sequence Number = 72\n        User = LAPTOP-8SM7PKPU\\yaswa\n        Connected User = \n        Shell ID = Microsoft.PowerShell\n"",""Payload"":""Error Message = System error.\n"",""UserData"":""""}","Error Message = System error.   Context:         Severity = Warning         Host Name = Visual Studio Code Host         Host Version = 2025.4.0         Host ID = eba7ad3a-ba65-4d04-be04-c760678eb620         Host Application = C:\Windows\System32\WindowsPowerShell\v1.0\powershell.exe -NoProfile -ExecutionPolicy Bypass -Command Import-Module 'c:\Users\yaswa\.vscode\extensions\ms-vscode.powershell-2025.4.0\modules\PowerShellEditorServices\PowerShellEditorServices.psd1'; Start-EditorServices -HostName 'Visual Studio Code Host' -HostProfileId 'Microsoft.VSCode' -HostVersion '2025.4.0' -BundledModulesPath 'c:\Users\yaswa\.vscode\extensions\ms-vscode.powershell-2025.4.0\modules' -EnableConsoleRepl -StartupBanner ""PowerShell Extension v2025.4.0 Copyright (c) Microsoft Corporation.  https://aka.ms/vscode-powershell Type 'help' to get help. "" -LogLevel 'Warning' -LogPath 'c:\Users\yaswa\AppData\Roaming\Code\logs\20260730T121325\window3\exthost\ms-vscode.powershell' -SessionDetailsPath 'c:\Users\yaswa\AppData\Roaming\Code\User\globalStorage\ms-vscode.powershell\sessions\PSES-VSCode-20148-876616.json' -FeatureFlags @()          Engine Version = 5.1.26100.8875         Runspace ID = b2b9c8f5-1f0c-4928-af6e-269b2c2642ba         Pipeline ID = 12         Command Name =          Command Type =          Script Name =          Command Path =          Sequence Number = 72         User = LAPTOP-8SM7PKPU\yaswa         Connected User =          Shell ID = Microsoft.PowerShell   User Data:  "
"2026-08-02T10:58:01.605Z","4202","4100","Microsoft-Windows-PowerShell/Operational","Microsoft-Windows-PowerShell","Warning","LAPTOP-8SM7PKPU","S-1-5-21-3119828605-3733597828-3599172180-1001","{""ContextInfo"":""        Severity = Warning\n        Host Name = Visual Studio Code Host\n        Host Version = 2025.4.0\n        Host ID = eba7ad3a-ba65-4d04-be04-c760678eb620\n        Host Application = C:\\Windows\\System32\\WindowsPowerShell\\v1.0\\powershell.exe -NoProfile -ExecutionPolicy Bypass -Command Import-Module \u0027c:\\Users\\yaswa\\.vscode\\extensions\\ms-vscode.powershell-2025.4.0\\modules\\PowerShellEditorServices\\PowerShellEditorServices.psd1\u0027; Start-EditorServices -HostName \u0027Visual Studio Code Host\u0027 -HostProfileId \u0027Microsoft.VSCode\u0027 -HostVersion \u00272025.4.0\u0027 -BundledModulesPath \u0027c:\\Users\\yaswa\\.vscode\\extensions\\ms-vscode.powershell-2025.4.0\\modules\u0027 -EnableConsoleRepl -StartupBanner \""PowerShell Extension v2025.4.0\nCopyright (c) Microsoft Corporation.\n\nhttps://aka.ms/vscode-powershell\nType \u0027help\u0027 to get help.\n\"" -LogLevel \u0027Warning\u0027 -LogPath \u0027c:\\Users\\yaswa\\AppData\\Roaming\\Code\\logs\\20260730T121325\\window3\\exthost\\ms-vscode.powershell\u0027 -SessionDetailsPath \u0027c:\\Users\\yaswa\\AppData\\Roaming\\Code\\User\\globalStorage\\ms-vscode.powershell\\sessions\\PSES-VSCode-20148-876616.json\u0027 -FeatureFlags @() \n        Engine Version = 5.1.26100.8875\n        Runspace ID = b2b9c8f5-1f0c-4928-af6e-269b2c2642ba\n        Pipeline ID = 12\n        Command Name = \n        Command Type = \n        Script Name = \n        Command Path = \n        Sequence Number = 71\n        User = LAPTOP-8SM7PKPU\\yaswa\n        Connected User = \n        Shell ID = Microsoft.PowerShell\n"",""Payload"":""Error Message = System error.\n"",""UserData"":""""}","Error Message = System error.   Context:         Severity = Warning         Host Name = Visual Studio Code Host         Host Version = 2025.4.0         Host ID = eba7ad3a-ba65-4d04-be04-c760678eb620         Host Application = C:\Windows\System32\WindowsPowerShell\v1.0\powershell.exe -NoProfile -ExecutionPolicy Bypass -Command Import-Module 'c:\Users\yaswa\.vscode\extensions\ms-vscode.powershell-2025.4.0\modules\PowerShellEditorServices\PowerShellEditorServices.psd1'; Start-EditorServices -HostName 'Visual Studio Code Host' -HostProfileId 'Microsoft.VSCode' -HostVersion '2025.4.0' -BundledModulesPath 'c:\Users\yaswa\.vscode\extensions\ms-vscode.powershell-2025.4.0\modules' -EnableConsoleRepl -StartupBanner ""PowerShell Extension v2025.4.0 Copyright (c) Microsoft Corporation.  https://aka.ms/vscode-powershell Type 'help' to get help. "" -LogLevel 'Warning' -LogPath 'c:\Users\yaswa\AppData\Roaming\Code\logs\20260730T121325\window3\exthost\ms-vscode.powershell' -SessionDetailsPath 'c:\Users\yaswa\AppData\Roaming\Code\User\globalStorage\ms-vscode.powershell\sessions\PSES-VSCode-20148-876616.json' -FeatureFlags @()          Engine Version = 5.1.26100.8875         Runspace ID = b2b9c8f5-1f0c-4928-af6e-269b2c2642ba         Pipeline ID = 12         Command Name =          Command Type =          Script Name =          Command Path =          Sequence Number = 71         User = LAPTOP-8SM7PKPU\yaswa         Connected User =          Shell ID = Microsoft.PowerShell   User Data:  "
"2026-08-02T10:57:59.319Z","4201","40962","Microsoft-Windows-PowerShell/Operational","Microsoft-Windows-PowerShell","Information","LAPTOP-8SM7PKPU","S-1-5-21-3119828605-3733597828-3599172180-1001","{}","PowerShell console is ready for user input"
"2026-08-02T10:57:59.297Z","4200","53504","Microsoft-Windows-PowerShell/Operational","Microsoft-Windows-PowerShell","Information","LAPTOP-8SM7PKPU","S-1-5-21-3119828605-3733597828-3599172180-1001","{""param1"":""3652"",""param2"":""DefaultAppDomain""}","Windows PowerShell has started an IPC listening thread on process: 3652 in AppDomain: DefaultAppDomain."
"2026-08-02T10:57:59.259Z","4199","40961","Microsoft-Windows-PowerShell/Operational","Microsoft-Windows-PowerShell","Information","LAPTOP-8SM7PKPU","S-1-5-21-3119828605-3733597828-3599172180-1001","{}","PowerShell console is starting up"
"2026-08-02T10:57:59.130Z","4198","4100","Microsoft-Windows-PowerShell/Operational","Microsoft-Windows-PowerShell","Warning","LAPTOP-8SM7PKPU","S-1-5-21-3119828605-3733597828-3599172180-1001","{""ContextInfo"":""        Severity = Warning\n        Host Name = ConsoleHost\n        Host Version = 5.1.26100.8875\n        Host ID = 3c32f279-09fc-40d0-95c0-963e15a8b9dc\n        Host Application = C:\\Windows\\System32\\WindowsPowerShell\\v1.0\\powershell.exe -noexit -command try { . \""c:\\Users\\yaswa\\AppData\\Local\\Programs\\Microsoft VS Code\\e4c7e7b1d6\\resources\\app\\out\\vs\\workbench\\contrib\\terminal\\common\\scripts\\shellIntegration.ps1\"" } catch {}\n        Engine Version = 5.1.26100.8875\n        Runspace ID = 0ec290d7-cb76-4485-8284-da47e3f0ae6a\n        Pipeline ID = 2\n        Command Name = \n        Command Type = \n        Script Name = \n        Command Path = \n        Sequence Number = 15\n        User = LAPTOP-8SM7PKPU\\yaswa\n        Connected User = \n        Shell ID = Microsoft.PowerShell\n"",""Payload"":""Error Message = File C:\\Users\\yaswa\\AppData\\Local\\Programs\\Microsoft VS Code\\e4c7e7b1d6\\resources\\app\\out\\vs\\workbench\\contrib\\terminal\\common\\scripts\\shellIntegration.ps1 cannot be loaded because running scripts is disabled on this system. For more information, see about_Execution_Policies at https:/go.microsoft.com/fwlink/?LinkID=135170.\nFully Qualified Error ID = UnauthorizedAccess\nRecommended Action = \n"",""UserData"":""""}","Error Message = File C:\Users\yaswa\AppData\Local\Programs\Microsoft VS Code\e4c7e7b1d6\resources\app\out\vs\workbench\contrib\terminal\common\scripts\shellIntegration.ps1 cannot be loaded because running scripts is disabled on this system. For more information, see about_Execution_Policies at https:/go.microsoft.com/fwlink/?LinkID=135170. Fully Qualified Error ID = UnauthorizedAccess Recommended Action =    Context:         Severity = Warning         Host Name = ConsoleHost         Host Version = 5.1.26100.8875         Host ID = 3c32f279-09fc-40d0-95c0-963e15a8b9dc         Host Application = C:\Windows\System32\WindowsPowerShell\v1.0\powershell.exe -noexit -command try { . ""c:\Users\yaswa\AppData\Local\Programs\Microsoft VS Code\e4c7e7b1d6\resources\app\out\vs\workbench\contrib\terminal\common\scripts\shellIntegration.ps1"" } catch {}         Engine Version = 5.1.26100.8875         Runspace ID = 0ec290d7-cb76-4485-8284-da47e3f0ae6a         Pipeline ID = 2         Command Name =          Command Type =          Script Name =          Command Path =          Sequence Number = 15         User = LAPTOP-8SM7PKPU\yaswa         Connected User =          Shell ID = Microsoft.PowerShell   User Data:  "
"2026-08-02T10:57:59.098Z","4197","40962","Microsoft-Windows-PowerShell/Operational","Microsoft-Windows-PowerShell","Information","LAPTOP-8SM7PKPU","S-1-5-21-3119828605-3733597828-3599172180-1001","{}","PowerShell console is ready for user input"
"2026-08-02T10:57:58.973Z","4196","53504","Microsoft-Windows-PowerShell/Operational","Microsoft-Windows-PowerShell","Information","LAPTOP-8SM7PKPU","S-1-5-21-3119828605-3733597828-3599172180-1001","{""param1"":""24224"",""param2"":""DefaultAppDomain""}","Windows PowerShell has started an IPC listening thread on process: 24224 in AppDomain: DefaultAppDomain."
"2026-08-02T10:57:58.935Z","4195","40961","Microsoft-Windows-PowerShell/Operational","Microsoft-Windows-PowerShell","Information","LAPTOP-8SM7PKPU","S-1-5-21-3119828605-3733597828-3599172180-1001","{}","PowerShell console is starting up"
"2026-08-02T10:17:58.223Z","4194","53504","Microsoft-Windows-PowerShell/Operational","Microsoft-Windows-PowerShell","Information","LAPTOP-8SM7PKPU","S-1-5-21-3119828605-3733597828-3599172180-1001","{""param1"":""3636"",""param2"":""LenovoCompanionAppPlugin""}","Windows PowerShell has started an IPC listening thread on process: 3636 in AppDomain: LenovoCompanionAppPlugin."
