{"timestamp": "2026-08-02T11:25:19.900Z", "record_id": 4226, "event_id": 4100, "channel": "Microsoft-Windows-PowerShell/Operational", "channel_key": "powershell", "provider": "Microsoft-Windows-PowerShell", "computer": "LAPTOP-8SM7PKPU", "level": "Warning", "category": "other", "user_sid": "S-1-5-21-3119828605-3733597828-3599172180-1001", "process_id": 3652, "is_machine_account": 0, "mapped": 0, "source_file": "Microsoft-Windows-PowerShell-Operational.jsonl", "event_data": "{\"ContextInfo\": \"        Severity = Warning\\n        Host Name = Visual Studio Code Host\\n        Host Version = 2025.4.0\\n        Host ID = eba7ad3a-ba65-4d04-be04-c760678eb620\\n        Host Application = C:\\\\Windows\\\\System32\\\\WindowsPowerShell\\\\v1.0\\\\powershell.exe -NoProfile -ExecutionPolicy Bypass -Command Import-Module 'c:\\\\Users\\\\yaswa\\\\.vscode\\\\extensions\\\\ms-vscode.powershell-2025.4.0\\\\modules\\\\PowerShellEditorServices\\\\PowerShellEditorServices.psd1'; Start-EditorServices -HostName 'Visual Studio Code Host' -HostProfileId 'Microsoft.VSCode' -HostVersion '2025.4.0' -BundledModulesPath 'c:\\\\Users\\\\yaswa\\\\.vscode\\\\extensions\\\\ms-vscode.powershell-2025.4.0\\\\modules' -EnableConsoleRepl -StartupBanner \\\"PowerShell Extension v2025.4.0\\nCopyright (c) Microsoft Corporation.\\n\\nhttps://aka.ms/vscode-powershell\\nType 'help' to get help.\\n\\\" -LogLevel 'Warning' -LogPath 'c:\\\\Users\\\\yaswa\\\\AppData\\\\Roaming\\\\Code\\\\logs\\\\20260730T121325\\\\window3\\\\exthost\\\\ms-vscode.powershell' -SessionDetailsPath 'c:\\\\Users\\\\yaswa\\\\AppData\\\\Roaming\\\\Code\\\\User\\\\globalStorage\\\\ms-vscode.powershell\\\\sessions\\\\PSES-VSCode-20148-876616.json' -FeatureFlags @() \\n        Engine Version = 5.1.26100.8875\\n        Runspace ID = b2b9c8f5-1f0c-4928-af6e-269b2c2642ba\\n        Pipeline ID = 72\\n        Command Name = Get-WinEvent\\n        Command Type = Cmdlet\\n        Script Name = C:\\\\Users\\\\yaswa\\\\Desktop\\\\Dissertation\\\\Project Artifact\\\\Automation_Script\\\\Collect-WinEventLogs.ps1\\n        Command Path = \\n        Sequence Number = 139\\n        User = LAPTOP-8SM7PKPU\\\\yaswa\\n        Connected User = \\n        Shell ID = Microsoft.PowerShell\\n\", \"Payload\": \"Error Message = The running command stopped because the preference variable \\\"ErrorActionPreference\\\" or common parameter is set to Stop: No events were found that match the specified selection criteria.\\nFully Qualified Error ID = NoMatchingEventsFound,Microsoft.PowerShell.Commands.GetWinEventCommand\\n\", \"UserData\": \"\"}", "message": "Error Message = The running command stopped because the preference variable \"ErrorActionPreference\" or common parameter is set to Stop: No events were found that match the specified selection criteria.\r\nFully Qualified Error ID = NoMatchingEventsFound,Microsoft.PowerShell.Commands.GetWinEventCommand\r\n\r\n\r\nContext:\r\n        Severity = Warning\r\n        Host Name = Visual Studio Code Host\r\n        Host Version = 2025.4.0\r\n        Host ID = eba7ad3a-ba65-4d04-be04-c760678eb620\r\n        Host Application = C:\\Windows\\System32\\WindowsPowerShell\\v1.0\\powershell.exe -NoProfile -ExecutionPolicy Bypass -Command Import-Module 'c:\\Users\\yaswa\\.vscode\\extensions\\ms-vscode.powershell-2025.4.0\\modules\\PowerShellEditorServices\\PowerShellEditorServices.psd1'; Start-EditorServices -HostName 'Visual Studio Code Host' -HostProfileId 'Microsoft.VSCode' -HostVersion '2025.4.0' -BundledModulesPath 'c:\\Users\\yaswa\\.vscode\\extensions\\ms-vscode.powershell-2025.4.0\\modules' -EnableConsoleRepl -StartupBanner \"PowerShell Extension v2025.4.0\nCopyright (c) Microsoft Corporation.\n\nhttps://aka.ms/vscode-powershell\nType 'help' to get help.\n\" -LogLevel 'Warning' -LogPath 'c:\\Users\\yaswa\\AppData\\Roaming\\Code\\logs\\20260730T121325\\window3\\exthost\\ms-vscode.powershell' -SessionDetailsPath 'c:\\Users\\yaswa\\AppData\\Roaming\\Code\\User\\globalStorage\\ms-vscode.powershell\\sessions\\PSES-VSCode-20148-876616.json' -FeatureFlags @() \r\n        Engine Version = 5.1.26100.8875\r\n        Runspace ID = b2b9c8f5-1f0c-4928-af6e-269b2c2642ba\r\n        Pipeline ID = 72\r\n        Command Name = Get-WinEvent\r\n        Command Type = Cmdlet\r\n        Script Name = C:\\Users\\yaswa\\Desktop\\Dissertation\\Project Artifact\\Automation_Script\\Collect-WinEventLogs.ps1\r\n        Command Path = \r\n        Sequence Number = 139\r\n        User = LAPTOP-8SM7PKPU\\yaswa\r\n        Connected User = \r\n        Shell ID = Microsoft.PowerShell\r\n\r\n\r\nUser Data:\r\n\r\n"}
{"timestamp": "2026-08-02T11:25:19.855Z", "record_id": 4225, "event_id": 4100, "channel": "Microsoft-Windows-PowerShell/Operational", "channel_key": "powershell", "provider": "Microsoft-Windows-PowerShell", "computer": "LAPTOP-8SM7PKPU", "level": "Warning", "category": "other", "user_sid": "S-1-5-21-3119828605-3733597828-3599172180-1001", "process_id": 3652, "is_machine_account": 0, "mapped": 0, "source_file": "Microsoft-Windows-PowerShell-Operational.jsonl", "event_data": "{\"ContextInfo\": \"        Severity = Warning\\n        Host Name = Visual Studio Code Host\\n        Host Version = 2025.4.0\\n        Host ID = eba7ad3a-ba65-4d04-be04-c760678eb620\\n        Host Application = C:\\\\Windows\\\\System32\\\\WindowsPowerShell\\\\v1.0\\\\powershell.exe -NoProfile -ExecutionPolicy Bypass -Command Import-Module 'c:\\\\Users\\\\yaswa\\\\.vscode\\\\extensions\\\\ms-vscode.powershell-2025.4.0\\\\modules\\\\PowerShellEditorServices\\\\PowerShellEditorServices.psd1'; Start-EditorServices -HostName 'Visual Studio Code Host' -HostProfileId 'Microsoft.VSCode' -HostVersion '2025.4.0' -BundledModulesPath 'c:\\\\Users\\\\yaswa\\\\.vscode\\\\extensions\\\\ms-vscode.powershell-2025.4.0\\\\modules' -EnableConsoleRepl -StartupBanner \\\"PowerShell Extension v2025.4.0\\nCopyright (c) Microsoft Corporation.\\n\\nhttps://aka.ms/vscode-powershell\\nType 'help' to get help.\\n\\\" -LogLevel 'Warning' -LogPath 'c:\\\\Users\\\\yaswa\\\\AppData\\\\Roaming\\\\Code\\\\logs\\\\20260730T121325\\\\window3\\\\exthost\\\\ms-vscode.powershell' -SessionDetailsPath 'c:\\\\Users\\\\yaswa\\\\AppData\\\\Roaming\\\\Code\\\\User\\\\globalStorage\\\\ms-vscode.powershell\\\\sessions\\\\PSES-VSCode-20148-876616.json' -FeatureFlags @() \\n        Engine Version = 5.1.26100.8875\\n        Runspace ID = b2b9c8f5-1f0c-4928-af6e-269b2c2642ba\\n        Pipeline ID = 72\\n        Command Name = Get-WinEvent\\n        Command Type = Cmdlet\\n        Script Name = C:\\\\Users\\\\yaswa\\\\Desktop\\\\Dissertation\\\\Project Artifact\\\\Automation_Script\\\\Collect-WinEventLogs.ps1\\n        Command Path = \\n        Sequence Number = 138\\n        User = LAPTOP-8SM7PKPU\\\\yaswa\\n        Connected User = \\n        Shell ID = Microsoft.PowerShell\\n\", \"Payload\": \"Error Message = The running command stopped because the preference variable \\\"ErrorActionPreference\\\" or common parameter is set to Stop: No events were found that match the specified selection criteria.\\nFully Qualified Error ID = NoMatchingEventsFound,Microsoft.PowerShell.Commands.GetWinEventCommand\\n\", \"UserData\": \"\"}", "message": "Error Message = The running command stopped because the preference variable \"ErrorActionPreference\" or common parameter is set to Stop: No events were found that match the specified selection criteria.\r\nFully Qualified Error ID = NoMatchingEventsFound,Microsoft.PowerShell.Commands.GetWinEventCommand\r\n\r\n\r\nContext:\r\n        Severity = Warning\r\n        Host Name = Visual Studio Code Host\r\n        Host Version = 2025.4.0\r\n        Host ID = eba7ad3a-ba65-4d04-be04-c760678eb620\r\n        Host Application = C:\\Windows\\System32\\WindowsPowerShell\\v1.0\\powershell.exe -NoProfile -ExecutionPolicy Bypass -Command Import-Module 'c:\\Users\\yaswa\\.vscode\\extensions\\ms-vscode.powershell-2025.4.0\\modules\\PowerShellEditorServices\\PowerShellEditorServices.psd1'; Start-EditorServices -HostName 'Visual Studio Code Host' -HostProfileId 'Microsoft.VSCode' -HostVersion '2025.4.0' -BundledModulesPath 'c:\\Users\\yaswa\\.vscode\\extensions\\ms-vscode.powershell-2025.4.0\\modules' -EnableConsoleRepl -StartupBanner \"PowerShell Extension v2025.4.0\nCopyright (c) Microsoft Corporation.\n\nhttps://aka.ms/vscode-powershell\nType 'help' to get help.\n\" -LogLevel 'Warning' -LogPath 'c:\\Users\\yaswa\\AppData\\Roaming\\Code\\logs\\20260730T121325\\window3\\exthost\\ms-vscode.powershell' -SessionDetailsPath 'c:\\Users\\yaswa\\AppData\\Roaming\\Code\\User\\globalStorage\\ms-vscode.powershell\\sessions\\PSES-VSCode-20148-876616.json' -FeatureFlags @() \r\n        Engine Version = 5.1.26100.8875\r\n        Runspace ID = b2b9c8f5-1f0c-4928-af6e-269b2c2642ba\r\n        Pipeline ID = 72\r\n        Command Name = Get-WinEvent\r\n        Command Type = Cmdlet\r\n        Script Name = C:\\Users\\yaswa\\Desktop\\Dissertation\\Project Artifact\\Automation_Script\\Collect-WinEventLogs.ps1\r\n        Command Path = \r\n        Sequence Number = 138\r\n        User = LAPTOP-8SM7PKPU\\yaswa\r\n        Connected User = \r\n        Shell ID = Microsoft.PowerShell\r\n\r\n\r\nUser Data:\r\n\r\n"}
{"timestamp": "2026-08-02T11:25:14.183Z", "record_id": 4224, "event_id": 4100, "channel": "Microsoft-Windows-PowerShell/Operational", "channel_key": "powershell", "provider": "Microsoft-Windows-PowerShell", "computer": "LAPTOP-8SM7PKPU", "level": "Warning", "category": "other", "user_sid": "S-1-5-21-3119828605-3733597828-3599172180-1001", "process_id": 3652, "is_machine_account": 0, "mapped": 0, "source_file": "Microsoft-Windows-PowerShell-Operational.jsonl", "event_data": "{\"ContextInfo\": \"        Severity = Warning\\n        Host Name = Visual Studio Code Host\\n        Host Version = 2025.4.0\\n        Host ID = eba7ad3a-ba65-4d04-be04-c760678eb620\\n        Host Application = C:\\\\Windows\\\\System32\\\\WindowsPowerShell\\\\v1.0\\\\powershell.exe -NoProfile -ExecutionPolicy Bypass -Command Import-Module 'c:\\\\Users\\\\yaswa\\\\.vscode\\\\extensions\\\\ms-vscode.powershell-2025.4.0\\\\modules\\\\PowerShellEditorServices\\\\PowerShellEditorServices.psd1'; Start-EditorServices -HostName 'Visual Studio Code Host' -HostProfileId 'Microsoft.VSCode' -HostVersion '2025.4.0' -BundledModulesPath 'c:\\\\Users\\\\yaswa\\\\.vscode\\\\extensions\\\\ms-vscode.powershell-2025.4.0\\\\modules' -EnableConsoleRepl -StartupBanner \\\"PowerShell Extension v2025.4.0\\nCopyright (c) Microsoft Corporation.\\n\\nhttps://aka.ms/vscode-powershell\\nType 'help' to get help.\\n\\\" -LogLevel 'Warning' -LogPath 'c:\\\\Users\\\\yaswa\\\\AppData\\\\Roaming\\\\Code\\\\logs\\\\20260730T121325\\\\window3\\\\exthost\\\\ms-vscode.powershell' -SessionDetailsPath 'c:\\\\Users\\\\yaswa\\\\AppData\\\\Roaming\\\\Code\\\\User\\\\globalStorage\\\\ms-vscode.powershell\\\\sessions\\\\PSES-VSCode-20148-876616.json' -FeatureFlags @() \\n        Engine Version = 5.1.26100.8875\\n        Runspace ID = b2b9c8f5-1f0c-4928-af6e-269b2c2642ba\\n        Pipeline ID = 72\\n        Command Name = Get-WinEvent\\n        Command Type = Cmdlet\\n        Script Name = C:\\\\Users\\\\yaswa\\\\Desktop\\\\Dissertation\\\\Project Artifact\\\\Automation_Script\\\\Collect-WinEventLogs.ps1\\n        Command Path = \\n        Sequence Number = 137\\n        User = LAPTOP-8SM7PKPU\\\\yaswa\\n        Connected User = \\n        Shell ID = Microsoft.PowerShell\\n\", \"Payload\": \"Error Message = The running command stopped because the preference variable \\\"ErrorActionPreference\\\" or common parameter is set to Stop: There is not an event log on the localhost computer that matches \\\"Microsoft-Windows-Sysmon/Operational\\\".\\nFully Qualified Error ID = NoMatchingLogsFound,Microsoft.PowerShell.Commands.GetWinEventCommand\\n\", \"UserData\": \"\"}", "message": "Error Message = The running command stopped because the preference variable \"ErrorActionPreference\" or common parameter is set to Stop: There is not an event log on the localhost computer that matches \"Microsoft-Windows-Sysmon/Operational\".\r\nFully Qualified Error ID = NoMatchingLogsFound,Microsoft.PowerShell.Commands.GetWinEventCommand\r\n\r\n\r\nContext:\r\n        Severity = Warning\r\n        Host Name = Visual Studio Code Host\r\n        Host Version = 2025.4.0\r\n        Host ID = eba7ad3a-ba65-4d04-be04-c760678eb620\r\n        Host Application = C:\\Windows\\System32\\WindowsPowerShell\\v1.0\\powershell.exe -NoProfile -ExecutionPolicy Bypass -Command Import-Module 'c:\\Users\\yaswa\\.vscode\\extensions\\ms-vscode.powershell-2025.4.0\\modules\\PowerShellEditorServices\\PowerShellEditorServices.psd1'; Start-EditorServices -HostName 'Visual Studio Code Host' -HostProfileId 'Microsoft.VSCode' -HostVersion '2025.4.0' -BundledModulesPath 'c:\\Users\\yaswa\\.vscode\\extensions\\ms-vscode.powershell-2025.4.0\\modules' -EnableConsoleRepl -StartupBanner \"PowerShell Extension v2025.4.0\nCopyright (c) Microsoft Corporation.\n\nhttps://aka.ms/vscode-powershell\nType 'help' to get help.\n\" -LogLevel 'Warning' -LogPath 'c:\\Users\\yaswa\\AppData\\Roaming\\Code\\logs\\20260730T121325\\window3\\exthost\\ms-vscode.powershell' -SessionDetailsPath 'c:\\Users\\yaswa\\AppData\\Roaming\\Code\\User\\globalStorage\\ms-vscode.powershell\\sessions\\PSES-VSCode-20148-876616.json' -FeatureFlags @() \r\n        Engine Version = 5.1.26100.8875\r\n        Runspace ID = b2b9c8f5-1f0c-4928-af6e-269b2c2642ba\r\n        Pipeline ID = 72\r\n        Command Name = Get-WinEvent\r\n        Command Type = Cmdlet\r\n        Script Name = C:\\Users\\yaswa\\Desktop\\Dissertation\\Project Artifact\\Automation_Script\\Collect-WinEventLogs.ps1\r\n        Command Path = \r\n        Sequence Number = 137\r\n        User = LAPTOP-8SM7PKPU\\yaswa\r\n        Connected User = \r\n        Shell ID = Microsoft.PowerShell\r\n\r\n\r\nUser Data:\r\n\r\n"}
{"timestamp": "2026-08-02T11:25:13.181Z", "record_id": 4223, "event_id": 4100, "channel": "Microsoft-Windows-PowerShell/Operational", "channel_key": "powershell", "provider": "Microsoft-Windows-PowerShell", "computer": "LAPTOP-8SM7PKPU", "level": "Warning", "category": "other", "user_sid": "S-1-5-21-3119828605-3733597828-3599172180-1001", "process_id": 3652, "is_machine_account": 0, "mapped": 0, "source_file": "Microsoft-Windows-PowerShell-Operational.jsonl", "event_data": "{\"ContextInfo\": \"        Severity = Warning\\n        Host Name = Visual Studio Code Host\\n        Host Version = 2025.4.0\\n        Host ID = eba7ad3a-ba65-4d04-be04-c760678eb620\\n        Host Application = C:\\\\Windows\\\\System32\\\\WindowsPowerShell\\\\v1.0\\\\powershell.exe -NoProfile -ExecutionPolicy Bypass -Command Import-Module 'c:\\\\Users\\\\yaswa\\\\.vscode\\\\extensions\\\\ms-vscode.powershell-2025.4.0\\\\modules\\\\PowerShellEditorServices\\\\PowerShellEditorServices.psd1'; Start-EditorServices -HostName 'Visual Studio Code Host' -HostProfileId 'Microsoft.VSCode' -HostVersion '2025.4.0' -BundledModulesPath 'c:\\\\Users\\\\yaswa\\\\.vscode\\\\extensions\\\\ms-vscode.powershell-2025.4.0\\\\modules' -EnableConsoleRepl -StartupBanner \\\"PowerShell Extension v2025.4.0\\nCopyright (c) Microsoft Corporation.\\n\\nhttps://aka.ms/vscode-powershell\\nType 'help' to get help.\\n\\\" -LogLevel 'Warning' -LogPath 'c:\\\\Users\\\\yaswa\\\\AppData\\\\Roaming\\\\Code\\\\logs\\\\20260730T121325\\\\window3\\\\exthost\\\\ms-vscode.powershell' -SessionDetailsPath 'c:\\\\Users\\\\yaswa\\\\AppData\\\\Roaming\\\\Code\\\\User\\\\globalStorage\\\\ms-vscode.powershell\\\\sessions\\\\PSES-VSCode-20148-876616.json' -FeatureFlags @() \\n        Engine Version = 5.1.26100.8875\\n        Runspace ID = b2b9c8f5-1f0c-4928-af6e-269b2c2642ba\\n        Pipeline ID = 72\\n        Command Name = Get-WinEvent\\n        Command Type = Cmdlet\\n        Script Name = C:\\\\Users\\\\yaswa\\\\Desktop\\\\Dissertation\\\\Project Artifact\\\\Automation_Script\\\\Collect-WinEventLogs.ps1\\n        Command Path = \\n        Sequence Number = 136\\n        User = LAPTOP-8SM7PKPU\\\\yaswa\\n        Connected User = \\n        Shell ID = Microsoft.PowerShell\\n\", \"Payload\": \"Error Message = The running command stopped because the preference variable \\\"ErrorActionPreference\\\" or common parameter is set to Stop: Could not retrieve information about the Security log. Error: Attempted to perform an unauthorized operation..\\nFully Qualified Error ID = LogInfoUnavailable,Microsoft.PowerShell.Commands.GetWinEventCommand\\n\", \"UserData\": \"\"}", "message": "Error Message = The running command stopped because the preference variable \"ErrorActionPreference\" or common parameter is set to Stop: Could not retrieve information about the Security log. Error: Attempted to perform an unauthorized operation..\r\nFully Qualified Error ID = LogInfoUnavailable,Microsoft.PowerShell.Commands.GetWinEventCommand\r\n\r\n\r\nContext:\r\n        Severity = Warning\r\n        Host Name = Visual Studio Code Host\r\n        Host Version = 2025.4.0\r\n        Host ID = eba7ad3a-ba65-4d04-be04-c760678eb620\r\n        Host Application = C:\\Windows\\System32\\WindowsPowerShell\\v1.0\\powershell.exe -NoProfile -ExecutionPolicy Bypass -Command Import-Module 'c:\\Users\\yaswa\\.vscode\\extensions\\ms-vscode.powershell-2025.4.0\\modules\\PowerShellEditorServices\\PowerShellEditorServices.psd1'; Start-EditorServices -HostName 'Visual Studio Code Host' -HostProfileId 'Microsoft.VSCode' -HostVersion '2025.4.0' -BundledModulesPath 'c:\\Users\\yaswa\\.vscode\\extensions\\ms-vscode.powershell-2025.4.0\\modules' -EnableConsoleRepl -StartupBanner \"PowerShell Extension v2025.4.0\nCopyright (c) Microsoft Corporation.\n\nhttps://aka.ms/vscode-powershell\nType 'help' to get help.\n\" -LogLevel 'Warning' -LogPath 'c:\\Users\\yaswa\\AppData\\Roaming\\Code\\logs\\20260730T121325\\window3\\exthost\\ms-vscode.powershell' -SessionDetailsPath 'c:\\Users\\yaswa\\AppData\\Roaming\\Code\\User\\globalStorage\\ms-vscode.powershell\\sessions\\PSES-VSCode-20148-876616.json' -FeatureFlags @() \r\n        Engine Version = 5.1.26100.8875\r\n        Runspace ID = b2b9c8f5-1f0c-4928-af6e-269b2c2642ba\r\n        Pipeline ID = 72\r\n        Command Name = Get-WinEvent\r\n        Command Type = Cmdlet\r\n        Script Name = C:\\Users\\yaswa\\Desktop\\Dissertation\\Project Artifact\\Automation_Script\\Collect-WinEventLogs.ps1\r\n        Command Path = \r\n        Sequence Number = 136\r\n        User = LAPTOP-8SM7PKPU\\yaswa\r\n        Connected User = \r\n        Shell ID = Microsoft.PowerShell\r\n\r\n\r\nUser Data:\r\n\r\n"}
{"timestamp": "2026-08-02T11:23:25.874Z", "record_id": 4222, "event_id": 4100, "channel": "Microsoft-Windows-PowerShell/Operational", "channel_key": "powershell", "provider": "Microsoft-Windows-PowerShell", "computer": "LAPTOP-8SM7PKPU", "level": "Warning", "category": "other", "user_sid": "S-1-5-21-3119828605-3733597828-3599172180-1001", "process_id": 8276, "is_machine_account": 0, "mapped": 0, "source_file": "Microsoft-Windows-PowerShell-Operational.jsonl", "event_data": "{\"ContextInfo\": \"        Severity = Warning\\n        Host Name = ConsoleHost\\n        Host Version = 5.1.26100.8875\\n        Host ID = 2722ff80-3e54-4cba-99b7-a898a594c429\\n        Host Application = C:\\\\Windows\\\\System32\\\\WindowsPowerShell\\\\v1.0\\\\powershell.exe -noexit -command try { . \\\"c:\\\\Users\\\\yaswa\\\\AppData\\\\Local\\\\Programs\\\\Microsoft VS Code\\\\e4c7e7b1d6\\\\resources\\\\app\\\\out\\\\vs\\\\workbench\\\\contrib\\\\terminal\\\\common\\\\scripts\\\\shellIntegration.ps1\\\" } catch {}\\n        Engine Version = 5.1.26100.8875\\n        Runspace ID = 9a98089f-5a2c-4435-80f9-9edc9f735a8a\\n        Pipeline ID = 2\\n        Command Name = \\n        Command Type = \\n        Script Name = \\n        Command Path = \\n        Sequence Number = 15\\n        User = LAPTOP-8SM7PKPU\\\\yaswa\\n        Connected User = \\n        Shell ID = Microsoft.PowerShell\\n\", \"Payload\": \"Error Message = File C:\\\\Users\\\\yaswa\\\\AppData\\\\Local\\\\Programs\\\\Microsoft VS Code\\\\e4c7e7b1d6\\\\resources\\\\app\\\\out\\\\vs\\\\workbench\\\\contrib\\\\terminal\\\\common\\\\scripts\\\\shellIntegration.ps1 cannot be loaded because running scripts is disabled on this system. For more information, see about_Execution_Policies at https:/go.microsoft.com/fwlink/?LinkID=135170.\\nFully Qualified Error ID = UnauthorizedAccess\\nRecommended Action = \\n\", \"UserData\": \"\"}", "message": "Error Message = File C:\\Users\\yaswa\\AppData\\Local\\Programs\\Microsoft VS Code\\e4c7e7b1d6\\resources\\app\\out\\vs\\workbench\\contrib\\terminal\\common\\scripts\\shellIntegration.ps1 cannot be loaded because running scripts is disabled on this system. For more information, see about_Execution_Policies at https:/go.microsoft.com/fwlink/?LinkID=135170.\r\nFully Qualified Error ID = UnauthorizedAccess\r\nRecommended Action = \r\n\r\n\r\nContext:\r\n        Severity = Warning\r\n        Host Name = ConsoleHost\r\n        Host Version = 5.1.26100.8875\r\n        Host ID = 2722ff80-3e54-4cba-99b7-a898a594c429\r\n        Host Application = C:\\Windows\\System32\\WindowsPowerShell\\v1.0\\powershell.exe -noexit -command try { . \"c:\\Users\\yaswa\\AppData\\Local\\Programs\\Microsoft VS Code\\e4c7e7b1d6\\resources\\app\\out\\vs\\workbench\\contrib\\terminal\\common\\scripts\\shellIntegration.ps1\" } catch {}\r\n        Engine Version = 5.1.26100.8875\r\n        Runspace ID = 9a98089f-5a2c-4435-80f9-9edc9f735a8a\r\n        Pipeline ID = 2\r\n        Command Name = \r\n        Command Type = \r\n        Script Name = \r\n        Command Path = \r\n        Sequence Number = 15\r\n        User = LAPTOP-8SM7PKPU\\yaswa\r\n        Connected User = \r\n        Shell ID = Microsoft.PowerShell\r\n\r\n\r\nUser Data:\r\n\r\n"}
{"timestamp": "2026-08-02T11:23:25.858Z", "record_id": 4221, "event_id": 40962, "channel": "Microsoft-Windows-PowerShell/Operational", "channel_key": "powershell", "provider": "Microsoft-Windows-PowerShell", "computer": "LAPTOP-8SM7PKPU", "level": "Information", "category": "other", "user_sid": "S-1-5-21-3119828605-3733597828-3599172180-1001", "process_id": 8276, "is_machine_account": 0, "mapped": 0, "source_file": "Microsoft-Windows-PowerShell-Operational.jsonl", "event_data": "{}", "message": "PowerShell console is ready for user input"}
{"timestamp": "2026-08-02T11:23:25.763Z", "record_id": 4220, "event_id": 53504, "channel": "Microsoft-Windows-PowerShell/Operational", "channel_key": "powershell", "provider": "Microsoft-Windows-PowerShell", "computer": "LAPTOP-8SM7PKPU", "level": "Information", "category": "other", "user_sid": "S-1-5-21-3119828605-3733597828-3599172180-1001", "process_id": 8276, "is_machine_account": 0, "mapped": 0, "source_file": "Microsoft-Windows-PowerShell-Operational.jsonl", "event_data": "{\"param1\": \"8276\", \"param2\": \"DefaultAppDomain\"}", "message": "Windows PowerShell has started an IPC listening thread on process: 8276 in AppDomain: DefaultAppDomain."}
{"timestamp": "2026-08-02T11:23:25.721Z", "record_id": 4219, "event_id": 40961, "channel": "Microsoft-Windows-PowerShell/Operational", "channel_key": "powershell", "provider": "Microsoft-Windows-PowerShell", "computer": "LAPTOP-8SM7PKPU", "level": "Information", "category": "other", "user_sid": "S-1-5-21-3119828605-3733597828-3599172180-1001", "process_id": 8276, "is_machine_account": 0, "mapped": 0, "source_file": "Microsoft-Windows-PowerShell-Operational.jsonl", "event_data": "{}", "message": "PowerShell console is starting up"}
{"timestamp": "2026-08-02T11:23:18.142Z", "record_id": 4218, "event_id": 4100, "channel": "Microsoft-Windows-PowerShell/Operational", "channel_key": "powershell", "provider": "Microsoft-Windows-PowerShell", "computer": "LAPTOP-8SM7PKPU", "level": "Warning", "category": "other", "user_sid": "S-1-5-21-3119828605-3733597828-3599172180-1001", "process_id": 6096, "is_machine_account": 0, "mapped": 0, "source_file": "Microsoft-Windows-PowerShell-Operational.jsonl", "event_data": "{\"ContextInfo\": \"        Severity = Warning\\n        Host Name = ConsoleHost\\n        Host Version = 5.1.26100.8875\\n        Host ID = 16b81f50-c514-4b74-a655-83427d07824c\\n        Host Application = C:\\\\Windows\\\\System32\\\\WindowsPowerShell\\\\v1.0\\\\powershell.exe -noexit -command try { . \\\"c:\\\\Users\\\\yaswa\\\\AppData\\\\Local\\\\Programs\\\\Microsoft VS Code\\\\e4c7e7b1d6\\\\resources\\\\app\\\\out\\\\vs\\\\workbench\\\\contrib\\\\terminal\\\\common\\\\scripts\\\\shellIntegration.ps1\\\" } catch {}\\n        Engine Version = 5.1.26100.8875\\n        Runspace ID = 2f37c399-f0e4-473a-a47b-99087d13fee3\\n        Pipeline ID = 2\\n        Command Name = \\n        Command Type = \\n        Script Name = \\n        Command Path = \\n        Sequence Number = 15\\n        User = LAPTOP-8SM7PKPU\\\\yaswa\\n        Connected User = \\n        Shell ID = Microsoft.PowerShell\\n\", \"Payload\": \"Error Message = File C:\\\\Users\\\\yaswa\\\\AppData\\\\Local\\\\Programs\\\\Microsoft VS Code\\\\e4c7e7b1d6\\\\resources\\\\app\\\\out\\\\vs\\\\workbench\\\\contrib\\\\terminal\\\\common\\\\scripts\\\\shellIntegration.ps1 cannot be loaded because running scripts is disabled on this system. For more information, see about_Execution_Policies at https:/go.microsoft.com/fwlink/?LinkID=135170.\\nFully Qualified Error ID = UnauthorizedAccess\\nRecommended Action = \\n\", \"UserData\": \"\"}", "message": "Error Message = File C:\\Users\\yaswa\\AppData\\Local\\Programs\\Microsoft VS Code\\e4c7e7b1d6\\resources\\app\\out\\vs\\workbench\\contrib\\terminal\\common\\scripts\\shellIntegration.ps1 cannot be loaded because running scripts is disabled on this system. For more information, see about_Execution_Policies at https:/go.microsoft.com/fwlink/?LinkID=135170.\r\nFully Qualified Error ID = UnauthorizedAccess\r\nRecommended Action = \r\n\r\n\r\nContext:\r\n        Severity = Warning\r\n        Host Name = ConsoleHost\r\n        Host Version = 5.1.26100.8875\r\n        Host ID = 16b81f50-c514-4b74-a655-83427d07824c\r\n        Host Application = C:\\Windows\\System32\\WindowsPowerShell\\v1.0\\powershell.exe -noexit -command try { . \"c:\\Users\\yaswa\\AppData\\Local\\Programs\\Microsoft VS Code\\e4c7e7b1d6\\resources\\app\\out\\vs\\workbench\\contrib\\terminal\\common\\scripts\\shellIntegration.ps1\" } catch {}\r\n        Engine Version = 5.1.26100.8875\r\n        Runspace ID = 2f37c399-f0e4-473a-a47b-99087d13fee3\r\n        Pipeline ID = 2\r\n        Command Name = \r\n        Command Type = \r\n        Script Name = \r\n        Command Path = \r\n        Sequence Number = 15\r\n        User = LAPTOP-8SM7PKPU\\yaswa\r\n        Connected User = \r\n        Shell ID = Microsoft.PowerShell\r\n\r\n\r\nUser Data:\r\n\r\n"}
{"timestamp": "2026-08-02T11:23:18.128Z", "record_id": 4217, "event_id": 40962, "channel": "Microsoft-Windows-PowerShell/Operational", "channel_key": "powershell", "provider": "Microsoft-Windows-PowerShell", "computer": "LAPTOP-8SM7PKPU", "level": "Information", "category": "other", "user_sid": "S-1-5-21-3119828605-3733597828-3599172180-1001", "process_id": 6096, "is_machine_account": 0, "mapped": 0, "source_file": "Microsoft-Windows-PowerShell-Operational.jsonl", "event_data": "{}", "message": "PowerShell console is ready for user input"}
{"timestamp": "2026-08-02T11:23:18.039Z", "record_id": 4216, "event_id": 53504, "channel": "Microsoft-Windows-PowerShell/Operational", "channel_key": "powershell", "provider": "Microsoft-Windows-PowerShell", "computer": "LAPTOP-8SM7PKPU", "level": "Information", "category": "other", "user_sid": "S-1-5-21-3119828605-3733597828-3599172180-1001", "process_id": 6096, "is_machine_account": 0, "mapped": 0, "source_file": "Microsoft-Windows-PowerShell-Operational.jsonl", "event_data": "{\"param1\": \"6096\", \"param2\": \"DefaultAppDomain\"}", "message": "Windows PowerShell has started an IPC listening thread on process: 6096 in AppDomain: DefaultAppDomain."}
{"timestamp": "2026-08-02T11:23:17.999Z", "record_id": 4215, "event_id": 40961, "channel": "Microsoft-Windows-PowerShell/Operational", "channel_key": "powershell", "provider": "Microsoft-Windows-PowerShell", "computer": "LAPTOP-8SM7PKPU", "level": "Information", "category": "other", "user_sid": "S-1-5-21-3119828605-3733597828-3599172180-1001", "process_id": 6096, "is_machine_account": 0, "mapped": 0, "source_file": "Microsoft-Windows-PowerShell-Operational.jsonl", "event_data": "{}", "message": "PowerShell console is starting up"}
{"timestamp": "2026-08-02T11:07:21.632Z", "record_id": 4214, "event_id": 4100, "channel": "Microsoft-Windows-PowerShell/Operational", "channel_key": "powershell", "provider": "Microsoft-Windows-PowerShell", "computer": "LAPTOP-8SM7PKPU", "level": "Warning", "category": "other", "user_sid": "S-1-5-21-3119828605-3733597828-3599172180-1001", "process_id": 3652, "is_machine_account": 0, "mapped": 0, "source_file": "Microsoft-Windows-PowerShell-Operational.jsonl", "event_data": "{\"ContextInfo\": \"        Severity = Warning\\n        Host Name = Visual Studio Code Host\\n        Host Version = 2025.4.0\\n        Host ID = eba7ad3a-ba65-4d04-be04-c760678eb620\\n        Host Application = C:\\\\Windows\\\\System32\\\\WindowsPowerShell\\\\v1.0\\\\powershell.exe -NoProfile -ExecutionPolicy Bypass -Command Import-Module 'c:\\\\Users\\\\yaswa\\\\.vscode\\\\extensions\\\\ms-vscode.powershell-2025.4.0\\\\modules\\\\PowerShellEditorServices\\\\PowerShellEditorServices.psd1'; Start-EditorServices -HostName 'Visual Studio Code Host' -HostProfileId 'Microsoft.VSCode' -HostVersion '2025.4.0' -BundledModulesPath 'c:\\\\Users\\\\yaswa\\\\.vscode\\\\extensions\\\\ms-vscode.powershell-2025.4.0\\\\modules' -EnableConsoleRepl -StartupBanner \\\"PowerShell Extension v2025.4.0\\nCopyright (c) Microsoft Corporation.\\n\\nhttps://aka.ms/vscode-powershell\\nType 'help' to get help.\\n\\\" -LogLevel 'Warning' -LogPath 'c:\\\\Users\\\\yaswa\\\\AppData\\\\Roaming\\\\Code\\\\logs\\\\20260730T121325\\\\window3\\\\exthost\\\\ms-vscode.powershell' -SessionDetailsPath 'c:\\\\Users\\\\yaswa\\\\AppData\\\\Roaming\\\\Code\\\\User\\\\globalStorage\\\\ms-vscode.powershell\\\\sessions\\\\PSES-VSCode-20148-876616.json' -FeatureFlags @() \\n        Engine Version = 5.1.26100.8875\\n        Runspace ID = b2b9c8f5-1f0c-4928-af6e-269b2c2642ba\\n        Pipeline ID = 45\\n        Command Name = Get-WinEvent\\n        Command Type = Cmdlet\\n        Script Name = C:\\\\Users\\\\yaswa\\\\Desktop\\\\Dissertation\\\\Project Artifact\\\\Automation_Script\\\\Collect-WinEventLogs.ps1\\n        Command Path = \\n        Sequence Number = 133\\n        User = LAPTOP-8SM7PKPU\\\\yaswa\\n        Connected User = \\n        Shell ID = Microsoft.PowerShell\\n\", \"Payload\": \"Error Message = The running command stopped because the preference variable \\\"ErrorActionPreference\\\" or common parameter is set to Stop: No events were found that match the specified selection criteria.\\nFully Qualified Error ID = NoMatchingEventsFound,Microsoft.PowerShell.Commands.GetWinEventCommand\\n\", \"UserData\": \"\"}", "message": "Error Message = The running command stopped because the preference variable \"ErrorActionPreference\" or common parameter is set to Stop: No events were found that match the specified selection criteria.\r\nFully Qualified Error ID = NoMatchingEventsFound,Microsoft.PowerShell.Commands.GetWinEventCommand\r\n\r\n\r\nContext:\r\n        Severity = Warning\r\n        Host Name = Visual Studio Code Host\r\n        Host Version = 2025.4.0\r\n        Host ID = eba7ad3a-ba65-4d04-be04-c760678eb620\r\n        Host Application = C:\\Windows\\System32\\WindowsPowerShell\\v1.0\\powershell.exe -NoProfile -ExecutionPolicy Bypass -Command Import-Module 'c:\\Users\\yaswa\\.vscode\\extensions\\ms-vscode.powershell-2025.4.0\\modules\\PowerShellEditorServices\\PowerShellEditorServices.psd1'; Start-EditorServices -HostName 'Visual Studio Code Host' -HostProfileId 'Microsoft.VSCode' -HostVersion '2025.4.0' -BundledModulesPath 'c:\\Users\\yaswa\\.vscode\\extensions\\ms-vscode.powershell-2025.4.0\\modules' -EnableConsoleRepl -StartupBanner \"PowerShell Extension v2025.4.0\nCopyright (c) Microsoft Corporation.\n\nhttps://aka.ms/vscode-powershell\nType 'help' to get help.\n\" -LogLevel 'Warning' -LogPath 'c:\\Users\\yaswa\\AppData\\Roaming\\Code\\logs\\20260730T121325\\window3\\exthost\\ms-vscode.powershell' -SessionDetailsPath 'c:\\Users\\yaswa\\AppData\\Roaming\\Code\\User\\globalStorage\\ms-vscode.powershell\\sessions\\PSES-VSCode-20148-876616.json' -FeatureFlags @() \r\n        Engine Version = 5.1.26100.8875\r\n        Runspace ID = b2b9c8f5-1f0c-4928-af6e-269b2c2642ba\r\n        Pipeline ID = 45\r\n        Command Name = Get-WinEvent\r\n        Command Type = Cmdlet\r\n        Script Name = C:\\Users\\yaswa\\Desktop\\Dissertation\\Project Artifact\\Automation_Script\\Collect-WinEventLogs.ps1\r\n        Command Path = \r\n        Sequence Number = 133\r\n        User = LAPTOP-8SM7PKPU\\yaswa\r\n        Connected User = \r\n        Shell ID = Microsoft.PowerShell\r\n\r\n\r\nUser Data:\r\n\r\n"}
{"timestamp": "2026-08-02T11:07:21.585Z", "record_id": 4213, "event_id": 4100, "channel": "Microsoft-Windows-PowerShell/Operational", "channel_key": "powershell", "provider": "Microsoft-Windows-PowerShell", "computer": "LAPTOP-8SM7PKPU", "level": "Warning", "category": "other", "user_sid": "S-1-5-21-3119828605-3733597828-3599172180-1001", "process_id": 3652, "is_machine_account": 0, "mapped": 0, "source_file": "Microsoft-Windows-PowerShell-Operational.jsonl", "event_data": "{\"ContextInfo\": \"        Severity = Warning\\n        Host Name = Visual Studio Code Host\\n        Host Version = 2025.4.0\\n        Host ID = eba7ad3a-ba65-4d04-be04-c760678eb620\\n        Host Application = C:\\\\Windows\\\\System32\\\\WindowsPowerShell\\\\v1.0\\\\powershell.exe -NoProfile -ExecutionPolicy Bypass -Command Import-Module 'c:\\\\Users\\\\yaswa\\\\.vscode\\\\extensions\\\\ms-vscode.powershell-2025.4.0\\\\modules\\\\PowerShellEditorServices\\\\PowerShellEditorServices.psd1'; Start-EditorServices -HostName 'Visual Studio Code Host' -HostProfileId 'Microsoft.VSCode' -HostVersion '2025.4.0' -BundledModulesPath 'c:\\\\Users\\\\yaswa\\\\.vscode\\\\extensions\\\\ms-vscode.powershell-2025.4.0\\\\modules' -EnableConsoleRepl -StartupBanner \\\"PowerShell Extension v2025.4.0\\nCopyright (c) Microsoft Corporation.\\n\\nhttps://aka.ms/vscode-powershell\\nType 'help' to get help.\\n\\\" -LogLevel 'Warning' -LogPath 'c:\\\\Users\\\\yaswa\\\\AppData\\\\Roaming\\\\Code\\\\logs\\\\20260730T121325\\\\window3\\\\exthost\\\\ms-vscode.powershell' -SessionDetailsPath 'c:\\\\Users\\\\yaswa\\\\AppData\\\\Roaming\\\\Code\\\\User\\\\globalStorage\\\\ms-vscode.powershell\\\\sessions\\\\PSES-VSCode-20148-876616.json' -FeatureFlags @() \\n        Engine Version = 5.1.26100.8875\\n        Runspace ID = b2b9c8f5-1f0c-4928-af6e-269b2c2642ba\\n        Pipeline ID = 45\\n        Command Name = Get-WinEvent\\n        Command Type = Cmdlet\\n        Script Name = C:\\\\Users\\\\yaswa\\\\Desktop\\\\Dissertation\\\\Project Artifact\\\\Automation_Script\\\\Collect-WinEventLogs.ps1\\n        Command Path = \\n        Sequence Number = 132\\n        User = LAPTOP-8SM7PKPU\\\\yaswa\\n        Connected User = \\n        Shell ID = Microsoft.PowerShell\\n\", \"Payload\": \"Error Message = The running command stopped because the preference variable \\\"ErrorActionPreference\\\" or common parameter is set to Stop: No events were found that match the specified selection criteria.\\nFully Qualified Error ID = NoMatchingEventsFound,Microsoft.PowerShell.Commands.GetWinEventCommand\\n\", \"UserData\": \"\"}", "message": "Error Message = The running command stopped because the preference variable \"ErrorActionPreference\" or common parameter is set to Stop: No events were found that match the specified selection criteria.\r\nFully Qualified Error ID = NoMatchingEventsFound,Microsoft.PowerShell.Commands.GetWinEventCommand\r\n\r\n\r\nContext:\r\n        Severity = Warning\r\n        Host Name = Visual Studio Code Host\r\n        Host Version = 2025.4.0\r\n        Host ID = eba7ad3a-ba65-4d04-be04-c760678eb620\r\n        Host Application = C:\\Windows\\System32\\WindowsPowerShell\\v1.0\\powershell.exe -NoProfile -ExecutionPolicy Bypass -Command Import-Module 'c:\\Users\\yaswa\\.vscode\\extensions\\ms-vscode.powershell-2025.4.0\\modules\\PowerShellEditorServices\\PowerShellEditorServices.psd1'; Start-EditorServices -HostName 'Visual Studio Code Host' -HostProfileId 'Microsoft.VSCode' -HostVersion '2025.4.0' -BundledModulesPath 'c:\\Users\\yaswa\\.vscode\\extensions\\ms-vscode.powershell-2025.4.0\\modules' -EnableConsoleRepl -StartupBanner \"PowerShell Extension v2025.4.0\nCopyright (c) Microsoft Corporation.\n\nhttps://aka.ms/vscode-powershell\nType 'help' to get help.\n\" -LogLevel 'Warning' -LogPath 'c:\\Users\\yaswa\\AppData\\Roaming\\Code\\logs\\20260730T121325\\window3\\exthost\\ms-vscode.powershell' -SessionDetailsPath 'c:\\Users\\yaswa\\AppData\\Roaming\\Code\\User\\globalStorage\\ms-vscode.powershell\\sessions\\PSES-VSCode-20148-876616.json' -FeatureFlags @() \r\n        Engine Version = 5.1.26100.8875\r\n        Runspace ID = b2b9c8f5-1f0c-4928-af6e-269b2c2642ba\r\n        Pipeline ID = 45\r\n        Command Name = Get-WinEvent\r\n        Command Type = Cmdlet\r\n        Script Name = C:\\Users\\yaswa\\Desktop\\Dissertation\\Project Artifact\\Automation_Script\\Collect-WinEventLogs.ps1\r\n        Command Path = \r\n        Sequence Number = 132\r\n        User = LAPTOP-8SM7PKPU\\yaswa\r\n        Connected User = \r\n        Shell ID = Microsoft.PowerShell\r\n\r\n\r\nUser Data:\r\n\r\n"}
{"timestamp": "2026-08-02T11:07:16.986Z", "record_id": 4212, "event_id": 4100, "channel": "Microsoft-Windows-PowerShell/Operational", "channel_key": "powershell", "provider": "Microsoft-Windows-PowerShell", "computer": "LAPTOP-8SM7PKPU", "level": "Warning", "category": "other", "user_sid": "S-1-5-21-3119828605-3733597828-3599172180-1001", "process_id": 3652, "is_machine_account": 0, "mapped": 0, "source_file": "Microsoft-Windows-PowerShell-Operational.jsonl", "event_data": "{\"ContextInfo\": \"        Severity = Warning\\n        Host Name = Visual Studio Code Host\\n        Host Version = 2025.4.0\\n        Host ID = eba7ad3a-ba65-4d04-be04-c760678eb620\\n        Host Application = C:\\\\Windows\\\\System32\\\\WindowsPowerShell\\\\v1.0\\\\powershell.exe -NoProfile -ExecutionPolicy Bypass -Command Import-Module 'c:\\\\Users\\\\yaswa\\\\.vscode\\\\extensions\\\\ms-vscode.powershell-2025.4.0\\\\modules\\\\PowerShellEditorServices\\\\PowerShellEditorServices.psd1'; Start-EditorServices -HostName 'Visual Studio Code Host' -HostProfileId 'Microsoft.VSCode' -HostVersion '2025.4.0' -BundledModulesPath 'c:\\\\Users\\\\yaswa\\\\.vscode\\\\extensions\\\\ms-vscode.powershell-2025.4.0\\\\modules' -EnableConsoleRepl -StartupBanner \\\"PowerShell Extension v2025.4.0\\nCopyright (c) Microsoft Corporation.\\n\\nhttps://aka.ms/vscode-powershell\\nType 'help' to get help.\\n\\\" -LogLevel 'Warning' -LogPath 'c:\\\\Users\\\\yaswa\\\\AppData\\\\Roaming\\\\Code\\\\logs\\\\20260730T121325\\\\window3\\\\exthost\\\\ms-vscode.powershell' -SessionDetailsPath 'c:\\\\Users\\\\yaswa\\\\AppData\\\\Roaming\\\\Code\\\\User\\\\globalStorage\\\\ms-vscode.powershell\\\\sessions\\\\PSES-VSCode-20148-876616.json' -FeatureFlags @() \\n        Engine Version = 5.1.26100.8875\\n        Runspace ID = b2b9c8f5-1f0c-4928-af6e-269b2c2642ba\\n        Pipeline ID = 45\\n        Command Name = Get-WinEvent\\n        Command Type = Cmdlet\\n        Script Name = C:\\\\Users\\\\yaswa\\\\Desktop\\\\Dissertation\\\\Project Artifact\\\\Automation_Script\\\\Collect-WinEventLogs.ps1\\n        Command Path = \\n        Sequence Number = 131\\n        User = LAPTOP-8SM7PKPU\\\\yaswa\\n        Connected User = \\n        Shell ID = Microsoft.PowerShell\\n\", \"Payload\": \"Error Message = The running command stopped because the preference variable \\\"ErrorActionPreference\\\" or common parameter is set to Stop: There is not an event log on the localhost computer that matches \\\"Microsoft-Windows-Sysmon/Operational\\\".\\nFully Qualified Error ID = NoMatchingLogsFound,Microsoft.PowerShell.Commands.GetWinEventCommand\\n\", \"UserData\": \"\"}", "message": "Error Message = The running command stopped because the preference variable \"ErrorActionPreference\" or common parameter is set to Stop: There is not an event log on the localhost computer that matches \"Microsoft-Windows-Sysmon/Operational\".\r\nFully Qualified Error ID = NoMatchingLogsFound,Microsoft.PowerShell.Commands.GetWinEventCommand\r\n\r\n\r\nContext:\r\n        Severity = Warning\r\n        Host Name = Visual Studio Code Host\r\n        Host Version = 2025.4.0\r\n        Host ID = eba7ad3a-ba65-4d04-be04-c760678eb620\r\n        Host Application = C:\\Windows\\System32\\WindowsPowerShell\\v1.0\\powershell.exe -NoProfile -ExecutionPolicy Bypass -Command Import-Module 'c:\\Users\\yaswa\\.vscode\\extensions\\ms-vscode.powershell-2025.4.0\\modules\\PowerShellEditorServices\\PowerShellEditorServices.psd1'; Start-EditorServices -HostName 'Visual Studio Code Host' -HostProfileId 'Microsoft.VSCode' -HostVersion '2025.4.0' -BundledModulesPath 'c:\\Users\\yaswa\\.vscode\\extensions\\ms-vscode.powershell-2025.4.0\\modules' -EnableConsoleRepl -StartupBanner \"PowerShell Extension v2025.4.0\nCopyright (c) Microsoft Corporation.\n\nhttps://aka.ms/vscode-powershell\nType 'help' to get help.\n\" -LogLevel 'Warning' -LogPath 'c:\\Users\\yaswa\\AppData\\Roaming\\Code\\logs\\20260730T121325\\window3\\exthost\\ms-vscode.powershell' -SessionDetailsPath 'c:\\Users\\yaswa\\AppData\\Roaming\\Code\\User\\globalStorage\\ms-vscode.powershell\\sessions\\PSES-VSCode-20148-876616.json' -FeatureFlags @() \r\n        Engine Version = 5.1.26100.8875\r\n        Runspace ID = b2b9c8f5-1f0c-4928-af6e-269b2c2642ba\r\n        Pipeline ID = 45\r\n        Command Name = Get-WinEvent\r\n        Command Type = Cmdlet\r\n        Script Name = C:\\Users\\yaswa\\Desktop\\Dissertation\\Project Artifact\\Automation_Script\\Collect-WinEventLogs.ps1\r\n        Command Path = \r\n        Sequence Number = 131\r\n        User = LAPTOP-8SM7PKPU\\yaswa\r\n        Connected User = \r\n        Shell ID = Microsoft.PowerShell\r\n\r\n\r\nUser Data:\r\n\r\n"}
{"timestamp": "2026-08-02T11:07:15.957Z", "record_id": 4211, "event_id": 4100, "channel": "Microsoft-Windows-PowerShell/Operational", "channel_key": "powershell", "provider": "Microsoft-Windows-PowerShell", "computer": "LAPTOP-8SM7PKPU", "level": "Warning", "category": "other", "user_sid": "S-1-5-21-3119828605-3733597828-3599172180-1001", "process_id": 3652, "is_machine_account": 0, "mapped": 0, "source_file": "Microsoft-Windows-PowerShell-Operational.jsonl", "event_data": "{\"ContextInfo\": \"        Severity = Warning\\n        Host Name = Visual Studio Code Host\\n        Host Version = 2025.4.0\\n        Host ID = eba7ad3a-ba65-4d04-be04-c760678eb620\\n        Host Application = C:\\\\Windows\\\\System32\\\\WindowsPowerShell\\\\v1.0\\\\powershell.exe -NoProfile -ExecutionPolicy Bypass -Command Import-Module 'c:\\\\Users\\\\yaswa\\\\.vscode\\\\extensions\\\\ms-vscode.powershell-2025.4.0\\\\modules\\\\PowerShellEditorServices\\\\PowerShellEditorServices.psd1'; Start-EditorServices -HostName 'Visual Studio Code Host' -HostProfileId 'Microsoft.VSCode' -HostVersion '2025.4.0' -BundledModulesPath 'c:\\\\Users\\\\yaswa\\\\.vscode\\\\extensions\\\\ms-vscode.powershell-2025.4.0\\\\modules' -EnableConsoleRepl -StartupBanner \\\"PowerShell Extension v2025.4.0\\nCopyright (c) Microsoft Corporation.\\n\\nhttps://aka.ms/vscode-powershell\\nType 'help' to get help.\\n\\\" -LogLevel 'Warning' -LogPath 'c:\\\\Users\\\\yaswa\\\\AppData\\\\Roaming\\\\Code\\\\logs\\\\20260730T121325\\\\window3\\\\exthost\\\\ms-vscode.powershell' -SessionDetailsPath 'c:\\\\Users\\\\yaswa\\\\AppData\\\\Roaming\\\\Code\\\\User\\\\globalStorage\\\\ms-vscode.powershell\\\\sessions\\\\PSES-VSCode-20148-876616.json' -FeatureFlags @() \\n        Engine Version = 5.1.26100.8875\\n        Runspace ID = b2b9c8f5-1f0c-4928-af6e-269b2c2642ba\\n        Pipeline ID = 45\\n        Command Name = Get-WinEvent\\n        Command Type = Cmdlet\\n        Script Name = C:\\\\Users\\\\yaswa\\\\Desktop\\\\Dissertation\\\\Project Artifact\\\\Automation_Script\\\\Collect-WinEventLogs.ps1\\n        Command Path = \\n        Sequence Number = 130\\n        User = LAPTOP-8SM7PKPU\\\\yaswa\\n        Connected User = \\n        Shell ID = Microsoft.PowerShell\\n\", \"Payload\": \"Error Message = The running command stopped because the preference variable \\\"ErrorActionPreference\\\" or common parameter is set to Stop: Could not retrieve information about the Security log. Error: Attempted to perform an unauthorized operation..\\nFully Qualified Error ID = LogInfoUnavailable,Microsoft.PowerShell.Commands.GetWinEventCommand\\n\", \"UserData\": \"\"}", "message": "Error Message = The running command stopped because the preference variable \"ErrorActionPreference\" or common parameter is set to Stop: Could not retrieve information about the Security log. Error: Attempted to perform an unauthorized operation..\r\nFully Qualified Error ID = LogInfoUnavailable,Microsoft.PowerShell.Commands.GetWinEventCommand\r\n\r\n\r\nContext:\r\n        Severity = Warning\r\n        Host Name = Visual Studio Code Host\r\n        Host Version = 2025.4.0\r\n        Host ID = eba7ad3a-ba65-4d04-be04-c760678eb620\r\n        Host Application = C:\\Windows\\System32\\WindowsPowerShell\\v1.0\\powershell.exe -NoProfile -ExecutionPolicy Bypass -Command Import-Module 'c:\\Users\\yaswa\\.vscode\\extensions\\ms-vscode.powershell-2025.4.0\\modules\\PowerShellEditorServices\\PowerShellEditorServices.psd1'; Start-EditorServices -HostName 'Visual Studio Code Host' -HostProfileId 'Microsoft.VSCode' -HostVersion '2025.4.0' -BundledModulesPath 'c:\\Users\\yaswa\\.vscode\\extensions\\ms-vscode.powershell-2025.4.0\\modules' -EnableConsoleRepl -StartupBanner \"PowerShell Extension v2025.4.0\nCopyright (c) Microsoft Corporation.\n\nhttps://aka.ms/vscode-powershell\nType 'help' to get help.\n\" -LogLevel 'Warning' -LogPath 'c:\\Users\\yaswa\\AppData\\Roaming\\Code\\logs\\20260730T121325\\window3\\exthost\\ms-vscode.powershell' -SessionDetailsPath 'c:\\Users\\yaswa\\AppData\\Roaming\\Code\\User\\globalStorage\\ms-vscode.powershell\\sessions\\PSES-VSCode-20148-876616.json' -FeatureFlags @() \r\n        Engine Version = 5.1.26100.8875\r\n        Runspace ID = b2b9c8f5-1f0c-4928-af6e-269b2c2642ba\r\n        Pipeline ID = 45\r\n        Command Name = Get-WinEvent\r\n        Command Type = Cmdlet\r\n        Script Name = C:\\Users\\yaswa\\Desktop\\Dissertation\\Project Artifact\\Automation_Script\\Collect-WinEventLogs.ps1\r\n        Command Path = \r\n        Sequence Number = 130\r\n        User = LAPTOP-8SM7PKPU\\yaswa\r\n        Connected User = \r\n        Shell ID = Microsoft.PowerShell\r\n\r\n\r\nUser Data:\r\n\r\n"}
