{"timestamp": "2026-08-01T20:08:35.849Z", "record_id": 27136, "event_id": 1001, "channel": "Application", "channel_key": "application", "provider": "Windows Error Reporting", "computer": "LAPTOP-8SM7PKPU", "level": "Information", "category": "other", "user_sid": "S-1-5-18", "process_id": 30328, "is_machine_account": 0, "mapped": 0, "source_file": "Application.jsonl", "event_data": "{\"AnalysisSymbol\": \"\", \"AttachedFiles\": \"\\n\\\\\\\\?\\\\C:\\\\Windows\\\\LiveKernelReports\\\\WATCHDOG\\\\WATCHDOG-20260623-1415.dmp\\n\\\\\\\\?\\\\C:\\\\Windows\\\\SystemTemp\\\\WER-925533687-0.sysdata.xml\\n\\\\\\\\?\\\\C:\\\\ProgramData\\\\Microsoft\\\\Windows\\\\WER\\\\Temp\\\\WER.075454f3-c917-42b7-ae22-5e544e0cc23d.tmp.WERInternalMetadata.xml\\n\\\\\\\\?\\\\C:\\\\ProgramData\\\\Microsoft\\\\Windows\\\\WER\\\\Temp\\\\WER.5880debd-1665-4ca6-9ab1-df5268ec5dfb.tmp.csv\\n\\\\\\\\?\\\\C:\\\\ProgramData\\\\Microsoft\\\\Windows\\\\WER\\\\Temp\\\\WER.57dfb2be-7aa4-48eb-8146-773e43864243.tmp.txt\\n\\\\\\\\?\\\\C:\\\\ProgramData\\\\Microsoft\\\\Windows\\\\WER\\\\Temp\\\\WER.9f7087d1-37b2-4b1a-950e-d3fba7ffba02.tmp.xml\", \"Bucket\": \"\", \"BucketType\": \"0\", \"CabGuid\": \"0\", \"CabId\": \"0\", \"EventName\": \"LiveKernelEvent\", \"HashedBucket\": \"\", \"P1\": \"193\", \"P10\": \"\", \"P2\": \"80e\", \"P3\": \"ffff87857aa0a080\", \"P4\": \"ffffd785658d03b0\", \"P5\": \"0\", \"P6\": \"10_0_26200\", \"P7\": \"0_0\", \"P8\": \"256_1\", \"P9\": \"\", \"Rechecking\": \"0\", \"ReportId\": \"feef7efa-b9b6-43a2-b252-e030ec2eaccd\", \"ReportStatus\": \"2051\", \"Response\": \"Not available\", \"StorePath\": \"\\\\\\\\?\\\\C:\\\\ProgramData\\\\Microsoft\\\\Windows\\\\WER\\\\ReportQueue\\\\Kernel_193_5655eec2b36f7fc2c851bb4bca9c29fc33a437c5_00000000_feef7efa-b9b6-43a2-b252-e030ec2eaccd\"}", "message": "Fault bucket , type 0\r\nEvent Name: LiveKernelEvent\r\nResponse: Not available\r\nCab Id: 0\r\n\r\nProblem signature:\r\nP1: 193\r\nP2: 80e\r\nP3: ffff87857aa0a080\r\nP4: ffffd785658d03b0\r\nP5: 0\r\nP6: 10_0_26200\r\nP7: 0_0\r\nP8: 256_1\r\nP9: \r\nP10: \r\n\r\nAttached files:\r\n\\\\?\\C:\\Windows\\LiveKernelReports\\WATCHDOG\\WATCHDOG-20260623-1415.dmp\r\n\\\\?\\C:\\Windows\\SystemTemp\\WER-925533687-0.sysdata.xml\r\n\\\\?\\C:\\ProgramData\\Microsoft\\Windows\\WER\\Temp\\WER.075454f3-c917-42b7-ae22-5e544e0cc23d.tmp.WERInternalMetadata.xml\r\n\\\\?\\C:\\ProgramData\\Microsoft\\Windows\\WER\\Temp\\WER.5880debd-1665-4ca6-9ab1-df5268ec5dfb.tmp.csv\r\n\\\\?\\C:\\ProgramData\\Microsoft\\Windows\\WER\\Temp\\WER.57dfb2be-7aa4-48eb-8146-773e43864243.tmp.txt\r\n\\\\?\\C:\\ProgramData\\Microsoft\\Windows\\WER\\Temp\\WER.9f7087d1-37b2-4b1a-950e-d3fba7ffba02.tmp.xml\r\n\r\nThese files may be available here:\r\n\\\\?\\C:\\ProgramData\\Microsoft\\Windows\\WER\\ReportQueue\\Kernel_193_5655eec2b36f7fc2c851bb4bca9c29fc33a437c5_00000000_feef7efa-b9b6-43a2-b252-e030ec2eaccd\r\n\r\nAnalysis symbol: \r\nRechecking for solution: 0\r\nReport Id: feef7efa-b9b6-43a2-b252-e030ec2eaccd\r\nReport Status: 2051\r\nHashed bucket: \r\nCab Guid: 0"}
{"timestamp": "2026-08-01T20:08:35.790Z", "record_id": 27135, "event_id": 1001, "channel": "Application", "channel_key": "application", "provider": "Windows Error Reporting", "computer": "LAPTOP-8SM7PKPU", "level": "Information", "category": "other", "user_sid": "S-1-5-18", "process_id": 30328, "is_machine_account": 0, "mapped": 0, "source_file": "Application.jsonl", "event_data": "{\"AnalysisSymbol\": \"\", \"AttachedFiles\": \"\\n\\\\\\\\?\\\\C:\\\\Windows\\\\LiveKernelReports\\\\WATCHDOG\\\\WATCHDOG-20260530-1357.dmp\\n\\\\\\\\?\\\\C:\\\\Windows\\\\SystemTemp\\\\WER-1510141656-0.sysdata.xml\\n\\\\\\\\?\\\\C:\\\\ProgramData\\\\Microsoft\\\\Windows\\\\WER\\\\Temp\\\\WER.6637a8e6-85d9-4a80-842f-cb34c6c4c222.tmp.WERInternalMetadata.xml\\n\\\\\\\\?\\\\C:\\\\ProgramData\\\\Microsoft\\\\Windows\\\\WER\\\\Temp\\\\WER.0bbc6920-2e80-4246-bf72-8fea9f75ce6c.tmp.csv\\n\\\\\\\\?\\\\C:\\\\ProgramData\\\\Microsoft\\\\Windows\\\\WER\\\\Temp\\\\WER.bc27b120-198f-4302-92cb-6ba411063d4c.tmp.txt\\n\\\\\\\\?\\\\C:\\\\ProgramData\\\\Microsoft\\\\Windows\\\\WER\\\\Temp\\\\WER.fa00eff0-57de-44eb-b148-c27c58f53d37.tmp.xml\", \"Bucket\": \"\", \"BucketType\": \"0\", \"CabGuid\": \"0\", \"CabId\": \"0\", \"EventName\": \"LiveKernelEvent\", \"HashedBucket\": \"\", \"P1\": \"193\", \"P10\": \"\", \"P2\": \"80e\", \"P3\": \"ffff8789999d3180\", \"P4\": \"ffffc506a0feead0\", \"P5\": \"0\", \"P6\": \"10_0_26200\", \"P7\": \"0_0\", \"P8\": \"256_1\", \"P9\": \"\", \"Rechecking\": \"0\", \"ReportId\": \"4f9b6f3c-15ba-4eb1-9930-3e6a67b15959\", \"ReportStatus\": \"2051\", \"Response\": \"Not available\", \"StorePath\": \"\\\\\\\\?\\\\C:\\\\ProgramData\\\\Microsoft\\\\Windows\\\\WER\\\\ReportQueue\\\\Kernel_193_984916d406ebc67914e7494a1c5ea15cd2f5f_00000000_4f9b6f3c-15ba-4eb1-9930-3e6a67b15959\"}", "message": "Fault bucket , type 0\r\nEvent Name: LiveKernelEvent\r\nResponse: Not available\r\nCab Id: 0\r\n\r\nProblem signature:\r\nP1: 193\r\nP2: 80e\r\nP3: ffff8789999d3180\r\nP4: ffffc506a0feead0\r\nP5: 0\r\nP6: 10_0_26200\r\nP7: 0_0\r\nP8: 256_1\r\nP9: \r\nP10: \r\n\r\nAttached files:\r\n\\\\?\\C:\\Windows\\LiveKernelReports\\WATCHDOG\\WATCHDOG-20260530-1357.dmp\r\n\\\\?\\C:\\Windows\\SystemTemp\\WER-1510141656-0.sysdata.xml\r\n\\\\?\\C:\\ProgramData\\Microsoft\\Windows\\WER\\Temp\\WER.6637a8e6-85d9-4a80-842f-cb34c6c4c222.tmp.WERInternalMetadata.xml\r\n\\\\?\\C:\\ProgramData\\Microsoft\\Windows\\WER\\Temp\\WER.0bbc6920-2e80-4246-bf72-8fea9f75ce6c.tmp.csv\r\n\\\\?\\C:\\ProgramData\\Microsoft\\Windows\\WER\\Temp\\WER.bc27b120-198f-4302-92cb-6ba411063d4c.tmp.txt\r\n\\\\?\\C:\\ProgramData\\Microsoft\\Windows\\WER\\Temp\\WER.fa00eff0-57de-44eb-b148-c27c58f53d37.tmp.xml\r\n\r\nThese files may be available here:\r\n\\\\?\\C:\\ProgramData\\Microsoft\\Windows\\WER\\ReportQueue\\Kernel_193_984916d406ebc67914e7494a1c5ea15cd2f5f_00000000_4f9b6f3c-15ba-4eb1-9930-3e6a67b15959\r\n\r\nAnalysis symbol: \r\nRechecking for solution: 0\r\nReport Id: 4f9b6f3c-15ba-4eb1-9930-3e6a67b15959\r\nReport Status: 2051\r\nHashed bucket: \r\nCab Guid: 0"}
{"timestamp": "2026-08-01T20:08:35.591Z", "record_id": 27134, "event_id": 1001, "channel": "Application", "channel_key": "application", "provider": "Windows Error Reporting", "computer": "LAPTOP-8SM7PKPU", "level": "Information", "category": "other", "user_sid": "S-1-5-18", "process_id": 30328, "is_machine_account": 0, "mapped": 0, "source_file": "Application.jsonl", "event_data": "{\"AnalysisSymbol\": \"\", \"AttachedFiles\": \"\\n\\\\\\\\?\\\\C:\\\\Windows\\\\LiveKernelReports\\\\UcmUcsiCx.sys\\\\UcmUcsiCx.sys-20260509-2322.dmp\\n\\\\\\\\?\\\\C:\\\\Windows\\\\SystemTemp\\\\WER-272185656-0.sysdata.xml\\n\\\\\\\\?\\\\C:\\\\ProgramData\\\\Microsoft\\\\Windows\\\\WER\\\\Temp\\\\WER.3717a5de-154e-48b1-ac4e-d44443386fbd.tmp.WERInternalMetadata.xml\\n\\\\\\\\?\\\\C:\\\\ProgramData\\\\Microsoft\\\\Windows\\\\WER\\\\Temp\\\\WER.2db181bf-9033-4960-907d-6f3e6114edc7.tmp.csv\\n\\\\\\\\?\\\\C:\\\\ProgramData\\\\Microsoft\\\\Windows\\\\WER\\\\Temp\\\\WER.ec817bed-6ca6-4940-b74f-447d9d491fbb.tmp.txt\\n\\\\\\\\?\\\\C:\\\\ProgramData\\\\Microsoft\\\\Windows\\\\WER\\\\Temp\\\\WER.e923ea3d-4fe7-465b-9fe8-23da8900b4b2.tmp.xml\", \"Bucket\": \"\", \"BucketType\": \"0\", \"CabGuid\": \"0\", \"CabId\": \"0\", \"EventName\": \"LiveKernelEvent\", \"HashedBucket\": \"\", \"P1\": \"1d4\", \"P10\": \"\", \"P2\": \"0\", \"P3\": \"12\", \"P4\": \"fffff003f90c7150\", \"P5\": \"102\", \"P6\": \"10_0_26200\", \"P7\": \"0_0\", \"P8\": \"256_1\", \"P9\": \"\", \"Rechecking\": \"0\", \"ReportId\": \"3c66456f-e1f6-4dc9-b198-75831e559848\", \"ReportStatus\": \"2051\", \"Response\": \"Not available\", \"StorePath\": \"\\\\\\\\?\\\\C:\\\\ProgramData\\\\Microsoft\\\\Windows\\\\WER\\\\ReportQueue\\\\Kernel_1d4_964e26076728cf242e9d4791629814ac6ec8c2_00000000_3c66456f-e1f6-4dc9-b198-75831e559848\"}", "message": "Fault bucket , type 0\r\nEvent Name: LiveKernelEvent\r\nResponse: Not available\r\nCab Id: 0\r\n\r\nProblem signature:\r\nP1: 1d4\r\nP2: 0\r\nP3: 12\r\nP4: fffff003f90c7150\r\nP5: 102\r\nP6: 10_0_26200\r\nP7: 0_0\r\nP8: 256_1\r\nP9: \r\nP10: \r\n\r\nAttached files:\r\n\\\\?\\C:\\Windows\\LiveKernelReports\\UcmUcsiCx.sys\\UcmUcsiCx.sys-20260509-2322.dmp\r\n\\\\?\\C:\\Windows\\SystemTemp\\WER-272185656-0.sysdata.xml\r\n\\\\?\\C:\\ProgramData\\Microsoft\\Windows\\WER\\Temp\\WER.3717a5de-154e-48b1-ac4e-d44443386fbd.tmp.WERInternalMetadata.xml\r\n\\\\?\\C:\\ProgramData\\Microsoft\\Windows\\WER\\Temp\\WER.2db181bf-9033-4960-907d-6f3e6114edc7.tmp.csv\r\n\\\\?\\C:\\ProgramData\\Microsoft\\Windows\\WER\\Temp\\WER.ec817bed-6ca6-4940-b74f-447d9d491fbb.tmp.txt\r\n\\\\?\\C:\\ProgramData\\Microsoft\\Windows\\WER\\Temp\\WER.e923ea3d-4fe7-465b-9fe8-23da8900b4b2.tmp.xml\r\n\r\nThese files may be available here:\r\n\\\\?\\C:\\ProgramData\\Microsoft\\Windows\\WER\\ReportQueue\\Kernel_1d4_964e26076728cf242e9d4791629814ac6ec8c2_00000000_3c66456f-e1f6-4dc9-b198-75831e559848\r\n\r\nAnalysis symbol: \r\nRechecking for solution: 0\r\nReport Id: 3c66456f-e1f6-4dc9-b198-75831e559848\r\nReport Status: 2051\r\nHashed bucket: \r\nCab Guid: 0"}
{"timestamp": "2026-08-01T20:08:35.413Z", "record_id": 27133, "event_id": 1001, "channel": "Application", "channel_key": "application", "provider": "Windows Error Reporting", "computer": "LAPTOP-8SM7PKPU", "level": "Information", "category": "other", "user_sid": "S-1-5-18", "process_id": 30328, "is_machine_account": 0, "mapped": 0, "source_file": "Application.jsonl", "event_data": "{\"AnalysisSymbol\": \"\", \"AttachedFiles\": \"\\n\\\\\\\\?\\\\C:\\\\Windows\\\\LiveKernelReports\\\\UcmUcsiCx.sys\\\\UcmUcsiCx.sys-20260408-0917.dmp\\n\\\\\\\\?\\\\C:\\\\Windows\\\\SystemTemp\\\\WER-862550500-0.sysdata.xml\\n\\\\\\\\?\\\\C:\\\\ProgramData\\\\Microsoft\\\\Windows\\\\WER\\\\Temp\\\\WER.cb02a0cc-3af2-42a0-8238-8c636f95d71e.tmp.WERInternalMetadata.xml\\n\\\\\\\\?\\\\C:\\\\ProgramData\\\\Microsoft\\\\Windows\\\\WER\\\\Temp\\\\WER.732c3887-520a-4825-b2e4-5639e9365604.tmp.csv\\n\\\\\\\\?\\\\C:\\\\ProgramData\\\\Microsoft\\\\Windows\\\\WER\\\\Temp\\\\WER.feffad12-c4be-4b35-888d-9e9ca76b7838.tmp.txt\\n\\\\\\\\?\\\\C:\\\\ProgramData\\\\Microsoft\\\\Windows\\\\WER\\\\Temp\\\\WER.1255de6e-eacf-44c5-876a-efe17fd4315c.tmp.xml\", \"Bucket\": \"\", \"BucketType\": \"0\", \"CabGuid\": \"0\", \"CabId\": \"0\", \"EventName\": \"LiveKernelEvent\", \"HashedBucket\": \"\", \"P1\": \"1d4\", \"P10\": \"\", \"P2\": \"0\", \"P3\": \"12\", \"P4\": \"ffff828f529b7150\", \"P5\": \"102\", \"P6\": \"10_0_26200\", \"P7\": \"0_0\", \"P8\": \"256_1\", \"P9\": \"\", \"Rechecking\": \"0\", \"ReportId\": \"0c16c476-a1b6-4770-a96b-5bd444952f3e\", \"ReportStatus\": \"2051\", \"Response\": \"Not available\", \"StorePath\": \"\\\\\\\\?\\\\C:\\\\ProgramData\\\\Microsoft\\\\Windows\\\\WER\\\\ReportQueue\\\\Kernel_1d4_58376c2ce325d9ebb38ee5f5d37663c8816c04_00000000_0c16c476-a1b6-4770-a96b-5bd444952f3e\"}", "message": "Fault bucket , type 0\r\nEvent Name: LiveKernelEvent\r\nResponse: Not available\r\nCab Id: 0\r\n\r\nProblem signature:\r\nP1: 1d4\r\nP2: 0\r\nP3: 12\r\nP4: ffff828f529b7150\r\nP5: 102\r\nP6: 10_0_26200\r\nP7: 0_0\r\nP8: 256_1\r\nP9: \r\nP10: \r\n\r\nAttached files:\r\n\\\\?\\C:\\Windows\\LiveKernelReports\\UcmUcsiCx.sys\\UcmUcsiCx.sys-20260408-0917.dmp\r\n\\\\?\\C:\\Windows\\SystemTemp\\WER-862550500-0.sysdata.xml\r\n\\\\?\\C:\\ProgramData\\Microsoft\\Windows\\WER\\Temp\\WER.cb02a0cc-3af2-42a0-8238-8c636f95d71e.tmp.WERInternalMetadata.xml\r\n\\\\?\\C:\\ProgramData\\Microsoft\\Windows\\WER\\Temp\\WER.732c3887-520a-4825-b2e4-5639e9365604.tmp.csv\r\n\\\\?\\C:\\ProgramData\\Microsoft\\Windows\\WER\\Temp\\WER.feffad12-c4be-4b35-888d-9e9ca76b7838.tmp.txt\r\n\\\\?\\C:\\ProgramData\\Microsoft\\Windows\\WER\\Temp\\WER.1255de6e-eacf-44c5-876a-efe17fd4315c.tmp.xml\r\n\r\nThese files may be available here:\r\n\\\\?\\C:\\ProgramData\\Microsoft\\Windows\\WER\\ReportQueue\\Kernel_1d4_58376c2ce325d9ebb38ee5f5d37663c8816c04_00000000_0c16c476-a1b6-4770-a96b-5bd444952f3e\r\n\r\nAnalysis symbol: \r\nRechecking for solution: 0\r\nReport Id: 0c16c476-a1b6-4770-a96b-5bd444952f3e\r\nReport Status: 2051\r\nHashed bucket: \r\nCab Guid: 0"}
{"timestamp": "2026-08-01T20:08:35.327Z", "record_id": 27132, "event_id": 1001, "channel": "Application", "channel_key": "application", "provider": "Windows Error Reporting", "computer": "LAPTOP-8SM7PKPU", "level": "Information", "category": "other", "user_sid": "S-1-5-18", "process_id": 30328, "is_machine_account": 0, "mapped": 0, "source_file": "Application.jsonl", "event_data": "{\"AnalysisSymbol\": \"\", \"AttachedFiles\": \"\\n\\\\\\\\?\\\\C:\\\\Windows\\\\LiveKernelReports\\\\UcmUcsiCx.sys\\\\UcmUcsiCx.sys-20251202-0826.dmp\\n\\\\\\\\?\\\\C:\\\\Windows\\\\SystemTemp\\\\WER-143287890-0.sysdata.xml\\n\\\\\\\\?\\\\C:\\\\ProgramData\\\\Microsoft\\\\Windows\\\\WER\\\\Temp\\\\WER.da7a0a1c-f212-46a3-8285-98673ebbfecf.tmp.WERInternalMetadata.xml\\n\\\\\\\\?\\\\C:\\\\ProgramData\\\\Microsoft\\\\Windows\\\\WER\\\\Temp\\\\WER.fa91a330-f7ab-4be9-b50b-eb78ed451996.tmp.csv\\n\\\\\\\\?\\\\C:\\\\ProgramData\\\\Microsoft\\\\Windows\\\\WER\\\\Temp\\\\WER.a4baff40-12e8-417b-aa39-708ac0828792.tmp.txt\\n\\\\\\\\?\\\\C:\\\\ProgramData\\\\Microsoft\\\\Windows\\\\WER\\\\Temp\\\\WER.e95787e6-0218-43d5-906b-60f585b35cf9.tmp.xml\", \"Bucket\": \"\", \"BucketType\": \"0\", \"CabGuid\": \"0\", \"CabId\": \"0\", \"EventName\": \"LiveKernelEvent\", \"HashedBucket\": \"\", \"P1\": \"1d4\", \"P10\": \"\", \"P2\": \"0\", \"P3\": \"12\", \"P4\": \"ffffb70283eb0120\", \"P5\": \"102\", \"P6\": \"10_0_26200\", \"P7\": \"0_0\", \"P8\": \"256_1\", \"P9\": \"\", \"Rechecking\": \"0\", \"ReportId\": \"fd813499-7ee3-4b11-a99e-d55ee367584b\", \"ReportStatus\": \"2051\", \"Response\": \"Not available\", \"StorePath\": \"\\\\\\\\?\\\\C:\\\\ProgramData\\\\Microsoft\\\\Windows\\\\WER\\\\ReportQueue\\\\Kernel_1d4_fed46974cfad8464b8c8641ec3cac3358d16d35_00000000_fd813499-7ee3-4b11-a99e-d55ee367584b\"}", "message": "Fault bucket , type 0\r\nEvent Name: LiveKernelEvent\r\nResponse: Not available\r\nCab Id: 0\r\n\r\nProblem signature:\r\nP1: 1d4\r\nP2: 0\r\nP3: 12\r\nP4: ffffb70283eb0120\r\nP5: 102\r\nP6: 10_0_26200\r\nP7: 0_0\r\nP8: 256_1\r\nP9: \r\nP10: \r\n\r\nAttached files:\r\n\\\\?\\C:\\Windows\\LiveKernelReports\\UcmUcsiCx.sys\\UcmUcsiCx.sys-20251202-0826.dmp\r\n\\\\?\\C:\\Windows\\SystemTemp\\WER-143287890-0.sysdata.xml\r\n\\\\?\\C:\\ProgramData\\Microsoft\\Windows\\WER\\Temp\\WER.da7a0a1c-f212-46a3-8285-98673ebbfecf.tmp.WERInternalMetadata.xml\r\n\\\\?\\C:\\ProgramData\\Microsoft\\Windows\\WER\\Temp\\WER.fa91a330-f7ab-4be9-b50b-eb78ed451996.tmp.csv\r\n\\\\?\\C:\\ProgramData\\Microsoft\\Windows\\WER\\Temp\\WER.a4baff40-12e8-417b-aa39-708ac0828792.tmp.txt\r\n\\\\?\\C:\\ProgramData\\Microsoft\\Windows\\WER\\Temp\\WER.e95787e6-0218-43d5-906b-60f585b35cf9.tmp.xml\r\n\r\nThese files may be available here:\r\n\\\\?\\C:\\ProgramData\\Microsoft\\Windows\\WER\\ReportQueue\\Kernel_1d4_fed46974cfad8464b8c8641ec3cac3358d16d35_00000000_fd813499-7ee3-4b11-a99e-d55ee367584b\r\n\r\nAnalysis symbol: \r\nRechecking for solution: 0\r\nReport Id: fd813499-7ee3-4b11-a99e-d55ee367584b\r\nReport Status: 2051\r\nHashed bucket: \r\nCab Guid: 0"}
{"timestamp": "2026-08-01T12:19:57.072Z", "record_id": 27131, "event_id": 16384, "channel": "Application", "channel_key": "application", "provider": "Microsoft-Windows-Security-SPP", "computer": "LAPTOP-8SM7PKPU", "level": "Information", "category": "other", "process_id": 27652, "is_machine_account": 0, "mapped": 0, "source_file": "Application.jsonl", "event_data": "{\"Data\": [\"\", \"\"]}", "message": "Successfully scheduled Software Protection service for re-start at 2126-07-08T12:19:27Z. Reason: RulesEngine."}
{"timestamp": "2026-08-01T12:08:40.863Z", "record_id": 27130, "event_id": 1001, "channel": "Application", "channel_key": "application", "provider": "Windows Error Reporting", "computer": "LAPTOP-8SM7PKPU", "level": "Information", "category": "other", "user_sid": "S-1-5-18", "process_id": 14376, "is_machine_account": 0, "mapped": 0, "source_file": "Application.jsonl", "event_data": "{\"AnalysisSymbol\": \"\", \"AttachedFiles\": \"\\n\\\\\\\\?\\\\C:\\\\Windows\\\\LiveKernelReports\\\\WATCHDOG\\\\WATCHDOG-20260623-1415.dmp\\n\\\\\\\\?\\\\C:\\\\Windows\\\\SystemTemp\\\\WER-925533687-0.sysdata.xml\\n\\\\\\\\?\\\\C:\\\\ProgramData\\\\Microsoft\\\\Windows\\\\WER\\\\Temp\\\\WER.075454f3-c917-42b7-ae22-5e544e0cc23d.tmp.WERInternalMetadata.xml\\n\\\\\\\\?\\\\C:\\\\ProgramData\\\\Microsoft\\\\Windows\\\\WER\\\\Temp\\\\WER.5880debd-1665-4ca6-9ab1-df5268ec5dfb.tmp.csv\\n\\\\\\\\?\\\\C:\\\\ProgramData\\\\Microsoft\\\\Windows\\\\WER\\\\Temp\\\\WER.57dfb2be-7aa4-48eb-8146-773e43864243.tmp.txt\\n\\\\\\\\?\\\\C:\\\\ProgramData\\\\Microsoft\\\\Windows\\\\WER\\\\Temp\\\\WER.9f7087d1-37b2-4b1a-950e-d3fba7ffba02.tmp.xml\", \"Bucket\": \"\", \"BucketType\": \"0\", \"CabGuid\": \"0\", \"CabId\": \"0\", \"EventName\": \"LiveKernelEvent\", \"HashedBucket\": \"\", \"P1\": \"193\", \"P10\": \"\", \"P2\": \"80e\", \"P3\": \"ffff87857aa0a080\", \"P4\": \"ffffd785658d03b0\", \"P5\": \"0\", \"P6\": \"10_0_26200\", \"P7\": \"0_0\", \"P8\": \"256_1\", \"P9\": \"\", \"Rechecking\": \"0\", \"ReportId\": \"feef7efa-b9b6-43a2-b252-e030ec2eaccd\", \"ReportStatus\": \"2051\", \"Response\": \"Not available\", \"StorePath\": \"\\\\\\\\?\\\\C:\\\\ProgramData\\\\Microsoft\\\\Windows\\\\WER\\\\ReportQueue\\\\Kernel_193_5655eec2b36f7fc2c851bb4bca9c29fc33a437c5_00000000_feef7efa-b9b6-43a2-b252-e030ec2eaccd\"}", "message": "Fault bucket , type 0\r\nEvent Name: LiveKernelEvent\r\nResponse: Not available\r\nCab Id: 0\r\n\r\nProblem signature:\r\nP1: 193\r\nP2: 80e\r\nP3: ffff87857aa0a080\r\nP4: ffffd785658d03b0\r\nP5: 0\r\nP6: 10_0_26200\r\nP7: 0_0\r\nP8: 256_1\r\nP9: \r\nP10: \r\n\r\nAttached files:\r\n\\\\?\\C:\\Windows\\LiveKernelReports\\WATCHDOG\\WATCHDOG-20260623-1415.dmp\r\n\\\\?\\C:\\Windows\\SystemTemp\\WER-925533687-0.sysdata.xml\r\n\\\\?\\C:\\ProgramData\\Microsoft\\Windows\\WER\\Temp\\WER.075454f3-c917-42b7-ae22-5e544e0cc23d.tmp.WERInternalMetadata.xml\r\n\\\\?\\C:\\ProgramData\\Microsoft\\Windows\\WER\\Temp\\WER.5880debd-1665-4ca6-9ab1-df5268ec5dfb.tmp.csv\r\n\\\\?\\C:\\ProgramData\\Microsoft\\Windows\\WER\\Temp\\WER.57dfb2be-7aa4-48eb-8146-773e43864243.tmp.txt\r\n\\\\?\\C:\\ProgramData\\Microsoft\\Windows\\WER\\Temp\\WER.9f7087d1-37b2-4b1a-950e-d3fba7ffba02.tmp.xml\r\n\r\nThese files may be available here:\r\n\\\\?\\C:\\ProgramData\\Microsoft\\Windows\\WER\\ReportQueue\\Kernel_193_5655eec2b36f7fc2c851bb4bca9c29fc33a437c5_00000000_feef7efa-b9b6-43a2-b252-e030ec2eaccd\r\n\r\nAnalysis symbol: \r\nRechecking for solution: 0\r\nReport Id: feef7efa-b9b6-43a2-b252-e030ec2eaccd\r\nReport Status: 2051\r\nHashed bucket: \r\nCab Guid: 0"}
{"timestamp": "2026-08-01T12:08:40.769Z", "record_id": 27129, "event_id": 1001, "channel": "Application", "channel_key": "application", "provider": "Windows Error Reporting", "computer": "LAPTOP-8SM7PKPU", "level": "Information", "category": "other", "user_sid": "S-1-5-18", "process_id": 14376, "is_machine_account": 0, "mapped": 0, "source_file": "Application.jsonl", "event_data": "{\"AnalysisSymbol\": \"\", \"AttachedFiles\": \"\\n\\\\\\\\?\\\\C:\\\\Windows\\\\LiveKernelReports\\\\WATCHDOG\\\\WATCHDOG-20260530-1357.dmp\\n\\\\\\\\?\\\\C:\\\\Windows\\\\SystemTemp\\\\WER-1510141656-0.sysdata.xml\\n\\\\\\\\?\\\\C:\\\\ProgramData\\\\Microsoft\\\\Windows\\\\WER\\\\Temp\\\\WER.6637a8e6-85d9-4a80-842f-cb34c6c4c222.tmp.WERInternalMetadata.xml\\n\\\\\\\\?\\\\C:\\\\ProgramData\\\\Microsoft\\\\Windows\\\\WER\\\\Temp\\\\WER.0bbc6920-2e80-4246-bf72-8fea9f75ce6c.tmp.csv\\n\\\\\\\\?\\\\C:\\\\ProgramData\\\\Microsoft\\\\Windows\\\\WER\\\\Temp\\\\WER.bc27b120-198f-4302-92cb-6ba411063d4c.tmp.txt\\n\\\\\\\\?\\\\C:\\\\ProgramData\\\\Microsoft\\\\Windows\\\\WER\\\\Temp\\\\WER.fa00eff0-57de-44eb-b148-c27c58f53d37.tmp.xml\", \"Bucket\": \"\", \"BucketType\": \"0\", \"CabGuid\": \"0\", \"CabId\": \"0\", \"EventName\": \"LiveKernelEvent\", \"HashedBucket\": \"\", \"P1\": \"193\", \"P10\": \"\", \"P2\": \"80e\", \"P3\": \"ffff8789999d3180\", \"P4\": \"ffffc506a0feead0\", \"P5\": \"0\", \"P6\": \"10_0_26200\", \"P7\": \"0_0\", \"P8\": \"256_1\", \"P9\": \"\", \"Rechecking\": \"0\", \"ReportId\": \"4f9b6f3c-15ba-4eb1-9930-3e6a67b15959\", \"ReportStatus\": \"2051\", \"Response\": \"Not available\", \"StorePath\": \"\\\\\\\\?\\\\C:\\\\ProgramData\\\\Microsoft\\\\Windows\\\\WER\\\\ReportQueue\\\\Kernel_193_984916d406ebc67914e7494a1c5ea15cd2f5f_00000000_4f9b6f3c-15ba-4eb1-9930-3e6a67b15959\"}", "message": "Fault bucket , type 0\r\nEvent Name: LiveKernelEvent\r\nResponse: Not available\r\nCab Id: 0\r\n\r\nProblem signature:\r\nP1: 193\r\nP2: 80e\r\nP3: ffff8789999d3180\r\nP4: ffffc506a0feead0\r\nP5: 0\r\nP6: 10_0_26200\r\nP7: 0_0\r\nP8: 256_1\r\nP9: \r\nP10: \r\n\r\nAttached files:\r\n\\\\?\\C:\\Windows\\LiveKernelReports\\WATCHDOG\\WATCHDOG-20260530-1357.dmp\r\n\\\\?\\C:\\Windows\\SystemTemp\\WER-1510141656-0.sysdata.xml\r\n\\\\?\\C:\\ProgramData\\Microsoft\\Windows\\WER\\Temp\\WER.6637a8e6-85d9-4a80-842f-cb34c6c4c222.tmp.WERInternalMetadata.xml\r\n\\\\?\\C:\\ProgramData\\Microsoft\\Windows\\WER\\Temp\\WER.0bbc6920-2e80-4246-bf72-8fea9f75ce6c.tmp.csv\r\n\\\\?\\C:\\ProgramData\\Microsoft\\Windows\\WER\\Temp\\WER.bc27b120-198f-4302-92cb-6ba411063d4c.tmp.txt\r\n\\\\?\\C:\\ProgramData\\Microsoft\\Windows\\WER\\Temp\\WER.fa00eff0-57de-44eb-b148-c27c58f53d37.tmp.xml\r\n\r\nThese files may be available here:\r\n\\\\?\\C:\\ProgramData\\Microsoft\\Windows\\WER\\ReportQueue\\Kernel_193_984916d406ebc67914e7494a1c5ea15cd2f5f_00000000_4f9b6f3c-15ba-4eb1-9930-3e6a67b15959\r\n\r\nAnalysis symbol: \r\nRechecking for solution: 0\r\nReport Id: 4f9b6f3c-15ba-4eb1-9930-3e6a67b15959\r\nReport Status: 2051\r\nHashed bucket: \r\nCab Guid: 0"}
{"timestamp": "2026-08-01T12:08:40.714Z", "record_id": 27128, "event_id": 1001, "channel": "Application", "channel_key": "application", "provider": "Windows Error Reporting", "computer": "LAPTOP-8SM7PKPU", "level": "Information", "category": "other", "user_sid": "S-1-5-18", "process_id": 14376, "is_machine_account": 0, "mapped": 0, "source_file": "Application.jsonl", "event_data": "{\"AnalysisSymbol\": \"\", \"AttachedFiles\": \"\\n\\\\\\\\?\\\\C:\\\\Windows\\\\LiveKernelReports\\\\UcmUcsiCx.sys\\\\UcmUcsiCx.sys-20260509-2322.dmp\\n\\\\\\\\?\\\\C:\\\\Windows\\\\SystemTemp\\\\WER-272185656-0.sysdata.xml\\n\\\\\\\\?\\\\C:\\\\ProgramData\\\\Microsoft\\\\Windows\\\\WER\\\\Temp\\\\WER.3717a5de-154e-48b1-ac4e-d44443386fbd.tmp.WERInternalMetadata.xml\\n\\\\\\\\?\\\\C:\\\\ProgramData\\\\Microsoft\\\\Windows\\\\WER\\\\Temp\\\\WER.2db181bf-9033-4960-907d-6f3e6114edc7.tmp.csv\\n\\\\\\\\?\\\\C:\\\\ProgramData\\\\Microsoft\\\\Windows\\\\WER\\\\Temp\\\\WER.ec817bed-6ca6-4940-b74f-447d9d491fbb.tmp.txt\\n\\\\\\\\?\\\\C:\\\\ProgramData\\\\Microsoft\\\\Windows\\\\WER\\\\Temp\\\\WER.e923ea3d-4fe7-465b-9fe8-23da8900b4b2.tmp.xml\", \"Bucket\": \"\", \"BucketType\": \"0\", \"CabGuid\": \"0\", \"CabId\": \"0\", \"EventName\": \"LiveKernelEvent\", \"HashedBucket\": \"\", \"P1\": \"1d4\", \"P10\": \"\", \"P2\": \"0\", \"P3\": \"12\", \"P4\": \"fffff003f90c7150\", \"P5\": \"102\", \"P6\": \"10_0_26200\", \"P7\": \"0_0\", \"P8\": \"256_1\", \"P9\": \"\", \"Rechecking\": \"0\", \"ReportId\": \"3c66456f-e1f6-4dc9-b198-75831e559848\", \"ReportStatus\": \"2051\", \"Response\": \"Not available\", \"StorePath\": \"\\\\\\\\?\\\\C:\\\\ProgramData\\\\Microsoft\\\\Windows\\\\WER\\\\ReportQueue\\\\Kernel_1d4_964e26076728cf242e9d4791629814ac6ec8c2_00000000_3c66456f-e1f6-4dc9-b198-75831e559848\"}", "message": "Fault bucket , type 0\r\nEvent Name: LiveKernelEvent\r\nResponse: Not available\r\nCab Id: 0\r\n\r\nProblem signature:\r\nP1: 1d4\r\nP2: 0\r\nP3: 12\r\nP4: fffff003f90c7150\r\nP5: 102\r\nP6: 10_0_26200\r\nP7: 0_0\r\nP8: 256_1\r\nP9: \r\nP10: \r\n\r\nAttached files:\r\n\\\\?\\C:\\Windows\\LiveKernelReports\\UcmUcsiCx.sys\\UcmUcsiCx.sys-20260509-2322.dmp\r\n\\\\?\\C:\\Windows\\SystemTemp\\WER-272185656-0.sysdata.xml\r\n\\\\?\\C:\\ProgramData\\Microsoft\\Windows\\WER\\Temp\\WER.3717a5de-154e-48b1-ac4e-d44443386fbd.tmp.WERInternalMetadata.xml\r\n\\\\?\\C:\\ProgramData\\Microsoft\\Windows\\WER\\Temp\\WER.2db181bf-9033-4960-907d-6f3e6114edc7.tmp.csv\r\n\\\\?\\C:\\ProgramData\\Microsoft\\Windows\\WER\\Temp\\WER.ec817bed-6ca6-4940-b74f-447d9d491fbb.tmp.txt\r\n\\\\?\\C:\\ProgramData\\Microsoft\\Windows\\WER\\Temp\\WER.e923ea3d-4fe7-465b-9fe8-23da8900b4b2.tmp.xml\r\n\r\nThese files may be available here:\r\n\\\\?\\C:\\ProgramData\\Microsoft\\Windows\\WER\\ReportQueue\\Kernel_1d4_964e26076728cf242e9d4791629814ac6ec8c2_00000000_3c66456f-e1f6-4dc9-b198-75831e559848\r\n\r\nAnalysis symbol: \r\nRechecking for solution: 0\r\nReport Id: 3c66456f-e1f6-4dc9-b198-75831e559848\r\nReport Status: 2051\r\nHashed bucket: \r\nCab Guid: 0"}
{"timestamp": "2026-08-01T12:08:40.654Z", "record_id": 27127, "event_id": 1001, "channel": "Application", "channel_key": "application", "provider": "Windows Error Reporting", "computer": "LAPTOP-8SM7PKPU", "level": "Information", "category": "other", "user_sid": "S-1-5-18", "process_id": 14376, "is_machine_account": 0, "mapped": 0, "source_file": "Application.jsonl", "event_data": "{\"AnalysisSymbol\": \"\", \"AttachedFiles\": \"\\n\\\\\\\\?\\\\C:\\\\Windows\\\\LiveKernelReports\\\\UcmUcsiCx.sys\\\\UcmUcsiCx.sys-20260408-0917.dmp\\n\\\\\\\\?\\\\C:\\\\Windows\\\\SystemTemp\\\\WER-862550500-0.sysdata.xml\\n\\\\\\\\?\\\\C:\\\\ProgramData\\\\Microsoft\\\\Windows\\\\WER\\\\Temp\\\\WER.cb02a0cc-3af2-42a0-8238-8c636f95d71e.tmp.WERInternalMetadata.xml\\n\\\\\\\\?\\\\C:\\\\ProgramData\\\\Microsoft\\\\Windows\\\\WER\\\\Temp\\\\WER.732c3887-520a-4825-b2e4-5639e9365604.tmp.csv\\n\\\\\\\\?\\\\C:\\\\ProgramData\\\\Microsoft\\\\Windows\\\\WER\\\\Temp\\\\WER.feffad12-c4be-4b35-888d-9e9ca76b7838.tmp.txt\\n\\\\\\\\?\\\\C:\\\\ProgramData\\\\Microsoft\\\\Windows\\\\WER\\\\Temp\\\\WER.1255de6e-eacf-44c5-876a-efe17fd4315c.tmp.xml\", \"Bucket\": \"\", \"BucketType\": \"0\", \"CabGuid\": \"0\", \"CabId\": \"0\", \"EventName\": \"LiveKernelEvent\", \"HashedBucket\": \"\", \"P1\": \"1d4\", \"P10\": \"\", \"P2\": \"0\", \"P3\": \"12\", \"P4\": \"ffff828f529b7150\", \"P5\": \"102\", \"P6\": \"10_0_26200\", \"P7\": \"0_0\", \"P8\": \"256_1\", \"P9\": \"\", \"Rechecking\": \"0\", \"ReportId\": \"0c16c476-a1b6-4770-a96b-5bd444952f3e\", \"ReportStatus\": \"2051\", \"Response\": \"Not available\", \"StorePath\": \"\\\\\\\\?\\\\C:\\\\ProgramData\\\\Microsoft\\\\Windows\\\\WER\\\\ReportQueue\\\\Kernel_1d4_58376c2ce325d9ebb38ee5f5d37663c8816c04_00000000_0c16c476-a1b6-4770-a96b-5bd444952f3e\"}", "message": "Fault bucket , type 0\r\nEvent Name: LiveKernelEvent\r\nResponse: Not available\r\nCab Id: 0\r\n\r\nProblem signature:\r\nP1: 1d4\r\nP2: 0\r\nP3: 12\r\nP4: ffff828f529b7150\r\nP5: 102\r\nP6: 10_0_26200\r\nP7: 0_0\r\nP8: 256_1\r\nP9: \r\nP10: \r\n\r\nAttached files:\r\n\\\\?\\C:\\Windows\\LiveKernelReports\\UcmUcsiCx.sys\\UcmUcsiCx.sys-20260408-0917.dmp\r\n\\\\?\\C:\\Windows\\SystemTemp\\WER-862550500-0.sysdata.xml\r\n\\\\?\\C:\\ProgramData\\Microsoft\\Windows\\WER\\Temp\\WER.cb02a0cc-3af2-42a0-8238-8c636f95d71e.tmp.WERInternalMetadata.xml\r\n\\\\?\\C:\\ProgramData\\Microsoft\\Windows\\WER\\Temp\\WER.732c3887-520a-4825-b2e4-5639e9365604.tmp.csv\r\n\\\\?\\C:\\ProgramData\\Microsoft\\Windows\\WER\\Temp\\WER.feffad12-c4be-4b35-888d-9e9ca76b7838.tmp.txt\r\n\\\\?\\C:\\ProgramData\\Microsoft\\Windows\\WER\\Temp\\WER.1255de6e-eacf-44c5-876a-efe17fd4315c.tmp.xml\r\n\r\nThese files may be available here:\r\n\\\\?\\C:\\ProgramData\\Microsoft\\Windows\\WER\\ReportQueue\\Kernel_1d4_58376c2ce325d9ebb38ee5f5d37663c8816c04_00000000_0c16c476-a1b6-4770-a96b-5bd444952f3e\r\n\r\nAnalysis symbol: \r\nRechecking for solution: 0\r\nReport Id: 0c16c476-a1b6-4770-a96b-5bd444952f3e\r\nReport Status: 2051\r\nHashed bucket: \r\nCab Guid: 0"}
{"timestamp": "2026-08-01T12:08:40.594Z", "record_id": 27126, "event_id": 1001, "channel": "Application", "channel_key": "application", "provider": "Windows Error Reporting", "computer": "LAPTOP-8SM7PKPU", "level": "Information", "category": "other", "user_sid": "S-1-5-18", "process_id": 14376, "is_machine_account": 0, "mapped": 0, "source_file": "Application.jsonl", "event_data": "{\"AnalysisSymbol\": \"\", \"AttachedFiles\": \"\\n\\\\\\\\?\\\\C:\\\\Windows\\\\LiveKernelReports\\\\UcmUcsiCx.sys\\\\UcmUcsiCx.sys-20251202-0826.dmp\\n\\\\\\\\?\\\\C:\\\\Windows\\\\SystemTemp\\\\WER-143287890-0.sysdata.xml\\n\\\\\\\\?\\\\C:\\\\ProgramData\\\\Microsoft\\\\Windows\\\\WER\\\\Temp\\\\WER.da7a0a1c-f212-46a3-8285-98673ebbfecf.tmp.WERInternalMetadata.xml\\n\\\\\\\\?\\\\C:\\\\ProgramData\\\\Microsoft\\\\Windows\\\\WER\\\\Temp\\\\WER.fa91a330-f7ab-4be9-b50b-eb78ed451996.tmp.csv\\n\\\\\\\\?\\\\C:\\\\ProgramData\\\\Microsoft\\\\Windows\\\\WER\\\\Temp\\\\WER.a4baff40-12e8-417b-aa39-708ac0828792.tmp.txt\\n\\\\\\\\?\\\\C:\\\\ProgramData\\\\Microsoft\\\\Windows\\\\WER\\\\Temp\\\\WER.e95787e6-0218-43d5-906b-60f585b35cf9.tmp.xml\", \"Bucket\": \"\", \"BucketType\": \"0\", \"CabGuid\": \"0\", \"CabId\": \"0\", \"EventName\": \"LiveKernelEvent\", \"HashedBucket\": \"\", \"P1\": \"1d4\", \"P10\": \"\", \"P2\": \"0\", \"P3\": \"12\", \"P4\": \"ffffb70283eb0120\", \"P5\": \"102\", \"P6\": \"10_0_26200\", \"P7\": \"0_0\", \"P8\": \"256_1\", \"P9\": \"\", \"Rechecking\": \"0\", \"ReportId\": \"fd813499-7ee3-4b11-a99e-d55ee367584b\", \"ReportStatus\": \"2051\", \"Response\": \"Not available\", \"StorePath\": \"\\\\\\\\?\\\\C:\\\\ProgramData\\\\Microsoft\\\\Windows\\\\WER\\\\ReportQueue\\\\Kernel_1d4_fed46974cfad8464b8c8641ec3cac3358d16d35_00000000_fd813499-7ee3-4b11-a99e-d55ee367584b\"}", "message": "Fault bucket , type 0\r\nEvent Name: LiveKernelEvent\r\nResponse: Not available\r\nCab Id: 0\r\n\r\nProblem signature:\r\nP1: 1d4\r\nP2: 0\r\nP3: 12\r\nP4: ffffb70283eb0120\r\nP5: 102\r\nP6: 10_0_26200\r\nP7: 0_0\r\nP8: 256_1\r\nP9: \r\nP10: \r\n\r\nAttached files:\r\n\\\\?\\C:\\Windows\\LiveKernelReports\\UcmUcsiCx.sys\\UcmUcsiCx.sys-20251202-0826.dmp\r\n\\\\?\\C:\\Windows\\SystemTemp\\WER-143287890-0.sysdata.xml\r\n\\\\?\\C:\\ProgramData\\Microsoft\\Windows\\WER\\Temp\\WER.da7a0a1c-f212-46a3-8285-98673ebbfecf.tmp.WERInternalMetadata.xml\r\n\\\\?\\C:\\ProgramData\\Microsoft\\Windows\\WER\\Temp\\WER.fa91a330-f7ab-4be9-b50b-eb78ed451996.tmp.csv\r\n\\\\?\\C:\\ProgramData\\Microsoft\\Windows\\WER\\Temp\\WER.a4baff40-12e8-417b-aa39-708ac0828792.tmp.txt\r\n\\\\?\\C:\\ProgramData\\Microsoft\\Windows\\WER\\Temp\\WER.e95787e6-0218-43d5-906b-60f585b35cf9.tmp.xml\r\n\r\nThese files may be available here:\r\n\\\\?\\C:\\ProgramData\\Microsoft\\Windows\\WER\\ReportQueue\\Kernel_1d4_fed46974cfad8464b8c8641ec3cac3358d16d35_00000000_fd813499-7ee3-4b11-a99e-d55ee367584b\r\n\r\nAnalysis symbol: \r\nRechecking for solution: 0\r\nReport Id: fd813499-7ee3-4b11-a99e-d55ee367584b\r\nReport Status: 2051\r\nHashed bucket: \r\nCab Guid: 0"}
{"timestamp": "2026-08-01T12:08:40.408Z", "record_id": 27125, "event_id": 1001, "channel": "Application", "channel_key": "application", "provider": "Windows Error Reporting", "computer": "LAPTOP-8SM7PKPU", "level": "Information", "category": "other", "user_sid": "S-1-5-18", "process_id": 29416, "is_machine_account": 0, "mapped": 0, "source_file": "Application.jsonl", "event_data": "{\"AnalysisSymbol\": \"\", \"AttachedFiles\": \"\\n\\\\\\\\?\\\\C:\\\\Windows\\\\LiveKernelReports\\\\WATCHDOG\\\\WATCHDOG-20260623-1415.dmp\\n\\\\\\\\?\\\\C:\\\\Windows\\\\SystemTemp\\\\WER-925533687-0.sysdata.xml\\n\\\\\\\\?\\\\C:\\\\ProgramData\\\\Microsoft\\\\Windows\\\\WER\\\\Temp\\\\WER.075454f3-c917-42b7-ae22-5e544e0cc23d.tmp.WERInternalMetadata.xml\\n\\\\\\\\?\\\\C:\\\\ProgramData\\\\Microsoft\\\\Windows\\\\WER\\\\Temp\\\\WER.5880debd-1665-4ca6-9ab1-df5268ec5dfb.tmp.csv\\n\\\\\\\\?\\\\C:\\\\ProgramData\\\\Microsoft\\\\Windows\\\\WER\\\\Temp\\\\WER.57dfb2be-7aa4-48eb-8146-773e43864243.tmp.txt\\n\\\\\\\\?\\\\C:\\\\ProgramData\\\\Microsoft\\\\Windows\\\\WER\\\\Temp\\\\WER.9f7087d1-37b2-4b1a-950e-d3fba7ffba02.tmp.xml\", \"Bucket\": \"\", \"BucketType\": \"0\", \"CabGuid\": \"0\", \"CabId\": \"0\", \"EventName\": \"LiveKernelEvent\", \"HashedBucket\": \"\", \"P1\": \"193\", \"P10\": \"\", \"P2\": \"80e\", \"P3\": \"ffff87857aa0a080\", \"P4\": \"ffffd785658d03b0\", \"P5\": \"0\", \"P6\": \"10_0_26200\", \"P7\": \"0_0\", \"P8\": \"256_1\", \"P9\": \"\", \"Rechecking\": \"0\", \"ReportId\": \"feef7efa-b9b6-43a2-b252-e030ec2eaccd\", \"ReportStatus\": \"2051\", \"Response\": \"Not available\", \"StorePath\": \"\\\\\\\\?\\\\C:\\\\ProgramData\\\\Microsoft\\\\Windows\\\\WER\\\\ReportQueue\\\\Kernel_193_5655eec2b36f7fc2c851bb4bca9c29fc33a437c5_00000000_feef7efa-b9b6-43a2-b252-e030ec2eaccd\"}", "message": "Fault bucket , type 0\r\nEvent Name: LiveKernelEvent\r\nResponse: Not available\r\nCab Id: 0\r\n\r\nProblem signature:\r\nP1: 193\r\nP2: 80e\r\nP3: ffff87857aa0a080\r\nP4: ffffd785658d03b0\r\nP5: 0\r\nP6: 10_0_26200\r\nP7: 0_0\r\nP8: 256_1\r\nP9: \r\nP10: \r\n\r\nAttached files:\r\n\\\\?\\C:\\Windows\\LiveKernelReports\\WATCHDOG\\WATCHDOG-20260623-1415.dmp\r\n\\\\?\\C:\\Windows\\SystemTemp\\WER-925533687-0.sysdata.xml\r\n\\\\?\\C:\\ProgramData\\Microsoft\\Windows\\WER\\Temp\\WER.075454f3-c917-42b7-ae22-5e544e0cc23d.tmp.WERInternalMetadata.xml\r\n\\\\?\\C:\\ProgramData\\Microsoft\\Windows\\WER\\Temp\\WER.5880debd-1665-4ca6-9ab1-df5268ec5dfb.tmp.csv\r\n\\\\?\\C:\\ProgramData\\Microsoft\\Windows\\WER\\Temp\\WER.57dfb2be-7aa4-48eb-8146-773e43864243.tmp.txt\r\n\\\\?\\C:\\ProgramData\\Microsoft\\Windows\\WER\\Temp\\WER.9f7087d1-37b2-4b1a-950e-d3fba7ffba02.tmp.xml\r\n\r\nThese files may be available here:\r\n\\\\?\\C:\\ProgramData\\Microsoft\\Windows\\WER\\ReportQueue\\Kernel_193_5655eec2b36f7fc2c851bb4bca9c29fc33a437c5_00000000_feef7efa-b9b6-43a2-b252-e030ec2eaccd\r\n\r\nAnalysis symbol: \r\nRechecking for solution: 0\r\nReport Id: feef7efa-b9b6-43a2-b252-e030ec2eaccd\r\nReport Status: 2051\r\nHashed bucket: \r\nCab Guid: 0"}
{"timestamp": "2026-08-01T12:08:40.350Z", "record_id": 27124, "event_id": 1001, "channel": "Application", "channel_key": "application", "provider": "Windows Error Reporting", "computer": "LAPTOP-8SM7PKPU", "level": "Information", "category": "other", "user_sid": "S-1-5-18", "process_id": 29416, "is_machine_account": 0, "mapped": 0, "source_file": "Application.jsonl", "event_data": "{\"AnalysisSymbol\": \"\", \"AttachedFiles\": \"\\n\\\\\\\\?\\\\C:\\\\Windows\\\\LiveKernelReports\\\\WATCHDOG\\\\WATCHDOG-20260530-1357.dmp\\n\\\\\\\\?\\\\C:\\\\Windows\\\\SystemTemp\\\\WER-1510141656-0.sysdata.xml\\n\\\\\\\\?\\\\C:\\\\ProgramData\\\\Microsoft\\\\Windows\\\\WER\\\\Temp\\\\WER.6637a8e6-85d9-4a80-842f-cb34c6c4c222.tmp.WERInternalMetadata.xml\\n\\\\\\\\?\\\\C:\\\\ProgramData\\\\Microsoft\\\\Windows\\\\WER\\\\Temp\\\\WER.0bbc6920-2e80-4246-bf72-8fea9f75ce6c.tmp.csv\\n\\\\\\\\?\\\\C:\\\\ProgramData\\\\Microsoft\\\\Windows\\\\WER\\\\Temp\\\\WER.bc27b120-198f-4302-92cb-6ba411063d4c.tmp.txt\\n\\\\\\\\?\\\\C:\\\\ProgramData\\\\Microsoft\\\\Windows\\\\WER\\\\Temp\\\\WER.fa00eff0-57de-44eb-b148-c27c58f53d37.tmp.xml\", \"Bucket\": \"\", \"BucketType\": \"0\", \"CabGuid\": \"0\", \"CabId\": \"0\", \"EventName\": \"LiveKernelEvent\", \"HashedBucket\": \"\", \"P1\": \"193\", \"P10\": \"\", \"P2\": \"80e\", \"P3\": \"ffff8789999d3180\", \"P4\": \"ffffc506a0feead0\", \"P5\": \"0\", \"P6\": \"10_0_26200\", \"P7\": \"0_0\", \"P8\": \"256_1\", \"P9\": \"\", \"Rechecking\": \"0\", \"ReportId\": \"4f9b6f3c-15ba-4eb1-9930-3e6a67b15959\", \"ReportStatus\": \"2051\", \"Response\": \"Not available\", \"StorePath\": \"\\\\\\\\?\\\\C:\\\\ProgramData\\\\Microsoft\\\\Windows\\\\WER\\\\ReportQueue\\\\Kernel_193_984916d406ebc67914e7494a1c5ea15cd2f5f_00000000_4f9b6f3c-15ba-4eb1-9930-3e6a67b15959\"}", "message": "Fault bucket , type 0\r\nEvent Name: LiveKernelEvent\r\nResponse: Not available\r\nCab Id: 0\r\n\r\nProblem signature:\r\nP1: 193\r\nP2: 80e\r\nP3: ffff8789999d3180\r\nP4: ffffc506a0feead0\r\nP5: 0\r\nP6: 10_0_26200\r\nP7: 0_0\r\nP8: 256_1\r\nP9: \r\nP10: \r\n\r\nAttached files:\r\n\\\\?\\C:\\Windows\\LiveKernelReports\\WATCHDOG\\WATCHDOG-20260530-1357.dmp\r\n\\\\?\\C:\\Windows\\SystemTemp\\WER-1510141656-0.sysdata.xml\r\n\\\\?\\C:\\ProgramData\\Microsoft\\Windows\\WER\\Temp\\WER.6637a8e6-85d9-4a80-842f-cb34c6c4c222.tmp.WERInternalMetadata.xml\r\n\\\\?\\C:\\ProgramData\\Microsoft\\Windows\\WER\\Temp\\WER.0bbc6920-2e80-4246-bf72-8fea9f75ce6c.tmp.csv\r\n\\\\?\\C:\\ProgramData\\Microsoft\\Windows\\WER\\Temp\\WER.bc27b120-198f-4302-92cb-6ba411063d4c.tmp.txt\r\n\\\\?\\C:\\ProgramData\\Microsoft\\Windows\\WER\\Temp\\WER.fa00eff0-57de-44eb-b148-c27c58f53d37.tmp.xml\r\n\r\nThese files may be available here:\r\n\\\\?\\C:\\ProgramData\\Microsoft\\Windows\\WER\\ReportQueue\\Kernel_193_984916d406ebc67914e7494a1c5ea15cd2f5f_00000000_4f9b6f3c-15ba-4eb1-9930-3e6a67b15959\r\n\r\nAnalysis symbol: \r\nRechecking for solution: 0\r\nReport Id: 4f9b6f3c-15ba-4eb1-9930-3e6a67b15959\r\nReport Status: 2051\r\nHashed bucket: \r\nCab Guid: 0"}
{"timestamp": "2026-08-01T12:08:40.281Z", "record_id": 27123, "event_id": 1001, "channel": "Application", "channel_key": "application", "provider": "Windows Error Reporting", "computer": "LAPTOP-8SM7PKPU", "level": "Information", "category": "other", "user_sid": "S-1-5-18", "process_id": 29416, "is_machine_account": 0, "mapped": 0, "source_file": "Application.jsonl", "event_data": "{\"AnalysisSymbol\": \"\", \"AttachedFiles\": \"\\n\\\\\\\\?\\\\C:\\\\Windows\\\\LiveKernelReports\\\\UcmUcsiCx.sys\\\\UcmUcsiCx.sys-20260509-2322.dmp\\n\\\\\\\\?\\\\C:\\\\Windows\\\\SystemTemp\\\\WER-272185656-0.sysdata.xml\\n\\\\\\\\?\\\\C:\\\\ProgramData\\\\Microsoft\\\\Windows\\\\WER\\\\Temp\\\\WER.3717a5de-154e-48b1-ac4e-d44443386fbd.tmp.WERInternalMetadata.xml\\n\\\\\\\\?\\\\C:\\\\ProgramData\\\\Microsoft\\\\Windows\\\\WER\\\\Temp\\\\WER.2db181bf-9033-4960-907d-6f3e6114edc7.tmp.csv\\n\\\\\\\\?\\\\C:\\\\ProgramData\\\\Microsoft\\\\Windows\\\\WER\\\\Temp\\\\WER.ec817bed-6ca6-4940-b74f-447d9d491fbb.tmp.txt\\n\\\\\\\\?\\\\C:\\\\ProgramData\\\\Microsoft\\\\Windows\\\\WER\\\\Temp\\\\WER.e923ea3d-4fe7-465b-9fe8-23da8900b4b2.tmp.xml\", \"Bucket\": \"\", \"BucketType\": \"0\", \"CabGuid\": \"0\", \"CabId\": \"0\", \"EventName\": \"LiveKernelEvent\", \"HashedBucket\": \"\", \"P1\": \"1d4\", \"P10\": \"\", \"P2\": \"0\", \"P3\": \"12\", \"P4\": \"fffff003f90c7150\", \"P5\": \"102\", \"P6\": \"10_0_26200\", \"P7\": \"0_0\", \"P8\": \"256_1\", \"P9\": \"\", \"Rechecking\": \"0\", \"ReportId\": \"3c66456f-e1f6-4dc9-b198-75831e559848\", \"ReportStatus\": \"2051\", \"Response\": \"Not available\", \"StorePath\": \"\\\\\\\\?\\\\C:\\\\ProgramData\\\\Microsoft\\\\Windows\\\\WER\\\\ReportQueue\\\\Kernel_1d4_964e26076728cf242e9d4791629814ac6ec8c2_00000000_3c66456f-e1f6-4dc9-b198-75831e559848\"}", "message": "Fault bucket , type 0\r\nEvent Name: LiveKernelEvent\r\nResponse: Not available\r\nCab Id: 0\r\n\r\nProblem signature:\r\nP1: 1d4\r\nP2: 0\r\nP3: 12\r\nP4: fffff003f90c7150\r\nP5: 102\r\nP6: 10_0_26200\r\nP7: 0_0\r\nP8: 256_1\r\nP9: \r\nP10: \r\n\r\nAttached files:\r\n\\\\?\\C:\\Windows\\LiveKernelReports\\UcmUcsiCx.sys\\UcmUcsiCx.sys-20260509-2322.dmp\r\n\\\\?\\C:\\Windows\\SystemTemp\\WER-272185656-0.sysdata.xml\r\n\\\\?\\C:\\ProgramData\\Microsoft\\Windows\\WER\\Temp\\WER.3717a5de-154e-48b1-ac4e-d44443386fbd.tmp.WERInternalMetadata.xml\r\n\\\\?\\C:\\ProgramData\\Microsoft\\Windows\\WER\\Temp\\WER.2db181bf-9033-4960-907d-6f3e6114edc7.tmp.csv\r\n\\\\?\\C:\\ProgramData\\Microsoft\\Windows\\WER\\Temp\\WER.ec817bed-6ca6-4940-b74f-447d9d491fbb.tmp.txt\r\n\\\\?\\C:\\ProgramData\\Microsoft\\Windows\\WER\\Temp\\WER.e923ea3d-4fe7-465b-9fe8-23da8900b4b2.tmp.xml\r\n\r\nThese files may be available here:\r\n\\\\?\\C:\\ProgramData\\Microsoft\\Windows\\WER\\ReportQueue\\Kernel_1d4_964e26076728cf242e9d4791629814ac6ec8c2_00000000_3c66456f-e1f6-4dc9-b198-75831e559848\r\n\r\nAnalysis symbol: \r\nRechecking for solution: 0\r\nReport Id: 3c66456f-e1f6-4dc9-b198-75831e559848\r\nReport Status: 2051\r\nHashed bucket: \r\nCab Guid: 0"}
{"timestamp": "2026-08-01T12:08:40.162Z", "record_id": 27122, "event_id": 1001, "channel": "Application", "channel_key": "application", "provider": "Windows Error Reporting", "computer": "LAPTOP-8SM7PKPU", "level": "Information", "category": "other", "user_sid": "S-1-5-18", "process_id": 29416, "is_machine_account": 0, "mapped": 0, "source_file": "Application.jsonl", "event_data": "{\"AnalysisSymbol\": \"\", \"AttachedFiles\": \"\\n\\\\\\\\?\\\\C:\\\\Windows\\\\LiveKernelReports\\\\UcmUcsiCx.sys\\\\UcmUcsiCx.sys-20260408-0917.dmp\\n\\\\\\\\?\\\\C:\\\\Windows\\\\SystemTemp\\\\WER-862550500-0.sysdata.xml\\n\\\\\\\\?\\\\C:\\\\ProgramData\\\\Microsoft\\\\Windows\\\\WER\\\\Temp\\\\WER.cb02a0cc-3af2-42a0-8238-8c636f95d71e.tmp.WERInternalMetadata.xml\\n\\\\\\\\?\\\\C:\\\\ProgramData\\\\Microsoft\\\\Windows\\\\WER\\\\Temp\\\\WER.732c3887-520a-4825-b2e4-5639e9365604.tmp.csv\\n\\\\\\\\?\\\\C:\\\\ProgramData\\\\Microsoft\\\\Windows\\\\WER\\\\Temp\\\\WER.feffad12-c4be-4b35-888d-9e9ca76b7838.tmp.txt\\n\\\\\\\\?\\\\C:\\\\ProgramData\\\\Microsoft\\\\Windows\\\\WER\\\\Temp\\\\WER.1255de6e-eacf-44c5-876a-efe17fd4315c.tmp.xml\", \"Bucket\": \"\", \"BucketType\": \"0\", \"CabGuid\": \"0\", \"CabId\": \"0\", \"EventName\": \"LiveKernelEvent\", \"HashedBucket\": \"\", \"P1\": \"1d4\", \"P10\": \"\", \"P2\": \"0\", \"P3\": \"12\", \"P4\": \"ffff828f529b7150\", \"P5\": \"102\", \"P6\": \"10_0_26200\", \"P7\": \"0_0\", \"P8\": \"256_1\", \"P9\": \"\", \"Rechecking\": \"0\", \"ReportId\": \"0c16c476-a1b6-4770-a96b-5bd444952f3e\", \"ReportStatus\": \"2051\", \"Response\": \"Not available\", \"StorePath\": \"\\\\\\\\?\\\\C:\\\\ProgramData\\\\Microsoft\\\\Windows\\\\WER\\\\ReportQueue\\\\Kernel_1d4_58376c2ce325d9ebb38ee5f5d37663c8816c04_00000000_0c16c476-a1b6-4770-a96b-5bd444952f3e\"}", "message": "Fault bucket , type 0\r\nEvent Name: LiveKernelEvent\r\nResponse: Not available\r\nCab Id: 0\r\n\r\nProblem signature:\r\nP1: 1d4\r\nP2: 0\r\nP3: 12\r\nP4: ffff828f529b7150\r\nP5: 102\r\nP6: 10_0_26200\r\nP7: 0_0\r\nP8: 256_1\r\nP9: \r\nP10: \r\n\r\nAttached files:\r\n\\\\?\\C:\\Windows\\LiveKernelReports\\UcmUcsiCx.sys\\UcmUcsiCx.sys-20260408-0917.dmp\r\n\\\\?\\C:\\Windows\\SystemTemp\\WER-862550500-0.sysdata.xml\r\n\\\\?\\C:\\ProgramData\\Microsoft\\Windows\\WER\\Temp\\WER.cb02a0cc-3af2-42a0-8238-8c636f95d71e.tmp.WERInternalMetadata.xml\r\n\\\\?\\C:\\ProgramData\\Microsoft\\Windows\\WER\\Temp\\WER.732c3887-520a-4825-b2e4-5639e9365604.tmp.csv\r\n\\\\?\\C:\\ProgramData\\Microsoft\\Windows\\WER\\Temp\\WER.feffad12-c4be-4b35-888d-9e9ca76b7838.tmp.txt\r\n\\\\?\\C:\\ProgramData\\Microsoft\\Windows\\WER\\Temp\\WER.1255de6e-eacf-44c5-876a-efe17fd4315c.tmp.xml\r\n\r\nThese files may be available here:\r\n\\\\?\\C:\\ProgramData\\Microsoft\\Windows\\WER\\ReportQueue\\Kernel_1d4_58376c2ce325d9ebb38ee5f5d37663c8816c04_00000000_0c16c476-a1b6-4770-a96b-5bd444952f3e\r\n\r\nAnalysis symbol: \r\nRechecking for solution: 0\r\nReport Id: 0c16c476-a1b6-4770-a96b-5bd444952f3e\r\nReport Status: 2051\r\nHashed bucket: \r\nCab Guid: 0"}
{"timestamp": "2026-08-01T12:08:41.012Z", "record_id": 27121, "event_id": 16394, "channel": "Application", "channel_key": "application", "provider": "Microsoft-Windows-Security-SPP", "computer": "LAPTOP-8SM7PKPU", "level": "Information", "category": "other", "process_id": 27652, "is_machine_account": 0, "mapped": 0, "source_file": "Application.jsonl", "event_data": "{}", "message": "Offline downlevel migration succeeded."}
{"timestamp": "2026-08-01T12:08:39.965Z", "record_id": 27120, "event_id": 1001, "channel": "Application", "channel_key": "application", "provider": "Windows Error Reporting", "computer": "LAPTOP-8SM7PKPU", "level": "Information", "category": "other", "user_sid": "S-1-5-18", "process_id": 29416, "is_machine_account": 0, "mapped": 0, "source_file": "Application.jsonl", "event_data": "{\"AnalysisSymbol\": \"\", \"AttachedFiles\": \"\\n\\\\\\\\?\\\\C:\\\\Windows\\\\LiveKernelReports\\\\UcmUcsiCx.sys\\\\UcmUcsiCx.sys-20251202-0826.dmp\\n\\\\\\\\?\\\\C:\\\\Windows\\\\SystemTemp\\\\WER-143287890-0.sysdata.xml\\n\\\\\\\\?\\\\C:\\\\ProgramData\\\\Microsoft\\\\Windows\\\\WER\\\\Temp\\\\WER.da7a0a1c-f212-46a3-8285-98673ebbfecf.tmp.WERInternalMetadata.xml\\n\\\\\\\\?\\\\C:\\\\ProgramData\\\\Microsoft\\\\Windows\\\\WER\\\\Temp\\\\WER.fa91a330-f7ab-4be9-b50b-eb78ed451996.tmp.csv\\n\\\\\\\\?\\\\C:\\\\ProgramData\\\\Microsoft\\\\Windows\\\\WER\\\\Temp\\\\WER.a4baff40-12e8-417b-aa39-708ac0828792.tmp.txt\\n\\\\\\\\?\\\\C:\\\\ProgramData\\\\Microsoft\\\\Windows\\\\WER\\\\Temp\\\\WER.e95787e6-0218-43d5-906b-60f585b35cf9.tmp.xml\", \"Bucket\": \"\", \"BucketType\": \"0\", \"CabGuid\": \"0\", \"CabId\": \"0\", \"EventName\": \"LiveKernelEvent\", \"HashedBucket\": \"\", \"P1\": \"1d4\", \"P10\": \"\", \"P2\": \"0\", \"P3\": \"12\", \"P4\": \"ffffb70283eb0120\", \"P5\": \"102\", \"P6\": \"10_0_26200\", \"P7\": \"0_0\", \"P8\": \"256_1\", \"P9\": \"\", \"Rechecking\": \"0\", \"ReportId\": \"fd813499-7ee3-4b11-a99e-d55ee367584b\", \"ReportStatus\": \"2051\", \"Response\": \"Not available\", \"StorePath\": \"\\\\\\\\?\\\\C:\\\\ProgramData\\\\Microsoft\\\\Windows\\\\WER\\\\ReportQueue\\\\Kernel_1d4_fed46974cfad8464b8c8641ec3cac3358d16d35_00000000_fd813499-7ee3-4b11-a99e-d55ee367584b\"}", "message": "Fault bucket , type 0\r\nEvent Name: LiveKernelEvent\r\nResponse: Not available\r\nCab Id: 0\r\n\r\nProblem signature:\r\nP1: 1d4\r\nP2: 0\r\nP3: 12\r\nP4: ffffb70283eb0120\r\nP5: 102\r\nP6: 10_0_26200\r\nP7: 0_0\r\nP8: 256_1\r\nP9: \r\nP10: \r\n\r\nAttached files:\r\n\\\\?\\C:\\Windows\\LiveKernelReports\\UcmUcsiCx.sys\\UcmUcsiCx.sys-20251202-0826.dmp\r\n\\\\?\\C:\\Windows\\SystemTemp\\WER-143287890-0.sysdata.xml\r\n\\\\?\\C:\\ProgramData\\Microsoft\\Windows\\WER\\Temp\\WER.da7a0a1c-f212-46a3-8285-98673ebbfecf.tmp.WERInternalMetadata.xml\r\n\\\\?\\C:\\ProgramData\\Microsoft\\Windows\\WER\\Temp\\WER.fa91a330-f7ab-4be9-b50b-eb78ed451996.tmp.csv\r\n\\\\?\\C:\\ProgramData\\Microsoft\\Windows\\WER\\Temp\\WER.a4baff40-12e8-417b-aa39-708ac0828792.tmp.txt\r\n\\\\?\\C:\\ProgramData\\Microsoft\\Windows\\WER\\Temp\\WER.e95787e6-0218-43d5-906b-60f585b35cf9.tmp.xml\r\n\r\nThese files may be available here:\r\n\\\\?\\C:\\ProgramData\\Microsoft\\Windows\\WER\\ReportQueue\\Kernel_1d4_fed46974cfad8464b8c8641ec3cac3358d16d35_00000000_fd813499-7ee3-4b11-a99e-d55ee367584b\r\n\r\nAnalysis symbol: \r\nRechecking for solution: 0\r\nReport Id: fd813499-7ee3-4b11-a99e-d55ee367584b\r\nReport Status: 2051\r\nHashed bucket: \r\nCab Guid: 0"}
{"timestamp": "2026-08-01T11:38:40.972Z", "record_id": 27119, "event_id": 16384, "channel": "Application", "channel_key": "application", "provider": "Microsoft-Windows-Security-SPP", "computer": "LAPTOP-8SM7PKPU", "level": "Information", "category": "other", "process_id": 6044, "is_machine_account": 0, "mapped": 0, "source_file": "Application.jsonl", "event_data": "{\"Data\": [\"\", \"\"]}", "message": "Successfully scheduled Software Protection service for re-start at 2126-07-08T11:38:40Z. Reason: RulesEngine."}
{"timestamp": "2026-08-01T11:31:29.332Z", "record_id": 27118, "event_id": 16394, "channel": "Application", "channel_key": "application", "provider": "Microsoft-Windows-Security-SPP", "computer": "LAPTOP-8SM7PKPU", "level": "Information", "category": "other", "process_id": 6044, "is_machine_account": 0, "mapped": 0, "source_file": "Application.jsonl", "event_data": "{}", "message": "Offline downlevel migration succeeded."}
