{"timestamp": "2026-08-02T06:08:43.433Z", "record_id": 73817, "event_id": 7040, "channel": "System", "channel_key": "system", "provider": "Service Control Manager", "computer": "LAPTOP-8SM7PKPU", "level": "Information", "category": "service_install", "attack_data_sources": "DS0019:Service Creation", "user_sid": "S-1-5-18", "process_id": 1908, "service_name": "Windows Modules Installer", "service_start_type": "auto start", "is_machine_account": 0, "mapped": 1, "source_file": "System.jsonl", "event_data": "{\"param1\": \"Windows Modules Installer\", \"param2\": \"demand start\", \"param3\": \"auto start\", \"param4\": \"TrustedInstaller\"}", "message": "The start type of the Windows Modules Installer service was changed from demand start to auto start."}
{"timestamp": "2026-08-02T06:08:43.332Z", "record_id": 73816, "event_id": 1, "channel": "System", "channel_key": "system", "provider": "Microsoft-Windows-IsolatedUserMode", "computer": "LAPTOP-8SM7PKPU", "level": "Information", "category": "other", "user_sid": "S-1-5-18", "process_id": 20080, "is_machine_account": 0, "mapped": 0, "source_file": "System.jsonl", "event_data": "{\"ImageName\": \"\\\\??\\\\C:\\\\Windows\\\\system32\\\\BioIso.exe\", \"NormalProcessId\": \"20508\", \"Status\": \"0\", \"TrustletIdentity\": \"4\"}", "message": "Secure Trustlet \\??\\C:\\Windows\\system32\\BioIso.exe Id 4 and Pid 20508 started with status STATUS_SUCCESS."}
{"timestamp": "2026-08-02T06:08:43.331Z", "record_id": 73815, "event_id": 5, "channel": "System", "channel_key": "system", "provider": "Microsoft-Windows-IsolatedUserMode", "computer": "LAPTOP-8SM7PKPU", "level": "Information", "category": "other", "user_sid": "S-1-5-18", "process_id": 20080, "is_machine_account": 0, "mapped": 0, "source_file": "System.jsonl", "event_data": "{\"ImageName\": \"NULL\", \"NormalProcessId\": \"0\", \"Status\": \"0\", \"TrustletIdentity\": \"0\"}", "message": "Secure Trustlet NULL Id 0 and Pid 0 started with status STATUS_SUCCESS."}
{"timestamp": "2026-08-02T06:08:43.278Z", "record_id": 73814, "event_id": 7040, "channel": "System", "channel_key": "system", "provider": "Service Control Manager", "computer": "LAPTOP-8SM7PKPU", "level": "Information", "category": "service_install", "attack_data_sources": "DS0019:Service Creation", "user_sid": "S-1-5-18", "process_id": 1908, "service_name": "Windows Modules Installer", "service_start_type": "demand start", "is_machine_account": 0, "mapped": 1, "source_file": "System.jsonl", "event_data": "{\"param1\": \"Windows Modules Installer\", \"param2\": \"auto start\", \"param3\": \"demand start\", \"param4\": \"TrustedInstaller\"}", "message": "The start type of the Windows Modules Installer service was changed from auto start to demand start."}
{"timestamp": "2026-08-02T06:08:43.264Z", "record_id": 73813, "event_id": 7040, "channel": "System", "channel_key": "system", "provider": "Service Control Manager", "computer": "LAPTOP-8SM7PKPU", "level": "Information", "category": "service_install", "attack_data_sources": "DS0019:Service Creation", "user_sid": "S-1-5-18", "process_id": 1908, "service_name": "Windows Modules Installer", "service_start_type": "auto start", "is_machine_account": 0, "mapped": 1, "source_file": "System.jsonl", "event_data": "{\"param1\": \"Windows Modules Installer\", \"param2\": \"demand start\", \"param3\": \"auto start\", \"param4\": \"TrustedInstaller\"}", "message": "The start type of the Windows Modules Installer service was changed from demand start to auto start."}
{"timestamp": "2026-08-02T06:08:41.122Z", "record_id": 73812, "event_id": 7040, "channel": "System", "channel_key": "system", "provider": "Service Control Manager", "computer": "LAPTOP-8SM7PKPU", "level": "Information", "category": "service_install", "attack_data_sources": "DS0019:Service Creation", "user_sid": "S-1-5-18", "process_id": 1908, "service_name": "Windows Modules Installer", "service_start_type": "demand start", "is_machine_account": 0, "mapped": 1, "source_file": "System.jsonl", "event_data": "{\"param1\": \"Windows Modules Installer\", \"param2\": \"auto start\", \"param3\": \"demand start\", \"param4\": \"TrustedInstaller\"}", "message": "The start type of the Windows Modules Installer service was changed from auto start to demand start."}
{"timestamp": "2026-08-02T06:08:41.090Z", "record_id": 73811, "event_id": 7040, "channel": "System", "channel_key": "system", "provider": "Service Control Manager", "computer": "LAPTOP-8SM7PKPU", "level": "Information", "category": "service_install", "attack_data_sources": "DS0019:Service Creation", "user_sid": "S-1-5-18", "process_id": 1908, "service_name": "Windows Modules Installer", "service_start_type": "auto start", "is_machine_account": 0, "mapped": 1, "source_file": "System.jsonl", "event_data": "{\"param1\": \"Windows Modules Installer\", \"param2\": \"demand start\", \"param3\": \"auto start\", \"param4\": \"TrustedInstaller\"}", "message": "The start type of the Windows Modules Installer service was changed from demand start to auto start."}
{"timestamp": "2026-08-02T06:08:39.763Z", "record_id": 73810, "event_id": 1, "channel": "System", "channel_key": "system", "provider": "Microsoft-Windows-Kernel-General", "computer": "LAPTOP-8SM7PKPU", "level": "Information", "category": "other", "user_sid": "S-1-5-19", "process_id": 27420, "is_machine_account": 0, "mapped": 0, "source_file": "System.jsonl", "event_data": "{\"CmosTime\": \"2026-08-02T07:08:39.7629233Z\", \"NewTime\": \"2026-08-02T06:08:39.7629233Z\", \"OldTime\": \"2026-08-02T06:08:39.7628906Z\", \"ProcessID\": \"27420\", \"ProcessName\": \"\\\\Device\\\\HarddiskVolume3\\\\Windows\\\\System32\\\\svchost.exe\", \"RealTimeIsUniversal\": \"false\", \"Reason\": \"1\", \"SystemInCmosMode\": \"false\", \"TimeDeltaInMs\": \"0\", \"TimeZoneBias\": \"-60\"}", "message": "The system time has changed to ‎2026‎-‎08‎-‎02T06:08:39.762923300Z from ‎2026‎-‎08‎-‎02T06:08:39.762890600Z.\r\nTime Delta: 0 ms\r\n\r\nChange Reason: An application or system component changed the time.\r\nProcess: '\\Device\\HarddiskVolume3\\Windows\\System32\\svchost.exe' (PID 27420).\r\n\r\nRTC time: ‎2026‎-‎08‎-‎02T07:08:39.762923300Z\r\nCurrent time zone bias: -60\r\nRTC time is in UTC: false\r\nSystem time was based on RTC time: false"}
{"timestamp": "2026-08-02T06:08:39.763Z", "record_id": 73809, "event_id": 24, "channel": "System", "channel_key": "system", "provider": "Microsoft-Windows-Kernel-General", "computer": "LAPTOP-8SM7PKPU", "level": "Information", "category": "other", "user_sid": "S-1-5-19", "process_id": 27420, "is_machine_account": 0, "mapped": 0, "source_file": "System.jsonl", "event_data": "{\"CurrentBias\": \"-60\", \"CurrentTimeZoneID\": \"2\", \"ExitReason\": \"0\", \"FirstRefresh\": \"0\", \"TimeZoneInfoCacheUpdated\": \"0\"}", "message": "The time zone information was refreshed with exit reason 0. Current time zone bias is -60."}
{"timestamp": "2026-08-02T06:08:39.745Z", "record_id": 73808, "event_id": 506, "channel": "System", "channel_key": "system", "provider": "Microsoft-Windows-Kernel-Power", "computer": "LAPTOP-8SM7PKPU", "level": "Information", "category": "other", "user_sid": "S-1-5-18", "process_id": 4, "is_machine_account": 0, "mapped": 0, "source_file": "System.jsonl", "event_data": "{\"BatteryFullChargeCapacityOnEnter\": \"50640\", \"BatteryRemainingCapacityOnEnter\": \"50080\", \"BootId\": \"57\", \"ExternalMonitorConnectedState\": \"true\", \"LidOpenState\": \"false\", \"Reason\": \"16777220\", \"ScenarioInstanceId\": \"167\", \"ScenarioInstanceIdV2\": \"167\"}", "message": "The system is entering Modern Standby \r\n\r\nReason: 16777220."}
{"timestamp": "2026-08-02T06:08:39.744Z", "record_id": 73807, "event_id": 566, "channel": "System", "channel_key": "system", "provider": "Microsoft-Windows-Kernel-Power", "computer": "LAPTOP-8SM7PKPU", "level": "Information", "category": "other", "user_sid": "S-1-5-18", "process_id": 4, "is_machine_account": 0, "mapped": 0, "source_file": "System.jsonl", "event_data": "{\"BootId\": \"57\", \"MonitorReason\": \"16777220\", \"NextSessionId\": \"167\", \"NextSessionType\": \"1\", \"PowerStateAc\": \"true\", \"PreviousEnergyCapacityAtEnd\": \"50080\", \"PreviousEnergyCapacityAtStart\": \"50120\", \"PreviousFullEnergyCapacityAtEnd\": \"50640\", \"PreviousFullEnergyCapacityAtStart\": \"50640\", \"PreviousSessionDurationInUs\": \"35944422648\", \"PreviousSessionId\": \"166\", \"PreviousSessionType\": \"2\", \"Reason\": \"16777220\"}", "message": "The system session has transitioned from 166 to 167.\r\n\r\nReason 16777220 \r\n\r\nBootId: 57"}
{"timestamp": "2026-08-02T06:08:39.744Z", "record_id": 73806, "event_id": 507, "channel": "System", "channel_key": "system", "provider": "Microsoft-Windows-Kernel-Power", "computer": "LAPTOP-8SM7PKPU", "level": "Information", "category": "other", "user_sid": "S-1-5-18", "process_id": 4, "is_machine_account": 0, "mapped": 0, "source_file": "System.jsonl", "event_data": "{\"ActiveResidencyInUs\": \"36005226571\", \"AoAcCompliantNic\": \"true\", \"AudioPlaybackInUs\": \"0\", \"AudioPlaying\": \"false\", \"BatteryFullChargeCapacityOnExit\": \"50640\", \"BatteryRemainingCapacityOnExit\": \"50080\", \"BootId\": \"57\", \"DisconnectedStandby\": \"false\", \"DripsResidencyInUs\": \"0\", \"DripsTransitions\": \"0\", \"DurationInUs\": \"36005226571\", \"DwmSyncFlushTime\": \"0\", \"EnergyDrain\": \"7\", \"ExitLatencyInUs\": \"0\", \"ExternalMonitorConnectedState\": \"true\", \"FirstDripsEntryInUs\": \"0\", \"FullChargeCapacityRatio\": \"96\", \"GdiOnTime\": \"0\", \"HwDripsResidencyInUs\": \"0\", \"InputSuppressionActionCount\": \"0\", \"IsCsSessionInProgressOnExit\": \"true\", \"LidOpenState\": \"false\", \"ModernSleepAppliedActionsBitmask\": \"4\", \"ModernSleepEnabledActionsBitmask\": \"7\", \"MonitorPowerOnTime\": \"0\", \"NonActivatedCpuInUs\": \"1318773014\", \"NonAttributedCpuInUs\": \"0\", \"NonDripsTimeActivatedInUs\": \"324973307788\", \"NonResiliencyTimeInUs\": \"18446743750324252468\", \"PowerButtonSuppressionActionCount\": \"0\", \"PowerSchemeInfo\": \"4\", \"PowerStateAc\": \"true\", \"Reason\": \"16777220\", \"ResiliencyDripsTimeInUs\": \"0\", \"ResiliencyHwDripsTimeInUs\": \"0\", \"ScenarioInstanceId\": \"167\", \"ScenarioInstanceIdV2\": \"165\", \"ScreenOffDurationInUs\": \"60808619\", \"ScreenOffEnergyCapacityAtEnd\": \"50120\", \"ScreenOffEnergyCapacityAtStart\": \"50160\", \"ScreenOffFullEnergyCapacityAtEnd\": \"50640\", \"ScreenOffFullEnergyCapacityAtStart\": \"50640\", \"ScreenOffHwDripsResidencyInUs\": \"0\", \"ScreenOffSwDripsResidencyInUs\": \"0\", \"SleepDurationInUs\": \"35944422648\", \"SleepEnergyCapacityAtEnd\": \"50080\", \"SleepEnergyCapacityAtStart\": \"50120\", \"SleepEntered\": \"true\", \"SleepFullEnergyCapacityAtEnd\": \"50640\", \"SleepFullEnergyCapacityAtStart\": \"50640\", \"SleepHwDripsResidencyInUs\": \"0\", \"SleepSwDripsResidencyInUs\": \"0\"}", "message": "The system is exiting Modern Standby \r\n\r\nReason: 16777220."}
{"timestamp": "2026-08-01T23:54:34.538Z", "record_id": 73805, "event_id": 37, "channel": "System", "channel_key": "system", "provider": "Microsoft-Windows-Time-Service", "computer": "LAPTOP-8SM7PKPU", "level": "Information", "category": "other", "user_sid": "S-1-5-19", "process_id": 27420, "is_machine_account": 0, "mapped": 0, "source_file": "System.jsonl", "event_data": "{\"TimeSource\": \"time.windows.com,0x9 (ntp.m|0x9|0.0.0.0:123->51.145.123.29:123)\"}", "message": "The time provider NtpClient is currently receiving valid time data from time.windows.com,0x9 (ntp.m|0x9|0.0.0.0:123->51.145.123.29:123)."}
{"timestamp": "2026-08-01T22:18:16.390Z", "record_id": 73804, "event_id": 19, "channel": "System", "channel_key": "system", "provider": "Microsoft-Windows-WindowsUpdateClient", "computer": "LAPTOP-8SM7PKPU", "level": "Information", "category": "other", "user_sid": "S-1-5-18", "process_id": 27016, "is_machine_account": 0, "mapped": 0, "source_file": "System.jsonl", "event_data": "{\"serviceGuid\": \"{9482f4b4-e343-43b6-b170-9a65bc822c77}\", \"updateGuid\": \"{4c5933b9-3ff2-46f0-8439-41ce272b06e3}\", \"updateRevisionNumber\": \"200\", \"updateTitle\": \"Security Intelligence Update for Microsoft Defender Antivirus - KB2267602 (Version 1.455.459.0) - Current Channel (Broad)\"}", "message": "Installation Successful: Windows successfully installed the following update: Security Intelligence Update for Microsoft Defender Antivirus - KB2267602 (Version 1.455.459.0) - Current Channel (Broad)"}
{"timestamp": "2026-08-01T22:18:07.389Z", "record_id": 73803, "event_id": 43, "channel": "System", "channel_key": "system", "provider": "Microsoft-Windows-WindowsUpdateClient", "computer": "LAPTOP-8SM7PKPU", "level": "Information", "category": "other", "user_sid": "S-1-5-18", "process_id": 27016, "is_machine_account": 0, "mapped": 0, "source_file": "System.jsonl", "event_data": "{\"updateGuid\": \"{4c5933b9-3ff2-46f0-8439-41ce272b06e3}\", \"updateRevisionNumber\": \"200\", \"updateTitle\": \"Security Intelligence Update for Microsoft Defender Antivirus - KB2267602 (Version 1.455.459.0) - Current Channel (Broad)\"}", "message": "Installation Started: Windows has started installing the following update: Security Intelligence Update for Microsoft Defender Antivirus - KB2267602 (Version 1.455.459.0) - Current Channel (Broad)"}
{"timestamp": "2026-08-01T22:18:07.389Z", "record_id": 73802, "event_id": 44, "channel": "System", "channel_key": "system", "provider": "Microsoft-Windows-WindowsUpdateClient", "computer": "LAPTOP-8SM7PKPU", "level": "Information", "category": "other", "user_sid": "S-1-5-18", "process_id": 27016, "is_machine_account": 0, "mapped": 0, "source_file": "System.jsonl", "event_data": "{\"updateGuid\": \"{4c5933b9-3ff2-46f0-8439-41ce272b06e3}\", \"updateRevisionNumber\": \"200\", \"updateTitle\": \"Security Intelligence Update for Microsoft Defender Antivirus - KB2267602 (Version 1.455.459.0) - Current Channel (Broad)\"}", "message": "Windows Update started downloading an update."}
{"timestamp": "2026-08-01T20:09:35.316Z", "record_id": 73801, "event_id": 566, "channel": "System", "channel_key": "system", "provider": "Microsoft-Windows-Kernel-Power", "computer": "LAPTOP-8SM7PKPU", "level": "Information", "category": "other", "user_sid": "S-1-5-18", "process_id": 4, "is_machine_account": 0, "mapped": 0, "source_file": "System.jsonl", "event_data": "{\"BootId\": \"57\", \"MonitorReason\": \"28\", \"NextSessionId\": \"166\", \"NextSessionType\": \"2\", \"PowerStateAc\": \"true\", \"PreviousEnergyCapacityAtEnd\": \"50120\", \"PreviousEnergyCapacityAtStart\": \"50160\", \"PreviousFullEnergyCapacityAtEnd\": \"50640\", \"PreviousFullEnergyCapacityAtStart\": \"50640\", \"PreviousSessionDurationInUs\": \"60808619\", \"PreviousSessionId\": \"165\", \"PreviousSessionType\": \"1\", \"Reason\": \"28\"}", "message": "The system session has transitioned from 165 to 166.\r\n\r\nReason InputMouse \r\n\r\nBootId: 57"}
{"timestamp": "2026-08-01T20:08:34.516Z", "record_id": 73800, "event_id": 506, "channel": "System", "channel_key": "system", "provider": "Microsoft-Windows-Kernel-Power", "computer": "LAPTOP-8SM7PKPU", "level": "Information", "category": "other", "user_sid": "S-1-5-18", "process_id": 4, "is_machine_account": 0, "mapped": 0, "source_file": "System.jsonl", "event_data": "{\"BatteryFullChargeCapacityOnEnter\": \"50640\", \"BatteryRemainingCapacityOnEnter\": \"50160\", \"BootId\": \"57\", \"ExternalMonitorConnectedState\": \"true\", \"LidOpenState\": \"false\", \"Reason\": \"16777220\", \"ScenarioInstanceId\": \"165\", \"ScenarioInstanceIdV2\": \"165\"}", "message": "The system is entering Modern Standby \r\n\r\nReason: 16777220."}
{"timestamp": "2026-08-01T20:08:34.516Z", "record_id": 73799, "event_id": 566, "channel": "System", "channel_key": "system", "provider": "Microsoft-Windows-Kernel-Power", "computer": "LAPTOP-8SM7PKPU", "level": "Information", "category": "other", "user_sid": "S-1-5-18", "process_id": 4, "is_machine_account": 0, "mapped": 0, "source_file": "System.jsonl", "event_data": "{\"BootId\": \"57\", \"MonitorReason\": \"16777220\", \"NextSessionId\": \"165\", \"NextSessionType\": \"1\", \"PowerStateAc\": \"true\", \"PreviousEnergyCapacityAtEnd\": \"50160\", \"PreviousEnergyCapacityAtStart\": \"50200\", \"PreviousFullEnergyCapacityAtEnd\": \"50640\", \"PreviousFullEnergyCapacityAtStart\": \"50640\", \"PreviousSessionDurationInUs\": \"28794210780\", \"PreviousSessionId\": \"164\", \"PreviousSessionType\": \"2\", \"Reason\": \"16777220\"}", "message": "The system session has transitioned from 164 to 165.\r\n\r\nReason 16777220 \r\n\r\nBootId: 57"}
{"timestamp": "2026-08-01T20:08:34.516Z", "record_id": 73798, "event_id": 507, "channel": "System", "channel_key": "system", "provider": "Microsoft-Windows-Kernel-Power", "computer": "LAPTOP-8SM7PKPU", "level": "Information", "category": "other", "user_sid": "S-1-5-18", "process_id": 4, "is_machine_account": 0, "mapped": 0, "source_file": "System.jsonl", "event_data": "{\"ActiveResidencyInUs\": \"28795443493\", \"AoAcCompliantNic\": \"true\", \"AudioPlaybackInUs\": \"0\", \"AudioPlaying\": \"false\", \"BatteryFullChargeCapacityOnExit\": \"50640\", \"BatteryRemainingCapacityOnExit\": \"50160\", \"BootId\": \"57\", \"DisconnectedStandby\": \"false\", \"DripsResidencyInUs\": \"0\", \"DripsTransitions\": \"0\", \"DurationInUs\": \"28795443493\", \"DwmSyncFlushTime\": \"0\", \"EnergyDrain\": \"5\", \"ExitLatencyInUs\": \"0\", \"ExternalMonitorConnectedState\": \"true\", \"FirstDripsEntryInUs\": \"0\", \"FullChargeCapacityRatio\": \"96\", \"GdiOnTime\": \"0\", \"HwDripsResidencyInUs\": \"0\", \"InputSuppressionActionCount\": \"0\", \"IsCsSessionInProgressOnExit\": \"true\", \"LidOpenState\": \"false\", \"ModernSleepAppliedActionsBitmask\": \"4\", \"ModernSleepEnabledActionsBitmask\": \"7\", \"MonitorPowerOnTime\": \"0\", \"NonActivatedCpuInUs\": \"1045273857\", \"NonAttributedCpuInUs\": \"0\", \"NonDripsTimeActivatedInUs\": \"260303624513\", \"NonResiliencyTimeInUs\": \"18446743814616497139\", \"PowerButtonSuppressionActionCount\": \"0\", \"PowerSchemeInfo\": \"4\", \"PowerStateAc\": \"true\", \"Reason\": \"16777220\", \"ResiliencyDripsTimeInUs\": \"0\", \"ResiliencyHwDripsTimeInUs\": \"0\", \"ScenarioInstanceId\": \"165\", \"ScenarioInstanceIdV2\": \"163\", \"ScreenOffDurationInUs\": \"1230610\", \"ScreenOffEnergyCapacityAtEnd\": \"50200\", \"ScreenOffEnergyCapacityAtStart\": \"50200\", \"ScreenOffFullEnergyCapacityAtEnd\": \"50640\", \"ScreenOffFullEnergyCapacityAtStart\": \"50640\", \"ScreenOffHwDripsResidencyInUs\": \"0\", \"ScreenOffSwDripsResidencyInUs\": \"0\", \"SleepDurationInUs\": \"28794210780\", \"SleepEnergyCapacityAtEnd\": \"50160\", \"SleepEnergyCapacityAtStart\": \"50200\", \"SleepEntered\": \"true\", \"SleepFullEnergyCapacityAtEnd\": \"50640\", \"SleepFullEnergyCapacityAtStart\": \"50640\", \"SleepHwDripsResidencyInUs\": \"0\", \"SleepSwDripsResidencyInUs\": \"0\"}", "message": "The system is exiting Modern Standby \r\n\r\nReason: 16777220."}
{"timestamp": "2026-08-01T20:08:34.512Z", "record_id": 73797, "event_id": 1, "channel": "System", "channel_key": "system", "provider": "Microsoft-Windows-Kernel-General", "computer": "LAPTOP-8SM7PKPU", "level": "Information", "category": "other", "user_sid": "S-1-5-19", "process_id": 27420, "is_machine_account": 0, "mapped": 0, "source_file": "System.jsonl", "event_data": "{\"CmosTime\": \"2026-08-01T21:08:34.5116857Z\", \"NewTime\": \"2026-08-01T20:08:34.5116857Z\", \"OldTime\": \"2026-08-01T20:08:34.5108245Z\", \"ProcessID\": \"27420\", \"ProcessName\": \"\\\\Device\\\\HarddiskVolume3\\\\Windows\\\\System32\\\\svchost.exe\", \"RealTimeIsUniversal\": \"false\", \"Reason\": \"1\", \"SystemInCmosMode\": \"false\", \"TimeDeltaInMs\": \"0\", \"TimeZoneBias\": \"-60\"}", "message": "The system time has changed to ‎2026‎-‎08‎-‎01T20:08:34.511685700Z from ‎2026‎-‎08‎-‎01T20:08:34.510824500Z.\r\nTime Delta: 0 ms\r\n\r\nChange Reason: An application or system component changed the time.\r\nProcess: '\\Device\\HarddiskVolume3\\Windows\\System32\\svchost.exe' (PID 27420).\r\n\r\nRTC time: ‎2026‎-‎08‎-‎01T21:08:34.511685700Z\r\nCurrent time zone bias: -60\r\nRTC time is in UTC: false\r\nSystem time was based on RTC time: false"}
{"timestamp": "2026-08-01T20:08:34.512Z", "record_id": 73796, "event_id": 24, "channel": "System", "channel_key": "system", "provider": "Microsoft-Windows-Kernel-General", "computer": "LAPTOP-8SM7PKPU", "level": "Information", "category": "other", "user_sid": "S-1-5-19", "process_id": 27420, "is_machine_account": 0, "mapped": 0, "source_file": "System.jsonl", "event_data": "{\"CurrentBias\": \"-60\", \"CurrentTimeZoneID\": \"2\", \"ExitReason\": \"0\", \"FirstRefresh\": \"0\", \"TimeZoneInfoCacheUpdated\": \"0\"}", "message": "The time zone information was refreshed with exit reason 0. Current time zone bias is -60."}
{"timestamp": "2026-08-01T14:48:26.527Z", "record_id": 73795, "event_id": 35, "channel": "System", "channel_key": "system", "provider": "Microsoft-Windows-Time-Service", "computer": "LAPTOP-8SM7PKPU", "level": "Information", "category": "other", "user_sid": "S-1-5-19", "process_id": 27420, "is_machine_account": 0, "mapped": 0, "source_file": "System.jsonl", "event_data": "{\"CurrentStratumNumber\": \"5\", \"TimeSource\": \"time.windows.com,0x9 (ntp.m|0x9|0.0.0.0:123->51.145.123.29:123)\", \"TimeSourceRefId\": \"494637363\"}", "message": "The time service is now synchronizing the system time with the time source time.windows.com,0x9 (ntp.m|0x9|0.0.0.0:123->51.145.123.29:123) with reference id 494637363. Current local stratum number is 5."}
{"timestamp": "2026-08-01T14:48:26.518Z", "record_id": 73794, "event_id": 37, "channel": "System", "channel_key": "system", "provider": "Microsoft-Windows-Time-Service", "computer": "LAPTOP-8SM7PKPU", "level": "Information", "category": "other", "user_sid": "S-1-5-19", "process_id": 27420, "is_machine_account": 0, "mapped": 0, "source_file": "System.jsonl", "event_data": "{\"TimeSource\": \"time.windows.com,0x9 (ntp.m|0x9|0.0.0.0:123->51.145.123.29:123)\"}", "message": "The time provider NtpClient is currently receiving valid time data from time.windows.com,0x9 (ntp.m|0x9|0.0.0.0:123->51.145.123.29:123)."}
{"timestamp": "2026-08-01T12:08:40.297Z", "record_id": 73793, "event_id": 566, "channel": "System", "channel_key": "system", "provider": "Microsoft-Windows-Kernel-Power", "computer": "LAPTOP-8SM7PKPU", "level": "Information", "category": "other", "user_sid": "S-1-5-18", "process_id": 4, "is_machine_account": 0, "mapped": 0, "source_file": "System.jsonl", "event_data": "{\"BootId\": \"57\", \"MonitorReason\": \"28\", \"NextSessionId\": \"164\", \"NextSessionType\": \"2\", \"PowerStateAc\": \"true\", \"PreviousEnergyCapacityAtEnd\": \"50200\", \"PreviousEnergyCapacityAtStart\": \"50200\", \"PreviousFullEnergyCapacityAtEnd\": \"50640\", \"PreviousFullEnergyCapacityAtStart\": \"50640\", \"PreviousSessionDurationInUs\": \"1230610\", \"PreviousSessionId\": \"163\", \"PreviousSessionType\": \"1\", \"Reason\": \"28\"}", "message": "The system session has transitioned from 163 to 164.\r\n\r\nReason InputMouse \r\n\r\nBootId: 57"}
{"timestamp": "2026-08-01T12:08:39.072Z", "record_id": 73792, "event_id": 506, "channel": "System", "channel_key": "system", "provider": "Microsoft-Windows-Kernel-Power", "computer": "LAPTOP-8SM7PKPU", "level": "Information", "category": "other", "user_sid": "S-1-5-18", "process_id": 4, "is_machine_account": 0, "mapped": 0, "source_file": "System.jsonl", "event_data": "{\"BatteryFullChargeCapacityOnEnter\": \"50640\", \"BatteryRemainingCapacityOnEnter\": \"50200\", \"BootId\": \"57\", \"ExternalMonitorConnectedState\": \"true\", \"LidOpenState\": \"false\", \"Reason\": \"16777220\", \"ScenarioInstanceId\": \"163\", \"ScenarioInstanceIdV2\": \"163\"}", "message": "The system is entering Modern Standby \r\n\r\nReason: 16777220."}
{"timestamp": "2026-08-01T12:08:39.071Z", "record_id": 73791, "event_id": 566, "channel": "System", "channel_key": "system", "provider": "Microsoft-Windows-Kernel-Power", "computer": "LAPTOP-8SM7PKPU", "level": "Information", "category": "other", "user_sid": "S-1-5-18", "process_id": 4, "is_machine_account": 0, "mapped": 0, "source_file": "System.jsonl", "event_data": "{\"BootId\": \"57\", \"MonitorReason\": \"16777220\", \"NextSessionId\": \"163\", \"NextSessionType\": \"1\", \"PowerStateAc\": \"true\", \"PreviousEnergyCapacityAtEnd\": \"50200\", \"PreviousEnergyCapacityAtStart\": \"50220\", \"PreviousFullEnergyCapacityAtEnd\": \"50640\", \"PreviousFullEnergyCapacityAtStart\": \"50640\", \"PreviousSessionDurationInUs\": \"1801061542\", \"PreviousSessionId\": \"162\", \"PreviousSessionType\": \"2\", \"Reason\": \"16777220\"}", "message": "The system session has transitioned from 162 to 163.\r\n\r\nReason 16777220 \r\n\r\nBootId: 57"}
{"timestamp": "2026-08-01T12:08:39.071Z", "record_id": 73790, "event_id": 507, "channel": "System", "channel_key": "system", "provider": "Microsoft-Windows-Kernel-Power", "computer": "LAPTOP-8SM7PKPU", "level": "Information", "category": "other", "user_sid": "S-1-5-18", "process_id": 4, "is_machine_account": 0, "mapped": 0, "source_file": "System.jsonl", "event_data": "{\"ActiveResidencyInUs\": \"575352980\", \"AoAcCompliantNic\": \"true\", \"AudioPlaybackInUs\": \"0\", \"AudioPlaying\": \"false\", \"BatteryFullChargeCapacityOnExit\": \"50640\", \"BatteryRemainingCapacityOnExit\": \"50200\", \"BootId\": \"57\", \"DisconnectedStandby\": \"false\", \"DripsResidencyInUs\": \"1230732067\", \"DripsTransitions\": \"44\", \"DurationInUs\": \"1806085047\", \"DwmSyncFlushTime\": \"0\", \"EnergyDrain\": \"59\", \"ExitLatencyInUs\": \"0\", \"ExternalMonitorConnectedState\": \"true\", \"FirstDripsEntryInUs\": \"54118667\", \"FullChargeCapacityRatio\": \"96\", \"GdiOnTime\": \"0\", \"HwDripsResidencyInUs\": \"1208351075\", \"InputSuppressionActionCount\": \"0\", \"IsCsSessionInProgressOnExit\": \"true\", \"LidOpenState\": \"false\", \"ModernSleepAppliedActionsBitmask\": \"5\", \"ModernSleepEnabledActionsBitmask\": \"7\", \"MonitorPowerOnTime\": \"0\", \"NonActivatedCpuInUs\": \"29711886\", \"NonAttributedCpuInUs\": \"286126\", \"NonDripsTimeActivatedInUs\": \"16224778855\", \"NonResiliencyTimeInUs\": \"18446744057558595871\", \"PowerButtonSuppressionActionCount\": \"0\", \"PowerSchemeInfo\": \"4\", \"PowerStateAc\": \"true\", \"Reason\": \"16777220\", \"ResiliencyDripsTimeInUs\": \"1230732067\", \"ResiliencyHwDripsTimeInUs\": \"1208351075\", \"ScenarioInstanceId\": \"163\", \"ScenarioInstanceIdV2\": \"161\", \"ScreenOffDurationInUs\": \"5019945\", \"ScreenOffEnergyCapacityAtEnd\": \"50220\", \"ScreenOffEnergyCapacityAtStart\": \"50230\", \"ScreenOffFullEnergyCapacityAtEnd\": \"50640\", \"ScreenOffFullEnergyCapacityAtStart\": \"50640\", \"ScreenOffHwDripsResidencyInUs\": \"0\", \"ScreenOffSwDripsResidencyInUs\": \"0\", \"SleepDurationInUs\": \"1801061542\", \"SleepEnergyCapacityAtEnd\": \"50200\", \"SleepEnergyCapacityAtStart\": \"50220\", \"SleepEntered\": \"true\", \"SleepFullEnergyCapacityAtEnd\": \"50640\", \"SleepFullEnergyCapacityAtStart\": \"50640\", \"SleepHwDripsResidencyInUs\": \"1208351075\", \"SleepSwDripsResidencyInUs\": \"1230732067\"}", "message": "The system is exiting Modern Standby \r\n\r\nReason: 16777220."}
{"timestamp": "2026-08-01T11:38:38.007Z", "record_id": 73789, "event_id": 566, "channel": "System", "channel_key": "system", "provider": "Microsoft-Windows-Kernel-Power", "computer": "LAPTOP-8SM7PKPU", "level": "Information", "category": "other", "user_sid": "S-1-5-18", "process_id": 4, "is_machine_account": 0, "mapped": 0, "source_file": "System.jsonl", "event_data": "{\"BootId\": \"57\", \"MonitorReason\": \"28\", \"NextSessionId\": \"162\", \"NextSessionType\": \"2\", \"PowerStateAc\": \"true\", \"PreviousEnergyCapacityAtEnd\": \"50220\", \"PreviousEnergyCapacityAtStart\": \"50230\", \"PreviousFullEnergyCapacityAtEnd\": \"50640\", \"PreviousFullEnergyCapacityAtStart\": \"50640\", \"PreviousSessionDurationInUs\": \"5019945\", \"PreviousSessionId\": \"161\", \"PreviousSessionType\": \"1\", \"Reason\": \"28\"}", "message": "The system session has transitioned from 161 to 162.\r\n\r\nReason InputMouse \r\n\r\nBootId: 57"}
{"timestamp": "2026-08-01T11:38:33.182Z", "record_id": 73788, "event_id": 18, "channel": "System", "channel_key": "system", "provider": "BTHUSB", "computer": "LAPTOP-8SM7PKPU", "level": "Information", "category": "other", "process_id": 4, "is_machine_account": 0, "mapped": 0, "source_file": "System.jsonl", "event_data": "{}", "message": "Windows cannot store Bluetooth authentication codes (link keys) on the local adapter. Bluetooth keyboards might not work in the system BIOS during start-up."}
{"timestamp": "2026-08-01T11:38:32.986Z", "record_id": 73787, "event_id": 506, "channel": "System", "channel_key": "system", "provider": "Microsoft-Windows-Kernel-Power", "computer": "LAPTOP-8SM7PKPU", "level": "Information", "category": "other", "user_sid": "S-1-5-18", "process_id": 4, "is_machine_account": 0, "mapped": 0, "source_file": "System.jsonl", "event_data": "{\"BatteryFullChargeCapacityOnEnter\": \"50640\", \"BatteryRemainingCapacityOnEnter\": \"50230\", \"BootId\": \"57\", \"ExternalMonitorConnectedState\": \"false\", \"LidOpenState\": \"false\", \"Reason\": \"28\", \"ScenarioInstanceId\": \"161\", \"ScenarioInstanceIdV2\": \"161\"}", "message": "The system is entering Modern Standby \r\n\r\nReason: AC/DC Display Burst Suppressed."}
{"timestamp": "2026-08-01T11:38:32.985Z", "record_id": 73786, "event_id": 566, "channel": "System", "channel_key": "system", "provider": "Microsoft-Windows-Kernel-Power", "computer": "LAPTOP-8SM7PKPU", "level": "Information", "category": "other", "user_sid": "S-1-5-18", "process_id": 4, "is_machine_account": 0, "mapped": 0, "source_file": "System.jsonl", "event_data": "{\"BootId\": \"57\", \"MonitorReason\": \"28\", \"NextSessionId\": \"161\", \"NextSessionType\": \"1\", \"PowerStateAc\": \"true\", \"PreviousEnergyCapacityAtEnd\": \"50230\", \"PreviousEnergyCapacityAtStart\": \"50370\", \"PreviousFullEnergyCapacityAtEnd\": \"50640\", \"PreviousFullEnergyCapacityAtStart\": \"50640\", \"PreviousSessionDurationInUs\": \"352029653\", \"PreviousSessionId\": \"160\", \"PreviousSessionType\": \"2\", \"Reason\": \"28\"}", "message": "The system session has transitioned from 160 to 161.\r\n\r\nReason InputMouse \r\n\r\nBootId: 57"}
{"timestamp": "2026-08-01T11:38:32.985Z", "record_id": 73785, "event_id": 507, "channel": "System", "channel_key": "system", "provider": "Microsoft-Windows-Kernel-Power", "computer": "LAPTOP-8SM7PKPU", "level": "Information", "category": "other", "user_sid": "S-1-5-18", "process_id": 4, "is_machine_account": 0, "mapped": 0, "source_file": "System.jsonl", "event_data": "{\"ActiveResidencyInUs\": \"23170249\", \"AoAcCompliantNic\": \"true\", \"AudioPlaybackInUs\": \"0\", \"AudioPlaying\": \"false\", \"BatteryFullChargeCapacityOnExit\": \"50640\", \"BatteryRemainingCapacityOnExit\": \"50230\", \"BootId\": \"57\", \"DisconnectedStandby\": \"true\", \"DripsResidencyInUs\": \"333892109\", \"DripsTransitions\": \"5\", \"DurationInUs\": \"357062358\", \"DwmSyncFlushTime\": \"0\", \"EnergyDrain\": \"1411\", \"ExitLatencyInUs\": \"0\", \"ExternalMonitorConnectedState\": \"false\", \"FirstDripsEntryInUs\": \"22593351\", \"FullChargeCapacityRatio\": \"96\", \"GdiOnTime\": \"0\", \"HwDripsResidencyInUs\": \"331881682\", \"InputSuppressionActionCount\": \"1\", \"IsCsSessionInProgressOnExit\": \"true\", \"LidOpenState\": \"false\", \"ModernSleepAppliedActionsBitmask\": \"4\", \"ModernSleepEnabledActionsBitmask\": \"7\", \"MonitorPowerOnTime\": \"0\", \"NonActivatedCpuInUs\": \"467359\", \"NonAttributedCpuInUs\": \"18413\", \"NonDripsTimeActivatedInUs\": \"3121981674\", \"NonResiliencyTimeInUs\": \"18446744070600052274\", \"PowerButtonSuppressionActionCount\": \"1\", \"PowerSchemeInfo\": \"4\", \"PowerStateAc\": \"false\", \"Reason\": \"28\", \"ResiliencyDripsTimeInUs\": \"333892109\", \"ResiliencyHwDripsTimeInUs\": \"331881682\", \"ScenarioInstanceId\": \"161\", \"ScenarioInstanceIdV2\": \"159\", \"ScreenOffDurationInUs\": \"5031627\", \"ScreenOffEnergyCapacityAtEnd\": \"50370\", \"ScreenOffEnergyCapacityAtStart\": \"50370\", \"ScreenOffFullEnergyCapacityAtEnd\": \"50640\", \"ScreenOffFullEnergyCapacityAtStart\": \"50640\", \"ScreenOffHwDripsResidencyInUs\": \"0\", \"ScreenOffSwDripsResidencyInUs\": \"0\", \"SleepDurationInUs\": \"352029653\", \"SleepEnergyCapacityAtEnd\": \"50230\", \"SleepEnergyCapacityAtStart\": \"50370\", \"SleepEntered\": \"true\", \"SleepFullEnergyCapacityAtEnd\": \"50640\", \"SleepFullEnergyCapacityAtStart\": \"50640\", \"SleepHwDripsResidencyInUs\": \"331881682\", \"SleepSwDripsResidencyInUs\": \"333892109\"}", "message": "The system is exiting Modern Standby \r\n\r\nReason: AC/DC Display Burst Suppressed."}
{"timestamp": "2026-08-01T11:38:32.985Z", "record_id": 73784, "event_id": 172, "channel": "System", "channel_key": "system", "provider": "Microsoft-Windows-Kernel-Power", "computer": "LAPTOP-8SM7PKPU", "level": "Information", "category": "other", "user_sid": "S-1-5-18", "process_id": 4, "is_machine_account": 0, "mapped": 0, "source_file": "System.jsonl", "event_data": "{\"Reason\": \"0\", \"State\": \"0\"}", "message": "Connectivity state in standby: Connected, Reason: None"}
{"timestamp": "2026-08-01T11:38:32.948Z", "record_id": 73783, "event_id": 701, "channel": "System", "channel_key": "system", "provider": "Win32k", "computer": "LAPTOP-8SM7PKPU", "level": "Warning", "category": "other", "process_id": 4, "is_machine_account": 0, "mapped": 0, "source_file": "System.jsonl", "event_data": "{}", "message": "Power Manager has not requested suppression of all input (INPUT_SUPPRESS_REQUEST=0)"}
{"timestamp": "2026-08-01T11:38:32.948Z", "record_id": 73782, "event_id": 701, "channel": "System", "channel_key": "system", "provider": "Win32k", "computer": "LAPTOP-8SM7PKPU", "level": "Warning", "category": "other", "process_id": 4, "is_machine_account": 0, "mapped": 0, "source_file": "System.jsonl", "event_data": "{}", "message": "Power Manager has not requested suppression of all input (INPUT_SUPPRESS_REQUEST=0)"}
{"timestamp": "2026-08-01T11:38:32.927Z", "record_id": 73781, "event_id": 105, "channel": "System", "channel_key": "system", "provider": "Microsoft-Windows-Kernel-Power", "computer": "LAPTOP-8SM7PKPU", "level": "Information", "category": "other", "user_sid": "S-1-5-18", "process_id": 4, "is_machine_account": 0, "mapped": 0, "source_file": "System.jsonl", "event_data": "{\"AcOnline\": \"true\", \"FullChargeCapacity\": \"50640\", \"RemainingCapacity\": \"50360\"}", "message": "Power source change."}
{"timestamp": "2026-08-01T11:32:47.530Z", "record_id": 73780, "event_id": 18, "channel": "System", "channel_key": "system", "provider": "BTHUSB", "computer": "LAPTOP-8SM7PKPU", "level": "Information", "category": "other", "process_id": 4, "is_machine_account": 0, "mapped": 0, "source_file": "System.jsonl", "event_data": "{}", "message": "Windows cannot store Bluetooth authentication codes (link keys) on the local adapter. Bluetooth keyboards might not work in the system BIOS during start-up."}
{"timestamp": "2026-08-01T11:32:47.350Z", "record_id": 73779, "event_id": 172, "channel": "System", "channel_key": "system", "provider": "Microsoft-Windows-Kernel-Power", "computer": "LAPTOP-8SM7PKPU", "level": "Information", "category": "other", "user_sid": "S-1-5-18", "process_id": 4, "is_machine_account": 0, "mapped": 0, "source_file": "System.jsonl", "event_data": "{\"Reason\": \"1\", \"State\": \"2\"}", "message": "Connectivity state in standby: Disconnected, Reason: Policy Setting"}
{"timestamp": "2026-08-01T11:32:40.958Z", "record_id": 73778, "event_id": 566, "channel": "System", "channel_key": "system", "provider": "Microsoft-Windows-Kernel-Power", "computer": "LAPTOP-8SM7PKPU", "level": "Information", "category": "other", "user_sid": "S-1-5-18", "process_id": 4, "is_machine_account": 0, "mapped": 0, "source_file": "System.jsonl", "event_data": "{\"BootId\": \"57\", \"MonitorReason\": \"55\", \"NextSessionId\": \"160\", \"NextSessionType\": \"2\", \"PowerStateAc\": \"false\", \"PreviousEnergyCapacityAtEnd\": \"50370\", \"PreviousEnergyCapacityAtStart\": \"50370\", \"PreviousFullEnergyCapacityAtEnd\": \"50640\", \"PreviousFullEnergyCapacityAtStart\": \"50640\", \"PreviousSessionDurationInUs\": \"5031627\", \"PreviousSessionId\": \"159\", \"PreviousSessionType\": \"1\", \"Reason\": \"55\"}", "message": "The system session has transitioned from 159 to 160.\r\n\r\nReason 55 \r\n\r\nBootId: 57"}
{"timestamp": "2026-08-01T11:32:35.926Z", "record_id": 73777, "event_id": 506, "channel": "System", "channel_key": "system", "provider": "Microsoft-Windows-Kernel-Power", "computer": "LAPTOP-8SM7PKPU", "level": "Information", "category": "other", "user_sid": "S-1-5-18", "process_id": 4, "is_machine_account": 0, "mapped": 0, "source_file": "System.jsonl", "event_data": "{\"BatteryFullChargeCapacityOnEnter\": \"50640\", \"BatteryRemainingCapacityOnEnter\": \"50370\", \"BootId\": \"57\", \"ExternalMonitorConnectedState\": \"false\", \"LidOpenState\": \"false\", \"Reason\": \"55\", \"ScenarioInstanceId\": \"159\", \"ScenarioInstanceIdV2\": \"159\"}", "message": "The system is entering Modern Standby \r\n\r\nReason: Austerity Battery Drain Budget Exceeded."}
{"timestamp": "2026-08-01T11:32:35.924Z", "record_id": 73776, "event_id": 566, "channel": "System", "channel_key": "system", "provider": "Microsoft-Windows-Kernel-Power", "computer": "LAPTOP-8SM7PKPU", "level": "Information", "category": "other", "user_sid": "S-1-5-18", "process_id": 4, "is_machine_account": 0, "mapped": 0, "source_file": "System.jsonl", "event_data": "{\"BootId\": \"57\", \"MonitorReason\": \"55\", \"NextSessionId\": \"159\", \"NextSessionType\": \"1\", \"PowerStateAc\": \"false\", \"PreviousEnergyCapacityAtEnd\": \"50370\", \"PreviousEnergyCapacityAtStart\": \"50450\", \"PreviousFullEnergyCapacityAtEnd\": \"50640\", \"PreviousFullEnergyCapacityAtStart\": \"50640\", \"PreviousSessionDurationInUs\": \"65127679\", \"PreviousSessionId\": \"158\", \"PreviousSessionType\": \"2\", \"Reason\": \"55\"}", "message": "The system session has transitioned from 158 to 159.\r\n\r\nReason 55 \r\n\r\nBootId: 57"}
{"timestamp": "2026-08-01T11:32:35.924Z", "record_id": 73775, "event_id": 507, "channel": "System", "channel_key": "system", "provider": "Microsoft-Windows-Kernel-Power", "computer": "LAPTOP-8SM7PKPU", "level": "Information", "category": "other", "user_sid": "S-1-5-18", "process_id": 4, "is_machine_account": 0, "mapped": 0, "source_file": "System.jsonl", "event_data": "{\"ActiveResidencyInUs\": \"30389178\", \"AoAcCompliantNic\": \"true\", \"AudioPlaybackInUs\": \"0\", \"AudioPlaying\": \"false\", \"BatteryFullChargeCapacityOnExit\": \"50640\", \"BatteryRemainingCapacityOnExit\": \"50370\", \"BootId\": \"57\", \"DisconnectedStandby\": \"true\", \"DripsResidencyInUs\": \"39765145\", \"DripsTransitions\": \"1\", \"DurationInUs\": \"70154323\", \"DwmSyncFlushTime\": \"0\", \"EnergyDrain\": \"4105\", \"ExitLatencyInUs\": \"0\", \"ExternalMonitorConnectedState\": \"false\", \"FirstDripsEntryInUs\": \"22493131\", \"FullChargeCapacityRatio\": \"96\", \"GdiOnTime\": \"0\", \"HwDripsResidencyInUs\": \"39295532\", \"InputSuppressionActionCount\": \"1\", \"IsCsSessionInProgressOnExit\": \"true\", \"LidOpenState\": \"false\", \"ModernSleepAppliedActionsBitmask\": \"4\", \"ModernSleepEnabledActionsBitmask\": \"7\", \"MonitorPowerOnTime\": \"0\", \"NonActivatedCpuInUs\": \"1828128\", \"NonAttributedCpuInUs\": \"2334\", \"NonDripsTimeActivatedInUs\": \"539965618\", \"NonResiliencyTimeInUs\": \"18446744073181986860\", \"PowerButtonSuppressionActionCount\": \"1\", \"PowerSchemeInfo\": \"4\", \"PowerStateAc\": \"false\", \"Reason\": \"55\", \"ResiliencyDripsTimeInUs\": \"39765145\", \"ResiliencyHwDripsTimeInUs\": \"39295532\", \"ScenarioInstanceId\": \"159\", \"ScenarioInstanceIdV2\": \"157\", \"ScreenOffDurationInUs\": \"5034629\", \"ScreenOffEnergyCapacityAtEnd\": \"50450\", \"ScreenOffEnergyCapacityAtStart\": \"50450\", \"ScreenOffFullEnergyCapacityAtEnd\": \"50640\", \"ScreenOffFullEnergyCapacityAtStart\": \"50640\", \"ScreenOffHwDripsResidencyInUs\": \"0\", \"ScreenOffSwDripsResidencyInUs\": \"0\", \"SleepDurationInUs\": \"65127679\", \"SleepEnergyCapacityAtEnd\": \"50370\", \"SleepEnergyCapacityAtStart\": \"50450\", \"SleepEntered\": \"true\", \"SleepFullEnergyCapacityAtEnd\": \"50640\", \"SleepFullEnergyCapacityAtStart\": \"50640\", \"SleepHwDripsResidencyInUs\": \"39295532\", \"SleepSwDripsResidencyInUs\": \"39765145\"}", "message": "The system is exiting Modern Standby \r\n\r\nReason: Austerity Battery Drain Budget Exceeded."}
{"timestamp": "2026-08-01T11:32:35.923Z", "record_id": 73774, "event_id": 172, "channel": "System", "channel_key": "system", "provider": "Microsoft-Windows-Kernel-Power", "computer": "LAPTOP-8SM7PKPU", "level": "Information", "category": "other", "user_sid": "S-1-5-18", "process_id": 4, "is_machine_account": 0, "mapped": 0, "source_file": "System.jsonl", "event_data": "{\"Reason\": \"0\", \"State\": \"0\"}", "message": "Connectivity state in standby: Connected, Reason: None"}
{"timestamp": "2026-08-01T11:31:37.152Z", "record_id": 73773, "event_id": 172, "channel": "System", "channel_key": "system", "provider": "Microsoft-Windows-Kernel-Power", "computer": "LAPTOP-8SM7PKPU", "level": "Information", "category": "other", "user_sid": "S-1-5-18", "process_id": 4, "is_machine_account": 0, "mapped": 0, "source_file": "System.jsonl", "event_data": "{\"Reason\": \"7\", \"State\": \"2\"}", "message": "Connectivity state in standby: Disconnected, Reason: Adaptive Connected Standby"}
{"timestamp": "2026-08-01T11:31:30.798Z", "record_id": 73772, "event_id": 566, "channel": "System", "channel_key": "system", "provider": "Microsoft-Windows-Kernel-Power", "computer": "LAPTOP-8SM7PKPU", "level": "Information", "category": "other", "user_sid": "S-1-5-18", "process_id": 4, "is_machine_account": 0, "mapped": 0, "source_file": "System.jsonl", "event_data": "{\"BootId\": \"57\", \"MonitorReason\": \"28\", \"NextSessionId\": \"158\", \"NextSessionType\": \"2\", \"PowerStateAc\": \"false\", \"PreviousEnergyCapacityAtEnd\": \"50450\", \"PreviousEnergyCapacityAtStart\": \"50450\", \"PreviousFullEnergyCapacityAtEnd\": \"50640\", \"PreviousFullEnergyCapacityAtStart\": \"50640\", \"PreviousSessionDurationInUs\": \"5034629\", \"PreviousSessionId\": \"157\", \"PreviousSessionType\": \"1\", \"Reason\": \"28\"}", "message": "The system session has transitioned from 157 to 158.\r\n\r\nReason InputMouse \r\n\r\nBootId: 57"}
{"timestamp": "2026-08-01T11:31:29.999Z", "record_id": 73771, "event_id": 700, "channel": "System", "channel_key": "system", "provider": "Win32k", "computer": "LAPTOP-8SM7PKPU", "level": "Warning", "category": "other", "process_id": 4, "is_machine_account": 0, "mapped": 0, "source_file": "System.jsonl", "event_data": "{}", "message": "Power Manager has requested suppression of all input (INPUT_SUPPRESS_REQUEST=1)"}
{"timestamp": "2026-08-01T11:31:29.999Z", "record_id": 73770, "event_id": 700, "channel": "System", "channel_key": "system", "provider": "Win32k", "computer": "LAPTOP-8SM7PKPU", "level": "Warning", "category": "other", "process_id": 4, "is_machine_account": 0, "mapped": 0, "source_file": "System.jsonl", "event_data": "{}", "message": "Power Manager has requested suppression of all input (INPUT_SUPPRESS_REQUEST=1)"}
{"timestamp": "2026-08-01T11:31:25.771Z", "record_id": 73769, "event_id": 506, "channel": "System", "channel_key": "system", "provider": "Microsoft-Windows-Kernel-Power", "computer": "LAPTOP-8SM7PKPU", "level": "Information", "category": "other", "user_sid": "S-1-5-18", "process_id": 4, "is_machine_account": 0, "mapped": 0, "source_file": "System.jsonl", "event_data": "{\"BatteryFullChargeCapacityOnEnter\": \"50640\", \"BatteryRemainingCapacityOnEnter\": \"50450\", \"BootId\": \"57\", \"ExternalMonitorConnectedState\": \"true\", \"LidOpenState\": \"false\", \"Reason\": \"28\", \"ScenarioInstanceId\": \"157\", \"ScenarioInstanceIdV2\": \"157\"}", "message": "The system is entering Modern Standby \r\n\r\nReason: AC/DC Display Burst Suppressed."}
{"timestamp": "2026-08-01T11:31:25.764Z", "record_id": 73768, "event_id": 566, "channel": "System", "channel_key": "system", "provider": "Microsoft-Windows-Kernel-Power", "computer": "LAPTOP-8SM7PKPU", "level": "Information", "category": "other", "user_sid": "S-1-5-18", "process_id": 4, "is_machine_account": 0, "mapped": 0, "source_file": "System.jsonl", "event_data": "{\"BootId\": \"57\", \"MonitorReason\": \"28\", \"NextSessionId\": \"157\", \"NextSessionType\": \"1\", \"PowerStateAc\": \"false\", \"PreviousEnergyCapacityAtEnd\": \"50450\", \"PreviousEnergyCapacityAtStart\": \"50450\", \"PreviousFullEnergyCapacityAtEnd\": \"50640\", \"PreviousFullEnergyCapacityAtStart\": \"50640\", \"PreviousSessionDurationInUs\": \"1060997505\", \"PreviousSessionId\": \"156\", \"PreviousSessionType\": \"2\", \"Reason\": \"28\"}", "message": "The system session has transitioned from 156 to 157.\r\n\r\nReason InputMouse \r\n\r\nBootId: 57"}
{"timestamp": "2026-08-01T11:31:25.764Z", "record_id": 73767, "event_id": 507, "channel": "System", "channel_key": "system", "provider": "Microsoft-Windows-Kernel-Power", "computer": "LAPTOP-8SM7PKPU", "level": "Information", "category": "other", "user_sid": "S-1-5-18", "process_id": 4, "is_machine_account": 0, "mapped": 0, "source_file": "System.jsonl", "event_data": "{\"ActiveResidencyInUs\": \"1124736490\", \"AoAcCompliantNic\": \"true\", \"AudioPlaybackInUs\": \"0\", \"AudioPlaying\": \"false\", \"BatteryFullChargeCapacityOnExit\": \"50640\", \"BatteryRemainingCapacityOnExit\": \"50450\", \"BootId\": \"57\", \"DisconnectedStandby\": \"false\", \"DripsResidencyInUs\": \"0\", \"DripsTransitions\": \"0\", \"DurationInUs\": \"1124736490\", \"DwmSyncFlushTime\": \"0\", \"EnergyDrain\": \"0\", \"ExitLatencyInUs\": \"0\", \"ExternalMonitorConnectedState\": \"true\", \"FirstDripsEntryInUs\": \"0\", \"FullChargeCapacityRatio\": \"96\", \"GdiOnTime\": \"0\", \"HwDripsResidencyInUs\": \"0\", \"InputSuppressionActionCount\": \"0\", \"IsCsSessionInProgressOnExit\": \"true\", \"LidOpenState\": \"false\", \"ModernSleepAppliedActionsBitmask\": \"0\", \"ModernSleepEnabledActionsBitmask\": \"7\", \"MonitorPowerOnTime\": \"0\", \"NonActivatedCpuInUs\": \"40287965\", \"NonAttributedCpuInUs\": \"0\", \"NonDripsTimeActivatedInUs\": \"9541270539\", \"NonResiliencyTimeInUs\": \"18446744064278301817\", \"PowerButtonSuppressionActionCount\": \"0\", \"PowerSchemeInfo\": \"4\", \"PowerStateAc\": \"true\", \"Reason\": \"28\", \"ResiliencyDripsTimeInUs\": \"0\", \"ResiliencyHwDripsTimeInUs\": \"0\", \"ScenarioInstanceId\": \"157\", \"ScenarioInstanceIdV2\": \"155\", \"ScreenOffDurationInUs\": \"63737748\", \"ScreenOffEnergyCapacityAtEnd\": \"50450\", \"ScreenOffEnergyCapacityAtStart\": \"50450\", \"ScreenOffFullEnergyCapacityAtEnd\": \"50640\", \"ScreenOffFullEnergyCapacityAtStart\": \"50640\", \"ScreenOffHwDripsResidencyInUs\": \"0\", \"ScreenOffSwDripsResidencyInUs\": \"0\", \"SleepDurationInUs\": \"1060997505\", \"SleepEnergyCapacityAtEnd\": \"50450\", \"SleepEnergyCapacityAtStart\": \"50450\", \"SleepEntered\": \"true\", \"SleepFullEnergyCapacityAtEnd\": \"50640\", \"SleepFullEnergyCapacityAtStart\": \"50640\", \"SleepHwDripsResidencyInUs\": \"0\", \"SleepSwDripsResidencyInUs\": \"0\"}", "message": "The system is exiting Modern Standby \r\n\r\nReason: AC/DC Display Burst Suppressed."}
{"timestamp": "2026-08-01T11:31:25.732Z", "record_id": 73766, "event_id": 105, "channel": "System", "channel_key": "system", "provider": "Microsoft-Windows-Kernel-Power", "computer": "LAPTOP-8SM7PKPU", "level": "Information", "category": "other", "user_sid": "S-1-5-18", "process_id": 4, "is_machine_account": 0, "mapped": 0, "source_file": "System.jsonl", "event_data": "{\"AcOnline\": \"false\", \"FullChargeCapacity\": \"50640\", \"RemainingCapacity\": \"50450\"}", "message": "Power source change."}
{"timestamp": "2026-08-02T11:23:25.790Z", "record_id": 6634, "event_id": 400, "channel": "Windows PowerShell", "channel_key": "powershell_classic", "provider": "PowerShell", "computer": "LAPTOP-8SM7PKPU", "level": "Information", "category": "script_execution", "attack_data_sources": "DS0012:Script Execution", "process_id": 8276, "is_machine_account": 0, "mapped": 1, "source_file": "Windows-PowerShell.jsonl", "event_data": "{\"Data\": [\"\", \"\", \"\"]}", "message": "Engine state is changed from None to Available. \r\n\r\nDetails: \r\n\tNewEngineState=Available\r\n\tPreviousEngineState=None\r\n\r\n\tSequenceNumber=13\r\n\r\n\tHostName=ConsoleHost\r\n\tHostVersion=5.1.26100.8875\r\n\tHostId=2722ff80-3e54-4cba-99b7-a898a594c429\r\n\tHostApplication=C:\\Windows\\System32\\WindowsPowerShell\\v1.0\\powershell.exe -noexit -command try { . \"c:\\Users\\yaswa\\AppData\\Local\\Programs\\Microsoft VS Code\\e4c7e7b1d6\\resources\\app\\out\\vs\\workbench\\contrib\\terminal\\common\\scripts\\shellIntegration.ps1\" } catch {}\r\n\tEngineVersion=5.1.26100.8875\r\n\tRunspaceId=9a98089f-5a2c-4435-80f9-9edc9f735a8a\r\n\tPipelineId=\r\n\tCommandName=\r\n\tCommandType=\r\n\tScriptName=\r\n\tCommandPath=\r\n\tCommandLine="}
