{"timestamp": "2026-08-02T10:16:27.082Z", "record_id": 27175, "event_id": 1004, "channel": "Application", "channel_key": "application", "provider": "Microsoft-Windows-Security-SPP", "computer": "LAPTOP-8SM7PKPU", "level": "Information", "category": "other", "process_id": 19552, "is_machine_account": 0, "mapped": 0, "source_file": "Application.jsonl", "event_data": "{\"Data\": [\"\", \"\"]}", "message": "The Software Protection service has successfully installed the license.\r\nLicense Title=client-issuance-root Issuance License\r\nLicense Id=7cbeb41c-1778-47f2-aa36-51a5a618f716"}
{"timestamp": "2026-08-02T10:16:27.026Z", "record_id": 27174, "event_id": 1004, "channel": "Application", "channel_key": "application", "provider": "Microsoft-Windows-Security-SPP", "computer": "LAPTOP-8SM7PKPU", "level": "Information", "category": "other", "process_id": 19552, "is_machine_account": 0, "mapped": 0, "source_file": "Application.jsonl", "event_data": "{\"Data\": [\"\", \"\"]}", "message": "The Software Protection service has successfully installed the license.\r\nLicense Title=XrML 2.1 License - Product Key Configuration\r\nLicense Id=dc6454b3-ceba-4e40-b6cc-26afb8fe8fa6"}
{"timestamp": "2026-08-02T10:16:26.932Z", "record_id": 27173, "event_id": 1004, "channel": "Application", "channel_key": "application", "provider": "Microsoft-Windows-Security-SPP", "computer": "LAPTOP-8SM7PKPU", "level": "Information", "category": "other", "process_id": 19552, "is_machine_account": 0, "mapped": 0, "source_file": "Application.jsonl", "event_data": "{\"Data\": [\"\", \"\"]}", "message": "The Software Protection service has successfully installed the license.\r\nLicense Title=XrML 2.1 License - Product Key Configuration\r\nLicense Id=6040a6e7-445d-4609-b6c4-8a66b709cb54"}
{"timestamp": "2026-08-02T10:16:05.450Z", "record_id": 27172, "event_id": 16394, "channel": "Application", "channel_key": "application", "provider": "Microsoft-Windows-Security-SPP", "computer": "LAPTOP-8SM7PKPU", "level": "Information", "category": "other", "process_id": 19552, "is_machine_account": 0, "mapped": 0, "source_file": "Application.jsonl", "event_data": "{}", "message": "Offline downlevel migration succeeded."}
{"timestamp": "2026-08-02T10:16:03.662Z", "record_id": 27171, "event_id": 0, "channel": "Application", "channel_key": "application", "provider": "edgeupdate", "computer": "LAPTOP-8SM7PKPU", "level": "Information", "category": "other", "process_id": 11676, "is_machine_account": 0, "mapped": 0, "source_file": "Application.jsonl", "event_data": "{\"Data\": \"\"}", "message": "Service stopped."}
{"timestamp": "2026-08-02T10:15:58.446Z", "record_id": 27170, "event_id": 10001, "channel": "Application", "channel_key": "application", "provider": "Microsoft-Windows-RestartManager", "computer": "LAPTOP-8SM7PKPU", "level": "Information", "category": "other", "user_sid": "S-1-5-18", "process_id": 19532, "is_machine_account": 0, "mapped": 0, "source_file": "Application.jsonl", "event_data": "{\"RmSessionId\": \"0\", \"UTCStartTime\": \"2026-08-02T10:15:58.3351419Z\"}", "message": "Ending session 0 started ‎2026‎-‎08‎-‎02T10:15:58.335141900Z."}
{"timestamp": "2026-08-02T10:15:58.335Z", "record_id": 27169, "event_id": 10000, "channel": "Application", "channel_key": "application", "provider": "Microsoft-Windows-RestartManager", "computer": "LAPTOP-8SM7PKPU", "level": "Information", "category": "other", "user_sid": "S-1-5-18", "process_id": 19532, "is_machine_account": 0, "mapped": 0, "source_file": "Application.jsonl", "event_data": "{\"RmSessionId\": \"0\", \"UTCStartTime\": \"2026-08-02T10:15:58.3351419Z\"}", "message": "Starting session 0 - ‎2026‎-‎08‎-‎02T10:15:58.335141900Z."}
{"timestamp": "2026-08-02T10:15:58.335Z", "record_id": 27168, "event_id": 10001, "channel": "Application", "channel_key": "application", "provider": "Microsoft-Windows-RestartManager", "computer": "LAPTOP-8SM7PKPU", "level": "Information", "category": "other", "user_sid": "S-1-5-18", "process_id": 19532, "is_machine_account": 0, "mapped": 0, "source_file": "Application.jsonl", "event_data": "{\"RmSessionId\": \"0\", \"UTCStartTime\": \"2026-08-02T10:15:44.4725271Z\"}", "message": "Ending session 0 started ‎2026‎-‎08‎-‎02T10:15:44.472527100Z."}
{"timestamp": "2026-08-02T10:15:53.763Z", "record_id": 27167, "event_id": 8216, "channel": "Application", "channel_key": "application", "provider": "System Restore", "computer": "LAPTOP-8SM7PKPU", "level": "Information", "category": "other", "process_id": 31720, "is_machine_account": 0, "mapped": 0, "source_file": "Application.jsonl", "event_data": "{\"Data\": [\"\", \"\"]}", "message": "Skipping creation of restore point (Process = C:\\Windows\\system32\\svchost.exe -k netsvcs -p -s wuauserv; Description = Windows Update) as there is a restore point available which is recent enough for System Restore."}
{"timestamp": "2026-08-02T10:15:48.818Z", "record_id": 27166, "event_id": 1001, "channel": "Application", "channel_key": "application", "provider": "Windows Error Reporting", "computer": "LAPTOP-8SM7PKPU", "level": "Information", "category": "other", "user_sid": "S-1-5-18", "process_id": 28176, "is_machine_account": 0, "mapped": 0, "source_file": "Application.jsonl", "event_data": "{\"AnalysisSymbol\": \"\", \"AttachedFiles\": \"\\n\\\\\\\\?\\\\C:\\\\Windows\\\\SystemTemp\\\\msedge_installer.log\", \"Bucket\": \"\", \"BucketType\": \"0\", \"CabGuid\": \"0\", \"CabId\": \"0\", \"EventName\": \"crashpad_log\", \"HashedBucket\": \"\", \"P1\": \"setup.exe\", \"P10\": \"\", \"P2\": \"151.0.4129.59\", \"P3\": \"EdgeInstallerError|msedge\", \"P4\": \"0x21f\", \"P5\": \"\", \"P6\": \"\", \"P7\": \"\", \"P8\": \"\", \"P9\": \"\", \"Rechecking\": \"0\", \"ReportId\": \"975a6b71-7948-422a-8007-d5b6591692fd\", \"ReportStatus\": \"268697600\", \"Response\": \"Not available\", \"StorePath\": \"NULL\"}", "message": "Fault bucket , type 0\r\nEvent Name: crashpad_log\r\nResponse: Not available\r\nCab Id: 0\r\n\r\nProblem signature:\r\nP1: setup.exe\r\nP2: 151.0.4129.59\r\nP3: EdgeInstallerError|msedge\r\nP4: 0x21f\r\nP5: \r\nP6: \r\nP7: \r\nP8: \r\nP9: \r\nP10: \r\n\r\nAttached files:\r\n\\\\?\\C:\\Windows\\SystemTemp\\msedge_installer.log\r\n\r\nThese files may be available here:\r\nNULL\r\n\r\nAnalysis symbol: \r\nRechecking for solution: 0\r\nReport Id: 975a6b71-7948-422a-8007-d5b6591692fd\r\nReport Status: 268697600\r\nHashed bucket: \r\nCab Guid: 0"}
{"timestamp": "2026-08-02T10:15:48.810Z", "record_id": 27165, "event_id": 1001, "channel": "Application", "channel_key": "application", "provider": "Windows Error Reporting", "computer": "LAPTOP-8SM7PKPU", "level": "Information", "category": "other", "user_sid": "S-1-5-18", "process_id": 15592, "is_machine_account": 0, "mapped": 0, "source_file": "Application.jsonl", "event_data": "{\"AnalysisSymbol\": \"\", \"AttachedFiles\": \"\\n\\\\\\\\?\\\\C:\\\\Windows\\\\SystemTemp\\\\msedge_installer.log\\n\\\\\\\\?\\\\C:\\\\ProgramData\\\\Microsoft\\\\Windows\\\\WER\\\\Temp\\\\WER.9ff435e3-a0ad-4714-b059-3ebb4c219d25.tmp.WERInternalMetadata.xml\\n\\\\\\\\?\\\\C:\\\\ProgramData\\\\Microsoft\\\\Windows\\\\WER\\\\Temp\\\\WER.ee9822f5-8661-4576-80bb-8d9bd7cadbe0.tmp.csv\\n\\\\\\\\?\\\\C:\\\\ProgramData\\\\Microsoft\\\\Windows\\\\WER\\\\Temp\\\\WER.6bf05018-2a41-42a0-aa44-c513e69f35e7.tmp.txt\\n\\\\\\\\?\\\\C:\\\\ProgramData\\\\Microsoft\\\\Windows\\\\WER\\\\Temp\\\\WER.9096d4c9-5640-4d09-a5d0-26ed65014d96.tmp.xml\", \"Bucket\": \"1867591334966872065\", \"BucketType\": \"5\", \"CabGuid\": \"0\", \"CabId\": \"0\", \"EventName\": \"crashpad_log\", \"HashedBucket\": \"c91e4dd320c604a029eb046c9a4c4801\", \"P1\": \"setup.exe\", \"P10\": \"\", \"P2\": \"151.0.4129.59\", \"P3\": \"EdgeInstallerError|msedge\", \"P4\": \"0x21f\", \"P5\": \"\", \"P6\": \"\", \"P7\": \"\", \"P8\": \"\", \"P9\": \"\", \"Rechecking\": \"0\", \"ReportId\": \"975a6b71-7948-422a-8007-d5b6591692fd\", \"ReportStatus\": \"268435456\", \"Response\": \"Not available\", \"StorePath\": \"\\\\\\\\?\\\\C:\\\\ProgramData\\\\Microsoft\\\\Windows\\\\WER\\\\ReportArchive\\\\NonCritical_setup.exe_394af94a6aa793d85ebd40fee01e9f7501cb1_00000000_975a6b71-7948-422a-8007-d5b6591692fd\"}", "message": "Fault bucket 1867591334966872065, type 5\r\nEvent Name: crashpad_log\r\nResponse: Not available\r\nCab Id: 0\r\n\r\nProblem signature:\r\nP1: setup.exe\r\nP2: 151.0.4129.59\r\nP3: EdgeInstallerError|msedge\r\nP4: 0x21f\r\nP5: \r\nP6: \r\nP7: \r\nP8: \r\nP9: \r\nP10: \r\n\r\nAttached files:\r\n\\\\?\\C:\\Windows\\SystemTemp\\msedge_installer.log\r\n\\\\?\\C:\\ProgramData\\Microsoft\\Windows\\WER\\Temp\\WER.9ff435e3-a0ad-4714-b059-3ebb4c219d25.tmp.WERInternalMetadata.xml\r\n\\\\?\\C:\\ProgramData\\Microsoft\\Windows\\WER\\Temp\\WER.ee9822f5-8661-4576-80bb-8d9bd7cadbe0.tmp.csv\r\n\\\\?\\C:\\ProgramData\\Microsoft\\Windows\\WER\\Temp\\WER.6bf05018-2a41-42a0-aa44-c513e69f35e7.tmp.txt\r\n\\\\?\\C:\\ProgramData\\Microsoft\\Windows\\WER\\Temp\\WER.9096d4c9-5640-4d09-a5d0-26ed65014d96.tmp.xml\r\n\r\nThese files may be available here:\r\n\\\\?\\C:\\ProgramData\\Microsoft\\Windows\\WER\\ReportArchive\\NonCritical_setup.exe_394af94a6aa793d85ebd40fee01e9f7501cb1_00000000_975a6b71-7948-422a-8007-d5b6591692fd\r\n\r\nAnalysis symbol: \r\nRechecking for solution: 0\r\nReport Id: 975a6b71-7948-422a-8007-d5b6591692fd\r\nReport Status: 268435456\r\nHashed bucket: c91e4dd320c604a029eb046c9a4c4801\r\nCab Guid: 0"}
{"timestamp": "2026-08-02T10:15:44.473Z", "record_id": 27164, "event_id": 10000, "channel": "Application", "channel_key": "application", "provider": "Microsoft-Windows-RestartManager", "computer": "LAPTOP-8SM7PKPU", "level": "Information", "category": "other", "user_sid": "S-1-5-18", "process_id": 19532, "is_machine_account": 0, "mapped": 0, "source_file": "Application.jsonl", "event_data": "{\"RmSessionId\": \"0\", \"UTCStartTime\": \"2026-08-02T10:15:44.4725271Z\"}", "message": "Starting session 0 - ‎2026‎-‎08‎-‎02T10:15:44.472527100Z."}
{"timestamp": "2026-08-02T10:15:19.951Z", "record_id": 27163, "event_id": 16384, "channel": "Application", "channel_key": "application", "provider": "Microsoft-Windows-Security-SPP", "computer": "LAPTOP-8SM7PKPU", "level": "Information", "category": "other", "process_id": 29836, "is_machine_account": 0, "mapped": 0, "source_file": "Application.jsonl", "event_data": "{\"Data\": [\"\", \"\"]}", "message": "Successfully scheduled Software Protection service for re-start at 2126-07-09T10:15:19Z. Reason: RulesEngine."}
{"timestamp": "2026-08-02T10:14:36.640Z", "record_id": 27162, "event_id": 1001, "channel": "Application", "channel_key": "application", "provider": "Windows Error Reporting", "computer": "LAPTOP-8SM7PKPU", "level": "Information", "category": "other", "user_sid": "S-1-5-18", "process_id": 6072, "is_machine_account": 0, "mapped": 0, "source_file": "Application.jsonl", "event_data": "{\"AnalysisSymbol\": \"\", \"AttachedFiles\": \"\\n\\\\\\\\?\\\\C:\\\\Windows\\\\LiveKernelReports\\\\WATCHDOG\\\\WATCHDOG-20260623-1415.dmp\\n\\\\\\\\?\\\\C:\\\\Windows\\\\SystemTemp\\\\WER-925533687-0.sysdata.xml\\n\\\\\\\\?\\\\C:\\\\ProgramData\\\\Microsoft\\\\Windows\\\\WER\\\\Temp\\\\WER.075454f3-c917-42b7-ae22-5e544e0cc23d.tmp.WERInternalMetadata.xml\\n\\\\\\\\?\\\\C:\\\\ProgramData\\\\Microsoft\\\\Windows\\\\WER\\\\Temp\\\\WER.5880debd-1665-4ca6-9ab1-df5268ec5dfb.tmp.csv\\n\\\\\\\\?\\\\C:\\\\ProgramData\\\\Microsoft\\\\Windows\\\\WER\\\\Temp\\\\WER.57dfb2be-7aa4-48eb-8146-773e43864243.tmp.txt\\n\\\\\\\\?\\\\C:\\\\ProgramData\\\\Microsoft\\\\Windows\\\\WER\\\\Temp\\\\WER.9f7087d1-37b2-4b1a-950e-d3fba7ffba02.tmp.xml\", \"Bucket\": \"\", \"BucketType\": \"0\", \"CabGuid\": \"0\", \"CabId\": \"0\", \"EventName\": \"LiveKernelEvent\", \"HashedBucket\": \"\", \"P1\": \"193\", \"P10\": \"\", \"P2\": \"80e\", \"P3\": \"ffff87857aa0a080\", \"P4\": \"ffffd785658d03b0\", \"P5\": \"0\", \"P6\": \"10_0_26200\", \"P7\": \"0_0\", \"P8\": \"256_1\", \"P9\": \"\", \"Rechecking\": \"0\", \"ReportId\": \"feef7efa-b9b6-43a2-b252-e030ec2eaccd\", \"ReportStatus\": \"2051\", \"Response\": \"Not available\", \"StorePath\": \"\\\\\\\\?\\\\C:\\\\ProgramData\\\\Microsoft\\\\Windows\\\\WER\\\\ReportQueue\\\\Kernel_193_5655eec2b36f7fc2c851bb4bca9c29fc33a437c5_00000000_feef7efa-b9b6-43a2-b252-e030ec2eaccd\"}", "message": "Fault bucket , type 0\r\nEvent Name: LiveKernelEvent\r\nResponse: Not available\r\nCab Id: 0\r\n\r\nProblem signature:\r\nP1: 193\r\nP2: 80e\r\nP3: ffff87857aa0a080\r\nP4: ffffd785658d03b0\r\nP5: 0\r\nP6: 10_0_26200\r\nP7: 0_0\r\nP8: 256_1\r\nP9: \r\nP10: \r\n\r\nAttached files:\r\n\\\\?\\C:\\Windows\\LiveKernelReports\\WATCHDOG\\WATCHDOG-20260623-1415.dmp\r\n\\\\?\\C:\\Windows\\SystemTemp\\WER-925533687-0.sysdata.xml\r\n\\\\?\\C:\\ProgramData\\Microsoft\\Windows\\WER\\Temp\\WER.075454f3-c917-42b7-ae22-5e544e0cc23d.tmp.WERInternalMetadata.xml\r\n\\\\?\\C:\\ProgramData\\Microsoft\\Windows\\WER\\Temp\\WER.5880debd-1665-4ca6-9ab1-df5268ec5dfb.tmp.csv\r\n\\\\?\\C:\\ProgramData\\Microsoft\\Windows\\WER\\Temp\\WER.57dfb2be-7aa4-48eb-8146-773e43864243.tmp.txt\r\n\\\\?\\C:\\ProgramData\\Microsoft\\Windows\\WER\\Temp\\WER.9f7087d1-37b2-4b1a-950e-d3fba7ffba02.tmp.xml\r\n\r\nThese files may be available here:\r\n\\\\?\\C:\\ProgramData\\Microsoft\\Windows\\WER\\ReportQueue\\Kernel_193_5655eec2b36f7fc2c851bb4bca9c29fc33a437c5_00000000_feef7efa-b9b6-43a2-b252-e030ec2eaccd\r\n\r\nAnalysis symbol: \r\nRechecking for solution: 0\r\nReport Id: feef7efa-b9b6-43a2-b252-e030ec2eaccd\r\nReport Status: 2051\r\nHashed bucket: \r\nCab Guid: 0"}
{"timestamp": "2026-08-02T10:14:36.580Z", "record_id": 27161, "event_id": 1001, "channel": "Application", "channel_key": "application", "provider": "Windows Error Reporting", "computer": "LAPTOP-8SM7PKPU", "level": "Information", "category": "other", "user_sid": "S-1-5-18", "process_id": 6072, "is_machine_account": 0, "mapped": 0, "source_file": "Application.jsonl", "event_data": "{\"AnalysisSymbol\": \"\", \"AttachedFiles\": \"\\n\\\\\\\\?\\\\C:\\\\Windows\\\\LiveKernelReports\\\\WATCHDOG\\\\WATCHDOG-20260530-1357.dmp\\n\\\\\\\\?\\\\C:\\\\Windows\\\\SystemTemp\\\\WER-1510141656-0.sysdata.xml\\n\\\\\\\\?\\\\C:\\\\ProgramData\\\\Microsoft\\\\Windows\\\\WER\\\\Temp\\\\WER.6637a8e6-85d9-4a80-842f-cb34c6c4c222.tmp.WERInternalMetadata.xml\\n\\\\\\\\?\\\\C:\\\\ProgramData\\\\Microsoft\\\\Windows\\\\WER\\\\Temp\\\\WER.0bbc6920-2e80-4246-bf72-8fea9f75ce6c.tmp.csv\\n\\\\\\\\?\\\\C:\\\\ProgramData\\\\Microsoft\\\\Windows\\\\WER\\\\Temp\\\\WER.bc27b120-198f-4302-92cb-6ba411063d4c.tmp.txt\\n\\\\\\\\?\\\\C:\\\\ProgramData\\\\Microsoft\\\\Windows\\\\WER\\\\Temp\\\\WER.fa00eff0-57de-44eb-b148-c27c58f53d37.tmp.xml\", \"Bucket\": \"\", \"BucketType\": \"0\", \"CabGuid\": \"0\", \"CabId\": \"0\", \"EventName\": \"LiveKernelEvent\", \"HashedBucket\": \"\", \"P1\": \"193\", \"P10\": \"\", \"P2\": \"80e\", \"P3\": \"ffff8789999d3180\", \"P4\": \"ffffc506a0feead0\", \"P5\": \"0\", \"P6\": \"10_0_26200\", \"P7\": \"0_0\", \"P8\": \"256_1\", \"P9\": \"\", \"Rechecking\": \"0\", \"ReportId\": \"4f9b6f3c-15ba-4eb1-9930-3e6a67b15959\", \"ReportStatus\": \"2051\", \"Response\": \"Not available\", \"StorePath\": \"\\\\\\\\?\\\\C:\\\\ProgramData\\\\Microsoft\\\\Windows\\\\WER\\\\ReportQueue\\\\Kernel_193_984916d406ebc67914e7494a1c5ea15cd2f5f_00000000_4f9b6f3c-15ba-4eb1-9930-3e6a67b15959\"}", "message": "Fault bucket , type 0\r\nEvent Name: LiveKernelEvent\r\nResponse: Not available\r\nCab Id: 0\r\n\r\nProblem signature:\r\nP1: 193\r\nP2: 80e\r\nP3: ffff8789999d3180\r\nP4: ffffc506a0feead0\r\nP5: 0\r\nP6: 10_0_26200\r\nP7: 0_0\r\nP8: 256_1\r\nP9: \r\nP10: \r\n\r\nAttached files:\r\n\\\\?\\C:\\Windows\\LiveKernelReports\\WATCHDOG\\WATCHDOG-20260530-1357.dmp\r\n\\\\?\\C:\\Windows\\SystemTemp\\WER-1510141656-0.sysdata.xml\r\n\\\\?\\C:\\ProgramData\\Microsoft\\Windows\\WER\\Temp\\WER.6637a8e6-85d9-4a80-842f-cb34c6c4c222.tmp.WERInternalMetadata.xml\r\n\\\\?\\C:\\ProgramData\\Microsoft\\Windows\\WER\\Temp\\WER.0bbc6920-2e80-4246-bf72-8fea9f75ce6c.tmp.csv\r\n\\\\?\\C:\\ProgramData\\Microsoft\\Windows\\WER\\Temp\\WER.bc27b120-198f-4302-92cb-6ba411063d4c.tmp.txt\r\n\\\\?\\C:\\ProgramData\\Microsoft\\Windows\\WER\\Temp\\WER.fa00eff0-57de-44eb-b148-c27c58f53d37.tmp.xml\r\n\r\nThese files may be available here:\r\n\\\\?\\C:\\ProgramData\\Microsoft\\Windows\\WER\\ReportQueue\\Kernel_193_984916d406ebc67914e7494a1c5ea15cd2f5f_00000000_4f9b6f3c-15ba-4eb1-9930-3e6a67b15959\r\n\r\nAnalysis symbol: \r\nRechecking for solution: 0\r\nReport Id: 4f9b6f3c-15ba-4eb1-9930-3e6a67b15959\r\nReport Status: 2051\r\nHashed bucket: \r\nCab Guid: 0"}
{"timestamp": "2026-08-02T10:14:36.357Z", "record_id": 27160, "event_id": 1001, "channel": "Application", "channel_key": "application", "provider": "Windows Error Reporting", "computer": "LAPTOP-8SM7PKPU", "level": "Information", "category": "other", "user_sid": "S-1-5-18", "process_id": 6072, "is_machine_account": 0, "mapped": 0, "source_file": "Application.jsonl", "event_data": "{\"AnalysisSymbol\": \"\", \"AttachedFiles\": \"\\n\\\\\\\\?\\\\C:\\\\Windows\\\\LiveKernelReports\\\\UcmUcsiCx.sys\\\\UcmUcsiCx.sys-20260509-2322.dmp\\n\\\\\\\\?\\\\C:\\\\Windows\\\\SystemTemp\\\\WER-272185656-0.sysdata.xml\\n\\\\\\\\?\\\\C:\\\\ProgramData\\\\Microsoft\\\\Windows\\\\WER\\\\Temp\\\\WER.3717a5de-154e-48b1-ac4e-d44443386fbd.tmp.WERInternalMetadata.xml\\n\\\\\\\\?\\\\C:\\\\ProgramData\\\\Microsoft\\\\Windows\\\\WER\\\\Temp\\\\WER.2db181bf-9033-4960-907d-6f3e6114edc7.tmp.csv\\n\\\\\\\\?\\\\C:\\\\ProgramData\\\\Microsoft\\\\Windows\\\\WER\\\\Temp\\\\WER.ec817bed-6ca6-4940-b74f-447d9d491fbb.tmp.txt\\n\\\\\\\\?\\\\C:\\\\ProgramData\\\\Microsoft\\\\Windows\\\\WER\\\\Temp\\\\WER.e923ea3d-4fe7-465b-9fe8-23da8900b4b2.tmp.xml\", \"Bucket\": \"\", \"BucketType\": \"0\", \"CabGuid\": \"0\", \"CabId\": \"0\", \"EventName\": \"LiveKernelEvent\", \"HashedBucket\": \"\", \"P1\": \"1d4\", \"P10\": \"\", \"P2\": \"0\", \"P3\": \"12\", \"P4\": \"fffff003f90c7150\", \"P5\": \"102\", \"P6\": \"10_0_26200\", \"P7\": \"0_0\", \"P8\": \"256_1\", \"P9\": \"\", \"Rechecking\": \"0\", \"ReportId\": \"3c66456f-e1f6-4dc9-b198-75831e559848\", \"ReportStatus\": \"2051\", \"Response\": \"Not available\", \"StorePath\": \"\\\\\\\\?\\\\C:\\\\ProgramData\\\\Microsoft\\\\Windows\\\\WER\\\\ReportQueue\\\\Kernel_1d4_964e26076728cf242e9d4791629814ac6ec8c2_00000000_3c66456f-e1f6-4dc9-b198-75831e559848\"}", "message": "Fault bucket , type 0\r\nEvent Name: LiveKernelEvent\r\nResponse: Not available\r\nCab Id: 0\r\n\r\nProblem signature:\r\nP1: 1d4\r\nP2: 0\r\nP3: 12\r\nP4: fffff003f90c7150\r\nP5: 102\r\nP6: 10_0_26200\r\nP7: 0_0\r\nP8: 256_1\r\nP9: \r\nP10: \r\n\r\nAttached files:\r\n\\\\?\\C:\\Windows\\LiveKernelReports\\UcmUcsiCx.sys\\UcmUcsiCx.sys-20260509-2322.dmp\r\n\\\\?\\C:\\Windows\\SystemTemp\\WER-272185656-0.sysdata.xml\r\n\\\\?\\C:\\ProgramData\\Microsoft\\Windows\\WER\\Temp\\WER.3717a5de-154e-48b1-ac4e-d44443386fbd.tmp.WERInternalMetadata.xml\r\n\\\\?\\C:\\ProgramData\\Microsoft\\Windows\\WER\\Temp\\WER.2db181bf-9033-4960-907d-6f3e6114edc7.tmp.csv\r\n\\\\?\\C:\\ProgramData\\Microsoft\\Windows\\WER\\Temp\\WER.ec817bed-6ca6-4940-b74f-447d9d491fbb.tmp.txt\r\n\\\\?\\C:\\ProgramData\\Microsoft\\Windows\\WER\\Temp\\WER.e923ea3d-4fe7-465b-9fe8-23da8900b4b2.tmp.xml\r\n\r\nThese files may be available here:\r\n\\\\?\\C:\\ProgramData\\Microsoft\\Windows\\WER\\ReportQueue\\Kernel_1d4_964e26076728cf242e9d4791629814ac6ec8c2_00000000_3c66456f-e1f6-4dc9-b198-75831e559848\r\n\r\nAnalysis symbol: \r\nRechecking for solution: 0\r\nReport Id: 3c66456f-e1f6-4dc9-b198-75831e559848\r\nReport Status: 2051\r\nHashed bucket: \r\nCab Guid: 0"}
{"timestamp": "2026-08-02T10:14:36.103Z", "record_id": 27159, "event_id": 1001, "channel": "Application", "channel_key": "application", "provider": "Windows Error Reporting", "computer": "LAPTOP-8SM7PKPU", "level": "Information", "category": "other", "user_sid": "S-1-5-18", "process_id": 6072, "is_machine_account": 0, "mapped": 0, "source_file": "Application.jsonl", "event_data": "{\"AnalysisSymbol\": \"\", \"AttachedFiles\": \"\\n\\\\\\\\?\\\\C:\\\\Windows\\\\LiveKernelReports\\\\UcmUcsiCx.sys\\\\UcmUcsiCx.sys-20260408-0917.dmp\\n\\\\\\\\?\\\\C:\\\\Windows\\\\SystemTemp\\\\WER-862550500-0.sysdata.xml\\n\\\\\\\\?\\\\C:\\\\ProgramData\\\\Microsoft\\\\Windows\\\\WER\\\\Temp\\\\WER.cb02a0cc-3af2-42a0-8238-8c636f95d71e.tmp.WERInternalMetadata.xml\\n\\\\\\\\?\\\\C:\\\\ProgramData\\\\Microsoft\\\\Windows\\\\WER\\\\Temp\\\\WER.732c3887-520a-4825-b2e4-5639e9365604.tmp.csv\\n\\\\\\\\?\\\\C:\\\\ProgramData\\\\Microsoft\\\\Windows\\\\WER\\\\Temp\\\\WER.feffad12-c4be-4b35-888d-9e9ca76b7838.tmp.txt\\n\\\\\\\\?\\\\C:\\\\ProgramData\\\\Microsoft\\\\Windows\\\\WER\\\\Temp\\\\WER.1255de6e-eacf-44c5-876a-efe17fd4315c.tmp.xml\", \"Bucket\": \"\", \"BucketType\": \"0\", \"CabGuid\": \"0\", \"CabId\": \"0\", \"EventName\": \"LiveKernelEvent\", \"HashedBucket\": \"\", \"P1\": \"1d4\", \"P10\": \"\", \"P2\": \"0\", \"P3\": \"12\", \"P4\": \"ffff828f529b7150\", \"P5\": \"102\", \"P6\": \"10_0_26200\", \"P7\": \"0_0\", \"P8\": \"256_1\", \"P9\": \"\", \"Rechecking\": \"0\", \"ReportId\": \"0c16c476-a1b6-4770-a96b-5bd444952f3e\", \"ReportStatus\": \"2051\", \"Response\": \"Not available\", \"StorePath\": \"\\\\\\\\?\\\\C:\\\\ProgramData\\\\Microsoft\\\\Windows\\\\WER\\\\ReportQueue\\\\Kernel_1d4_58376c2ce325d9ebb38ee5f5d37663c8816c04_00000000_0c16c476-a1b6-4770-a96b-5bd444952f3e\"}", "message": "Fault bucket , type 0\r\nEvent Name: LiveKernelEvent\r\nResponse: Not available\r\nCab Id: 0\r\n\r\nProblem signature:\r\nP1: 1d4\r\nP2: 0\r\nP3: 12\r\nP4: ffff828f529b7150\r\nP5: 102\r\nP6: 10_0_26200\r\nP7: 0_0\r\nP8: 256_1\r\nP9: \r\nP10: \r\n\r\nAttached files:\r\n\\\\?\\C:\\Windows\\LiveKernelReports\\UcmUcsiCx.sys\\UcmUcsiCx.sys-20260408-0917.dmp\r\n\\\\?\\C:\\Windows\\SystemTemp\\WER-862550500-0.sysdata.xml\r\n\\\\?\\C:\\ProgramData\\Microsoft\\Windows\\WER\\Temp\\WER.cb02a0cc-3af2-42a0-8238-8c636f95d71e.tmp.WERInternalMetadata.xml\r\n\\\\?\\C:\\ProgramData\\Microsoft\\Windows\\WER\\Temp\\WER.732c3887-520a-4825-b2e4-5639e9365604.tmp.csv\r\n\\\\?\\C:\\ProgramData\\Microsoft\\Windows\\WER\\Temp\\WER.feffad12-c4be-4b35-888d-9e9ca76b7838.tmp.txt\r\n\\\\?\\C:\\ProgramData\\Microsoft\\Windows\\WER\\Temp\\WER.1255de6e-eacf-44c5-876a-efe17fd4315c.tmp.xml\r\n\r\nThese files may be available here:\r\n\\\\?\\C:\\ProgramData\\Microsoft\\Windows\\WER\\ReportQueue\\Kernel_1d4_58376c2ce325d9ebb38ee5f5d37663c8816c04_00000000_0c16c476-a1b6-4770-a96b-5bd444952f3e\r\n\r\nAnalysis symbol: \r\nRechecking for solution: 0\r\nReport Id: 0c16c476-a1b6-4770-a96b-5bd444952f3e\r\nReport Status: 2051\r\nHashed bucket: \r\nCab Guid: 0"}
{"timestamp": "2026-08-02T10:14:36.025Z", "record_id": 27158, "event_id": 1001, "channel": "Application", "channel_key": "application", "provider": "Windows Error Reporting", "computer": "LAPTOP-8SM7PKPU", "level": "Information", "category": "other", "user_sid": "S-1-5-18", "process_id": 6072, "is_machine_account": 0, "mapped": 0, "source_file": "Application.jsonl", "event_data": "{\"AnalysisSymbol\": \"\", \"AttachedFiles\": \"\\n\\\\\\\\?\\\\C:\\\\Windows\\\\LiveKernelReports\\\\UcmUcsiCx.sys\\\\UcmUcsiCx.sys-20251202-0826.dmp\\n\\\\\\\\?\\\\C:\\\\Windows\\\\SystemTemp\\\\WER-143287890-0.sysdata.xml\\n\\\\\\\\?\\\\C:\\\\ProgramData\\\\Microsoft\\\\Windows\\\\WER\\\\Temp\\\\WER.da7a0a1c-f212-46a3-8285-98673ebbfecf.tmp.WERInternalMetadata.xml\\n\\\\\\\\?\\\\C:\\\\ProgramData\\\\Microsoft\\\\Windows\\\\WER\\\\Temp\\\\WER.fa91a330-f7ab-4be9-b50b-eb78ed451996.tmp.csv\\n\\\\\\\\?\\\\C:\\\\ProgramData\\\\Microsoft\\\\Windows\\\\WER\\\\Temp\\\\WER.a4baff40-12e8-417b-aa39-708ac0828792.tmp.txt\\n\\\\\\\\?\\\\C:\\\\ProgramData\\\\Microsoft\\\\Windows\\\\WER\\\\Temp\\\\WER.e95787e6-0218-43d5-906b-60f585b35cf9.tmp.xml\", \"Bucket\": \"\", \"BucketType\": \"0\", \"CabGuid\": \"0\", \"CabId\": \"0\", \"EventName\": \"LiveKernelEvent\", \"HashedBucket\": \"\", \"P1\": \"1d4\", \"P10\": \"\", \"P2\": \"0\", \"P3\": \"12\", \"P4\": \"ffffb70283eb0120\", \"P5\": \"102\", \"P6\": \"10_0_26200\", \"P7\": \"0_0\", \"P8\": \"256_1\", \"P9\": \"\", \"Rechecking\": \"0\", \"ReportId\": \"fd813499-7ee3-4b11-a99e-d55ee367584b\", \"ReportStatus\": \"2051\", \"Response\": \"Not available\", \"StorePath\": \"\\\\\\\\?\\\\C:\\\\ProgramData\\\\Microsoft\\\\Windows\\\\WER\\\\ReportQueue\\\\Kernel_1d4_fed46974cfad8464b8c8641ec3cac3358d16d35_00000000_fd813499-7ee3-4b11-a99e-d55ee367584b\"}", "message": "Fault bucket , type 0\r\nEvent Name: LiveKernelEvent\r\nResponse: Not available\r\nCab Id: 0\r\n\r\nProblem signature:\r\nP1: 1d4\r\nP2: 0\r\nP3: 12\r\nP4: ffffb70283eb0120\r\nP5: 102\r\nP6: 10_0_26200\r\nP7: 0_0\r\nP8: 256_1\r\nP9: \r\nP10: \r\n\r\nAttached files:\r\n\\\\?\\C:\\Windows\\LiveKernelReports\\UcmUcsiCx.sys\\UcmUcsiCx.sys-20251202-0826.dmp\r\n\\\\?\\C:\\Windows\\SystemTemp\\WER-143287890-0.sysdata.xml\r\n\\\\?\\C:\\ProgramData\\Microsoft\\Windows\\WER\\Temp\\WER.da7a0a1c-f212-46a3-8285-98673ebbfecf.tmp.WERInternalMetadata.xml\r\n\\\\?\\C:\\ProgramData\\Microsoft\\Windows\\WER\\Temp\\WER.fa91a330-f7ab-4be9-b50b-eb78ed451996.tmp.csv\r\n\\\\?\\C:\\ProgramData\\Microsoft\\Windows\\WER\\Temp\\WER.a4baff40-12e8-417b-aa39-708ac0828792.tmp.txt\r\n\\\\?\\C:\\ProgramData\\Microsoft\\Windows\\WER\\Temp\\WER.e95787e6-0218-43d5-906b-60f585b35cf9.tmp.xml\r\n\r\nThese files may be available here:\r\n\\\\?\\C:\\ProgramData\\Microsoft\\Windows\\WER\\ReportQueue\\Kernel_1d4_fed46974cfad8464b8c8641ec3cac3358d16d35_00000000_fd813499-7ee3-4b11-a99e-d55ee367584b\r\n\r\nAnalysis symbol: \r\nRechecking for solution: 0\r\nReport Id: fd813499-7ee3-4b11-a99e-d55ee367584b\r\nReport Status: 2051\r\nHashed bucket: \r\nCab Guid: 0"}
{"timestamp": "2026-08-02T10:14:36.071Z", "record_id": 27157, "event_id": 16394, "channel": "Application", "channel_key": "application", "provider": "Microsoft-Windows-Security-SPP", "computer": "LAPTOP-8SM7PKPU", "level": "Information", "category": "other", "process_id": 29836, "is_machine_account": 0, "mapped": 0, "source_file": "Application.jsonl", "event_data": "{}", "message": "Offline downlevel migration succeeded."}
{"timestamp": "2026-08-02T06:09:27.256Z", "record_id": 27156, "event_id": 16384, "channel": "Application", "channel_key": "application", "provider": "Microsoft-Windows-Security-SPP", "computer": "LAPTOP-8SM7PKPU", "level": "Information", "category": "other", "process_id": 31160, "is_machine_account": 0, "mapped": 0, "source_file": "Application.jsonl", "event_data": "{\"Data\": [\"\", \"\"]}", "message": "Successfully scheduled Software Protection service for re-start at 2126-07-09T06:09:27Z. Reason: RulesEngine."}
{"timestamp": "2026-08-02T06:09:00.184Z", "record_id": 27155, "event_id": 0, "channel": "Application", "channel_key": "application", "provider": "edgeupdate", "computer": "LAPTOP-8SM7PKPU", "level": "Information", "category": "other", "process_id": 7344, "is_machine_account": 0, "mapped": 0, "source_file": "Application.jsonl", "event_data": "{\"Data\": \"\"}", "message": "Service stopped."}
{"timestamp": "2026-08-02T06:08:41.184Z", "record_id": 27154, "event_id": 1001, "channel": "Application", "channel_key": "application", "provider": "Windows Error Reporting", "computer": "LAPTOP-8SM7PKPU", "level": "Information", "category": "other", "user_sid": "S-1-5-18", "process_id": 20632, "is_machine_account": 0, "mapped": 0, "source_file": "Application.jsonl", "event_data": "{\"AnalysisSymbol\": \"\", \"AttachedFiles\": \"\\n\\\\\\\\?\\\\C:\\\\Windows\\\\LiveKernelReports\\\\WATCHDOG\\\\WATCHDOG-20260623-1415.dmp\\n\\\\\\\\?\\\\C:\\\\Windows\\\\SystemTemp\\\\WER-925533687-0.sysdata.xml\\n\\\\\\\\?\\\\C:\\\\ProgramData\\\\Microsoft\\\\Windows\\\\WER\\\\Temp\\\\WER.075454f3-c917-42b7-ae22-5e544e0cc23d.tmp.WERInternalMetadata.xml\\n\\\\\\\\?\\\\C:\\\\ProgramData\\\\Microsoft\\\\Windows\\\\WER\\\\Temp\\\\WER.5880debd-1665-4ca6-9ab1-df5268ec5dfb.tmp.csv\\n\\\\\\\\?\\\\C:\\\\ProgramData\\\\Microsoft\\\\Windows\\\\WER\\\\Temp\\\\WER.57dfb2be-7aa4-48eb-8146-773e43864243.tmp.txt\\n\\\\\\\\?\\\\C:\\\\ProgramData\\\\Microsoft\\\\Windows\\\\WER\\\\Temp\\\\WER.9f7087d1-37b2-4b1a-950e-d3fba7ffba02.tmp.xml\", \"Bucket\": \"\", \"BucketType\": \"0\", \"CabGuid\": \"0\", \"CabId\": \"0\", \"EventName\": \"LiveKernelEvent\", \"HashedBucket\": \"\", \"P1\": \"193\", \"P10\": \"\", \"P2\": \"80e\", \"P3\": \"ffff87857aa0a080\", \"P4\": \"ffffd785658d03b0\", \"P5\": \"0\", \"P6\": \"10_0_26200\", \"P7\": \"0_0\", \"P8\": \"256_1\", \"P9\": \"\", \"Rechecking\": \"0\", \"ReportId\": \"feef7efa-b9b6-43a2-b252-e030ec2eaccd\", \"ReportStatus\": \"2051\", \"Response\": \"Not available\", \"StorePath\": \"\\\\\\\\?\\\\C:\\\\ProgramData\\\\Microsoft\\\\Windows\\\\WER\\\\ReportQueue\\\\Kernel_193_5655eec2b36f7fc2c851bb4bca9c29fc33a437c5_00000000_feef7efa-b9b6-43a2-b252-e030ec2eaccd\"}", "message": "Fault bucket , type 0\r\nEvent Name: LiveKernelEvent\r\nResponse: Not available\r\nCab Id: 0\r\n\r\nProblem signature:\r\nP1: 193\r\nP2: 80e\r\nP3: ffff87857aa0a080\r\nP4: ffffd785658d03b0\r\nP5: 0\r\nP6: 10_0_26200\r\nP7: 0_0\r\nP8: 256_1\r\nP9: \r\nP10: \r\n\r\nAttached files:\r\n\\\\?\\C:\\Windows\\LiveKernelReports\\WATCHDOG\\WATCHDOG-20260623-1415.dmp\r\n\\\\?\\C:\\Windows\\SystemTemp\\WER-925533687-0.sysdata.xml\r\n\\\\?\\C:\\ProgramData\\Microsoft\\Windows\\WER\\Temp\\WER.075454f3-c917-42b7-ae22-5e544e0cc23d.tmp.WERInternalMetadata.xml\r\n\\\\?\\C:\\ProgramData\\Microsoft\\Windows\\WER\\Temp\\WER.5880debd-1665-4ca6-9ab1-df5268ec5dfb.tmp.csv\r\n\\\\?\\C:\\ProgramData\\Microsoft\\Windows\\WER\\Temp\\WER.57dfb2be-7aa4-48eb-8146-773e43864243.tmp.txt\r\n\\\\?\\C:\\ProgramData\\Microsoft\\Windows\\WER\\Temp\\WER.9f7087d1-37b2-4b1a-950e-d3fba7ffba02.tmp.xml\r\n\r\nThese files may be available here:\r\n\\\\?\\C:\\ProgramData\\Microsoft\\Windows\\WER\\ReportQueue\\Kernel_193_5655eec2b36f7fc2c851bb4bca9c29fc33a437c5_00000000_feef7efa-b9b6-43a2-b252-e030ec2eaccd\r\n\r\nAnalysis symbol: \r\nRechecking for solution: 0\r\nReport Id: feef7efa-b9b6-43a2-b252-e030ec2eaccd\r\nReport Status: 2051\r\nHashed bucket: \r\nCab Guid: 0"}
{"timestamp": "2026-08-02T06:08:41.105Z", "record_id": 27153, "event_id": 1001, "channel": "Application", "channel_key": "application", "provider": "Windows Error Reporting", "computer": "LAPTOP-8SM7PKPU", "level": "Information", "category": "other", "user_sid": "S-1-5-18", "process_id": 20632, "is_machine_account": 0, "mapped": 0, "source_file": "Application.jsonl", "event_data": "{\"AnalysisSymbol\": \"\", \"AttachedFiles\": \"\\n\\\\\\\\?\\\\C:\\\\Windows\\\\LiveKernelReports\\\\WATCHDOG\\\\WATCHDOG-20260530-1357.dmp\\n\\\\\\\\?\\\\C:\\\\Windows\\\\SystemTemp\\\\WER-1510141656-0.sysdata.xml\\n\\\\\\\\?\\\\C:\\\\ProgramData\\\\Microsoft\\\\Windows\\\\WER\\\\Temp\\\\WER.6637a8e6-85d9-4a80-842f-cb34c6c4c222.tmp.WERInternalMetadata.xml\\n\\\\\\\\?\\\\C:\\\\ProgramData\\\\Microsoft\\\\Windows\\\\WER\\\\Temp\\\\WER.0bbc6920-2e80-4246-bf72-8fea9f75ce6c.tmp.csv\\n\\\\\\\\?\\\\C:\\\\ProgramData\\\\Microsoft\\\\Windows\\\\WER\\\\Temp\\\\WER.bc27b120-198f-4302-92cb-6ba411063d4c.tmp.txt\\n\\\\\\\\?\\\\C:\\\\ProgramData\\\\Microsoft\\\\Windows\\\\WER\\\\Temp\\\\WER.fa00eff0-57de-44eb-b148-c27c58f53d37.tmp.xml\", \"Bucket\": \"\", \"BucketType\": \"0\", \"CabGuid\": \"0\", \"CabId\": \"0\", \"EventName\": \"LiveKernelEvent\", \"HashedBucket\": \"\", \"P1\": \"193\", \"P10\": \"\", \"P2\": \"80e\", \"P3\": \"ffff8789999d3180\", \"P4\": \"ffffc506a0feead0\", \"P5\": \"0\", \"P6\": \"10_0_26200\", \"P7\": \"0_0\", \"P8\": \"256_1\", \"P9\": \"\", \"Rechecking\": \"0\", \"ReportId\": \"4f9b6f3c-15ba-4eb1-9930-3e6a67b15959\", \"ReportStatus\": \"2051\", \"Response\": \"Not available\", \"StorePath\": \"\\\\\\\\?\\\\C:\\\\ProgramData\\\\Microsoft\\\\Windows\\\\WER\\\\ReportQueue\\\\Kernel_193_984916d406ebc67914e7494a1c5ea15cd2f5f_00000000_4f9b6f3c-15ba-4eb1-9930-3e6a67b15959\"}", "message": "Fault bucket , type 0\r\nEvent Name: LiveKernelEvent\r\nResponse: Not available\r\nCab Id: 0\r\n\r\nProblem signature:\r\nP1: 193\r\nP2: 80e\r\nP3: ffff8789999d3180\r\nP4: ffffc506a0feead0\r\nP5: 0\r\nP6: 10_0_26200\r\nP7: 0_0\r\nP8: 256_1\r\nP9: \r\nP10: \r\n\r\nAttached files:\r\n\\\\?\\C:\\Windows\\LiveKernelReports\\WATCHDOG\\WATCHDOG-20260530-1357.dmp\r\n\\\\?\\C:\\Windows\\SystemTemp\\WER-1510141656-0.sysdata.xml\r\n\\\\?\\C:\\ProgramData\\Microsoft\\Windows\\WER\\Temp\\WER.6637a8e6-85d9-4a80-842f-cb34c6c4c222.tmp.WERInternalMetadata.xml\r\n\\\\?\\C:\\ProgramData\\Microsoft\\Windows\\WER\\Temp\\WER.0bbc6920-2e80-4246-bf72-8fea9f75ce6c.tmp.csv\r\n\\\\?\\C:\\ProgramData\\Microsoft\\Windows\\WER\\Temp\\WER.bc27b120-198f-4302-92cb-6ba411063d4c.tmp.txt\r\n\\\\?\\C:\\ProgramData\\Microsoft\\Windows\\WER\\Temp\\WER.fa00eff0-57de-44eb-b148-c27c58f53d37.tmp.xml\r\n\r\nThese files may be available here:\r\n\\\\?\\C:\\ProgramData\\Microsoft\\Windows\\WER\\ReportQueue\\Kernel_193_984916d406ebc67914e7494a1c5ea15cd2f5f_00000000_4f9b6f3c-15ba-4eb1-9930-3e6a67b15959\r\n\r\nAnalysis symbol: \r\nRechecking for solution: 0\r\nReport Id: 4f9b6f3c-15ba-4eb1-9930-3e6a67b15959\r\nReport Status: 2051\r\nHashed bucket: \r\nCab Guid: 0"}
{"timestamp": "2026-08-02T06:08:41.020Z", "record_id": 27152, "event_id": 1001, "channel": "Application", "channel_key": "application", "provider": "Windows Error Reporting", "computer": "LAPTOP-8SM7PKPU", "level": "Information", "category": "other", "user_sid": "S-1-5-18", "process_id": 20632, "is_machine_account": 0, "mapped": 0, "source_file": "Application.jsonl", "event_data": "{\"AnalysisSymbol\": \"\", \"AttachedFiles\": \"\\n\\\\\\\\?\\\\C:\\\\Windows\\\\LiveKernelReports\\\\UcmUcsiCx.sys\\\\UcmUcsiCx.sys-20260509-2322.dmp\\n\\\\\\\\?\\\\C:\\\\Windows\\\\SystemTemp\\\\WER-272185656-0.sysdata.xml\\n\\\\\\\\?\\\\C:\\\\ProgramData\\\\Microsoft\\\\Windows\\\\WER\\\\Temp\\\\WER.3717a5de-154e-48b1-ac4e-d44443386fbd.tmp.WERInternalMetadata.xml\\n\\\\\\\\?\\\\C:\\\\ProgramData\\\\Microsoft\\\\Windows\\\\WER\\\\Temp\\\\WER.2db181bf-9033-4960-907d-6f3e6114edc7.tmp.csv\\n\\\\\\\\?\\\\C:\\\\ProgramData\\\\Microsoft\\\\Windows\\\\WER\\\\Temp\\\\WER.ec817bed-6ca6-4940-b74f-447d9d491fbb.tmp.txt\\n\\\\\\\\?\\\\C:\\\\ProgramData\\\\Microsoft\\\\Windows\\\\WER\\\\Temp\\\\WER.e923ea3d-4fe7-465b-9fe8-23da8900b4b2.tmp.xml\", \"Bucket\": \"\", \"BucketType\": \"0\", \"CabGuid\": \"0\", \"CabId\": \"0\", \"EventName\": \"LiveKernelEvent\", \"HashedBucket\": \"\", \"P1\": \"1d4\", \"P10\": \"\", \"P2\": \"0\", \"P3\": \"12\", \"P4\": \"fffff003f90c7150\", \"P5\": \"102\", \"P6\": \"10_0_26200\", \"P7\": \"0_0\", \"P8\": \"256_1\", \"P9\": \"\", \"Rechecking\": \"0\", \"ReportId\": \"3c66456f-e1f6-4dc9-b198-75831e559848\", \"ReportStatus\": \"2051\", \"Response\": \"Not available\", \"StorePath\": \"\\\\\\\\?\\\\C:\\\\ProgramData\\\\Microsoft\\\\Windows\\\\WER\\\\ReportQueue\\\\Kernel_1d4_964e26076728cf242e9d4791629814ac6ec8c2_00000000_3c66456f-e1f6-4dc9-b198-75831e559848\"}", "message": "Fault bucket , type 0\r\nEvent Name: LiveKernelEvent\r\nResponse: Not available\r\nCab Id: 0\r\n\r\nProblem signature:\r\nP1: 1d4\r\nP2: 0\r\nP3: 12\r\nP4: fffff003f90c7150\r\nP5: 102\r\nP6: 10_0_26200\r\nP7: 0_0\r\nP8: 256_1\r\nP9: \r\nP10: \r\n\r\nAttached files:\r\n\\\\?\\C:\\Windows\\LiveKernelReports\\UcmUcsiCx.sys\\UcmUcsiCx.sys-20260509-2322.dmp\r\n\\\\?\\C:\\Windows\\SystemTemp\\WER-272185656-0.sysdata.xml\r\n\\\\?\\C:\\ProgramData\\Microsoft\\Windows\\WER\\Temp\\WER.3717a5de-154e-48b1-ac4e-d44443386fbd.tmp.WERInternalMetadata.xml\r\n\\\\?\\C:\\ProgramData\\Microsoft\\Windows\\WER\\Temp\\WER.2db181bf-9033-4960-907d-6f3e6114edc7.tmp.csv\r\n\\\\?\\C:\\ProgramData\\Microsoft\\Windows\\WER\\Temp\\WER.ec817bed-6ca6-4940-b74f-447d9d491fbb.tmp.txt\r\n\\\\?\\C:\\ProgramData\\Microsoft\\Windows\\WER\\Temp\\WER.e923ea3d-4fe7-465b-9fe8-23da8900b4b2.tmp.xml\r\n\r\nThese files may be available here:\r\n\\\\?\\C:\\ProgramData\\Microsoft\\Windows\\WER\\ReportQueue\\Kernel_1d4_964e26076728cf242e9d4791629814ac6ec8c2_00000000_3c66456f-e1f6-4dc9-b198-75831e559848\r\n\r\nAnalysis symbol: \r\nRechecking for solution: 0\r\nReport Id: 3c66456f-e1f6-4dc9-b198-75831e559848\r\nReport Status: 2051\r\nHashed bucket: \r\nCab Guid: 0"}
{"timestamp": "2026-08-02T06:08:40.832Z", "record_id": 27151, "event_id": 1001, "channel": "Application", "channel_key": "application", "provider": "Windows Error Reporting", "computer": "LAPTOP-8SM7PKPU", "level": "Information", "category": "other", "user_sid": "S-1-5-18", "process_id": 20632, "is_machine_account": 0, "mapped": 0, "source_file": "Application.jsonl", "event_data": "{\"AnalysisSymbol\": \"\", \"AttachedFiles\": \"\\n\\\\\\\\?\\\\C:\\\\Windows\\\\LiveKernelReports\\\\UcmUcsiCx.sys\\\\UcmUcsiCx.sys-20260408-0917.dmp\\n\\\\\\\\?\\\\C:\\\\Windows\\\\SystemTemp\\\\WER-862550500-0.sysdata.xml\\n\\\\\\\\?\\\\C:\\\\ProgramData\\\\Microsoft\\\\Windows\\\\WER\\\\Temp\\\\WER.cb02a0cc-3af2-42a0-8238-8c636f95d71e.tmp.WERInternalMetadata.xml\\n\\\\\\\\?\\\\C:\\\\ProgramData\\\\Microsoft\\\\Windows\\\\WER\\\\Temp\\\\WER.732c3887-520a-4825-b2e4-5639e9365604.tmp.csv\\n\\\\\\\\?\\\\C:\\\\ProgramData\\\\Microsoft\\\\Windows\\\\WER\\\\Temp\\\\WER.feffad12-c4be-4b35-888d-9e9ca76b7838.tmp.txt\\n\\\\\\\\?\\\\C:\\\\ProgramData\\\\Microsoft\\\\Windows\\\\WER\\\\Temp\\\\WER.1255de6e-eacf-44c5-876a-efe17fd4315c.tmp.xml\", \"Bucket\": \"\", \"BucketType\": \"0\", \"CabGuid\": \"0\", \"CabId\": \"0\", \"EventName\": \"LiveKernelEvent\", \"HashedBucket\": \"\", \"P1\": \"1d4\", \"P10\": \"\", \"P2\": \"0\", \"P3\": \"12\", \"P4\": \"ffff828f529b7150\", \"P5\": \"102\", \"P6\": \"10_0_26200\", \"P7\": \"0_0\", \"P8\": \"256_1\", \"P9\": \"\", \"Rechecking\": \"0\", \"ReportId\": \"0c16c476-a1b6-4770-a96b-5bd444952f3e\", \"ReportStatus\": \"2051\", \"Response\": \"Not available\", \"StorePath\": \"\\\\\\\\?\\\\C:\\\\ProgramData\\\\Microsoft\\\\Windows\\\\WER\\\\ReportQueue\\\\Kernel_1d4_58376c2ce325d9ebb38ee5f5d37663c8816c04_00000000_0c16c476-a1b6-4770-a96b-5bd444952f3e\"}", "message": "Fault bucket , type 0\r\nEvent Name: LiveKernelEvent\r\nResponse: Not available\r\nCab Id: 0\r\n\r\nProblem signature:\r\nP1: 1d4\r\nP2: 0\r\nP3: 12\r\nP4: ffff828f529b7150\r\nP5: 102\r\nP6: 10_0_26200\r\nP7: 0_0\r\nP8: 256_1\r\nP9: \r\nP10: \r\n\r\nAttached files:\r\n\\\\?\\C:\\Windows\\LiveKernelReports\\UcmUcsiCx.sys\\UcmUcsiCx.sys-20260408-0917.dmp\r\n\\\\?\\C:\\Windows\\SystemTemp\\WER-862550500-0.sysdata.xml\r\n\\\\?\\C:\\ProgramData\\Microsoft\\Windows\\WER\\Temp\\WER.cb02a0cc-3af2-42a0-8238-8c636f95d71e.tmp.WERInternalMetadata.xml\r\n\\\\?\\C:\\ProgramData\\Microsoft\\Windows\\WER\\Temp\\WER.732c3887-520a-4825-b2e4-5639e9365604.tmp.csv\r\n\\\\?\\C:\\ProgramData\\Microsoft\\Windows\\WER\\Temp\\WER.feffad12-c4be-4b35-888d-9e9ca76b7838.tmp.txt\r\n\\\\?\\C:\\ProgramData\\Microsoft\\Windows\\WER\\Temp\\WER.1255de6e-eacf-44c5-876a-efe17fd4315c.tmp.xml\r\n\r\nThese files may be available here:\r\n\\\\?\\C:\\ProgramData\\Microsoft\\Windows\\WER\\ReportQueue\\Kernel_1d4_58376c2ce325d9ebb38ee5f5d37663c8816c04_00000000_0c16c476-a1b6-4770-a96b-5bd444952f3e\r\n\r\nAnalysis symbol: \r\nRechecking for solution: 0\r\nReport Id: 0c16c476-a1b6-4770-a96b-5bd444952f3e\r\nReport Status: 2051\r\nHashed bucket: \r\nCab Guid: 0"}
{"timestamp": "2026-08-02T06:08:41.577Z", "record_id": 27150, "event_id": 16394, "channel": "Application", "channel_key": "application", "provider": "Microsoft-Windows-Security-SPP", "computer": "LAPTOP-8SM7PKPU", "level": "Information", "category": "other", "process_id": 31160, "is_machine_account": 0, "mapped": 0, "source_file": "Application.jsonl", "event_data": "{}", "message": "Offline downlevel migration succeeded."}
{"timestamp": "2026-08-02T06:08:40.722Z", "record_id": 27149, "event_id": 1001, "channel": "Application", "channel_key": "application", "provider": "Windows Error Reporting", "computer": "LAPTOP-8SM7PKPU", "level": "Information", "category": "other", "user_sid": "S-1-5-18", "process_id": 20632, "is_machine_account": 0, "mapped": 0, "source_file": "Application.jsonl", "event_data": "{\"AnalysisSymbol\": \"\", \"AttachedFiles\": \"\\n\\\\\\\\?\\\\C:\\\\Windows\\\\LiveKernelReports\\\\UcmUcsiCx.sys\\\\UcmUcsiCx.sys-20251202-0826.dmp\\n\\\\\\\\?\\\\C:\\\\Windows\\\\SystemTemp\\\\WER-143287890-0.sysdata.xml\\n\\\\\\\\?\\\\C:\\\\ProgramData\\\\Microsoft\\\\Windows\\\\WER\\\\Temp\\\\WER.da7a0a1c-f212-46a3-8285-98673ebbfecf.tmp.WERInternalMetadata.xml\\n\\\\\\\\?\\\\C:\\\\ProgramData\\\\Microsoft\\\\Windows\\\\WER\\\\Temp\\\\WER.fa91a330-f7ab-4be9-b50b-eb78ed451996.tmp.csv\\n\\\\\\\\?\\\\C:\\\\ProgramData\\\\Microsoft\\\\Windows\\\\WER\\\\Temp\\\\WER.a4baff40-12e8-417b-aa39-708ac0828792.tmp.txt\\n\\\\\\\\?\\\\C:\\\\ProgramData\\\\Microsoft\\\\Windows\\\\WER\\\\Temp\\\\WER.e95787e6-0218-43d5-906b-60f585b35cf9.tmp.xml\", \"Bucket\": \"\", \"BucketType\": \"0\", \"CabGuid\": \"0\", \"CabId\": \"0\", \"EventName\": \"LiveKernelEvent\", \"HashedBucket\": \"\", \"P1\": \"1d4\", \"P10\": \"\", \"P2\": \"0\", \"P3\": \"12\", \"P4\": \"ffffb70283eb0120\", \"P5\": \"102\", \"P6\": \"10_0_26200\", \"P7\": \"0_0\", \"P8\": \"256_1\", \"P9\": \"\", \"Rechecking\": \"0\", \"ReportId\": \"fd813499-7ee3-4b11-a99e-d55ee367584b\", \"ReportStatus\": \"2051\", \"Response\": \"Not available\", \"StorePath\": \"\\\\\\\\?\\\\C:\\\\ProgramData\\\\Microsoft\\\\Windows\\\\WER\\\\ReportQueue\\\\Kernel_1d4_fed46974cfad8464b8c8641ec3cac3358d16d35_00000000_fd813499-7ee3-4b11-a99e-d55ee367584b\"}", "message": "Fault bucket , type 0\r\nEvent Name: LiveKernelEvent\r\nResponse: Not available\r\nCab Id: 0\r\n\r\nProblem signature:\r\nP1: 1d4\r\nP2: 0\r\nP3: 12\r\nP4: ffffb70283eb0120\r\nP5: 102\r\nP6: 10_0_26200\r\nP7: 0_0\r\nP8: 256_1\r\nP9: \r\nP10: \r\n\r\nAttached files:\r\n\\\\?\\C:\\Windows\\LiveKernelReports\\UcmUcsiCx.sys\\UcmUcsiCx.sys-20251202-0826.dmp\r\n\\\\?\\C:\\Windows\\SystemTemp\\WER-143287890-0.sysdata.xml\r\n\\\\?\\C:\\ProgramData\\Microsoft\\Windows\\WER\\Temp\\WER.da7a0a1c-f212-46a3-8285-98673ebbfecf.tmp.WERInternalMetadata.xml\r\n\\\\?\\C:\\ProgramData\\Microsoft\\Windows\\WER\\Temp\\WER.fa91a330-f7ab-4be9-b50b-eb78ed451996.tmp.csv\r\n\\\\?\\C:\\ProgramData\\Microsoft\\Windows\\WER\\Temp\\WER.a4baff40-12e8-417b-aa39-708ac0828792.tmp.txt\r\n\\\\?\\C:\\ProgramData\\Microsoft\\Windows\\WER\\Temp\\WER.e95787e6-0218-43d5-906b-60f585b35cf9.tmp.xml\r\n\r\nThese files may be available here:\r\n\\\\?\\C:\\ProgramData\\Microsoft\\Windows\\WER\\ReportQueue\\Kernel_1d4_fed46974cfad8464b8c8641ec3cac3358d16d35_00000000_fd813499-7ee3-4b11-a99e-d55ee367584b\r\n\r\nAnalysis symbol: \r\nRechecking for solution: 0\r\nReport Id: fd813499-7ee3-4b11-a99e-d55ee367584b\r\nReport Status: 2051\r\nHashed bucket: \r\nCab Guid: 0"}
{"timestamp": "2026-08-02T06:08:40.223Z", "record_id": 27148, "event_id": 257, "channel": "Application", "channel_key": "application", "provider": "Edge", "computer": "LAPTOP-8SM7PKPU", "level": "Warning", "category": "other", "user_sid": "S-1-5-18", "process_id": 2600, "is_machine_account": 0, "mapped": 0, "source_file": "Application.jsonl", "event_data": "{\"Data\": \"\"}", "message": "[0802/070840.223:WARNING:chrome\\elevation_service\\caller_validation.cc:163] Failed to authenticate caller process: C:\\Program Files (x86)\\Microsoft\\Edge\\Application\\msedge.exe"}
{"timestamp": "2026-08-02T04:20:37.579Z", "record_id": 27147, "event_id": 16384, "channel": "Application", "channel_key": "application", "provider": "Microsoft-Windows-Security-SPP", "computer": "LAPTOP-8SM7PKPU", "level": "Information", "category": "other", "process_id": 30932, "is_machine_account": 0, "mapped": 0, "source_file": "Application.jsonl", "event_data": "{\"Data\": [\"\", \"\"]}", "message": "Successfully scheduled Software Protection service for re-start at 2126-07-09T04:20:08Z. Reason: RulesEngine."}
{"timestamp": "2026-08-02T04:06:38.537Z", "record_id": 27146, "event_id": 16394, "channel": "Application", "channel_key": "application", "provider": "Microsoft-Windows-Security-SPP", "computer": "LAPTOP-8SM7PKPU", "level": "Information", "category": "other", "process_id": 30932, "is_machine_account": 0, "mapped": 0, "source_file": "Application.jsonl", "event_data": "{}", "message": "Offline downlevel migration succeeded."}
{"timestamp": "2026-08-02T00:08:59.366Z", "record_id": 27145, "event_id": 16384, "channel": "Application", "channel_key": "application", "provider": "Microsoft-Windows-Security-SPP", "computer": "LAPTOP-8SM7PKPU", "level": "Information", "category": "other", "process_id": 26412, "is_machine_account": 0, "mapped": 0, "source_file": "Application.jsonl", "event_data": "{\"Data\": [\"\", \"\"]}", "message": "Successfully scheduled Software Protection service for re-start at 2126-07-09T00:08:59Z. Reason: RulesEngine."}
{"timestamp": "2026-08-02T00:06:03.590Z", "record_id": 27144, "event_id": 16394, "channel": "Application", "channel_key": "application", "provider": "Microsoft-Windows-Security-SPP", "computer": "LAPTOP-8SM7PKPU", "level": "Information", "category": "other", "process_id": 26412, "is_machine_account": 0, "mapped": 0, "source_file": "Application.jsonl", "event_data": "{}", "message": "Offline downlevel migration succeeded."}
{"timestamp": "2026-08-01T22:26:13.850Z", "record_id": 27143, "event_id": 16384, "channel": "Application", "channel_key": "application", "provider": "Microsoft-Windows-Security-SPP", "computer": "LAPTOP-8SM7PKPU", "level": "Information", "category": "other", "process_id": 7244, "is_machine_account": 0, "mapped": 0, "source_file": "Application.jsonl", "event_data": "{\"Data\": [\"\", \"\"]}", "message": "Successfully scheduled Software Protection service for re-start at 2126-07-08T22:26:13Z. Reason: RulesEngine."}
{"timestamp": "2026-08-01T22:18:27.469Z", "record_id": 27142, "event_id": 15, "channel": "Application", "channel_key": "application", "provider": "SecurityCenter", "computer": "LAPTOP-8SM7PKPU", "level": "Information", "category": "other", "process_id": 23676, "is_machine_account": 0, "mapped": 0, "source_file": "Application.jsonl", "event_data": "{\"Data\": [\"\", \"\"]}", "message": "Updated Windows Defender status successfully to SECURITY_PRODUCT_STATE_ON."}
{"timestamp": "2026-08-01T22:17:53.782Z", "record_id": 27141, "event_id": 16394, "channel": "Application", "channel_key": "application", "provider": "Microsoft-Windows-Security-SPP", "computer": "LAPTOP-8SM7PKPU", "level": "Information", "category": "other", "process_id": 7244, "is_machine_account": 0, "mapped": 0, "source_file": "Application.jsonl", "event_data": "{}", "message": "Offline downlevel migration succeeded."}
{"timestamp": "2026-08-01T20:09:16.386Z", "record_id": 27140, "event_id": 16384, "channel": "Application", "channel_key": "application", "provider": "Microsoft-Windows-Security-SPP", "computer": "LAPTOP-8SM7PKPU", "level": "Information", "category": "other", "process_id": 28488, "is_machine_account": 0, "mapped": 0, "source_file": "Application.jsonl", "event_data": "{\"Data\": [\"\", \"\"]}", "message": "Successfully scheduled Software Protection service for re-start at 2126-07-08T20:09:16Z. Reason: RulesEngine."}
{"timestamp": "2026-08-01T20:08:39.302Z", "record_id": 27139, "event_id": 15, "channel": "Application", "channel_key": "application", "provider": "SecurityCenter", "computer": "LAPTOP-8SM7PKPU", "level": "Information", "category": "other", "process_id": 23676, "is_machine_account": 0, "mapped": 0, "source_file": "Application.jsonl", "event_data": "{\"Data\": [\"\", \"\"]}", "message": "Updated Windows Defender status successfully to SECURITY_PRODUCT_STATE_ON."}
{"timestamp": "2026-08-01T20:08:38.566Z", "record_id": 27138, "event_id": 16394, "channel": "Application", "channel_key": "application", "provider": "Microsoft-Windows-Security-SPP", "computer": "LAPTOP-8SM7PKPU", "level": "Information", "category": "other", "process_id": 28488, "is_machine_account": 0, "mapped": 0, "source_file": "Application.jsonl", "event_data": "{}", "message": "Offline downlevel migration succeeded."}
{"timestamp": "2026-08-01T20:08:37.287Z", "record_id": 27137, "event_id": 15, "channel": "Application", "channel_key": "application", "provider": "SecurityCenter", "computer": "LAPTOP-8SM7PKPU", "level": "Information", "category": "other", "process_id": 23676, "is_machine_account": 0, "mapped": 0, "source_file": "Application.jsonl", "event_data": "{\"Data\": [\"\", \"\"]}", "message": "Updated Windows Defender status successfully to SECURITY_PRODUCT_STATE_ON."}
