{"timestamp": "2026-08-02T11:09:54.055Z", "record_id": 27326, "event_id": 16384, "channel": "Application", "channel_key": "application", "provider": "Microsoft-Windows-Security-SPP", "computer": "LAPTOP-8SM7PKPU", "level": "Information", "category": "other", "process_id": 21216, "is_machine_account": 0, "mapped": 0, "source_file": "Application.jsonl", "event_data": "{\"Data\": [\"\", \"\"]}", "message": "Successfully scheduled Software Protection service for re-start at 2126-07-09T11:09:54Z. Reason: RulesEngine."}
{"timestamp": "2026-08-02T11:09:23.791Z", "record_id": 27325, "event_id": 16394, "channel": "Application", "channel_key": "application", "provider": "Microsoft-Windows-Security-SPP", "computer": "LAPTOP-8SM7PKPU", "level": "Information", "category": "other", "process_id": 21216, "is_machine_account": 0, "mapped": 0, "source_file": "Application.jsonl", "event_data": "{}", "message": "Offline downlevel migration succeeded."}
{"timestamp": "2026-08-02T10:45:56.295Z", "record_id": 27324, "event_id": 8224, "channel": "Application", "channel_key": "application", "provider": "VSS", "computer": "LAPTOP-8SM7PKPU", "level": "Information", "category": "other", "process_id": 11092, "is_machine_account": 0, "mapped": 0, "source_file": "Application.jsonl", "event_data": "{}", "message": "The VSS service is shutting down due to idle timeout. "}
{"timestamp": "2026-08-02T10:43:02.660Z", "record_id": 27323, "event_id": 1001, "channel": "Application", "channel_key": "application", "provider": "Windows Error Reporting", "computer": "LAPTOP-8SM7PKPU", "level": "Information", "category": "other", "user_sid": "S-1-5-18", "process_id": 12788, "is_machine_account": 0, "mapped": 0, "source_file": "Application.jsonl", "event_data": "{\"AnalysisSymbol\": \"\", \"AttachedFiles\": \"\\n\\\\\\\\?\\\\C:\\\\Windows\\\\LiveKernelReports\\\\WATCHDOG\\\\WATCHDOG-20260623-1415.dmp\\n\\\\\\\\?\\\\C:\\\\Windows\\\\SystemTemp\\\\WER-925533687-0.sysdata.xml\\n\\\\\\\\?\\\\C:\\\\ProgramData\\\\Microsoft\\\\Windows\\\\WER\\\\Temp\\\\WER.075454f3-c917-42b7-ae22-5e544e0cc23d.tmp.WERInternalMetadata.xml\\n\\\\\\\\?\\\\C:\\\\ProgramData\\\\Microsoft\\\\Windows\\\\WER\\\\Temp\\\\WER.5880debd-1665-4ca6-9ab1-df5268ec5dfb.tmp.csv\\n\\\\\\\\?\\\\C:\\\\ProgramData\\\\Microsoft\\\\Windows\\\\WER\\\\Temp\\\\WER.57dfb2be-7aa4-48eb-8146-773e43864243.tmp.txt\\n\\\\\\\\?\\\\C:\\\\ProgramData\\\\Microsoft\\\\Windows\\\\WER\\\\Temp\\\\WER.9f7087d1-37b2-4b1a-950e-d3fba7ffba02.tmp.xml\", \"Bucket\": \"\", \"BucketType\": \"0\", \"CabGuid\": \"0\", \"CabId\": \"0\", \"EventName\": \"LiveKernelEvent\", \"HashedBucket\": \"\", \"P1\": \"193\", \"P10\": \"\", \"P2\": \"80e\", \"P3\": \"ffff87857aa0a080\", \"P4\": \"ffffd785658d03b0\", \"P5\": \"0\", \"P6\": \"10_0_26200\", \"P7\": \"0_0\", \"P8\": \"256_1\", \"P9\": \"\", \"Rechecking\": \"0\", \"ReportId\": \"feef7efa-b9b6-43a2-b252-e030ec2eaccd\", \"ReportStatus\": \"2051\", \"Response\": \"Not available\", \"StorePath\": \"\\\\\\\\?\\\\C:\\\\ProgramData\\\\Microsoft\\\\Windows\\\\WER\\\\ReportQueue\\\\Kernel_193_5655eec2b36f7fc2c851bb4bca9c29fc33a437c5_00000000_feef7efa-b9b6-43a2-b252-e030ec2eaccd\"}", "message": "Fault bucket , type 0\r\nEvent Name: LiveKernelEvent\r\nResponse: Not available\r\nCab Id: 0\r\n\r\nProblem signature:\r\nP1: 193\r\nP2: 80e\r\nP3: ffff87857aa0a080\r\nP4: ffffd785658d03b0\r\nP5: 0\r\nP6: 10_0_26200\r\nP7: 0_0\r\nP8: 256_1\r\nP9: \r\nP10: \r\n\r\nAttached files:\r\n\\\\?\\C:\\Windows\\LiveKernelReports\\WATCHDOG\\WATCHDOG-20260623-1415.dmp\r\n\\\\?\\C:\\Windows\\SystemTemp\\WER-925533687-0.sysdata.xml\r\n\\\\?\\C:\\ProgramData\\Microsoft\\Windows\\WER\\Temp\\WER.075454f3-c917-42b7-ae22-5e544e0cc23d.tmp.WERInternalMetadata.xml\r\n\\\\?\\C:\\ProgramData\\Microsoft\\Windows\\WER\\Temp\\WER.5880debd-1665-4ca6-9ab1-df5268ec5dfb.tmp.csv\r\n\\\\?\\C:\\ProgramData\\Microsoft\\Windows\\WER\\Temp\\WER.57dfb2be-7aa4-48eb-8146-773e43864243.tmp.txt\r\n\\\\?\\C:\\ProgramData\\Microsoft\\Windows\\WER\\Temp\\WER.9f7087d1-37b2-4b1a-950e-d3fba7ffba02.tmp.xml\r\n\r\nThese files may be available here:\r\n\\\\?\\C:\\ProgramData\\Microsoft\\Windows\\WER\\ReportQueue\\Kernel_193_5655eec2b36f7fc2c851bb4bca9c29fc33a437c5_00000000_feef7efa-b9b6-43a2-b252-e030ec2eaccd\r\n\r\nAnalysis symbol: \r\nRechecking for solution: 0\r\nReport Id: feef7efa-b9b6-43a2-b252-e030ec2eaccd\r\nReport Status: 2051\r\nHashed bucket: \r\nCab Guid: 0"}
{"timestamp": "2026-08-02T10:43:02.625Z", "record_id": 27322, "event_id": 1001, "channel": "Application", "channel_key": "application", "provider": "Windows Error Reporting", "computer": "LAPTOP-8SM7PKPU", "level": "Information", "category": "other", "user_sid": "S-1-5-18", "process_id": 12788, "is_machine_account": 0, "mapped": 0, "source_file": "Application.jsonl", "event_data": "{\"AnalysisSymbol\": \"\", \"AttachedFiles\": \"\\n\\\\\\\\?\\\\C:\\\\Windows\\\\LiveKernelReports\\\\WATCHDOG\\\\WATCHDOG-20260530-1357.dmp\\n\\\\\\\\?\\\\C:\\\\Windows\\\\SystemTemp\\\\WER-1510141656-0.sysdata.xml\\n\\\\\\\\?\\\\C:\\\\ProgramData\\\\Microsoft\\\\Windows\\\\WER\\\\Temp\\\\WER.6637a8e6-85d9-4a80-842f-cb34c6c4c222.tmp.WERInternalMetadata.xml\\n\\\\\\\\?\\\\C:\\\\ProgramData\\\\Microsoft\\\\Windows\\\\WER\\\\Temp\\\\WER.0bbc6920-2e80-4246-bf72-8fea9f75ce6c.tmp.csv\\n\\\\\\\\?\\\\C:\\\\ProgramData\\\\Microsoft\\\\Windows\\\\WER\\\\Temp\\\\WER.bc27b120-198f-4302-92cb-6ba411063d4c.tmp.txt\\n\\\\\\\\?\\\\C:\\\\ProgramData\\\\Microsoft\\\\Windows\\\\WER\\\\Temp\\\\WER.fa00eff0-57de-44eb-b148-c27c58f53d37.tmp.xml\", \"Bucket\": \"\", \"BucketType\": \"0\", \"CabGuid\": \"0\", \"CabId\": \"0\", \"EventName\": \"LiveKernelEvent\", \"HashedBucket\": \"\", \"P1\": \"193\", \"P10\": \"\", \"P2\": \"80e\", \"P3\": \"ffff8789999d3180\", \"P4\": \"ffffc506a0feead0\", \"P5\": \"0\", \"P6\": \"10_0_26200\", \"P7\": \"0_0\", \"P8\": \"256_1\", \"P9\": \"\", \"Rechecking\": \"0\", \"ReportId\": \"4f9b6f3c-15ba-4eb1-9930-3e6a67b15959\", \"ReportStatus\": \"2051\", \"Response\": \"Not available\", \"StorePath\": \"\\\\\\\\?\\\\C:\\\\ProgramData\\\\Microsoft\\\\Windows\\\\WER\\\\ReportQueue\\\\Kernel_193_984916d406ebc67914e7494a1c5ea15cd2f5f_00000000_4f9b6f3c-15ba-4eb1-9930-3e6a67b15959\"}", "message": "Fault bucket , type 0\r\nEvent Name: LiveKernelEvent\r\nResponse: Not available\r\nCab Id: 0\r\n\r\nProblem signature:\r\nP1: 193\r\nP2: 80e\r\nP3: ffff8789999d3180\r\nP4: ffffc506a0feead0\r\nP5: 0\r\nP6: 10_0_26200\r\nP7: 0_0\r\nP8: 256_1\r\nP9: \r\nP10: \r\n\r\nAttached files:\r\n\\\\?\\C:\\Windows\\LiveKernelReports\\WATCHDOG\\WATCHDOG-20260530-1357.dmp\r\n\\\\?\\C:\\Windows\\SystemTemp\\WER-1510141656-0.sysdata.xml\r\n\\\\?\\C:\\ProgramData\\Microsoft\\Windows\\WER\\Temp\\WER.6637a8e6-85d9-4a80-842f-cb34c6c4c222.tmp.WERInternalMetadata.xml\r\n\\\\?\\C:\\ProgramData\\Microsoft\\Windows\\WER\\Temp\\WER.0bbc6920-2e80-4246-bf72-8fea9f75ce6c.tmp.csv\r\n\\\\?\\C:\\ProgramData\\Microsoft\\Windows\\WER\\Temp\\WER.bc27b120-198f-4302-92cb-6ba411063d4c.tmp.txt\r\n\\\\?\\C:\\ProgramData\\Microsoft\\Windows\\WER\\Temp\\WER.fa00eff0-57de-44eb-b148-c27c58f53d37.tmp.xml\r\n\r\nThese files may be available here:\r\n\\\\?\\C:\\ProgramData\\Microsoft\\Windows\\WER\\ReportQueue\\Kernel_193_984916d406ebc67914e7494a1c5ea15cd2f5f_00000000_4f9b6f3c-15ba-4eb1-9930-3e6a67b15959\r\n\r\nAnalysis symbol: \r\nRechecking for solution: 0\r\nReport Id: 4f9b6f3c-15ba-4eb1-9930-3e6a67b15959\r\nReport Status: 2051\r\nHashed bucket: \r\nCab Guid: 0"}
{"timestamp": "2026-08-02T10:43:02.591Z", "record_id": 27321, "event_id": 1001, "channel": "Application", "channel_key": "application", "provider": "Windows Error Reporting", "computer": "LAPTOP-8SM7PKPU", "level": "Information", "category": "other", "user_sid": "S-1-5-18", "process_id": 12788, "is_machine_account": 0, "mapped": 0, "source_file": "Application.jsonl", "event_data": "{\"AnalysisSymbol\": \"\", \"AttachedFiles\": \"\\n\\\\\\\\?\\\\C:\\\\Windows\\\\LiveKernelReports\\\\UcmUcsiCx.sys\\\\UcmUcsiCx.sys-20260509-2322.dmp\\n\\\\\\\\?\\\\C:\\\\Windows\\\\SystemTemp\\\\WER-272185656-0.sysdata.xml\\n\\\\\\\\?\\\\C:\\\\ProgramData\\\\Microsoft\\\\Windows\\\\WER\\\\Temp\\\\WER.3717a5de-154e-48b1-ac4e-d44443386fbd.tmp.WERInternalMetadata.xml\\n\\\\\\\\?\\\\C:\\\\ProgramData\\\\Microsoft\\\\Windows\\\\WER\\\\Temp\\\\WER.2db181bf-9033-4960-907d-6f3e6114edc7.tmp.csv\\n\\\\\\\\?\\\\C:\\\\ProgramData\\\\Microsoft\\\\Windows\\\\WER\\\\Temp\\\\WER.ec817bed-6ca6-4940-b74f-447d9d491fbb.tmp.txt\\n\\\\\\\\?\\\\C:\\\\ProgramData\\\\Microsoft\\\\Windows\\\\WER\\\\Temp\\\\WER.e923ea3d-4fe7-465b-9fe8-23da8900b4b2.tmp.xml\", \"Bucket\": \"\", \"BucketType\": \"0\", \"CabGuid\": \"0\", \"CabId\": \"0\", \"EventName\": \"LiveKernelEvent\", \"HashedBucket\": \"\", \"P1\": \"1d4\", \"P10\": \"\", \"P2\": \"0\", \"P3\": \"12\", \"P4\": \"fffff003f90c7150\", \"P5\": \"102\", \"P6\": \"10_0_26200\", \"P7\": \"0_0\", \"P8\": \"256_1\", \"P9\": \"\", \"Rechecking\": \"0\", \"ReportId\": \"3c66456f-e1f6-4dc9-b198-75831e559848\", \"ReportStatus\": \"2051\", \"Response\": \"Not available\", \"StorePath\": \"\\\\\\\\?\\\\C:\\\\ProgramData\\\\Microsoft\\\\Windows\\\\WER\\\\ReportQueue\\\\Kernel_1d4_964e26076728cf242e9d4791629814ac6ec8c2_00000000_3c66456f-e1f6-4dc9-b198-75831e559848\"}", "message": "Fault bucket , type 0\r\nEvent Name: LiveKernelEvent\r\nResponse: Not available\r\nCab Id: 0\r\n\r\nProblem signature:\r\nP1: 1d4\r\nP2: 0\r\nP3: 12\r\nP4: fffff003f90c7150\r\nP5: 102\r\nP6: 10_0_26200\r\nP7: 0_0\r\nP8: 256_1\r\nP9: \r\nP10: \r\n\r\nAttached files:\r\n\\\\?\\C:\\Windows\\LiveKernelReports\\UcmUcsiCx.sys\\UcmUcsiCx.sys-20260509-2322.dmp\r\n\\\\?\\C:\\Windows\\SystemTemp\\WER-272185656-0.sysdata.xml\r\n\\\\?\\C:\\ProgramData\\Microsoft\\Windows\\WER\\Temp\\WER.3717a5de-154e-48b1-ac4e-d44443386fbd.tmp.WERInternalMetadata.xml\r\n\\\\?\\C:\\ProgramData\\Microsoft\\Windows\\WER\\Temp\\WER.2db181bf-9033-4960-907d-6f3e6114edc7.tmp.csv\r\n\\\\?\\C:\\ProgramData\\Microsoft\\Windows\\WER\\Temp\\WER.ec817bed-6ca6-4940-b74f-447d9d491fbb.tmp.txt\r\n\\\\?\\C:\\ProgramData\\Microsoft\\Windows\\WER\\Temp\\WER.e923ea3d-4fe7-465b-9fe8-23da8900b4b2.tmp.xml\r\n\r\nThese files may be available here:\r\n\\\\?\\C:\\ProgramData\\Microsoft\\Windows\\WER\\ReportQueue\\Kernel_1d4_964e26076728cf242e9d4791629814ac6ec8c2_00000000_3c66456f-e1f6-4dc9-b198-75831e559848\r\n\r\nAnalysis symbol: \r\nRechecking for solution: 0\r\nReport Id: 3c66456f-e1f6-4dc9-b198-75831e559848\r\nReport Status: 2051\r\nHashed bucket: \r\nCab Guid: 0"}
{"timestamp": "2026-08-02T10:43:02.556Z", "record_id": 27320, "event_id": 1001, "channel": "Application", "channel_key": "application", "provider": "Windows Error Reporting", "computer": "LAPTOP-8SM7PKPU", "level": "Information", "category": "other", "user_sid": "S-1-5-18", "process_id": 12788, "is_machine_account": 0, "mapped": 0, "source_file": "Application.jsonl", "event_data": "{\"AnalysisSymbol\": \"\", \"AttachedFiles\": \"\\n\\\\\\\\?\\\\C:\\\\Windows\\\\LiveKernelReports\\\\UcmUcsiCx.sys\\\\UcmUcsiCx.sys-20260408-0917.dmp\\n\\\\\\\\?\\\\C:\\\\Windows\\\\SystemTemp\\\\WER-862550500-0.sysdata.xml\\n\\\\\\\\?\\\\C:\\\\ProgramData\\\\Microsoft\\\\Windows\\\\WER\\\\Temp\\\\WER.cb02a0cc-3af2-42a0-8238-8c636f95d71e.tmp.WERInternalMetadata.xml\\n\\\\\\\\?\\\\C:\\\\ProgramData\\\\Microsoft\\\\Windows\\\\WER\\\\Temp\\\\WER.732c3887-520a-4825-b2e4-5639e9365604.tmp.csv\\n\\\\\\\\?\\\\C:\\\\ProgramData\\\\Microsoft\\\\Windows\\\\WER\\\\Temp\\\\WER.feffad12-c4be-4b35-888d-9e9ca76b7838.tmp.txt\\n\\\\\\\\?\\\\C:\\\\ProgramData\\\\Microsoft\\\\Windows\\\\WER\\\\Temp\\\\WER.1255de6e-eacf-44c5-876a-efe17fd4315c.tmp.xml\", \"Bucket\": \"\", \"BucketType\": \"0\", \"CabGuid\": \"0\", \"CabId\": \"0\", \"EventName\": \"LiveKernelEvent\", \"HashedBucket\": \"\", \"P1\": \"1d4\", \"P10\": \"\", \"P2\": \"0\", \"P3\": \"12\", \"P4\": \"ffff828f529b7150\", \"P5\": \"102\", \"P6\": \"10_0_26200\", \"P7\": \"0_0\", \"P8\": \"256_1\", \"P9\": \"\", \"Rechecking\": \"0\", \"ReportId\": \"0c16c476-a1b6-4770-a96b-5bd444952f3e\", \"ReportStatus\": \"2051\", \"Response\": \"Not available\", \"StorePath\": \"\\\\\\\\?\\\\C:\\\\ProgramData\\\\Microsoft\\\\Windows\\\\WER\\\\ReportQueue\\\\Kernel_1d4_58376c2ce325d9ebb38ee5f5d37663c8816c04_00000000_0c16c476-a1b6-4770-a96b-5bd444952f3e\"}", "message": "Fault bucket , type 0\r\nEvent Name: LiveKernelEvent\r\nResponse: Not available\r\nCab Id: 0\r\n\r\nProblem signature:\r\nP1: 1d4\r\nP2: 0\r\nP3: 12\r\nP4: ffff828f529b7150\r\nP5: 102\r\nP6: 10_0_26200\r\nP7: 0_0\r\nP8: 256_1\r\nP9: \r\nP10: \r\n\r\nAttached files:\r\n\\\\?\\C:\\Windows\\LiveKernelReports\\UcmUcsiCx.sys\\UcmUcsiCx.sys-20260408-0917.dmp\r\n\\\\?\\C:\\Windows\\SystemTemp\\WER-862550500-0.sysdata.xml\r\n\\\\?\\C:\\ProgramData\\Microsoft\\Windows\\WER\\Temp\\WER.cb02a0cc-3af2-42a0-8238-8c636f95d71e.tmp.WERInternalMetadata.xml\r\n\\\\?\\C:\\ProgramData\\Microsoft\\Windows\\WER\\Temp\\WER.732c3887-520a-4825-b2e4-5639e9365604.tmp.csv\r\n\\\\?\\C:\\ProgramData\\Microsoft\\Windows\\WER\\Temp\\WER.feffad12-c4be-4b35-888d-9e9ca76b7838.tmp.txt\r\n\\\\?\\C:\\ProgramData\\Microsoft\\Windows\\WER\\Temp\\WER.1255de6e-eacf-44c5-876a-efe17fd4315c.tmp.xml\r\n\r\nThese files may be available here:\r\n\\\\?\\C:\\ProgramData\\Microsoft\\Windows\\WER\\ReportQueue\\Kernel_1d4_58376c2ce325d9ebb38ee5f5d37663c8816c04_00000000_0c16c476-a1b6-4770-a96b-5bd444952f3e\r\n\r\nAnalysis symbol: \r\nRechecking for solution: 0\r\nReport Id: 0c16c476-a1b6-4770-a96b-5bd444952f3e\r\nReport Status: 2051\r\nHashed bucket: \r\nCab Guid: 0"}
{"timestamp": "2026-08-02T10:43:02.521Z", "record_id": 27319, "event_id": 1001, "channel": "Application", "channel_key": "application", "provider": "Windows Error Reporting", "computer": "LAPTOP-8SM7PKPU", "level": "Information", "category": "other", "user_sid": "S-1-5-18", "process_id": 12788, "is_machine_account": 0, "mapped": 0, "source_file": "Application.jsonl", "event_data": "{\"AnalysisSymbol\": \"\", \"AttachedFiles\": \"\\n\\\\\\\\?\\\\C:\\\\Windows\\\\LiveKernelReports\\\\UcmUcsiCx.sys\\\\UcmUcsiCx.sys-20251202-0826.dmp\\n\\\\\\\\?\\\\C:\\\\Windows\\\\SystemTemp\\\\WER-143287890-0.sysdata.xml\\n\\\\\\\\?\\\\C:\\\\ProgramData\\\\Microsoft\\\\Windows\\\\WER\\\\Temp\\\\WER.da7a0a1c-f212-46a3-8285-98673ebbfecf.tmp.WERInternalMetadata.xml\\n\\\\\\\\?\\\\C:\\\\ProgramData\\\\Microsoft\\\\Windows\\\\WER\\\\Temp\\\\WER.fa91a330-f7ab-4be9-b50b-eb78ed451996.tmp.csv\\n\\\\\\\\?\\\\C:\\\\ProgramData\\\\Microsoft\\\\Windows\\\\WER\\\\Temp\\\\WER.a4baff40-12e8-417b-aa39-708ac0828792.tmp.txt\\n\\\\\\\\?\\\\C:\\\\ProgramData\\\\Microsoft\\\\Windows\\\\WER\\\\Temp\\\\WER.e95787e6-0218-43d5-906b-60f585b35cf9.tmp.xml\", \"Bucket\": \"\", \"BucketType\": \"0\", \"CabGuid\": \"0\", \"CabId\": \"0\", \"EventName\": \"LiveKernelEvent\", \"HashedBucket\": \"\", \"P1\": \"1d4\", \"P10\": \"\", \"P2\": \"0\", \"P3\": \"12\", \"P4\": \"ffffb70283eb0120\", \"P5\": \"102\", \"P6\": \"10_0_26200\", \"P7\": \"0_0\", \"P8\": \"256_1\", \"P9\": \"\", \"Rechecking\": \"0\", \"ReportId\": \"fd813499-7ee3-4b11-a99e-d55ee367584b\", \"ReportStatus\": \"2051\", \"Response\": \"Not available\", \"StorePath\": \"\\\\\\\\?\\\\C:\\\\ProgramData\\\\Microsoft\\\\Windows\\\\WER\\\\ReportQueue\\\\Kernel_1d4_fed46974cfad8464b8c8641ec3cac3358d16d35_00000000_fd813499-7ee3-4b11-a99e-d55ee367584b\"}", "message": "Fault bucket , type 0\r\nEvent Name: LiveKernelEvent\r\nResponse: Not available\r\nCab Id: 0\r\n\r\nProblem signature:\r\nP1: 1d4\r\nP2: 0\r\nP3: 12\r\nP4: ffffb70283eb0120\r\nP5: 102\r\nP6: 10_0_26200\r\nP7: 0_0\r\nP8: 256_1\r\nP9: \r\nP10: \r\n\r\nAttached files:\r\n\\\\?\\C:\\Windows\\LiveKernelReports\\UcmUcsiCx.sys\\UcmUcsiCx.sys-20251202-0826.dmp\r\n\\\\?\\C:\\Windows\\SystemTemp\\WER-143287890-0.sysdata.xml\r\n\\\\?\\C:\\ProgramData\\Microsoft\\Windows\\WER\\Temp\\WER.da7a0a1c-f212-46a3-8285-98673ebbfecf.tmp.WERInternalMetadata.xml\r\n\\\\?\\C:\\ProgramData\\Microsoft\\Windows\\WER\\Temp\\WER.fa91a330-f7ab-4be9-b50b-eb78ed451996.tmp.csv\r\n\\\\?\\C:\\ProgramData\\Microsoft\\Windows\\WER\\Temp\\WER.a4baff40-12e8-417b-aa39-708ac0828792.tmp.txt\r\n\\\\?\\C:\\ProgramData\\Microsoft\\Windows\\WER\\Temp\\WER.e95787e6-0218-43d5-906b-60f585b35cf9.tmp.xml\r\n\r\nThese files may be available here:\r\n\\\\?\\C:\\ProgramData\\Microsoft\\Windows\\WER\\ReportQueue\\Kernel_1d4_fed46974cfad8464b8c8641ec3cac3358d16d35_00000000_fd813499-7ee3-4b11-a99e-d55ee367584b\r\n\r\nAnalysis symbol: \r\nRechecking for solution: 0\r\nReport Id: fd813499-7ee3-4b11-a99e-d55ee367584b\r\nReport Status: 2051\r\nHashed bucket: \r\nCab Guid: 0"}
{"timestamp": "2026-08-02T10:43:02.394Z", "record_id": 27318, "event_id": 1001, "channel": "Application", "channel_key": "application", "provider": "Windows Error Reporting", "computer": "LAPTOP-8SM7PKPU", "level": "Information", "category": "other", "user_sid": "S-1-5-18", "process_id": 25956, "is_machine_account": 0, "mapped": 0, "source_file": "Application.jsonl", "event_data": "{\"AnalysisSymbol\": \"\", \"AttachedFiles\": \"\\n\\\\\\\\?\\\\C:\\\\ProgramData\\\\Microsoft\\\\Windows\\\\WER\\\\Temp\\\\WER.56906885-172d-445a-a8da-62ff7e544f1c.tmp.WERInternalMetadata.xml\", \"Bucket\": \"1758492457184892818\", \"BucketType\": \"5\", \"CabGuid\": \"0\", \"CabId\": \"0\", \"EventName\": \"StoreAgentInstallFailure1\", \"HashedBucket\": \"855ba864640edfe9d8676b92aab59792\", \"P1\": \"Update;MoUpdateOrchestratorUserScan-MoUsoCoreWorker-SearchForAllUpdatesWithUpdateOptionsAsync\", \"P10\": \"\", \"P2\": \"80073d02\", \"P3\": \"26200\", \"P4\": \"8875\", \"P5\": \"Windows.Desktop\", \"P6\": \"H\", \"P7\": \"\", \"P8\": \"\", \"P9\": \"\", \"Rechecking\": \"0\", \"ReportId\": \"74bb6250-871a-45fb-b380-37a0c6df3fee\", \"ReportStatus\": \"268435456\", \"Response\": \"Not available\", \"StorePath\": \"\\\\\\\\?\\\\C:\\\\ProgramData\\\\Microsoft\\\\Windows\\\\WER\\\\ReportArchive\\\\NonCritical_Update;MoUpdateO_75253e2551bc3db4adfe5c338bb62eeed764c0f_00000000_74bb6250-871a-45fb-b380-37a0c6df3fee\"}", "message": "Fault bucket 1758492457184892818, type 5\r\nEvent Name: StoreAgentInstallFailure1\r\nResponse: Not available\r\nCab Id: 0\r\n\r\nProblem signature:\r\nP1: Update;MoUpdateOrchestratorUserScan-MoUsoCoreWorker-SearchForAllUpdatesWithUpdateOptionsAsync\r\nP2: 80073d02\r\nP3: 26200\r\nP4: 8875\r\nP5: Windows.Desktop\r\nP6: H\r\nP7: \r\nP8: \r\nP9: \r\nP10: \r\n\r\nAttached files:\r\n\\\\?\\C:\\ProgramData\\Microsoft\\Windows\\WER\\Temp\\WER.56906885-172d-445a-a8da-62ff7e544f1c.tmp.WERInternalMetadata.xml\r\n\r\nThese files may be available here:\r\n\\\\?\\C:\\ProgramData\\Microsoft\\Windows\\WER\\ReportArchive\\NonCritical_Update;MoUpdateO_75253e2551bc3db4adfe5c338bb62eeed764c0f_00000000_74bb6250-871a-45fb-b380-37a0c6df3fee\r\n\r\nAnalysis symbol: \r\nRechecking for solution: 0\r\nReport Id: 74bb6250-871a-45fb-b380-37a0c6df3fee\r\nReport Status: 268435456\r\nHashed bucket: 855ba864640edfe9d8676b92aab59792\r\nCab Guid: 0"}
{"timestamp": "2026-08-02T10:43:00.783Z", "record_id": 27317, "event_id": 1001, "channel": "Application", "channel_key": "application", "provider": "Windows Error Reporting", "computer": "LAPTOP-8SM7PKPU", "level": "Information", "category": "other", "user_sid": "S-1-5-18", "process_id": 25956, "is_machine_account": 0, "mapped": 0, "source_file": "Application.jsonl", "event_data": "{\"AnalysisSymbol\": \"\", \"AttachedFiles\": \"\\n\\\\\\\\?\\\\C:\\\\ProgramData\\\\Microsoft\\\\Windows\\\\WER\\\\Temp\\\\WER.9dfeefce-a8bc-4d5e-9a9c-9f387f542153.tmp.WERInternalMetadata.xml\", \"Bucket\": \"1190563931309854482\", \"BucketType\": \"5\", \"CabGuid\": \"0\", \"CabId\": \"0\", \"EventName\": \"StoreAgentInstallFailure1\", \"HashedBucket\": \"360c0966e19a9e438085bb96701dcf12\", \"P1\": \"Update;MoUpdateOrchestratorUserScan-MoUsoCoreWorker-SearchForAllUpdatesWithUpdateOptionsAsync\", \"P10\": \"\", \"P2\": \"80073d02\", \"P3\": \"26200\", \"P4\": \"8875\", \"P5\": \"Windows.Desktop\", \"P6\": \"0\", \"P7\": \"\", \"P8\": \"\", \"P9\": \"\", \"Rechecking\": \"0\", \"ReportId\": \"158d29a4-95b4-4963-b0e2-de8048b82bd3\", \"ReportStatus\": \"268435456\", \"Response\": \"Not available\", \"StorePath\": \"\\\\\\\\?\\\\C:\\\\ProgramData\\\\Microsoft\\\\Windows\\\\WER\\\\ReportArchive\\\\NonCritical_Update;MoUpdateO_07d496ced751a660f079575cc6ebfb18a96e6_00000000_158d29a4-95b4-4963-b0e2-de8048b82bd3\"}", "message": "Fault bucket 1190563931309854482, type 5\r\nEvent Name: StoreAgentInstallFailure1\r\nResponse: Not available\r\nCab Id: 0\r\n\r\nProblem signature:\r\nP1: Update;MoUpdateOrchestratorUserScan-MoUsoCoreWorker-SearchForAllUpdatesWithUpdateOptionsAsync\r\nP2: 80073d02\r\nP3: 26200\r\nP4: 8875\r\nP5: Windows.Desktop\r\nP6: 0\r\nP7: \r\nP8: \r\nP9: \r\nP10: \r\n\r\nAttached files:\r\n\\\\?\\C:\\ProgramData\\Microsoft\\Windows\\WER\\Temp\\WER.9dfeefce-a8bc-4d5e-9a9c-9f387f542153.tmp.WERInternalMetadata.xml\r\n\r\nThese files may be available here:\r\n\\\\?\\C:\\ProgramData\\Microsoft\\Windows\\WER\\ReportArchive\\NonCritical_Update;MoUpdateO_07d496ced751a660f079575cc6ebfb18a96e6_00000000_158d29a4-95b4-4963-b0e2-de8048b82bd3\r\n\r\nAnalysis symbol: \r\nRechecking for solution: 0\r\nReport Id: 158d29a4-95b4-4963-b0e2-de8048b82bd3\r\nReport Status: 268435456\r\nHashed bucket: 360c0966e19a9e438085bb96701dcf12\r\nCab Guid: 0"}
{"timestamp": "2026-08-02T10:42:59.104Z", "record_id": 27316, "event_id": 1001, "channel": "Application", "channel_key": "application", "provider": "Windows Error Reporting", "computer": "LAPTOP-8SM7PKPU", "level": "Information", "category": "other", "user_sid": "S-1-5-18", "process_id": 25956, "is_machine_account": 0, "mapped": 0, "source_file": "Application.jsonl", "event_data": "{\"AnalysisSymbol\": \"\", \"AttachedFiles\": \"\\n\\\\\\\\?\\\\C:\\\\Windows\\\\LiveKernelReports\\\\WATCHDOG\\\\WATCHDOG-20260623-1415.dmp\\n\\\\\\\\?\\\\C:\\\\Windows\\\\SystemTemp\\\\WER-925533687-0.sysdata.xml\\n\\\\\\\\?\\\\C:\\\\ProgramData\\\\Microsoft\\\\Windows\\\\WER\\\\Temp\\\\WER.075454f3-c917-42b7-ae22-5e544e0cc23d.tmp.WERInternalMetadata.xml\\n\\\\\\\\?\\\\C:\\\\ProgramData\\\\Microsoft\\\\Windows\\\\WER\\\\Temp\\\\WER.5880debd-1665-4ca6-9ab1-df5268ec5dfb.tmp.csv\\n\\\\\\\\?\\\\C:\\\\ProgramData\\\\Microsoft\\\\Windows\\\\WER\\\\Temp\\\\WER.57dfb2be-7aa4-48eb-8146-773e43864243.tmp.txt\\n\\\\\\\\?\\\\C:\\\\ProgramData\\\\Microsoft\\\\Windows\\\\WER\\\\Temp\\\\WER.9f7087d1-37b2-4b1a-950e-d3fba7ffba02.tmp.xml\", \"Bucket\": \"\", \"BucketType\": \"0\", \"CabGuid\": \"0\", \"CabId\": \"0\", \"EventName\": \"LiveKernelEvent\", \"HashedBucket\": \"\", \"P1\": \"193\", \"P10\": \"\", \"P2\": \"80e\", \"P3\": \"ffff87857aa0a080\", \"P4\": \"ffffd785658d03b0\", \"P5\": \"0\", \"P6\": \"10_0_26200\", \"P7\": \"0_0\", \"P8\": \"256_1\", \"P9\": \"\", \"Rechecking\": \"0\", \"ReportId\": \"feef7efa-b9b6-43a2-b252-e030ec2eaccd\", \"ReportStatus\": \"2051\", \"Response\": \"Not available\", \"StorePath\": \"\\\\\\\\?\\\\C:\\\\ProgramData\\\\Microsoft\\\\Windows\\\\WER\\\\ReportQueue\\\\Kernel_193_5655eec2b36f7fc2c851bb4bca9c29fc33a437c5_00000000_feef7efa-b9b6-43a2-b252-e030ec2eaccd\"}", "message": "Fault bucket , type 0\r\nEvent Name: LiveKernelEvent\r\nResponse: Not available\r\nCab Id: 0\r\n\r\nProblem signature:\r\nP1: 193\r\nP2: 80e\r\nP3: ffff87857aa0a080\r\nP4: ffffd785658d03b0\r\nP5: 0\r\nP6: 10_0_26200\r\nP7: 0_0\r\nP8: 256_1\r\nP9: \r\nP10: \r\n\r\nAttached files:\r\n\\\\?\\C:\\Windows\\LiveKernelReports\\WATCHDOG\\WATCHDOG-20260623-1415.dmp\r\n\\\\?\\C:\\Windows\\SystemTemp\\WER-925533687-0.sysdata.xml\r\n\\\\?\\C:\\ProgramData\\Microsoft\\Windows\\WER\\Temp\\WER.075454f3-c917-42b7-ae22-5e544e0cc23d.tmp.WERInternalMetadata.xml\r\n\\\\?\\C:\\ProgramData\\Microsoft\\Windows\\WER\\Temp\\WER.5880debd-1665-4ca6-9ab1-df5268ec5dfb.tmp.csv\r\n\\\\?\\C:\\ProgramData\\Microsoft\\Windows\\WER\\Temp\\WER.57dfb2be-7aa4-48eb-8146-773e43864243.tmp.txt\r\n\\\\?\\C:\\ProgramData\\Microsoft\\Windows\\WER\\Temp\\WER.9f7087d1-37b2-4b1a-950e-d3fba7ffba02.tmp.xml\r\n\r\nThese files may be available here:\r\n\\\\?\\C:\\ProgramData\\Microsoft\\Windows\\WER\\ReportQueue\\Kernel_193_5655eec2b36f7fc2c851bb4bca9c29fc33a437c5_00000000_feef7efa-b9b6-43a2-b252-e030ec2eaccd\r\n\r\nAnalysis symbol: \r\nRechecking for solution: 0\r\nReport Id: feef7efa-b9b6-43a2-b252-e030ec2eaccd\r\nReport Status: 2051\r\nHashed bucket: \r\nCab Guid: 0"}
{"timestamp": "2026-08-02T10:42:59.071Z", "record_id": 27315, "event_id": 1001, "channel": "Application", "channel_key": "application", "provider": "Windows Error Reporting", "computer": "LAPTOP-8SM7PKPU", "level": "Information", "category": "other", "user_sid": "S-1-5-18", "process_id": 25956, "is_machine_account": 0, "mapped": 0, "source_file": "Application.jsonl", "event_data": "{\"AnalysisSymbol\": \"\", \"AttachedFiles\": \"\\n\\\\\\\\?\\\\C:\\\\Windows\\\\LiveKernelReports\\\\WATCHDOG\\\\WATCHDOG-20260530-1357.dmp\\n\\\\\\\\?\\\\C:\\\\Windows\\\\SystemTemp\\\\WER-1510141656-0.sysdata.xml\\n\\\\\\\\?\\\\C:\\\\ProgramData\\\\Microsoft\\\\Windows\\\\WER\\\\Temp\\\\WER.6637a8e6-85d9-4a80-842f-cb34c6c4c222.tmp.WERInternalMetadata.xml\\n\\\\\\\\?\\\\C:\\\\ProgramData\\\\Microsoft\\\\Windows\\\\WER\\\\Temp\\\\WER.0bbc6920-2e80-4246-bf72-8fea9f75ce6c.tmp.csv\\n\\\\\\\\?\\\\C:\\\\ProgramData\\\\Microsoft\\\\Windows\\\\WER\\\\Temp\\\\WER.bc27b120-198f-4302-92cb-6ba411063d4c.tmp.txt\\n\\\\\\\\?\\\\C:\\\\ProgramData\\\\Microsoft\\\\Windows\\\\WER\\\\Temp\\\\WER.fa00eff0-57de-44eb-b148-c27c58f53d37.tmp.xml\", \"Bucket\": \"\", \"BucketType\": \"0\", \"CabGuid\": \"0\", \"CabId\": \"0\", \"EventName\": \"LiveKernelEvent\", \"HashedBucket\": \"\", \"P1\": \"193\", \"P10\": \"\", \"P2\": \"80e\", \"P3\": \"ffff8789999d3180\", \"P4\": \"ffffc506a0feead0\", \"P5\": \"0\", \"P6\": \"10_0_26200\", \"P7\": \"0_0\", \"P8\": \"256_1\", \"P9\": \"\", \"Rechecking\": \"0\", \"ReportId\": \"4f9b6f3c-15ba-4eb1-9930-3e6a67b15959\", \"ReportStatus\": \"2051\", \"Response\": \"Not available\", \"StorePath\": \"\\\\\\\\?\\\\C:\\\\ProgramData\\\\Microsoft\\\\Windows\\\\WER\\\\ReportQueue\\\\Kernel_193_984916d406ebc67914e7494a1c5ea15cd2f5f_00000000_4f9b6f3c-15ba-4eb1-9930-3e6a67b15959\"}", "message": "Fault bucket , type 0\r\nEvent Name: LiveKernelEvent\r\nResponse: Not available\r\nCab Id: 0\r\n\r\nProblem signature:\r\nP1: 193\r\nP2: 80e\r\nP3: ffff8789999d3180\r\nP4: ffffc506a0feead0\r\nP5: 0\r\nP6: 10_0_26200\r\nP7: 0_0\r\nP8: 256_1\r\nP9: \r\nP10: \r\n\r\nAttached files:\r\n\\\\?\\C:\\Windows\\LiveKernelReports\\WATCHDOG\\WATCHDOG-20260530-1357.dmp\r\n\\\\?\\C:\\Windows\\SystemTemp\\WER-1510141656-0.sysdata.xml\r\n\\\\?\\C:\\ProgramData\\Microsoft\\Windows\\WER\\Temp\\WER.6637a8e6-85d9-4a80-842f-cb34c6c4c222.tmp.WERInternalMetadata.xml\r\n\\\\?\\C:\\ProgramData\\Microsoft\\Windows\\WER\\Temp\\WER.0bbc6920-2e80-4246-bf72-8fea9f75ce6c.tmp.csv\r\n\\\\?\\C:\\ProgramData\\Microsoft\\Windows\\WER\\Temp\\WER.bc27b120-198f-4302-92cb-6ba411063d4c.tmp.txt\r\n\\\\?\\C:\\ProgramData\\Microsoft\\Windows\\WER\\Temp\\WER.fa00eff0-57de-44eb-b148-c27c58f53d37.tmp.xml\r\n\r\nThese files may be available here:\r\n\\\\?\\C:\\ProgramData\\Microsoft\\Windows\\WER\\ReportQueue\\Kernel_193_984916d406ebc67914e7494a1c5ea15cd2f5f_00000000_4f9b6f3c-15ba-4eb1-9930-3e6a67b15959\r\n\r\nAnalysis symbol: \r\nRechecking for solution: 0\r\nReport Id: 4f9b6f3c-15ba-4eb1-9930-3e6a67b15959\r\nReport Status: 2051\r\nHashed bucket: \r\nCab Guid: 0"}
{"timestamp": "2026-08-02T10:42:59.038Z", "record_id": 27314, "event_id": 1001, "channel": "Application", "channel_key": "application", "provider": "Windows Error Reporting", "computer": "LAPTOP-8SM7PKPU", "level": "Information", "category": "other", "user_sid": "S-1-5-18", "process_id": 25956, "is_machine_account": 0, "mapped": 0, "source_file": "Application.jsonl", "event_data": "{\"AnalysisSymbol\": \"\", \"AttachedFiles\": \"\\n\\\\\\\\?\\\\C:\\\\Windows\\\\LiveKernelReports\\\\UcmUcsiCx.sys\\\\UcmUcsiCx.sys-20260509-2322.dmp\\n\\\\\\\\?\\\\C:\\\\Windows\\\\SystemTemp\\\\WER-272185656-0.sysdata.xml\\n\\\\\\\\?\\\\C:\\\\ProgramData\\\\Microsoft\\\\Windows\\\\WER\\\\Temp\\\\WER.3717a5de-154e-48b1-ac4e-d44443386fbd.tmp.WERInternalMetadata.xml\\n\\\\\\\\?\\\\C:\\\\ProgramData\\\\Microsoft\\\\Windows\\\\WER\\\\Temp\\\\WER.2db181bf-9033-4960-907d-6f3e6114edc7.tmp.csv\\n\\\\\\\\?\\\\C:\\\\ProgramData\\\\Microsoft\\\\Windows\\\\WER\\\\Temp\\\\WER.ec817bed-6ca6-4940-b74f-447d9d491fbb.tmp.txt\\n\\\\\\\\?\\\\C:\\\\ProgramData\\\\Microsoft\\\\Windows\\\\WER\\\\Temp\\\\WER.e923ea3d-4fe7-465b-9fe8-23da8900b4b2.tmp.xml\", \"Bucket\": \"\", \"BucketType\": \"0\", \"CabGuid\": \"0\", \"CabId\": \"0\", \"EventName\": \"LiveKernelEvent\", \"HashedBucket\": \"\", \"P1\": \"1d4\", \"P10\": \"\", \"P2\": \"0\", \"P3\": \"12\", \"P4\": \"fffff003f90c7150\", \"P5\": \"102\", \"P6\": \"10_0_26200\", \"P7\": \"0_0\", \"P8\": \"256_1\", \"P9\": \"\", \"Rechecking\": \"0\", \"ReportId\": \"3c66456f-e1f6-4dc9-b198-75831e559848\", \"ReportStatus\": \"2051\", \"Response\": \"Not available\", \"StorePath\": \"\\\\\\\\?\\\\C:\\\\ProgramData\\\\Microsoft\\\\Windows\\\\WER\\\\ReportQueue\\\\Kernel_1d4_964e26076728cf242e9d4791629814ac6ec8c2_00000000_3c66456f-e1f6-4dc9-b198-75831e559848\"}", "message": "Fault bucket , type 0\r\nEvent Name: LiveKernelEvent\r\nResponse: Not available\r\nCab Id: 0\r\n\r\nProblem signature:\r\nP1: 1d4\r\nP2: 0\r\nP3: 12\r\nP4: fffff003f90c7150\r\nP5: 102\r\nP6: 10_0_26200\r\nP7: 0_0\r\nP8: 256_1\r\nP9: \r\nP10: \r\n\r\nAttached files:\r\n\\\\?\\C:\\Windows\\LiveKernelReports\\UcmUcsiCx.sys\\UcmUcsiCx.sys-20260509-2322.dmp\r\n\\\\?\\C:\\Windows\\SystemTemp\\WER-272185656-0.sysdata.xml\r\n\\\\?\\C:\\ProgramData\\Microsoft\\Windows\\WER\\Temp\\WER.3717a5de-154e-48b1-ac4e-d44443386fbd.tmp.WERInternalMetadata.xml\r\n\\\\?\\C:\\ProgramData\\Microsoft\\Windows\\WER\\Temp\\WER.2db181bf-9033-4960-907d-6f3e6114edc7.tmp.csv\r\n\\\\?\\C:\\ProgramData\\Microsoft\\Windows\\WER\\Temp\\WER.ec817bed-6ca6-4940-b74f-447d9d491fbb.tmp.txt\r\n\\\\?\\C:\\ProgramData\\Microsoft\\Windows\\WER\\Temp\\WER.e923ea3d-4fe7-465b-9fe8-23da8900b4b2.tmp.xml\r\n\r\nThese files may be available here:\r\n\\\\?\\C:\\ProgramData\\Microsoft\\Windows\\WER\\ReportQueue\\Kernel_1d4_964e26076728cf242e9d4791629814ac6ec8c2_00000000_3c66456f-e1f6-4dc9-b198-75831e559848\r\n\r\nAnalysis symbol: \r\nRechecking for solution: 0\r\nReport Id: 3c66456f-e1f6-4dc9-b198-75831e559848\r\nReport Status: 2051\r\nHashed bucket: \r\nCab Guid: 0"}
{"timestamp": "2026-08-02T10:42:59.004Z", "record_id": 27313, "event_id": 1001, "channel": "Application", "channel_key": "application", "provider": "Windows Error Reporting", "computer": "LAPTOP-8SM7PKPU", "level": "Information", "category": "other", "user_sid": "S-1-5-18", "process_id": 25956, "is_machine_account": 0, "mapped": 0, "source_file": "Application.jsonl", "event_data": "{\"AnalysisSymbol\": \"\", \"AttachedFiles\": \"\\n\\\\\\\\?\\\\C:\\\\Windows\\\\LiveKernelReports\\\\UcmUcsiCx.sys\\\\UcmUcsiCx.sys-20260408-0917.dmp\\n\\\\\\\\?\\\\C:\\\\Windows\\\\SystemTemp\\\\WER-862550500-0.sysdata.xml\\n\\\\\\\\?\\\\C:\\\\ProgramData\\\\Microsoft\\\\Windows\\\\WER\\\\Temp\\\\WER.cb02a0cc-3af2-42a0-8238-8c636f95d71e.tmp.WERInternalMetadata.xml\\n\\\\\\\\?\\\\C:\\\\ProgramData\\\\Microsoft\\\\Windows\\\\WER\\\\Temp\\\\WER.732c3887-520a-4825-b2e4-5639e9365604.tmp.csv\\n\\\\\\\\?\\\\C:\\\\ProgramData\\\\Microsoft\\\\Windows\\\\WER\\\\Temp\\\\WER.feffad12-c4be-4b35-888d-9e9ca76b7838.tmp.txt\\n\\\\\\\\?\\\\C:\\\\ProgramData\\\\Microsoft\\\\Windows\\\\WER\\\\Temp\\\\WER.1255de6e-eacf-44c5-876a-efe17fd4315c.tmp.xml\", \"Bucket\": \"\", \"BucketType\": \"0\", \"CabGuid\": \"0\", \"CabId\": \"0\", \"EventName\": \"LiveKernelEvent\", \"HashedBucket\": \"\", \"P1\": \"1d4\", \"P10\": \"\", \"P2\": \"0\", \"P3\": \"12\", \"P4\": \"ffff828f529b7150\", \"P5\": \"102\", \"P6\": \"10_0_26200\", \"P7\": \"0_0\", \"P8\": \"256_1\", \"P9\": \"\", \"Rechecking\": \"0\", \"ReportId\": \"0c16c476-a1b6-4770-a96b-5bd444952f3e\", \"ReportStatus\": \"2051\", \"Response\": \"Not available\", \"StorePath\": \"\\\\\\\\?\\\\C:\\\\ProgramData\\\\Microsoft\\\\Windows\\\\WER\\\\ReportQueue\\\\Kernel_1d4_58376c2ce325d9ebb38ee5f5d37663c8816c04_00000000_0c16c476-a1b6-4770-a96b-5bd444952f3e\"}", "message": "Fault bucket , type 0\r\nEvent Name: LiveKernelEvent\r\nResponse: Not available\r\nCab Id: 0\r\n\r\nProblem signature:\r\nP1: 1d4\r\nP2: 0\r\nP3: 12\r\nP4: ffff828f529b7150\r\nP5: 102\r\nP6: 10_0_26200\r\nP7: 0_0\r\nP8: 256_1\r\nP9: \r\nP10: \r\n\r\nAttached files:\r\n\\\\?\\C:\\Windows\\LiveKernelReports\\UcmUcsiCx.sys\\UcmUcsiCx.sys-20260408-0917.dmp\r\n\\\\?\\C:\\Windows\\SystemTemp\\WER-862550500-0.sysdata.xml\r\n\\\\?\\C:\\ProgramData\\Microsoft\\Windows\\WER\\Temp\\WER.cb02a0cc-3af2-42a0-8238-8c636f95d71e.tmp.WERInternalMetadata.xml\r\n\\\\?\\C:\\ProgramData\\Microsoft\\Windows\\WER\\Temp\\WER.732c3887-520a-4825-b2e4-5639e9365604.tmp.csv\r\n\\\\?\\C:\\ProgramData\\Microsoft\\Windows\\WER\\Temp\\WER.feffad12-c4be-4b35-888d-9e9ca76b7838.tmp.txt\r\n\\\\?\\C:\\ProgramData\\Microsoft\\Windows\\WER\\Temp\\WER.1255de6e-eacf-44c5-876a-efe17fd4315c.tmp.xml\r\n\r\nThese files may be available here:\r\n\\\\?\\C:\\ProgramData\\Microsoft\\Windows\\WER\\ReportQueue\\Kernel_1d4_58376c2ce325d9ebb38ee5f5d37663c8816c04_00000000_0c16c476-a1b6-4770-a96b-5bd444952f3e\r\n\r\nAnalysis symbol: \r\nRechecking for solution: 0\r\nReport Id: 0c16c476-a1b6-4770-a96b-5bd444952f3e\r\nReport Status: 2051\r\nHashed bucket: \r\nCab Guid: 0"}
{"timestamp": "2026-08-02T10:42:58.970Z", "record_id": 27312, "event_id": 1001, "channel": "Application", "channel_key": "application", "provider": "Windows Error Reporting", "computer": "LAPTOP-8SM7PKPU", "level": "Information", "category": "other", "user_sid": "S-1-5-18", "process_id": 25956, "is_machine_account": 0, "mapped": 0, "source_file": "Application.jsonl", "event_data": "{\"AnalysisSymbol\": \"\", \"AttachedFiles\": \"\\n\\\\\\\\?\\\\C:\\\\Windows\\\\LiveKernelReports\\\\UcmUcsiCx.sys\\\\UcmUcsiCx.sys-20251202-0826.dmp\\n\\\\\\\\?\\\\C:\\\\Windows\\\\SystemTemp\\\\WER-143287890-0.sysdata.xml\\n\\\\\\\\?\\\\C:\\\\ProgramData\\\\Microsoft\\\\Windows\\\\WER\\\\Temp\\\\WER.da7a0a1c-f212-46a3-8285-98673ebbfecf.tmp.WERInternalMetadata.xml\\n\\\\\\\\?\\\\C:\\\\ProgramData\\\\Microsoft\\\\Windows\\\\WER\\\\Temp\\\\WER.fa91a330-f7ab-4be9-b50b-eb78ed451996.tmp.csv\\n\\\\\\\\?\\\\C:\\\\ProgramData\\\\Microsoft\\\\Windows\\\\WER\\\\Temp\\\\WER.a4baff40-12e8-417b-aa39-708ac0828792.tmp.txt\\n\\\\\\\\?\\\\C:\\\\ProgramData\\\\Microsoft\\\\Windows\\\\WER\\\\Temp\\\\WER.e95787e6-0218-43d5-906b-60f585b35cf9.tmp.xml\", \"Bucket\": \"\", \"BucketType\": \"0\", \"CabGuid\": \"0\", \"CabId\": \"0\", \"EventName\": \"LiveKernelEvent\", \"HashedBucket\": \"\", \"P1\": \"1d4\", \"P10\": \"\", \"P2\": \"0\", \"P3\": \"12\", \"P4\": \"ffffb70283eb0120\", \"P5\": \"102\", \"P6\": \"10_0_26200\", \"P7\": \"0_0\", \"P8\": \"256_1\", \"P9\": \"\", \"Rechecking\": \"0\", \"ReportId\": \"fd813499-7ee3-4b11-a99e-d55ee367584b\", \"ReportStatus\": \"2051\", \"Response\": \"Not available\", \"StorePath\": \"\\\\\\\\?\\\\C:\\\\ProgramData\\\\Microsoft\\\\Windows\\\\WER\\\\ReportQueue\\\\Kernel_1d4_fed46974cfad8464b8c8641ec3cac3358d16d35_00000000_fd813499-7ee3-4b11-a99e-d55ee367584b\"}", "message": "Fault bucket , type 0\r\nEvent Name: LiveKernelEvent\r\nResponse: Not available\r\nCab Id: 0\r\n\r\nProblem signature:\r\nP1: 1d4\r\nP2: 0\r\nP3: 12\r\nP4: ffffb70283eb0120\r\nP5: 102\r\nP6: 10_0_26200\r\nP7: 0_0\r\nP8: 256_1\r\nP9: \r\nP10: \r\n\r\nAttached files:\r\n\\\\?\\C:\\Windows\\LiveKernelReports\\UcmUcsiCx.sys\\UcmUcsiCx.sys-20251202-0826.dmp\r\n\\\\?\\C:\\Windows\\SystemTemp\\WER-143287890-0.sysdata.xml\r\n\\\\?\\C:\\ProgramData\\Microsoft\\Windows\\WER\\Temp\\WER.da7a0a1c-f212-46a3-8285-98673ebbfecf.tmp.WERInternalMetadata.xml\r\n\\\\?\\C:\\ProgramData\\Microsoft\\Windows\\WER\\Temp\\WER.fa91a330-f7ab-4be9-b50b-eb78ed451996.tmp.csv\r\n\\\\?\\C:\\ProgramData\\Microsoft\\Windows\\WER\\Temp\\WER.a4baff40-12e8-417b-aa39-708ac0828792.tmp.txt\r\n\\\\?\\C:\\ProgramData\\Microsoft\\Windows\\WER\\Temp\\WER.e95787e6-0218-43d5-906b-60f585b35cf9.tmp.xml\r\n\r\nThese files may be available here:\r\n\\\\?\\C:\\ProgramData\\Microsoft\\Windows\\WER\\ReportQueue\\Kernel_1d4_fed46974cfad8464b8c8641ec3cac3358d16d35_00000000_fd813499-7ee3-4b11-a99e-d55ee367584b\r\n\r\nAnalysis symbol: \r\nRechecking for solution: 0\r\nReport Id: fd813499-7ee3-4b11-a99e-d55ee367584b\r\nReport Status: 2051\r\nHashed bucket: \r\nCab Guid: 0"}
{"timestamp": "2026-08-02T10:42:58.847Z", "record_id": 27311, "event_id": 1001, "channel": "Application", "channel_key": "application", "provider": "Windows Error Reporting", "computer": "LAPTOP-8SM7PKPU", "level": "Information", "category": "other", "user_sid": "S-1-5-18", "process_id": 31776, "is_machine_account": 0, "mapped": 0, "source_file": "Application.jsonl", "event_data": "{\"AnalysisSymbol\": \"\", \"AttachedFiles\": \"\\n\\\\\\\\?\\\\C:\\\\ProgramData\\\\Microsoft\\\\Windows\\\\WER\\\\Temp\\\\WER.2693c3ee-4d6a-4f2d-9b06-141b42ad7733.tmp.WERInternalMetadata.xml\", \"Bucket\": \"2177522726386690798\", \"BucketType\": \"5\", \"CabGuid\": \"0\", \"CabId\": \"0\", \"EventName\": \"StoreAgentInstallFailure1\", \"HashedBucket\": \"90fd991398782c160e381d61f49e6aee\", \"P1\": \"Update;MoUpdateOrchestratorUserScan-MoUsoCoreWorker-SearchForAllUpdatesWithUpdateOptionsAsync\", \"P10\": \"\", \"P2\": \"80073d02\", \"P3\": \"26200\", \"P4\": \"8875\", \"P5\": \"Windows.Desktop\", \"P6\": \"V\", \"P7\": \"\", \"P8\": \"\", \"P9\": \"\", \"Rechecking\": \"0\", \"ReportId\": \"06a11c64-c70a-4505-a7ce-e50871c86831\", \"ReportStatus\": \"268435456\", \"Response\": \"Not available\", \"StorePath\": \"\\\\\\\\?\\\\C:\\\\ProgramData\\\\Microsoft\\\\Windows\\\\WER\\\\ReportArchive\\\\NonCritical_Update;MoUpdateO_a3518c34786b5d36f39dcd3465b240a5424fb02d_00000000_06a11c64-c70a-4505-a7ce-e50871c86831\"}", "message": "Fault bucket 2177522726386690798, type 5\r\nEvent Name: StoreAgentInstallFailure1\r\nResponse: Not available\r\nCab Id: 0\r\n\r\nProblem signature:\r\nP1: Update;MoUpdateOrchestratorUserScan-MoUsoCoreWorker-SearchForAllUpdatesWithUpdateOptionsAsync\r\nP2: 80073d02\r\nP3: 26200\r\nP4: 8875\r\nP5: Windows.Desktop\r\nP6: V\r\nP7: \r\nP8: \r\nP9: \r\nP10: \r\n\r\nAttached files:\r\n\\\\?\\C:\\ProgramData\\Microsoft\\Windows\\WER\\Temp\\WER.2693c3ee-4d6a-4f2d-9b06-141b42ad7733.tmp.WERInternalMetadata.xml\r\n\r\nThese files may be available here:\r\n\\\\?\\C:\\ProgramData\\Microsoft\\Windows\\WER\\ReportArchive\\NonCritical_Update;MoUpdateO_a3518c34786b5d36f39dcd3465b240a5424fb02d_00000000_06a11c64-c70a-4505-a7ce-e50871c86831\r\n\r\nAnalysis symbol: \r\nRechecking for solution: 0\r\nReport Id: 06a11c64-c70a-4505-a7ce-e50871c86831\r\nReport Status: 268435456\r\nHashed bucket: 90fd991398782c160e381d61f49e6aee\r\nCab Guid: 0"}
{"timestamp": "2026-08-02T10:42:58.029Z", "record_id": 27310, "event_id": 1001, "channel": "Application", "channel_key": "application", "provider": "Windows Error Reporting", "computer": "LAPTOP-8SM7PKPU", "level": "Information", "category": "other", "user_sid": "S-1-5-18", "process_id": 9960, "is_machine_account": 0, "mapped": 0, "source_file": "Application.jsonl", "event_data": "{\"AnalysisSymbol\": \"\", \"AttachedFiles\": \"\", \"Bucket\": \"\", \"BucketType\": \"0\", \"CabGuid\": \"0\", \"CabId\": \"0\", \"EventName\": \"StoreAgentInstallFailure1\", \"HashedBucket\": \"\", \"P1\": \"Update;MoUpdateOrchestratorUserScan-MoUsoCoreWorker-SearchForAllUpdatesWithUpdateOptionsAsync\", \"P10\": \"\", \"P2\": \"80073d02\", \"P3\": \"26200\", \"P4\": \"8875\", \"P5\": \"Windows.Desktop\", \"P6\": \"H\", \"P7\": \"\", \"P8\": \"\", \"P9\": \"\", \"Rechecking\": \"0\", \"ReportId\": \"74bb6250-871a-45fb-b380-37a0c6df3fee\", \"ReportStatus\": \"4\", \"Response\": \"Not available\", \"StorePath\": \"\\\\\\\\?\\\\C:\\\\ProgramData\\\\Microsoft\\\\Windows\\\\WER\\\\ReportQueue\\\\NonCritical_Update;MoUpdateO_75253e2551bc3db4adfe5c338bb62eeed764c0f_00000000_74bb6250-871a-45fb-b380-37a0c6df3fee\"}", "message": "Fault bucket , type 0\r\nEvent Name: StoreAgentInstallFailure1\r\nResponse: Not available\r\nCab Id: 0\r\n\r\nProblem signature:\r\nP1: Update;MoUpdateOrchestratorUserScan-MoUsoCoreWorker-SearchForAllUpdatesWithUpdateOptionsAsync\r\nP2: 80073d02\r\nP3: 26200\r\nP4: 8875\r\nP5: Windows.Desktop\r\nP6: H\r\nP7: \r\nP8: \r\nP9: \r\nP10: \r\n\r\nAttached files:\r\n\r\nThese files may be available here:\r\n\\\\?\\C:\\ProgramData\\Microsoft\\Windows\\WER\\ReportQueue\\NonCritical_Update;MoUpdateO_75253e2551bc3db4adfe5c338bb62eeed764c0f_00000000_74bb6250-871a-45fb-b380-37a0c6df3fee\r\n\r\nAnalysis symbol: \r\nRechecking for solution: 0\r\nReport Id: 74bb6250-871a-45fb-b380-37a0c6df3fee\r\nReport Status: 4\r\nHashed bucket: \r\nCab Guid: 0"}
{"timestamp": "2026-08-02T10:42:57.721Z", "record_id": 27309, "event_id": 1001, "channel": "Application", "channel_key": "application", "provider": "Windows Error Reporting", "computer": "LAPTOP-8SM7PKPU", "level": "Information", "category": "other", "user_sid": "S-1-5-18", "process_id": 9960, "is_machine_account": 0, "mapped": 0, "source_file": "Application.jsonl", "event_data": "{\"AnalysisSymbol\": \"\", \"AttachedFiles\": \"\", \"Bucket\": \"\", \"BucketType\": \"0\", \"CabGuid\": \"0\", \"CabId\": \"0\", \"EventName\": \"StoreAgentInstallFailure1\", \"HashedBucket\": \"\", \"P1\": \"Update;MoUpdateOrchestratorUserScan-MoUsoCoreWorker-SearchForAllUpdatesWithUpdateOptionsAsync\", \"P10\": \"\", \"P2\": \"80073d02\", \"P3\": \"26200\", \"P4\": \"8875\", \"P5\": \"Windows.Desktop\", \"P6\": \"0\", \"P7\": \"\", \"P8\": \"\", \"P9\": \"\", \"Rechecking\": \"0\", \"ReportId\": \"158d29a4-95b4-4963-b0e2-de8048b82bd3\", \"ReportStatus\": \"4\", \"Response\": \"Not available\", \"StorePath\": \"\\\\\\\\?\\\\C:\\\\ProgramData\\\\Microsoft\\\\Windows\\\\WER\\\\ReportQueue\\\\NonCritical_Update;MoUpdateO_07d496ced751a660f079575cc6ebfb18a96e6_00000000_158d29a4-95b4-4963-b0e2-de8048b82bd3\"}", "message": "Fault bucket , type 0\r\nEvent Name: StoreAgentInstallFailure1\r\nResponse: Not available\r\nCab Id: 0\r\n\r\nProblem signature:\r\nP1: Update;MoUpdateOrchestratorUserScan-MoUsoCoreWorker-SearchForAllUpdatesWithUpdateOptionsAsync\r\nP2: 80073d02\r\nP3: 26200\r\nP4: 8875\r\nP5: Windows.Desktop\r\nP6: 0\r\nP7: \r\nP8: \r\nP9: \r\nP10: \r\n\r\nAttached files:\r\n\r\nThese files may be available here:\r\n\\\\?\\C:\\ProgramData\\Microsoft\\Windows\\WER\\ReportQueue\\NonCritical_Update;MoUpdateO_07d496ced751a660f079575cc6ebfb18a96e6_00000000_158d29a4-95b4-4963-b0e2-de8048b82bd3\r\n\r\nAnalysis symbol: \r\nRechecking for solution: 0\r\nReport Id: 158d29a4-95b4-4963-b0e2-de8048b82bd3\r\nReport Status: 4\r\nHashed bucket: \r\nCab Guid: 0"}
{"timestamp": "2026-08-02T10:42:57.168Z", "record_id": 27308, "event_id": 1001, "channel": "Application", "channel_key": "application", "provider": "Windows Error Reporting", "computer": "LAPTOP-8SM7PKPU", "level": "Information", "category": "other", "user_sid": "S-1-5-18", "process_id": 31776, "is_machine_account": 0, "mapped": 0, "source_file": "Application.jsonl", "event_data": "{\"AnalysisSymbol\": \"\", \"AttachedFiles\": \"\\n\\\\\\\\?\\\\C:\\\\Windows\\\\LiveKernelReports\\\\WATCHDOG\\\\WATCHDOG-20260623-1415.dmp\\n\\\\\\\\?\\\\C:\\\\Windows\\\\SystemTemp\\\\WER-925533687-0.sysdata.xml\\n\\\\\\\\?\\\\C:\\\\ProgramData\\\\Microsoft\\\\Windows\\\\WER\\\\Temp\\\\WER.075454f3-c917-42b7-ae22-5e544e0cc23d.tmp.WERInternalMetadata.xml\\n\\\\\\\\?\\\\C:\\\\ProgramData\\\\Microsoft\\\\Windows\\\\WER\\\\Temp\\\\WER.5880debd-1665-4ca6-9ab1-df5268ec5dfb.tmp.csv\\n\\\\\\\\?\\\\C:\\\\ProgramData\\\\Microsoft\\\\Windows\\\\WER\\\\Temp\\\\WER.57dfb2be-7aa4-48eb-8146-773e43864243.tmp.txt\\n\\\\\\\\?\\\\C:\\\\ProgramData\\\\Microsoft\\\\Windows\\\\WER\\\\Temp\\\\WER.9f7087d1-37b2-4b1a-950e-d3fba7ffba02.tmp.xml\", \"Bucket\": \"\", \"BucketType\": \"0\", \"CabGuid\": \"0\", \"CabId\": \"0\", \"EventName\": \"LiveKernelEvent\", \"HashedBucket\": \"\", \"P1\": \"193\", \"P10\": \"\", \"P2\": \"80e\", \"P3\": \"ffff87857aa0a080\", \"P4\": \"ffffd785658d03b0\", \"P5\": \"0\", \"P6\": \"10_0_26200\", \"P7\": \"0_0\", \"P8\": \"256_1\", \"P9\": \"\", \"Rechecking\": \"0\", \"ReportId\": \"feef7efa-b9b6-43a2-b252-e030ec2eaccd\", \"ReportStatus\": \"2051\", \"Response\": \"Not available\", \"StorePath\": \"\\\\\\\\?\\\\C:\\\\ProgramData\\\\Microsoft\\\\Windows\\\\WER\\\\ReportQueue\\\\Kernel_193_5655eec2b36f7fc2c851bb4bca9c29fc33a437c5_00000000_feef7efa-b9b6-43a2-b252-e030ec2eaccd\"}", "message": "Fault bucket , type 0\r\nEvent Name: LiveKernelEvent\r\nResponse: Not available\r\nCab Id: 0\r\n\r\nProblem signature:\r\nP1: 193\r\nP2: 80e\r\nP3: ffff87857aa0a080\r\nP4: ffffd785658d03b0\r\nP5: 0\r\nP6: 10_0_26200\r\nP7: 0_0\r\nP8: 256_1\r\nP9: \r\nP10: \r\n\r\nAttached files:\r\n\\\\?\\C:\\Windows\\LiveKernelReports\\WATCHDOG\\WATCHDOG-20260623-1415.dmp\r\n\\\\?\\C:\\Windows\\SystemTemp\\WER-925533687-0.sysdata.xml\r\n\\\\?\\C:\\ProgramData\\Microsoft\\Windows\\WER\\Temp\\WER.075454f3-c917-42b7-ae22-5e544e0cc23d.tmp.WERInternalMetadata.xml\r\n\\\\?\\C:\\ProgramData\\Microsoft\\Windows\\WER\\Temp\\WER.5880debd-1665-4ca6-9ab1-df5268ec5dfb.tmp.csv\r\n\\\\?\\C:\\ProgramData\\Microsoft\\Windows\\WER\\Temp\\WER.57dfb2be-7aa4-48eb-8146-773e43864243.tmp.txt\r\n\\\\?\\C:\\ProgramData\\Microsoft\\Windows\\WER\\Temp\\WER.9f7087d1-37b2-4b1a-950e-d3fba7ffba02.tmp.xml\r\n\r\nThese files may be available here:\r\n\\\\?\\C:\\ProgramData\\Microsoft\\Windows\\WER\\ReportQueue\\Kernel_193_5655eec2b36f7fc2c851bb4bca9c29fc33a437c5_00000000_feef7efa-b9b6-43a2-b252-e030ec2eaccd\r\n\r\nAnalysis symbol: \r\nRechecking for solution: 0\r\nReport Id: feef7efa-b9b6-43a2-b252-e030ec2eaccd\r\nReport Status: 2051\r\nHashed bucket: \r\nCab Guid: 0"}
{"timestamp": "2026-08-02T10:42:57.112Z", "record_id": 27307, "event_id": 1001, "channel": "Application", "channel_key": "application", "provider": "Windows Error Reporting", "computer": "LAPTOP-8SM7PKPU", "level": "Information", "category": "other", "user_sid": "S-1-5-18", "process_id": 31776, "is_machine_account": 0, "mapped": 0, "source_file": "Application.jsonl", "event_data": "{\"AnalysisSymbol\": \"\", \"AttachedFiles\": \"\\n\\\\\\\\?\\\\C:\\\\Windows\\\\LiveKernelReports\\\\WATCHDOG\\\\WATCHDOG-20260530-1357.dmp\\n\\\\\\\\?\\\\C:\\\\Windows\\\\SystemTemp\\\\WER-1510141656-0.sysdata.xml\\n\\\\\\\\?\\\\C:\\\\ProgramData\\\\Microsoft\\\\Windows\\\\WER\\\\Temp\\\\WER.6637a8e6-85d9-4a80-842f-cb34c6c4c222.tmp.WERInternalMetadata.xml\\n\\\\\\\\?\\\\C:\\\\ProgramData\\\\Microsoft\\\\Windows\\\\WER\\\\Temp\\\\WER.0bbc6920-2e80-4246-bf72-8fea9f75ce6c.tmp.csv\\n\\\\\\\\?\\\\C:\\\\ProgramData\\\\Microsoft\\\\Windows\\\\WER\\\\Temp\\\\WER.bc27b120-198f-4302-92cb-6ba411063d4c.tmp.txt\\n\\\\\\\\?\\\\C:\\\\ProgramData\\\\Microsoft\\\\Windows\\\\WER\\\\Temp\\\\WER.fa00eff0-57de-44eb-b148-c27c58f53d37.tmp.xml\", \"Bucket\": \"\", \"BucketType\": \"0\", \"CabGuid\": \"0\", \"CabId\": \"0\", \"EventName\": \"LiveKernelEvent\", \"HashedBucket\": \"\", \"P1\": \"193\", \"P10\": \"\", \"P2\": \"80e\", \"P3\": \"ffff8789999d3180\", \"P4\": \"ffffc506a0feead0\", \"P5\": \"0\", \"P6\": \"10_0_26200\", \"P7\": \"0_0\", \"P8\": \"256_1\", \"P9\": \"\", \"Rechecking\": \"0\", \"ReportId\": \"4f9b6f3c-15ba-4eb1-9930-3e6a67b15959\", \"ReportStatus\": \"2051\", \"Response\": \"Not available\", \"StorePath\": \"\\\\\\\\?\\\\C:\\\\ProgramData\\\\Microsoft\\\\Windows\\\\WER\\\\ReportQueue\\\\Kernel_193_984916d406ebc67914e7494a1c5ea15cd2f5f_00000000_4f9b6f3c-15ba-4eb1-9930-3e6a67b15959\"}", "message": "Fault bucket , type 0\r\nEvent Name: LiveKernelEvent\r\nResponse: Not available\r\nCab Id: 0\r\n\r\nProblem signature:\r\nP1: 193\r\nP2: 80e\r\nP3: ffff8789999d3180\r\nP4: ffffc506a0feead0\r\nP5: 0\r\nP6: 10_0_26200\r\nP7: 0_0\r\nP8: 256_1\r\nP9: \r\nP10: \r\n\r\nAttached files:\r\n\\\\?\\C:\\Windows\\LiveKernelReports\\WATCHDOG\\WATCHDOG-20260530-1357.dmp\r\n\\\\?\\C:\\Windows\\SystemTemp\\WER-1510141656-0.sysdata.xml\r\n\\\\?\\C:\\ProgramData\\Microsoft\\Windows\\WER\\Temp\\WER.6637a8e6-85d9-4a80-842f-cb34c6c4c222.tmp.WERInternalMetadata.xml\r\n\\\\?\\C:\\ProgramData\\Microsoft\\Windows\\WER\\Temp\\WER.0bbc6920-2e80-4246-bf72-8fea9f75ce6c.tmp.csv\r\n\\\\?\\C:\\ProgramData\\Microsoft\\Windows\\WER\\Temp\\WER.bc27b120-198f-4302-92cb-6ba411063d4c.tmp.txt\r\n\\\\?\\C:\\ProgramData\\Microsoft\\Windows\\WER\\Temp\\WER.fa00eff0-57de-44eb-b148-c27c58f53d37.tmp.xml\r\n\r\nThese files may be available here:\r\n\\\\?\\C:\\ProgramData\\Microsoft\\Windows\\WER\\ReportQueue\\Kernel_193_984916d406ebc67914e7494a1c5ea15cd2f5f_00000000_4f9b6f3c-15ba-4eb1-9930-3e6a67b15959\r\n\r\nAnalysis symbol: \r\nRechecking for solution: 0\r\nReport Id: 4f9b6f3c-15ba-4eb1-9930-3e6a67b15959\r\nReport Status: 2051\r\nHashed bucket: \r\nCab Guid: 0"}
