{"timestamp": "2026-08-02T10:58:02.782Z", "record_id": 6601, "event_id": 800, "channel": "Windows PowerShell", "channel_key": "powershell_classic", "provider": "PowerShell", "computer": "LAPTOP-8SM7PKPU", "level": "Information", "category": "script_execution", "attack_data_sources": "DS0012:Script Execution", "process_id": 3652, "is_machine_account": 0, "mapped": 1, "source_file": "Windows-PowerShell.jsonl", "event_data": "{\"Data\": [\"\", \"\", \"\"]}", "message": "Pipeline execution details for command line:     Add-Type -Path \"$PSScriptRoot/Newtonsoft.Json.dll\"\n. \r\n\r\nContext Information: \r\n\tDetailSequence=1\r\n\tDetailTotal=1\r\n\r\n\tSequenceNumber=88\r\n\r\n\tUserId=LAPTOP-8SM7PKPU\\yaswa\r\n\tHostName=Default Host\r\n\tHostVersion=5.1.26100.8875\r\n\tHostId=163bc22f-a12c-49f8-9d09-883f98b20a99\r\n\tHostApplication=C:\\Windows\\System32\\WindowsPowerShell\\v1.0\\powershell.exe -NoProfile -ExecutionPolicy Bypass -Command Import-Module 'c:\\Users\\yaswa\\.vscode\\extensions\\ms-vscode.powershell-2025.4.0\\modules\\PowerShellEditorServices\\PowerShellEditorServices.psd1'; Start-EditorServices -HostName 'Visual Studio Code Host' -HostProfileId 'Microsoft.VSCode' -HostVersion '2025.4.0' -BundledModulesPath 'c:\\Users\\yaswa\\.vscode\\extensions\\ms-vscode.powershell-2025.4.0\\modules' -EnableConsoleRepl -StartupBanner \"PowerShell Extension v2025.4.0\nCopyright (c) Microsoft Corporation.\n\nhttps://aka.ms/vscode-powershell\nType 'help' to get help.\n\" -LogLevel 'Warning' -LogPath 'c:\\Users\\yaswa\\AppData\\Roaming\\Code\\logs\\20260730T121325\\window3\\exthost\\ms-vscode.powershell' -SessionDetailsPath 'c:\\Users\\yaswa\\AppData\\Roaming\\Code\\User\\globalStorage\\ms-vscode.powershell\\sessions\\PSES-VSCode-20148-876616.json' -FeatureFlags @() \r\n\tEngineVersion=5.1.26100.8875\r\n\tRunspaceId=1f2a5821-eee4-49ae-a704-d621f04e032d\r\n\tPipelineId=1\r\n\tScriptName=C:\\Users\\yaswa\\.vscode\\extensions\\ms-vscode.powershell-2025.4.0\\modules\\PSScriptAnalyzer\\1.24.0\\PSScriptAnalyzer.psm1\r\n\tCommandLine=    Add-Type -Path \"$PSScriptRoot/Newtonsoft.Json.dll\"\n \r\n\r\nDetails: \r\nCommandInvocation(Add-Type): \"Add-Type\"\r\nParameterBinding(Add-Type): name=\"Path\"; value=\"C:\\Users\\yaswa\\.vscode\\extensions\\ms-vscode.powershell-2025.4.0\\modules\\PSScriptAnalyzer\\1.24.0/Newtonsoft.Json.dll\"\r\n"}
{"timestamp": "2026-08-02T10:58:02.654Z", "record_id": 6600, "event_id": 400, "channel": "Windows PowerShell", "channel_key": "powershell_classic", "provider": "PowerShell", "computer": "LAPTOP-8SM7PKPU", "level": "Information", "category": "script_execution", "attack_data_sources": "DS0012:Script Execution", "process_id": 3652, "is_machine_account": 0, "mapped": 1, "source_file": "Windows-PowerShell.jsonl", "event_data": "{\"Data\": [\"\", \"\", \"\"]}", "message": "Engine state is changed from None to Available. \r\n\r\nDetails: \r\n\tNewEngineState=Available\r\n\tPreviousEngineState=None\r\n\r\n\tSequenceNumber=86\r\n\r\n\tHostName=Default Host\r\n\tHostVersion=5.1.26100.8875\r\n\tHostId=163bc22f-a12c-49f8-9d09-883f98b20a99\r\n\tHostApplication=C:\\Windows\\System32\\WindowsPowerShell\\v1.0\\powershell.exe -NoProfile -ExecutionPolicy Bypass -Command Import-Module 'c:\\Users\\yaswa\\.vscode\\extensions\\ms-vscode.powershell-2025.4.0\\modules\\PowerShellEditorServices\\PowerShellEditorServices.psd1'; Start-EditorServices -HostName 'Visual Studio Code Host' -HostProfileId 'Microsoft.VSCode' -HostVersion '2025.4.0' -BundledModulesPath 'c:\\Users\\yaswa\\.vscode\\extensions\\ms-vscode.powershell-2025.4.0\\modules' -EnableConsoleRepl -StartupBanner \"PowerShell Extension v2025.4.0\nCopyright (c) Microsoft Corporation.\n\nhttps://aka.ms/vscode-powershell\nType 'help' to get help.\n\" -LogLevel 'Warning' -LogPath 'c:\\Users\\yaswa\\AppData\\Roaming\\Code\\logs\\20260730T121325\\window3\\exthost\\ms-vscode.powershell' -SessionDetailsPath 'c:\\Users\\yaswa\\AppData\\Roaming\\Code\\User\\globalStorage\\ms-vscode.powershell\\sessions\\PSES-VSCode-20148-876616.json' -FeatureFlags @() \r\n\tEngineVersion=5.1.26100.8875\r\n\tRunspaceId=1f2a5821-eee4-49ae-a704-d621f04e032d\r\n\tPipelineId=\r\n\tCommandName=\r\n\tCommandType=\r\n\tScriptName=\r\n\tCommandPath=\r\n\tCommandLine="}
{"timestamp": "2026-08-02T10:58:02.653Z", "record_id": 6599, "event_id": 600, "channel": "Windows PowerShell", "channel_key": "powershell_classic", "provider": "PowerShell", "computer": "LAPTOP-8SM7PKPU", "level": "Information", "category": "other", "process_id": 3652, "is_machine_account": 0, "mapped": 0, "source_file": "Windows-PowerShell.jsonl", "event_data": "{\"Data\": [\"\", \"\", \"\"]}", "message": "Provider \"Variable\" is Started. \r\n\r\nDetails: \r\n\tProviderName=Variable\r\n\tNewProviderState=Started\r\n\r\n\tSequenceNumber=84\r\n\r\n\tHostName=Default Host\r\n\tHostVersion=5.1.26100.8875\r\n\tHostId=163bc22f-a12c-49f8-9d09-883f98b20a99\r\n\tHostApplication=C:\\Windows\\System32\\WindowsPowerShell\\v1.0\\powershell.exe -NoProfile -ExecutionPolicy Bypass -Command Import-Module 'c:\\Users\\yaswa\\.vscode\\extensions\\ms-vscode.powershell-2025.4.0\\modules\\PowerShellEditorServices\\PowerShellEditorServices.psd1'; Start-EditorServices -HostName 'Visual Studio Code Host' -HostProfileId 'Microsoft.VSCode' -HostVersion '2025.4.0' -BundledModulesPath 'c:\\Users\\yaswa\\.vscode\\extensions\\ms-vscode.powershell-2025.4.0\\modules' -EnableConsoleRepl -StartupBanner \"PowerShell Extension v2025.4.0\nCopyright (c) Microsoft Corporation.\n\nhttps://aka.ms/vscode-powershell\nType 'help' to get help.\n\" -LogLevel 'Warning' -LogPath 'c:\\Users\\yaswa\\AppData\\Roaming\\Code\\logs\\20260730T121325\\window3\\exthost\\ms-vscode.powershell' -SessionDetailsPath 'c:\\Users\\yaswa\\AppData\\Roaming\\Code\\User\\globalStorage\\ms-vscode.powershell\\sessions\\PSES-VSCode-20148-876616.json' -FeatureFlags @() \r\n\tEngineVersion=\r\n\tRunspaceId=\r\n\tPipelineId=\r\n\tCommandName=\r\n\tCommandType=\r\n\tScriptName=\r\n\tCommandPath=\r\n\tCommandLine="}
{"timestamp": "2026-08-02T10:58:02.653Z", "record_id": 6598, "event_id": 600, "channel": "Windows PowerShell", "channel_key": "powershell_classic", "provider": "PowerShell", "computer": "LAPTOP-8SM7PKPU", "level": "Information", "category": "other", "process_id": 3652, "is_machine_account": 0, "mapped": 0, "source_file": "Windows-PowerShell.jsonl", "event_data": "{\"Data\": [\"\", \"\", \"\"]}", "message": "Provider \"Function\" is Started. \r\n\r\nDetails: \r\n\tProviderName=Function\r\n\tNewProviderState=Started\r\n\r\n\tSequenceNumber=82\r\n\r\n\tHostName=Default Host\r\n\tHostVersion=5.1.26100.8875\r\n\tHostId=163bc22f-a12c-49f8-9d09-883f98b20a99\r\n\tHostApplication=C:\\Windows\\System32\\WindowsPowerShell\\v1.0\\powershell.exe -NoProfile -ExecutionPolicy Bypass -Command Import-Module 'c:\\Users\\yaswa\\.vscode\\extensions\\ms-vscode.powershell-2025.4.0\\modules\\PowerShellEditorServices\\PowerShellEditorServices.psd1'; Start-EditorServices -HostName 'Visual Studio Code Host' -HostProfileId 'Microsoft.VSCode' -HostVersion '2025.4.0' -BundledModulesPath 'c:\\Users\\yaswa\\.vscode\\extensions\\ms-vscode.powershell-2025.4.0\\modules' -EnableConsoleRepl -StartupBanner \"PowerShell Extension v2025.4.0\nCopyright (c) Microsoft Corporation.\n\nhttps://aka.ms/vscode-powershell\nType 'help' to get help.\n\" -LogLevel 'Warning' -LogPath 'c:\\Users\\yaswa\\AppData\\Roaming\\Code\\logs\\20260730T121325\\window3\\exthost\\ms-vscode.powershell' -SessionDetailsPath 'c:\\Users\\yaswa\\AppData\\Roaming\\Code\\User\\globalStorage\\ms-vscode.powershell\\sessions\\PSES-VSCode-20148-876616.json' -FeatureFlags @() \r\n\tEngineVersion=\r\n\tRunspaceId=\r\n\tPipelineId=\r\n\tCommandName=\r\n\tCommandType=\r\n\tScriptName=\r\n\tCommandPath=\r\n\tCommandLine="}
{"timestamp": "2026-08-02T10:58:02.652Z", "record_id": 6597, "event_id": 600, "channel": "Windows PowerShell", "channel_key": "powershell_classic", "provider": "PowerShell", "computer": "LAPTOP-8SM7PKPU", "level": "Information", "category": "other", "process_id": 3652, "is_machine_account": 0, "mapped": 0, "source_file": "Windows-PowerShell.jsonl", "event_data": "{\"Data\": [\"\", \"\", \"\"]}", "message": "Provider \"FileSystem\" is Started. \r\n\r\nDetails: \r\n\tProviderName=FileSystem\r\n\tNewProviderState=Started\r\n\r\n\tSequenceNumber=80\r\n\r\n\tHostName=Default Host\r\n\tHostVersion=5.1.26100.8875\r\n\tHostId=163bc22f-a12c-49f8-9d09-883f98b20a99\r\n\tHostApplication=C:\\Windows\\System32\\WindowsPowerShell\\v1.0\\powershell.exe -NoProfile -ExecutionPolicy Bypass -Command Import-Module 'c:\\Users\\yaswa\\.vscode\\extensions\\ms-vscode.powershell-2025.4.0\\modules\\PowerShellEditorServices\\PowerShellEditorServices.psd1'; Start-EditorServices -HostName 'Visual Studio Code Host' -HostProfileId 'Microsoft.VSCode' -HostVersion '2025.4.0' -BundledModulesPath 'c:\\Users\\yaswa\\.vscode\\extensions\\ms-vscode.powershell-2025.4.0\\modules' -EnableConsoleRepl -StartupBanner \"PowerShell Extension v2025.4.0\nCopyright (c) Microsoft Corporation.\n\nhttps://aka.ms/vscode-powershell\nType 'help' to get help.\n\" -LogLevel 'Warning' -LogPath 'c:\\Users\\yaswa\\AppData\\Roaming\\Code\\logs\\20260730T121325\\window3\\exthost\\ms-vscode.powershell' -SessionDetailsPath 'c:\\Users\\yaswa\\AppData\\Roaming\\Code\\User\\globalStorage\\ms-vscode.powershell\\sessions\\PSES-VSCode-20148-876616.json' -FeatureFlags @() \r\n\tEngineVersion=\r\n\tRunspaceId=\r\n\tPipelineId=\r\n\tCommandName=\r\n\tCommandType=\r\n\tScriptName=\r\n\tCommandPath=\r\n\tCommandLine="}
{"timestamp": "2026-08-02T10:58:02.652Z", "record_id": 6596, "event_id": 600, "channel": "Windows PowerShell", "channel_key": "powershell_classic", "provider": "PowerShell", "computer": "LAPTOP-8SM7PKPU", "level": "Information", "category": "other", "process_id": 3652, "is_machine_account": 0, "mapped": 0, "source_file": "Windows-PowerShell.jsonl", "event_data": "{\"Data\": [\"\", \"\", \"\"]}", "message": "Provider \"Environment\" is Started. \r\n\r\nDetails: \r\n\tProviderName=Environment\r\n\tNewProviderState=Started\r\n\r\n\tSequenceNumber=78\r\n\r\n\tHostName=Default Host\r\n\tHostVersion=5.1.26100.8875\r\n\tHostId=163bc22f-a12c-49f8-9d09-883f98b20a99\r\n\tHostApplication=C:\\Windows\\System32\\WindowsPowerShell\\v1.0\\powershell.exe -NoProfile -ExecutionPolicy Bypass -Command Import-Module 'c:\\Users\\yaswa\\.vscode\\extensions\\ms-vscode.powershell-2025.4.0\\modules\\PowerShellEditorServices\\PowerShellEditorServices.psd1'; Start-EditorServices -HostName 'Visual Studio Code Host' -HostProfileId 'Microsoft.VSCode' -HostVersion '2025.4.0' -BundledModulesPath 'c:\\Users\\yaswa\\.vscode\\extensions\\ms-vscode.powershell-2025.4.0\\modules' -EnableConsoleRepl -StartupBanner \"PowerShell Extension v2025.4.0\nCopyright (c) Microsoft Corporation.\n\nhttps://aka.ms/vscode-powershell\nType 'help' to get help.\n\" -LogLevel 'Warning' -LogPath 'c:\\Users\\yaswa\\AppData\\Roaming\\Code\\logs\\20260730T121325\\window3\\exthost\\ms-vscode.powershell' -SessionDetailsPath 'c:\\Users\\yaswa\\AppData\\Roaming\\Code\\User\\globalStorage\\ms-vscode.powershell\\sessions\\PSES-VSCode-20148-876616.json' -FeatureFlags @() \r\n\tEngineVersion=\r\n\tRunspaceId=\r\n\tPipelineId=\r\n\tCommandName=\r\n\tCommandType=\r\n\tScriptName=\r\n\tCommandPath=\r\n\tCommandLine="}
{"timestamp": "2026-08-02T10:58:02.652Z", "record_id": 6595, "event_id": 600, "channel": "Windows PowerShell", "channel_key": "powershell_classic", "provider": "PowerShell", "computer": "LAPTOP-8SM7PKPU", "level": "Information", "category": "other", "process_id": 3652, "is_machine_account": 0, "mapped": 0, "source_file": "Windows-PowerShell.jsonl", "event_data": "{\"Data\": [\"\", \"\", \"\"]}", "message": "Provider \"Alias\" is Started. \r\n\r\nDetails: \r\n\tProviderName=Alias\r\n\tNewProviderState=Started\r\n\r\n\tSequenceNumber=76\r\n\r\n\tHostName=Default Host\r\n\tHostVersion=5.1.26100.8875\r\n\tHostId=163bc22f-a12c-49f8-9d09-883f98b20a99\r\n\tHostApplication=C:\\Windows\\System32\\WindowsPowerShell\\v1.0\\powershell.exe -NoProfile -ExecutionPolicy Bypass -Command Import-Module 'c:\\Users\\yaswa\\.vscode\\extensions\\ms-vscode.powershell-2025.4.0\\modules\\PowerShellEditorServices\\PowerShellEditorServices.psd1'; Start-EditorServices -HostName 'Visual Studio Code Host' -HostProfileId 'Microsoft.VSCode' -HostVersion '2025.4.0' -BundledModulesPath 'c:\\Users\\yaswa\\.vscode\\extensions\\ms-vscode.powershell-2025.4.0\\modules' -EnableConsoleRepl -StartupBanner \"PowerShell Extension v2025.4.0\nCopyright (c) Microsoft Corporation.\n\nhttps://aka.ms/vscode-powershell\nType 'help' to get help.\n\" -LogLevel 'Warning' -LogPath 'c:\\Users\\yaswa\\AppData\\Roaming\\Code\\logs\\20260730T121325\\window3\\exthost\\ms-vscode.powershell' -SessionDetailsPath 'c:\\Users\\yaswa\\AppData\\Roaming\\Code\\User\\globalStorage\\ms-vscode.powershell\\sessions\\PSES-VSCode-20148-876616.json' -FeatureFlags @() \r\n\tEngineVersion=\r\n\tRunspaceId=\r\n\tPipelineId=\r\n\tCommandName=\r\n\tCommandType=\r\n\tScriptName=\r\n\tCommandPath=\r\n\tCommandLine="}
{"timestamp": "2026-08-02T10:58:02.652Z", "record_id": 6594, "event_id": 600, "channel": "Windows PowerShell", "channel_key": "powershell_classic", "provider": "PowerShell", "computer": "LAPTOP-8SM7PKPU", "level": "Information", "category": "other", "process_id": 3652, "is_machine_account": 0, "mapped": 0, "source_file": "Windows-PowerShell.jsonl", "event_data": "{\"Data\": [\"\", \"\", \"\"]}", "message": "Provider \"Registry\" is Started. \r\n\r\nDetails: \r\n\tProviderName=Registry\r\n\tNewProviderState=Started\r\n\r\n\tSequenceNumber=74\r\n\r\n\tHostName=Default Host\r\n\tHostVersion=5.1.26100.8875\r\n\tHostId=163bc22f-a12c-49f8-9d09-883f98b20a99\r\n\tHostApplication=C:\\Windows\\System32\\WindowsPowerShell\\v1.0\\powershell.exe -NoProfile -ExecutionPolicy Bypass -Command Import-Module 'c:\\Users\\yaswa\\.vscode\\extensions\\ms-vscode.powershell-2025.4.0\\modules\\PowerShellEditorServices\\PowerShellEditorServices.psd1'; Start-EditorServices -HostName 'Visual Studio Code Host' -HostProfileId 'Microsoft.VSCode' -HostVersion '2025.4.0' -BundledModulesPath 'c:\\Users\\yaswa\\.vscode\\extensions\\ms-vscode.powershell-2025.4.0\\modules' -EnableConsoleRepl -StartupBanner \"PowerShell Extension v2025.4.0\nCopyright (c) Microsoft Corporation.\n\nhttps://aka.ms/vscode-powershell\nType 'help' to get help.\n\" -LogLevel 'Warning' -LogPath 'c:\\Users\\yaswa\\AppData\\Roaming\\Code\\logs\\20260730T121325\\window3\\exthost\\ms-vscode.powershell' -SessionDetailsPath 'c:\\Users\\yaswa\\AppData\\Roaming\\Code\\User\\globalStorage\\ms-vscode.powershell\\sessions\\PSES-VSCode-20148-876616.json' -FeatureFlags @() \r\n\tEngineVersion=\r\n\tRunspaceId=\r\n\tPipelineId=\r\n\tCommandName=\r\n\tCommandType=\r\n\tScriptName=\r\n\tCommandPath=\r\n\tCommandLine="}
{"timestamp": "2026-08-02T10:58:00.975Z", "record_id": 6593, "event_id": 600, "channel": "Windows PowerShell", "channel_key": "powershell_classic", "provider": "PowerShell", "computer": "LAPTOP-8SM7PKPU", "level": "Information", "category": "other", "process_id": 3652, "is_machine_account": 0, "mapped": 0, "source_file": "Windows-PowerShell.jsonl", "event_data": "{\"Data\": [\"\", \"\", \"\"]}", "message": "Provider \"Certificate\" is Started. \r\n\r\nDetails: \r\n\tProviderName=Certificate\r\n\tNewProviderState=Started\r\n\r\n\tSequenceNumber=69\r\n\r\n\tHostName=Visual Studio Code Host\r\n\tHostVersion=2025.4.0\r\n\tHostId=eba7ad3a-ba65-4d04-be04-c760678eb620\r\n\tHostApplication=C:\\Windows\\System32\\WindowsPowerShell\\v1.0\\powershell.exe -NoProfile -ExecutionPolicy Bypass -Command Import-Module 'c:\\Users\\yaswa\\.vscode\\extensions\\ms-vscode.powershell-2025.4.0\\modules\\PowerShellEditorServices\\PowerShellEditorServices.psd1'; Start-EditorServices -HostName 'Visual Studio Code Host' -HostProfileId 'Microsoft.VSCode' -HostVersion '2025.4.0' -BundledModulesPath 'c:\\Users\\yaswa\\.vscode\\extensions\\ms-vscode.powershell-2025.4.0\\modules' -EnableConsoleRepl -StartupBanner \"PowerShell Extension v2025.4.0\nCopyright (c) Microsoft Corporation.\n\nhttps://aka.ms/vscode-powershell\nType 'help' to get help.\n\" -LogLevel 'Warning' -LogPath 'c:\\Users\\yaswa\\AppData\\Roaming\\Code\\logs\\20260730T121325\\window3\\exthost\\ms-vscode.powershell' -SessionDetailsPath 'c:\\Users\\yaswa\\AppData\\Roaming\\Code\\User\\globalStorage\\ms-vscode.powershell\\sessions\\PSES-VSCode-20148-876616.json' -FeatureFlags @() \r\n\tEngineVersion=5.1.26100.8875\r\n\tRunspaceId=b2b9c8f5-1f0c-4928-af6e-269b2c2642ba\r\n\tPipelineId=5\r\n\tCommandName=\r\n\tCommandType=\r\n\tScriptName=\r\n\tCommandPath=\r\n\tCommandLine="}
{"timestamp": "2026-08-02T10:58:00.791Z", "record_id": 6592, "event_id": 400, "channel": "Windows PowerShell", "channel_key": "powershell_classic", "provider": "PowerShell", "computer": "LAPTOP-8SM7PKPU", "level": "Information", "category": "script_execution", "attack_data_sources": "DS0012:Script Execution", "process_id": 3652, "is_machine_account": 0, "mapped": 1, "source_file": "Windows-PowerShell.jsonl", "event_data": "{\"Data\": [\"\", \"\", \"\"]}", "message": "Engine state is changed from None to Available. \r\n\r\nDetails: \r\n\tNewEngineState=Available\r\n\tPreviousEngineState=None\r\n\r\n\tSequenceNumber=67\r\n\r\n\tHostName=Visual Studio Code Host\r\n\tHostVersion=2025.4.0\r\n\tHostId=eba7ad3a-ba65-4d04-be04-c760678eb620\r\n\tHostApplication=C:\\Windows\\System32\\WindowsPowerShell\\v1.0\\powershell.exe -NoProfile -ExecutionPolicy Bypass -Command Import-Module 'c:\\Users\\yaswa\\.vscode\\extensions\\ms-vscode.powershell-2025.4.0\\modules\\PowerShellEditorServices\\PowerShellEditorServices.psd1'; Start-EditorServices -HostName 'Visual Studio Code Host' -HostProfileId 'Microsoft.VSCode' -HostVersion '2025.4.0' -BundledModulesPath 'c:\\Users\\yaswa\\.vscode\\extensions\\ms-vscode.powershell-2025.4.0\\modules' -EnableConsoleRepl -StartupBanner \"PowerShell Extension v2025.4.0\nCopyright (c) Microsoft Corporation.\n\nhttps://aka.ms/vscode-powershell\nType 'help' to get help.\n\" -LogLevel 'Warning' -LogPath 'c:\\Users\\yaswa\\AppData\\Roaming\\Code\\logs\\20260730T121325\\window3\\exthost\\ms-vscode.powershell' -SessionDetailsPath 'c:\\Users\\yaswa\\AppData\\Roaming\\Code\\User\\globalStorage\\ms-vscode.powershell\\sessions\\PSES-VSCode-20148-876616.json' -FeatureFlags @() \r\n\tEngineVersion=5.1.26100.8875\r\n\tRunspaceId=b2b9c8f5-1f0c-4928-af6e-269b2c2642ba\r\n\tPipelineId=\r\n\tCommandName=\r\n\tCommandType=\r\n\tScriptName=\r\n\tCommandPath=\r\n\tCommandLine="}
{"timestamp": "2026-08-02T10:58:00.791Z", "record_id": 6591, "event_id": 600, "channel": "Windows PowerShell", "channel_key": "powershell_classic", "provider": "PowerShell", "computer": "LAPTOP-8SM7PKPU", "level": "Information", "category": "other", "process_id": 3652, "is_machine_account": 0, "mapped": 0, "source_file": "Windows-PowerShell.jsonl", "event_data": "{\"Data\": [\"\", \"\", \"\"]}", "message": "Provider \"Variable\" is Started. \r\n\r\nDetails: \r\n\tProviderName=Variable\r\n\tNewProviderState=Started\r\n\r\n\tSequenceNumber=65\r\n\r\n\tHostName=Visual Studio Code Host\r\n\tHostVersion=2025.4.0\r\n\tHostId=eba7ad3a-ba65-4d04-be04-c760678eb620\r\n\tHostApplication=C:\\Windows\\System32\\WindowsPowerShell\\v1.0\\powershell.exe -NoProfile -ExecutionPolicy Bypass -Command Import-Module 'c:\\Users\\yaswa\\.vscode\\extensions\\ms-vscode.powershell-2025.4.0\\modules\\PowerShellEditorServices\\PowerShellEditorServices.psd1'; Start-EditorServices -HostName 'Visual Studio Code Host' -HostProfileId 'Microsoft.VSCode' -HostVersion '2025.4.0' -BundledModulesPath 'c:\\Users\\yaswa\\.vscode\\extensions\\ms-vscode.powershell-2025.4.0\\modules' -EnableConsoleRepl -StartupBanner \"PowerShell Extension v2025.4.0\nCopyright (c) Microsoft Corporation.\n\nhttps://aka.ms/vscode-powershell\nType 'help' to get help.\n\" -LogLevel 'Warning' -LogPath 'c:\\Users\\yaswa\\AppData\\Roaming\\Code\\logs\\20260730T121325\\window3\\exthost\\ms-vscode.powershell' -SessionDetailsPath 'c:\\Users\\yaswa\\AppData\\Roaming\\Code\\User\\globalStorage\\ms-vscode.powershell\\sessions\\PSES-VSCode-20148-876616.json' -FeatureFlags @() \r\n\tEngineVersion=\r\n\tRunspaceId=\r\n\tPipelineId=\r\n\tCommandName=\r\n\tCommandType=\r\n\tScriptName=\r\n\tCommandPath=\r\n\tCommandLine="}
{"timestamp": "2026-08-02T10:58:00.791Z", "record_id": 6590, "event_id": 600, "channel": "Windows PowerShell", "channel_key": "powershell_classic", "provider": "PowerShell", "computer": "LAPTOP-8SM7PKPU", "level": "Information", "category": "other", "process_id": 3652, "is_machine_account": 0, "mapped": 0, "source_file": "Windows-PowerShell.jsonl", "event_data": "{\"Data\": [\"\", \"\", \"\"]}", "message": "Provider \"Function\" is Started. \r\n\r\nDetails: \r\n\tProviderName=Function\r\n\tNewProviderState=Started\r\n\r\n\tSequenceNumber=63\r\n\r\n\tHostName=Visual Studio Code Host\r\n\tHostVersion=2025.4.0\r\n\tHostId=eba7ad3a-ba65-4d04-be04-c760678eb620\r\n\tHostApplication=C:\\Windows\\System32\\WindowsPowerShell\\v1.0\\powershell.exe -NoProfile -ExecutionPolicy Bypass -Command Import-Module 'c:\\Users\\yaswa\\.vscode\\extensions\\ms-vscode.powershell-2025.4.0\\modules\\PowerShellEditorServices\\PowerShellEditorServices.psd1'; Start-EditorServices -HostName 'Visual Studio Code Host' -HostProfileId 'Microsoft.VSCode' -HostVersion '2025.4.0' -BundledModulesPath 'c:\\Users\\yaswa\\.vscode\\extensions\\ms-vscode.powershell-2025.4.0\\modules' -EnableConsoleRepl -StartupBanner \"PowerShell Extension v2025.4.0\nCopyright (c) Microsoft Corporation.\n\nhttps://aka.ms/vscode-powershell\nType 'help' to get help.\n\" -LogLevel 'Warning' -LogPath 'c:\\Users\\yaswa\\AppData\\Roaming\\Code\\logs\\20260730T121325\\window3\\exthost\\ms-vscode.powershell' -SessionDetailsPath 'c:\\Users\\yaswa\\AppData\\Roaming\\Code\\User\\globalStorage\\ms-vscode.powershell\\sessions\\PSES-VSCode-20148-876616.json' -FeatureFlags @() \r\n\tEngineVersion=\r\n\tRunspaceId=\r\n\tPipelineId=\r\n\tCommandName=\r\n\tCommandType=\r\n\tScriptName=\r\n\tCommandPath=\r\n\tCommandLine="}
{"timestamp": "2026-08-02T10:58:00.790Z", "record_id": 6589, "event_id": 600, "channel": "Windows PowerShell", "channel_key": "powershell_classic", "provider": "PowerShell", "computer": "LAPTOP-8SM7PKPU", "level": "Information", "category": "other", "process_id": 3652, "is_machine_account": 0, "mapped": 0, "source_file": "Windows-PowerShell.jsonl", "event_data": "{\"Data\": [\"\", \"\", \"\"]}", "message": "Provider \"FileSystem\" is Started. \r\n\r\nDetails: \r\n\tProviderName=FileSystem\r\n\tNewProviderState=Started\r\n\r\n\tSequenceNumber=61\r\n\r\n\tHostName=Visual Studio Code Host\r\n\tHostVersion=2025.4.0\r\n\tHostId=eba7ad3a-ba65-4d04-be04-c760678eb620\r\n\tHostApplication=C:\\Windows\\System32\\WindowsPowerShell\\v1.0\\powershell.exe -NoProfile -ExecutionPolicy Bypass -Command Import-Module 'c:\\Users\\yaswa\\.vscode\\extensions\\ms-vscode.powershell-2025.4.0\\modules\\PowerShellEditorServices\\PowerShellEditorServices.psd1'; Start-EditorServices -HostName 'Visual Studio Code Host' -HostProfileId 'Microsoft.VSCode' -HostVersion '2025.4.0' -BundledModulesPath 'c:\\Users\\yaswa\\.vscode\\extensions\\ms-vscode.powershell-2025.4.0\\modules' -EnableConsoleRepl -StartupBanner \"PowerShell Extension v2025.4.0\nCopyright (c) Microsoft Corporation.\n\nhttps://aka.ms/vscode-powershell\nType 'help' to get help.\n\" -LogLevel 'Warning' -LogPath 'c:\\Users\\yaswa\\AppData\\Roaming\\Code\\logs\\20260730T121325\\window3\\exthost\\ms-vscode.powershell' -SessionDetailsPath 'c:\\Users\\yaswa\\AppData\\Roaming\\Code\\User\\globalStorage\\ms-vscode.powershell\\sessions\\PSES-VSCode-20148-876616.json' -FeatureFlags @() \r\n\tEngineVersion=\r\n\tRunspaceId=\r\n\tPipelineId=\r\n\tCommandName=\r\n\tCommandType=\r\n\tScriptName=\r\n\tCommandPath=\r\n\tCommandLine="}
{"timestamp": "2026-08-02T10:58:00.790Z", "record_id": 6588, "event_id": 600, "channel": "Windows PowerShell", "channel_key": "powershell_classic", "provider": "PowerShell", "computer": "LAPTOP-8SM7PKPU", "level": "Information", "category": "other", "process_id": 3652, "is_machine_account": 0, "mapped": 0, "source_file": "Windows-PowerShell.jsonl", "event_data": "{\"Data\": [\"\", \"\", \"\"]}", "message": "Provider \"Environment\" is Started. \r\n\r\nDetails: \r\n\tProviderName=Environment\r\n\tNewProviderState=Started\r\n\r\n\tSequenceNumber=59\r\n\r\n\tHostName=Visual Studio Code Host\r\n\tHostVersion=2025.4.0\r\n\tHostId=eba7ad3a-ba65-4d04-be04-c760678eb620\r\n\tHostApplication=C:\\Windows\\System32\\WindowsPowerShell\\v1.0\\powershell.exe -NoProfile -ExecutionPolicy Bypass -Command Import-Module 'c:\\Users\\yaswa\\.vscode\\extensions\\ms-vscode.powershell-2025.4.0\\modules\\PowerShellEditorServices\\PowerShellEditorServices.psd1'; Start-EditorServices -HostName 'Visual Studio Code Host' -HostProfileId 'Microsoft.VSCode' -HostVersion '2025.4.0' -BundledModulesPath 'c:\\Users\\yaswa\\.vscode\\extensions\\ms-vscode.powershell-2025.4.0\\modules' -EnableConsoleRepl -StartupBanner \"PowerShell Extension v2025.4.0\nCopyright (c) Microsoft Corporation.\n\nhttps://aka.ms/vscode-powershell\nType 'help' to get help.\n\" -LogLevel 'Warning' -LogPath 'c:\\Users\\yaswa\\AppData\\Roaming\\Code\\logs\\20260730T121325\\window3\\exthost\\ms-vscode.powershell' -SessionDetailsPath 'c:\\Users\\yaswa\\AppData\\Roaming\\Code\\User\\globalStorage\\ms-vscode.powershell\\sessions\\PSES-VSCode-20148-876616.json' -FeatureFlags @() \r\n\tEngineVersion=\r\n\tRunspaceId=\r\n\tPipelineId=\r\n\tCommandName=\r\n\tCommandType=\r\n\tScriptName=\r\n\tCommandPath=\r\n\tCommandLine="}
{"timestamp": "2026-08-02T10:58:00.790Z", "record_id": 6587, "event_id": 600, "channel": "Windows PowerShell", "channel_key": "powershell_classic", "provider": "PowerShell", "computer": "LAPTOP-8SM7PKPU", "level": "Information", "category": "other", "process_id": 3652, "is_machine_account": 0, "mapped": 0, "source_file": "Windows-PowerShell.jsonl", "event_data": "{\"Data\": [\"\", \"\", \"\"]}", "message": "Provider \"Alias\" is Started. \r\n\r\nDetails: \r\n\tProviderName=Alias\r\n\tNewProviderState=Started\r\n\r\n\tSequenceNumber=57\r\n\r\n\tHostName=Visual Studio Code Host\r\n\tHostVersion=2025.4.0\r\n\tHostId=eba7ad3a-ba65-4d04-be04-c760678eb620\r\n\tHostApplication=C:\\Windows\\System32\\WindowsPowerShell\\v1.0\\powershell.exe -NoProfile -ExecutionPolicy Bypass -Command Import-Module 'c:\\Users\\yaswa\\.vscode\\extensions\\ms-vscode.powershell-2025.4.0\\modules\\PowerShellEditorServices\\PowerShellEditorServices.psd1'; Start-EditorServices -HostName 'Visual Studio Code Host' -HostProfileId 'Microsoft.VSCode' -HostVersion '2025.4.0' -BundledModulesPath 'c:\\Users\\yaswa\\.vscode\\extensions\\ms-vscode.powershell-2025.4.0\\modules' -EnableConsoleRepl -StartupBanner \"PowerShell Extension v2025.4.0\nCopyright (c) Microsoft Corporation.\n\nhttps://aka.ms/vscode-powershell\nType 'help' to get help.\n\" -LogLevel 'Warning' -LogPath 'c:\\Users\\yaswa\\AppData\\Roaming\\Code\\logs\\20260730T121325\\window3\\exthost\\ms-vscode.powershell' -SessionDetailsPath 'c:\\Users\\yaswa\\AppData\\Roaming\\Code\\User\\globalStorage\\ms-vscode.powershell\\sessions\\PSES-VSCode-20148-876616.json' -FeatureFlags @() \r\n\tEngineVersion=\r\n\tRunspaceId=\r\n\tPipelineId=\r\n\tCommandName=\r\n\tCommandType=\r\n\tScriptName=\r\n\tCommandPath=\r\n\tCommandLine="}
{"timestamp": "2026-08-02T10:58:00.790Z", "record_id": 6586, "event_id": 600, "channel": "Windows PowerShell", "channel_key": "powershell_classic", "provider": "PowerShell", "computer": "LAPTOP-8SM7PKPU", "level": "Information", "category": "other", "process_id": 3652, "is_machine_account": 0, "mapped": 0, "source_file": "Windows-PowerShell.jsonl", "event_data": "{\"Data\": [\"\", \"\", \"\"]}", "message": "Provider \"Registry\" is Started. \r\n\r\nDetails: \r\n\tProviderName=Registry\r\n\tNewProviderState=Started\r\n\r\n\tSequenceNumber=55\r\n\r\n\tHostName=Visual Studio Code Host\r\n\tHostVersion=2025.4.0\r\n\tHostId=eba7ad3a-ba65-4d04-be04-c760678eb620\r\n\tHostApplication=C:\\Windows\\System32\\WindowsPowerShell\\v1.0\\powershell.exe -NoProfile -ExecutionPolicy Bypass -Command Import-Module 'c:\\Users\\yaswa\\.vscode\\extensions\\ms-vscode.powershell-2025.4.0\\modules\\PowerShellEditorServices\\PowerShellEditorServices.psd1'; Start-EditorServices -HostName 'Visual Studio Code Host' -HostProfileId 'Microsoft.VSCode' -HostVersion '2025.4.0' -BundledModulesPath 'c:\\Users\\yaswa\\.vscode\\extensions\\ms-vscode.powershell-2025.4.0\\modules' -EnableConsoleRepl -StartupBanner \"PowerShell Extension v2025.4.0\nCopyright (c) Microsoft Corporation.\n\nhttps://aka.ms/vscode-powershell\nType 'help' to get help.\n\" -LogLevel 'Warning' -LogPath 'c:\\Users\\yaswa\\AppData\\Roaming\\Code\\logs\\20260730T121325\\window3\\exthost\\ms-vscode.powershell' -SessionDetailsPath 'c:\\Users\\yaswa\\AppData\\Roaming\\Code\\User\\globalStorage\\ms-vscode.powershell\\sessions\\PSES-VSCode-20148-876616.json' -FeatureFlags @() \r\n\tEngineVersion=\r\n\tRunspaceId=\r\n\tPipelineId=\r\n\tCommandName=\r\n\tCommandType=\r\n\tScriptName=\r\n\tCommandPath=\r\n\tCommandLine="}
{"timestamp": "2026-08-02T10:57:59.564Z", "record_id": 6585, "event_id": 403, "channel": "Windows PowerShell", "channel_key": "powershell_classic", "provider": "PowerShell", "computer": "LAPTOP-8SM7PKPU", "level": "Information", "category": "script_execution", "attack_data_sources": "DS0012:Script Execution", "process_id": 3652, "is_machine_account": 0, "mapped": 1, "source_file": "Windows-PowerShell.jsonl", "event_data": "{\"Data\": [\"\", \"\", \"\"]}", "message": "Engine state is changed from Available to Stopped. \r\n\r\nDetails: \r\n\tNewEngineState=Stopped\r\n\tPreviousEngineState=Available\r\n\r\n\tSequenceNumber=53\r\n\r\n\tHostName=Default Host\r\n\tHostVersion=5.1.26100.8875\r\n\tHostId=aa124efb-9e08-45f9-9654-a6f21514a7ce\r\n\tHostApplication=C:\\Windows\\System32\\WindowsPowerShell\\v1.0\\powershell.exe -NoProfile -ExecutionPolicy Bypass -Command Import-Module 'c:\\Users\\yaswa\\.vscode\\extensions\\ms-vscode.powershell-2025.4.0\\modules\\PowerShellEditorServices\\PowerShellEditorServices.psd1'; Start-EditorServices -HostName 'Visual Studio Code Host' -HostProfileId 'Microsoft.VSCode' -HostVersion '2025.4.0' -BundledModulesPath 'c:\\Users\\yaswa\\.vscode\\extensions\\ms-vscode.powershell-2025.4.0\\modules' -EnableConsoleRepl -StartupBanner \"PowerShell Extension v2025.4.0\nCopyright (c) Microsoft Corporation.\n\nhttps://aka.ms/vscode-powershell\nType 'help' to get help.\n\" -LogLevel 'Warning' -LogPath 'c:\\Users\\yaswa\\AppData\\Roaming\\Code\\logs\\20260730T121325\\window3\\exthost\\ms-vscode.powershell' -SessionDetailsPath 'c:\\Users\\yaswa\\AppData\\Roaming\\Code\\User\\globalStorage\\ms-vscode.powershell\\sessions\\PSES-VSCode-20148-876616.json' -FeatureFlags @() \r\n\tEngineVersion=5.1.26100.8875\r\n\tRunspaceId=c499acfc-f9f5-4307-a93e-b6648bb9ebcb\r\n\tPipelineId=\r\n\tCommandName=\r\n\tCommandType=\r\n\tScriptName=\r\n\tCommandPath=\r\n\tCommandLine="}
{"timestamp": "2026-08-02T10:57:59.513Z", "record_id": 6584, "event_id": 400, "channel": "Windows PowerShell", "channel_key": "powershell_classic", "provider": "PowerShell", "computer": "LAPTOP-8SM7PKPU", "level": "Information", "category": "script_execution", "attack_data_sources": "DS0012:Script Execution", "process_id": 3652, "is_machine_account": 0, "mapped": 1, "source_file": "Windows-PowerShell.jsonl", "event_data": "{\"Data\": [\"\", \"\", \"\"]}", "message": "Engine state is changed from None to Available. \r\n\r\nDetails: \r\n\tNewEngineState=Available\r\n\tPreviousEngineState=None\r\n\r\n\tSequenceNumber=51\r\n\r\n\tHostName=Default Host\r\n\tHostVersion=5.1.26100.8875\r\n\tHostId=aa124efb-9e08-45f9-9654-a6f21514a7ce\r\n\tHostApplication=C:\\Windows\\System32\\WindowsPowerShell\\v1.0\\powershell.exe -NoProfile -ExecutionPolicy Bypass -Command Import-Module 'c:\\Users\\yaswa\\.vscode\\extensions\\ms-vscode.powershell-2025.4.0\\modules\\PowerShellEditorServices\\PowerShellEditorServices.psd1'; Start-EditorServices -HostName 'Visual Studio Code Host' -HostProfileId 'Microsoft.VSCode' -HostVersion '2025.4.0' -BundledModulesPath 'c:\\Users\\yaswa\\.vscode\\extensions\\ms-vscode.powershell-2025.4.0\\modules' -EnableConsoleRepl -StartupBanner \"PowerShell Extension v2025.4.0\nCopyright (c) Microsoft Corporation.\n\nhttps://aka.ms/vscode-powershell\nType 'help' to get help.\n\" -LogLevel 'Warning' -LogPath 'c:\\Users\\yaswa\\AppData\\Roaming\\Code\\logs\\20260730T121325\\window3\\exthost\\ms-vscode.powershell' -SessionDetailsPath 'c:\\Users\\yaswa\\AppData\\Roaming\\Code\\User\\globalStorage\\ms-vscode.powershell\\sessions\\PSES-VSCode-20148-876616.json' -FeatureFlags @() \r\n\tEngineVersion=5.1.26100.8875\r\n\tRunspaceId=c499acfc-f9f5-4307-a93e-b6648bb9ebcb\r\n\tPipelineId=\r\n\tCommandName=\r\n\tCommandType=\r\n\tScriptName=\r\n\tCommandPath=\r\n\tCommandLine="}
{"timestamp": "2026-08-02T10:57:59.512Z", "record_id": 6583, "event_id": 600, "channel": "Windows PowerShell", "channel_key": "powershell_classic", "provider": "PowerShell", "computer": "LAPTOP-8SM7PKPU", "level": "Information", "category": "other", "process_id": 3652, "is_machine_account": 0, "mapped": 0, "source_file": "Windows-PowerShell.jsonl", "event_data": "{\"Data\": [\"\", \"\", \"\"]}", "message": "Provider \"WSMan\" is Started. \r\n\r\nDetails: \r\n\tProviderName=WSMan\r\n\tNewProviderState=Started\r\n\r\n\tSequenceNumber=49\r\n\r\n\tHostName=Default Host\r\n\tHostVersion=5.1.26100.8875\r\n\tHostId=aa124efb-9e08-45f9-9654-a6f21514a7ce\r\n\tHostApplication=C:\\Windows\\System32\\WindowsPowerShell\\v1.0\\powershell.exe -NoProfile -ExecutionPolicy Bypass -Command Import-Module 'c:\\Users\\yaswa\\.vscode\\extensions\\ms-vscode.powershell-2025.4.0\\modules\\PowerShellEditorServices\\PowerShellEditorServices.psd1'; Start-EditorServices -HostName 'Visual Studio Code Host' -HostProfileId 'Microsoft.VSCode' -HostVersion '2025.4.0' -BundledModulesPath 'c:\\Users\\yaswa\\.vscode\\extensions\\ms-vscode.powershell-2025.4.0\\modules' -EnableConsoleRepl -StartupBanner \"PowerShell Extension v2025.4.0\nCopyright (c) Microsoft Corporation.\n\nhttps://aka.ms/vscode-powershell\nType 'help' to get help.\n\" -LogLevel 'Warning' -LogPath 'c:\\Users\\yaswa\\AppData\\Roaming\\Code\\logs\\20260730T121325\\window3\\exthost\\ms-vscode.powershell' -SessionDetailsPath 'c:\\Users\\yaswa\\AppData\\Roaming\\Code\\User\\globalStorage\\ms-vscode.powershell\\sessions\\PSES-VSCode-20148-876616.json' -FeatureFlags @() \r\n\tEngineVersion=\r\n\tRunspaceId=\r\n\tPipelineId=\r\n\tCommandName=\r\n\tCommandType=\r\n\tScriptName=\r\n\tCommandPath=\r\n\tCommandLine="}
{"timestamp": "2026-08-02T10:57:59.511Z", "record_id": 6582, "event_id": 600, "channel": "Windows PowerShell", "channel_key": "powershell_classic", "provider": "PowerShell", "computer": "LAPTOP-8SM7PKPU", "level": "Information", "category": "other", "process_id": 3652, "is_machine_account": 0, "mapped": 0, "source_file": "Windows-PowerShell.jsonl", "event_data": "{\"Data\": [\"\", \"\", \"\"]}", "message": "Provider \"Certificate\" is Started. \r\n\r\nDetails: \r\n\tProviderName=Certificate\r\n\tNewProviderState=Started\r\n\r\n\tSequenceNumber=47\r\n\r\n\tHostName=Default Host\r\n\tHostVersion=5.1.26100.8875\r\n\tHostId=aa124efb-9e08-45f9-9654-a6f21514a7ce\r\n\tHostApplication=C:\\Windows\\System32\\WindowsPowerShell\\v1.0\\powershell.exe -NoProfile -ExecutionPolicy Bypass -Command Import-Module 'c:\\Users\\yaswa\\.vscode\\extensions\\ms-vscode.powershell-2025.4.0\\modules\\PowerShellEditorServices\\PowerShellEditorServices.psd1'; Start-EditorServices -HostName 'Visual Studio Code Host' -HostProfileId 'Microsoft.VSCode' -HostVersion '2025.4.0' -BundledModulesPath 'c:\\Users\\yaswa\\.vscode\\extensions\\ms-vscode.powershell-2025.4.0\\modules' -EnableConsoleRepl -StartupBanner \"PowerShell Extension v2025.4.0\nCopyright (c) Microsoft Corporation.\n\nhttps://aka.ms/vscode-powershell\nType 'help' to get help.\n\" -LogLevel 'Warning' -LogPath 'c:\\Users\\yaswa\\AppData\\Roaming\\Code\\logs\\20260730T121325\\window3\\exthost\\ms-vscode.powershell' -SessionDetailsPath 'c:\\Users\\yaswa\\AppData\\Roaming\\Code\\User\\globalStorage\\ms-vscode.powershell\\sessions\\PSES-VSCode-20148-876616.json' -FeatureFlags @() \r\n\tEngineVersion=\r\n\tRunspaceId=\r\n\tPipelineId=\r\n\tCommandName=\r\n\tCommandType=\r\n\tScriptName=\r\n\tCommandPath=\r\n\tCommandLine="}
{"timestamp": "2026-08-02T10:57:59.511Z", "record_id": 6581, "event_id": 600, "channel": "Windows PowerShell", "channel_key": "powershell_classic", "provider": "PowerShell", "computer": "LAPTOP-8SM7PKPU", "level": "Information", "category": "other", "process_id": 3652, "is_machine_account": 0, "mapped": 0, "source_file": "Windows-PowerShell.jsonl", "event_data": "{\"Data\": [\"\", \"\", \"\"]}", "message": "Provider \"Variable\" is Started. \r\n\r\nDetails: \r\n\tProviderName=Variable\r\n\tNewProviderState=Started\r\n\r\n\tSequenceNumber=45\r\n\r\n\tHostName=Default Host\r\n\tHostVersion=5.1.26100.8875\r\n\tHostId=aa124efb-9e08-45f9-9654-a6f21514a7ce\r\n\tHostApplication=C:\\Windows\\System32\\WindowsPowerShell\\v1.0\\powershell.exe -NoProfile -ExecutionPolicy Bypass -Command Import-Module 'c:\\Users\\yaswa\\.vscode\\extensions\\ms-vscode.powershell-2025.4.0\\modules\\PowerShellEditorServices\\PowerShellEditorServices.psd1'; Start-EditorServices -HostName 'Visual Studio Code Host' -HostProfileId 'Microsoft.VSCode' -HostVersion '2025.4.0' -BundledModulesPath 'c:\\Users\\yaswa\\.vscode\\extensions\\ms-vscode.powershell-2025.4.0\\modules' -EnableConsoleRepl -StartupBanner \"PowerShell Extension v2025.4.0\nCopyright (c) Microsoft Corporation.\n\nhttps://aka.ms/vscode-powershell\nType 'help' to get help.\n\" -LogLevel 'Warning' -LogPath 'c:\\Users\\yaswa\\AppData\\Roaming\\Code\\logs\\20260730T121325\\window3\\exthost\\ms-vscode.powershell' -SessionDetailsPath 'c:\\Users\\yaswa\\AppData\\Roaming\\Code\\User\\globalStorage\\ms-vscode.powershell\\sessions\\PSES-VSCode-20148-876616.json' -FeatureFlags @() \r\n\tEngineVersion=\r\n\tRunspaceId=\r\n\tPipelineId=\r\n\tCommandName=\r\n\tCommandType=\r\n\tScriptName=\r\n\tCommandPath=\r\n\tCommandLine="}
{"timestamp": "2026-08-02T10:57:59.511Z", "record_id": 6580, "event_id": 600, "channel": "Windows PowerShell", "channel_key": "powershell_classic", "provider": "PowerShell", "computer": "LAPTOP-8SM7PKPU", "level": "Information", "category": "other", "process_id": 3652, "is_machine_account": 0, "mapped": 0, "source_file": "Windows-PowerShell.jsonl", "event_data": "{\"Data\": [\"\", \"\", \"\"]}", "message": "Provider \"Function\" is Started. \r\n\r\nDetails: \r\n\tProviderName=Function\r\n\tNewProviderState=Started\r\n\r\n\tSequenceNumber=43\r\n\r\n\tHostName=Default Host\r\n\tHostVersion=5.1.26100.8875\r\n\tHostId=aa124efb-9e08-45f9-9654-a6f21514a7ce\r\n\tHostApplication=C:\\Windows\\System32\\WindowsPowerShell\\v1.0\\powershell.exe -NoProfile -ExecutionPolicy Bypass -Command Import-Module 'c:\\Users\\yaswa\\.vscode\\extensions\\ms-vscode.powershell-2025.4.0\\modules\\PowerShellEditorServices\\PowerShellEditorServices.psd1'; Start-EditorServices -HostName 'Visual Studio Code Host' -HostProfileId 'Microsoft.VSCode' -HostVersion '2025.4.0' -BundledModulesPath 'c:\\Users\\yaswa\\.vscode\\extensions\\ms-vscode.powershell-2025.4.0\\modules' -EnableConsoleRepl -StartupBanner \"PowerShell Extension v2025.4.0\nCopyright (c) Microsoft Corporation.\n\nhttps://aka.ms/vscode-powershell\nType 'help' to get help.\n\" -LogLevel 'Warning' -LogPath 'c:\\Users\\yaswa\\AppData\\Roaming\\Code\\logs\\20260730T121325\\window3\\exthost\\ms-vscode.powershell' -SessionDetailsPath 'c:\\Users\\yaswa\\AppData\\Roaming\\Code\\User\\globalStorage\\ms-vscode.powershell\\sessions\\PSES-VSCode-20148-876616.json' -FeatureFlags @() \r\n\tEngineVersion=\r\n\tRunspaceId=\r\n\tPipelineId=\r\n\tCommandName=\r\n\tCommandType=\r\n\tScriptName=\r\n\tCommandPath=\r\n\tCommandLine="}
{"timestamp": "2026-08-02T10:57:59.511Z", "record_id": 6579, "event_id": 600, "channel": "Windows PowerShell", "channel_key": "powershell_classic", "provider": "PowerShell", "computer": "LAPTOP-8SM7PKPU", "level": "Information", "category": "other", "process_id": 3652, "is_machine_account": 0, "mapped": 0, "source_file": "Windows-PowerShell.jsonl", "event_data": "{\"Data\": [\"\", \"\", \"\"]}", "message": "Provider \"FileSystem\" is Started. \r\n\r\nDetails: \r\n\tProviderName=FileSystem\r\n\tNewProviderState=Started\r\n\r\n\tSequenceNumber=41\r\n\r\n\tHostName=Default Host\r\n\tHostVersion=5.1.26100.8875\r\n\tHostId=aa124efb-9e08-45f9-9654-a6f21514a7ce\r\n\tHostApplication=C:\\Windows\\System32\\WindowsPowerShell\\v1.0\\powershell.exe -NoProfile -ExecutionPolicy Bypass -Command Import-Module 'c:\\Users\\yaswa\\.vscode\\extensions\\ms-vscode.powershell-2025.4.0\\modules\\PowerShellEditorServices\\PowerShellEditorServices.psd1'; Start-EditorServices -HostName 'Visual Studio Code Host' -HostProfileId 'Microsoft.VSCode' -HostVersion '2025.4.0' -BundledModulesPath 'c:\\Users\\yaswa\\.vscode\\extensions\\ms-vscode.powershell-2025.4.0\\modules' -EnableConsoleRepl -StartupBanner \"PowerShell Extension v2025.4.0\nCopyright (c) Microsoft Corporation.\n\nhttps://aka.ms/vscode-powershell\nType 'help' to get help.\n\" -LogLevel 'Warning' -LogPath 'c:\\Users\\yaswa\\AppData\\Roaming\\Code\\logs\\20260730T121325\\window3\\exthost\\ms-vscode.powershell' -SessionDetailsPath 'c:\\Users\\yaswa\\AppData\\Roaming\\Code\\User\\globalStorage\\ms-vscode.powershell\\sessions\\PSES-VSCode-20148-876616.json' -FeatureFlags @() \r\n\tEngineVersion=\r\n\tRunspaceId=\r\n\tPipelineId=\r\n\tCommandName=\r\n\tCommandType=\r\n\tScriptName=\r\n\tCommandPath=\r\n\tCommandLine="}
{"timestamp": "2026-08-02T10:57:59.510Z", "record_id": 6578, "event_id": 600, "channel": "Windows PowerShell", "channel_key": "powershell_classic", "provider": "PowerShell", "computer": "LAPTOP-8SM7PKPU", "level": "Information", "category": "other", "process_id": 3652, "is_machine_account": 0, "mapped": 0, "source_file": "Windows-PowerShell.jsonl", "event_data": "{\"Data\": [\"\", \"\", \"\"]}", "message": "Provider \"Environment\" is Started. \r\n\r\nDetails: \r\n\tProviderName=Environment\r\n\tNewProviderState=Started\r\n\r\n\tSequenceNumber=39\r\n\r\n\tHostName=Default Host\r\n\tHostVersion=5.1.26100.8875\r\n\tHostId=aa124efb-9e08-45f9-9654-a6f21514a7ce\r\n\tHostApplication=C:\\Windows\\System32\\WindowsPowerShell\\v1.0\\powershell.exe -NoProfile -ExecutionPolicy Bypass -Command Import-Module 'c:\\Users\\yaswa\\.vscode\\extensions\\ms-vscode.powershell-2025.4.0\\modules\\PowerShellEditorServices\\PowerShellEditorServices.psd1'; Start-EditorServices -HostName 'Visual Studio Code Host' -HostProfileId 'Microsoft.VSCode' -HostVersion '2025.4.0' -BundledModulesPath 'c:\\Users\\yaswa\\.vscode\\extensions\\ms-vscode.powershell-2025.4.0\\modules' -EnableConsoleRepl -StartupBanner \"PowerShell Extension v2025.4.0\nCopyright (c) Microsoft Corporation.\n\nhttps://aka.ms/vscode-powershell\nType 'help' to get help.\n\" -LogLevel 'Warning' -LogPath 'c:\\Users\\yaswa\\AppData\\Roaming\\Code\\logs\\20260730T121325\\window3\\exthost\\ms-vscode.powershell' -SessionDetailsPath 'c:\\Users\\yaswa\\AppData\\Roaming\\Code\\User\\globalStorage\\ms-vscode.powershell\\sessions\\PSES-VSCode-20148-876616.json' -FeatureFlags @() \r\n\tEngineVersion=\r\n\tRunspaceId=\r\n\tPipelineId=\r\n\tCommandName=\r\n\tCommandType=\r\n\tScriptName=\r\n\tCommandPath=\r\n\tCommandLine="}
{"timestamp": "2026-08-02T10:57:59.510Z", "record_id": 6577, "event_id": 600, "channel": "Windows PowerShell", "channel_key": "powershell_classic", "provider": "PowerShell", "computer": "LAPTOP-8SM7PKPU", "level": "Information", "category": "other", "process_id": 3652, "is_machine_account": 0, "mapped": 0, "source_file": "Windows-PowerShell.jsonl", "event_data": "{\"Data\": [\"\", \"\", \"\"]}", "message": "Provider \"Alias\" is Started. \r\n\r\nDetails: \r\n\tProviderName=Alias\r\n\tNewProviderState=Started\r\n\r\n\tSequenceNumber=37\r\n\r\n\tHostName=Default Host\r\n\tHostVersion=5.1.26100.8875\r\n\tHostId=aa124efb-9e08-45f9-9654-a6f21514a7ce\r\n\tHostApplication=C:\\Windows\\System32\\WindowsPowerShell\\v1.0\\powershell.exe -NoProfile -ExecutionPolicy Bypass -Command Import-Module 'c:\\Users\\yaswa\\.vscode\\extensions\\ms-vscode.powershell-2025.4.0\\modules\\PowerShellEditorServices\\PowerShellEditorServices.psd1'; Start-EditorServices -HostName 'Visual Studio Code Host' -HostProfileId 'Microsoft.VSCode' -HostVersion '2025.4.0' -BundledModulesPath 'c:\\Users\\yaswa\\.vscode\\extensions\\ms-vscode.powershell-2025.4.0\\modules' -EnableConsoleRepl -StartupBanner \"PowerShell Extension v2025.4.0\nCopyright (c) Microsoft Corporation.\n\nhttps://aka.ms/vscode-powershell\nType 'help' to get help.\n\" -LogLevel 'Warning' -LogPath 'c:\\Users\\yaswa\\AppData\\Roaming\\Code\\logs\\20260730T121325\\window3\\exthost\\ms-vscode.powershell' -SessionDetailsPath 'c:\\Users\\yaswa\\AppData\\Roaming\\Code\\User\\globalStorage\\ms-vscode.powershell\\sessions\\PSES-VSCode-20148-876616.json' -FeatureFlags @() \r\n\tEngineVersion=\r\n\tRunspaceId=\r\n\tPipelineId=\r\n\tCommandName=\r\n\tCommandType=\r\n\tScriptName=\r\n\tCommandPath=\r\n\tCommandLine="}
{"timestamp": "2026-08-02T10:57:59.510Z", "record_id": 6576, "event_id": 600, "channel": "Windows PowerShell", "channel_key": "powershell_classic", "provider": "PowerShell", "computer": "LAPTOP-8SM7PKPU", "level": "Information", "category": "other", "process_id": 3652, "is_machine_account": 0, "mapped": 0, "source_file": "Windows-PowerShell.jsonl", "event_data": "{\"Data\": [\"\", \"\", \"\"]}", "message": "Provider \"Registry\" is Started. \r\n\r\nDetails: \r\n\tProviderName=Registry\r\n\tNewProviderState=Started\r\n\r\n\tSequenceNumber=35\r\n\r\n\tHostName=Default Host\r\n\tHostVersion=5.1.26100.8875\r\n\tHostId=aa124efb-9e08-45f9-9654-a6f21514a7ce\r\n\tHostApplication=C:\\Windows\\System32\\WindowsPowerShell\\v1.0\\powershell.exe -NoProfile -ExecutionPolicy Bypass -Command Import-Module 'c:\\Users\\yaswa\\.vscode\\extensions\\ms-vscode.powershell-2025.4.0\\modules\\PowerShellEditorServices\\PowerShellEditorServices.psd1'; Start-EditorServices -HostName 'Visual Studio Code Host' -HostProfileId 'Microsoft.VSCode' -HostVersion '2025.4.0' -BundledModulesPath 'c:\\Users\\yaswa\\.vscode\\extensions\\ms-vscode.powershell-2025.4.0\\modules' -EnableConsoleRepl -StartupBanner \"PowerShell Extension v2025.4.0\nCopyright (c) Microsoft Corporation.\n\nhttps://aka.ms/vscode-powershell\nType 'help' to get help.\n\" -LogLevel 'Warning' -LogPath 'c:\\Users\\yaswa\\AppData\\Roaming\\Code\\logs\\20260730T121325\\window3\\exthost\\ms-vscode.powershell' -SessionDetailsPath 'c:\\Users\\yaswa\\AppData\\Roaming\\Code\\User\\globalStorage\\ms-vscode.powershell\\sessions\\PSES-VSCode-20148-876616.json' -FeatureFlags @() \r\n\tEngineVersion=\r\n\tRunspaceId=\r\n\tPipelineId=\r\n\tCommandName=\r\n\tCommandType=\r\n\tScriptName=\r\n\tCommandPath=\r\n\tCommandLine="}
{"timestamp": "2026-08-02T10:57:59.470Z", "record_id": 6575, "event_id": 403, "channel": "Windows PowerShell", "channel_key": "powershell_classic", "provider": "PowerShell", "computer": "LAPTOP-8SM7PKPU", "level": "Information", "category": "script_execution", "attack_data_sources": "DS0012:Script Execution", "process_id": 3652, "is_machine_account": 0, "mapped": 1, "source_file": "Windows-PowerShell.jsonl", "event_data": "{\"Data\": [\"\", \"\", \"\"]}", "message": "Engine state is changed from Available to Stopped. \r\n\r\nDetails: \r\n\tNewEngineState=Stopped\r\n\tPreviousEngineState=Available\r\n\r\n\tSequenceNumber=33\r\n\r\n\tHostName=Default Host\r\n\tHostVersion=5.1.26100.8875\r\n\tHostId=81d753cb-e85d-4a1e-91c8-16d57a86d2a2\r\n\tHostApplication=C:\\Windows\\System32\\WindowsPowerShell\\v1.0\\powershell.exe -NoProfile -ExecutionPolicy Bypass -Command Import-Module 'c:\\Users\\yaswa\\.vscode\\extensions\\ms-vscode.powershell-2025.4.0\\modules\\PowerShellEditorServices\\PowerShellEditorServices.psd1'; Start-EditorServices -HostName 'Visual Studio Code Host' -HostProfileId 'Microsoft.VSCode' -HostVersion '2025.4.0' -BundledModulesPath 'c:\\Users\\yaswa\\.vscode\\extensions\\ms-vscode.powershell-2025.4.0\\modules' -EnableConsoleRepl -StartupBanner \"PowerShell Extension v2025.4.0\nCopyright (c) Microsoft Corporation.\n\nhttps://aka.ms/vscode-powershell\nType 'help' to get help.\n\" -LogLevel 'Warning' -LogPath 'c:\\Users\\yaswa\\AppData\\Roaming\\Code\\logs\\20260730T121325\\window3\\exthost\\ms-vscode.powershell' -SessionDetailsPath 'c:\\Users\\yaswa\\AppData\\Roaming\\Code\\User\\globalStorage\\ms-vscode.powershell\\sessions\\PSES-VSCode-20148-876616.json' -FeatureFlags @() \r\n\tEngineVersion=5.1.26100.8875\r\n\tRunspaceId=2f8598cf-daaa-41a5-a76a-40b6242b1b4e\r\n\tPipelineId=\r\n\tCommandName=\r\n\tCommandType=\r\n\tScriptName=\r\n\tCommandPath=\r\n\tCommandLine="}
