{"timestamp": "2026-08-02T10:16:31.782Z", "record_id": 27259, "event_id": 1004, "channel": "Application", "channel_key": "application", "provider": "Microsoft-Windows-Security-SPP", "computer": "LAPTOP-8SM7PKPU", "level": "Information", "category": "other", "process_id": 19552, "is_machine_account": 0, "mapped": 0, "source_file": "Application.jsonl", "event_data": "{\"Data\": [\"\", \"\"]}", "message": "The Software Protection service has successfully installed the license.\r\nLicense Title=Office 16 UL oob License (Private)\r\nLicense Id=b0630698-7987-48ad-922b-83fe4992be73"}
{"timestamp": "2026-08-02T10:16:31.781Z", "record_id": 27258, "event_id": 1004, "channel": "Application", "channel_key": "application", "provider": "Microsoft-Windows-Security-SPP", "computer": "LAPTOP-8SM7PKPU", "level": "Information", "category": "other", "process_id": 19552, "is_machine_account": 0, "mapped": 0, "source_file": "Application.jsonl", "event_data": "{\"Data\": [\"\", \"\"]}", "message": "The Software Protection service has successfully installed the license.\r\nLicense Title=Office 16 UL oob License (Public)\r\nLicense Id=84161302-57f7-40fd-8b32-06b42e2aec91"}
{"timestamp": "2026-08-02T10:16:31.678Z", "record_id": 27257, "event_id": 1004, "channel": "Application", "channel_key": "application", "provider": "Microsoft-Windows-Security-SPP", "computer": "LAPTOP-8SM7PKPU", "level": "Information", "category": "other", "process_id": 19552, "is_machine_account": 0, "mapped": 0, "source_file": "Application.jsonl", "event_data": "{\"Data\": [\"\", \"\"]}", "message": "The Software Protection service has successfully installed the license.\r\nLicense Title=OfficeDFC5A8B0-E9FD-43F7-B4CA-D63F1E749711 PPD License\r\nLicense Id=f7fe38ac-364b-f4bd-7fb9-f893cecfda55"}
{"timestamp": "2026-08-02T10:16:31.526Z", "record_id": 27256, "event_id": 1004, "channel": "Application", "channel_key": "application", "provider": "Microsoft-Windows-Security-SPP", "computer": "LAPTOP-8SM7PKPU", "level": "Information", "category": "other", "process_id": 19552, "is_machine_account": 0, "mapped": 0, "source_file": "Application.jsonl", "event_data": "{\"Data\": [\"\", \"\"]}", "message": "The Software Protection service has successfully installed the license.\r\nLicense Title=Office 16 UL oob License (Private)\r\nLicense Id=3eb95343-fe3b-4a15-970f-7f403a8f3018"}
{"timestamp": "2026-08-02T10:16:31.525Z", "record_id": 27255, "event_id": 1004, "channel": "Application", "channel_key": "application", "provider": "Microsoft-Windows-Security-SPP", "computer": "LAPTOP-8SM7PKPU", "level": "Information", "category": "other", "process_id": 19552, "is_machine_account": 0, "mapped": 0, "source_file": "Application.jsonl", "event_data": "{\"Data\": [\"\", \"\"]}", "message": "The Software Protection service has successfully installed the license.\r\nLicense Title=Office 16 UL oob License (Public)\r\nLicense Id=e24d8bfc-84a3-4e90-9bd2-faee48b01126"}
{"timestamp": "2026-08-02T10:16:31.390Z", "record_id": 27254, "event_id": 1004, "channel": "Application", "channel_key": "application", "provider": "Microsoft-Windows-Security-SPP", "computer": "LAPTOP-8SM7PKPU", "level": "Information", "category": "other", "process_id": 19552, "is_machine_account": 0, "mapped": 0, "source_file": "Application.jsonl", "event_data": "{\"Data\": [\"\", \"\"]}", "message": "The Software Protection service has successfully installed the license.\r\nLicense Title=Office 16 Publishing License (Private)\r\nLicense Id=30434df4-d10e-443f-9f10-a0d4f85a194b"}
{"timestamp": "2026-08-02T10:16:31.389Z", "record_id": 27253, "event_id": 1004, "channel": "Application", "channel_key": "application", "provider": "Microsoft-Windows-Security-SPP", "computer": "LAPTOP-8SM7PKPU", "level": "Information", "category": "other", "process_id": 19552, "is_machine_account": 0, "mapped": 0, "source_file": "Application.jsonl", "event_data": "{\"Data\": [\"\", \"\"]}", "message": "The Software Protection service has successfully installed the license.\r\nLicense Title=Office 16 Publishing License (Public)\r\nLicense Id=3addec2e-f373-4954-b495-6477426c8060"}
{"timestamp": "2026-08-02T10:16:31.290Z", "record_id": 27252, "event_id": 1004, "channel": "Application", "channel_key": "application", "provider": "Microsoft-Windows-Security-SPP", "computer": "LAPTOP-8SM7PKPU", "level": "Information", "category": "other", "process_id": 19552, "is_machine_account": 0, "mapped": 0, "source_file": "Application.jsonl", "event_data": "{\"Data\": [\"\", \"\"]}", "message": "The Software Protection service has successfully installed the license.\r\nLicense Title=OfficeE538D623-C066-433D-A6B7-E0708B1FADF7 PPD License\r\nLicense Id=ad074621-f7d3-65e0-c284-36b96210175c"}
{"timestamp": "2026-08-02T10:16:31.153Z", "record_id": 27251, "event_id": 1004, "channel": "Application", "channel_key": "application", "provider": "Microsoft-Windows-Security-SPP", "computer": "LAPTOP-8SM7PKPU", "level": "Information", "category": "other", "process_id": 19552, "is_machine_account": 0, "mapped": 0, "source_file": "Application.jsonl", "event_data": "{\"Data\": [\"\", \"\"]}", "message": "The Software Protection service has successfully installed the license.\r\nLicense Title=Office 16 UL oob License (Private)\r\nLicense Id=393ab367-89a2-4595-b374-0165b581e5e1"}
{"timestamp": "2026-08-02T10:16:31.152Z", "record_id": 27250, "event_id": 1004, "channel": "Application", "channel_key": "application", "provider": "Microsoft-Windows-Security-SPP", "computer": "LAPTOP-8SM7PKPU", "level": "Information", "category": "other", "process_id": 19552, "is_machine_account": 0, "mapped": 0, "source_file": "Application.jsonl", "event_data": "{\"Data\": [\"\", \"\"]}", "message": "The Software Protection service has successfully installed the license.\r\nLicense Title=Office 16 UL oob License (Public)\r\nLicense Id=8e3fdeb0-dccf-4483-8c8a-f71e430c91fa"}
{"timestamp": "2026-08-02T10:16:31.017Z", "record_id": 27249, "event_id": 1004, "channel": "Application", "channel_key": "application", "provider": "Microsoft-Windows-Security-SPP", "computer": "LAPTOP-8SM7PKPU", "level": "Information", "category": "other", "process_id": 19552, "is_machine_account": 0, "mapped": 0, "source_file": "Application.jsonl", "event_data": "{\"Data\": [\"\", \"\"]}", "message": "The Software Protection service has successfully installed the license.\r\nLicense Title=Office 16 Publishing License (Private)\r\nLicense Id=86bbef73-dea2-454a-bed9-e8f2c8af4b39"}
{"timestamp": "2026-08-02T10:16:31.016Z", "record_id": 27248, "event_id": 1004, "channel": "Application", "channel_key": "application", "provider": "Microsoft-Windows-Security-SPP", "computer": "LAPTOP-8SM7PKPU", "level": "Information", "category": "other", "process_id": 19552, "is_machine_account": 0, "mapped": 0, "source_file": "Application.jsonl", "event_data": "{\"Data\": [\"\", \"\"]}", "message": "The Software Protection service has successfully installed the license.\r\nLicense Title=Office 16 Publishing License (Public)\r\nLicense Id=b885db02-cead-4e4b-ba24-7b00e32d2aa6"}
{"timestamp": "2026-08-02T10:16:30.912Z", "record_id": 27247, "event_id": 1004, "channel": "Application", "channel_key": "application", "provider": "Microsoft-Windows-Security-SPP", "computer": "LAPTOP-8SM7PKPU", "level": "Information", "category": "other", "process_id": 19552, "is_machine_account": 0, "mapped": 0, "source_file": "Application.jsonl", "event_data": "{\"Data\": [\"\", \"\"]}", "message": "The Software Protection service has successfully installed the license.\r\nLicense Title=OfficeB6B47040-B38E-4BE2-BF6A-DABF0C41540A PPD License\r\nLicense Id=c6c810c9-be79-8903-dbf9-e042a03d8d28"}
{"timestamp": "2026-08-02T10:16:30.775Z", "record_id": 27246, "event_id": 1004, "channel": "Application", "channel_key": "application", "provider": "Microsoft-Windows-Security-SPP", "computer": "LAPTOP-8SM7PKPU", "level": "Information", "category": "other", "process_id": 19552, "is_machine_account": 0, "mapped": 0, "source_file": "Application.jsonl", "event_data": "{\"Data\": [\"\", \"\"]}", "message": "The Software Protection service has successfully installed the license.\r\nLicense Title=Office 16 UL oob License (Private)\r\nLicense Id=19c58458-f6df-49b1-a7ee-40df658b89ce"}
{"timestamp": "2026-08-02T10:16:30.774Z", "record_id": 27245, "event_id": 1004, "channel": "Application", "channel_key": "application", "provider": "Microsoft-Windows-Security-SPP", "computer": "LAPTOP-8SM7PKPU", "level": "Information", "category": "other", "process_id": 19552, "is_machine_account": 0, "mapped": 0, "source_file": "Application.jsonl", "event_data": "{\"Data\": [\"\", \"\"]}", "message": "The Software Protection service has successfully installed the license.\r\nLicense Title=Office 16 UL oob License (Public)\r\nLicense Id=fa7b5ddd-4ff6-400d-8215-411733027e92"}
{"timestamp": "2026-08-02T10:16:30.641Z", "record_id": 27244, "event_id": 1004, "channel": "Application", "channel_key": "application", "provider": "Microsoft-Windows-Security-SPP", "computer": "LAPTOP-8SM7PKPU", "level": "Information", "category": "other", "process_id": 19552, "is_machine_account": 0, "mapped": 0, "source_file": "Application.jsonl", "event_data": "{\"Data\": [\"\", \"\"]}", "message": "The Software Protection service has successfully installed the license.\r\nLicense Title=Office 16 Publishing License (Private)\r\nLicense Id=27998c70-15b7-4902-abd5-d894a03a50b0"}
{"timestamp": "2026-08-02T10:16:30.640Z", "record_id": 27243, "event_id": 1004, "channel": "Application", "channel_key": "application", "provider": "Microsoft-Windows-Security-SPP", "computer": "LAPTOP-8SM7PKPU", "level": "Information", "category": "other", "process_id": 19552, "is_machine_account": 0, "mapped": 0, "source_file": "Application.jsonl", "event_data": "{\"Data\": [\"\", \"\"]}", "message": "The Software Protection service has successfully installed the license.\r\nLicense Title=Office 16 Publishing License (Public)\r\nLicense Id=d0537409-301d-4ecc-9c9e-039f227d8011"}
{"timestamp": "2026-08-02T10:16:30.540Z", "record_id": 27242, "event_id": 1004, "channel": "Application", "channel_key": "application", "provider": "Microsoft-Windows-Security-SPP", "computer": "LAPTOP-8SM7PKPU", "level": "Information", "category": "other", "process_id": 19552, "is_machine_account": 0, "mapped": 0, "source_file": "Application.jsonl", "event_data": "{\"Data\": [\"\", \"\"]}", "message": "The Software Protection service has successfully installed the license.\r\nLicense Title=Office26B6A7CE-B174-40AA-A114-316AA56BA9FC PPD License\r\nLicense Id=776cd868-053a-1561-adf6-407c43ec688a"}
{"timestamp": "2026-08-02T10:16:30.383Z", "record_id": 27241, "event_id": 1004, "channel": "Application", "channel_key": "application", "provider": "Microsoft-Windows-Security-SPP", "computer": "LAPTOP-8SM7PKPU", "level": "Information", "category": "other", "process_id": 19552, "is_machine_account": 0, "mapped": 0, "source_file": "Application.jsonl", "event_data": "{\"Data\": [\"\", \"\"]}", "message": "The Software Protection service has successfully installed the license.\r\nLicense Title=Office 16 UL oob License (Private)\r\nLicense Id=f96ffbc5-9caf-4e5f-9f85-0c85556640da"}
{"timestamp": "2026-08-02T10:16:30.382Z", "record_id": 27240, "event_id": 1004, "channel": "Application", "channel_key": "application", "provider": "Microsoft-Windows-Security-SPP", "computer": "LAPTOP-8SM7PKPU", "level": "Information", "category": "other", "process_id": 19552, "is_machine_account": 0, "mapped": 0, "source_file": "Application.jsonl", "event_data": "{\"Data\": [\"\", \"\"]}", "message": "The Software Protection service has successfully installed the license.\r\nLicense Title=Office 16 UL oob License (Public)\r\nLicense Id=9c866b81-057f-40de-a626-00f88780fb00"}
{"timestamp": "2026-08-02T10:16:30.246Z", "record_id": 27239, "event_id": 1004, "channel": "Application", "channel_key": "application", "provider": "Microsoft-Windows-Security-SPP", "computer": "LAPTOP-8SM7PKPU", "level": "Information", "category": "other", "process_id": 19552, "is_machine_account": 0, "mapped": 0, "source_file": "Application.jsonl", "event_data": "{\"Data\": [\"\", \"\"]}", "message": "The Software Protection service has successfully installed the license.\r\nLicense Title=Office 16 Publishing License (Private)\r\nLicense Id=d58999dc-ccbc-4ebe-bbf0-b9a56bac0f05"}
{"timestamp": "2026-08-02T10:16:30.245Z", "record_id": 27238, "event_id": 1004, "channel": "Application", "channel_key": "application", "provider": "Microsoft-Windows-Security-SPP", "computer": "LAPTOP-8SM7PKPU", "level": "Information", "category": "other", "process_id": 19552, "is_machine_account": 0, "mapped": 0, "source_file": "Application.jsonl", "event_data": "{\"Data\": [\"\", \"\"]}", "message": "The Software Protection service has successfully installed the license.\r\nLicense Title=Office 16 Publishing License (Public)\r\nLicense Id=c618fcfe-0f5e-48dd-89bf-d61964e36f94"}
{"timestamp": "2026-08-02T10:16:30.140Z", "record_id": 27237, "event_id": 1004, "channel": "Application", "channel_key": "application", "provider": "Microsoft-Windows-Security-SPP", "computer": "LAPTOP-8SM7PKPU", "level": "Information", "category": "other", "process_id": 19552, "is_machine_account": 0, "mapped": 0, "source_file": "Application.jsonl", "event_data": "{\"Data\": [\"\", \"\"]}", "message": "The Software Protection service has successfully installed the license.\r\nLicense Title=Office46D2C0BD-F912-4DDC-8E67-B90EADC3F83C PPD License\r\nLicense Id=903f0d79-fb37-4706-3779-1fb9e17a8fde"}
{"timestamp": "2026-08-02T10:16:29.993Z", "record_id": 27236, "event_id": 1004, "channel": "Application", "channel_key": "application", "provider": "Microsoft-Windows-Security-SPP", "computer": "LAPTOP-8SM7PKPU", "level": "Information", "category": "other", "process_id": 19552, "is_machine_account": 0, "mapped": 0, "source_file": "Application.jsonl", "event_data": "{\"Data\": [\"\", \"\"]}", "message": "The Software Protection service has successfully installed the license.\r\nLicense Title=Office 16 UL oob License (Private)\r\nLicense Id=4e1005ad-7059-40fd-bb67-48e6b731d1c2"}
{"timestamp": "2026-08-02T10:16:29.992Z", "record_id": 27235, "event_id": 1004, "channel": "Application", "channel_key": "application", "provider": "Microsoft-Windows-Security-SPP", "computer": "LAPTOP-8SM7PKPU", "level": "Information", "category": "other", "process_id": 19552, "is_machine_account": 0, "mapped": 0, "source_file": "Application.jsonl", "event_data": "{\"Data\": [\"\", \"\"]}", "message": "The Software Protection service has successfully installed the license.\r\nLicense Title=Office 16 UL oob License (Public)\r\nLicense Id=0e885754-1ab9-442b-b150-5c62d66d9e00"}
{"timestamp": "2026-08-02T10:16:29.851Z", "record_id": 27234, "event_id": 1004, "channel": "Application", "channel_key": "application", "provider": "Microsoft-Windows-Security-SPP", "computer": "LAPTOP-8SM7PKPU", "level": "Information", "category": "other", "process_id": 19552, "is_machine_account": 0, "mapped": 0, "source_file": "Application.jsonl", "event_data": "{\"Data\": [\"\", \"\"]}", "message": "The Software Protection service has successfully installed the license.\r\nLicense Title=Office 16 Publishing License (Private)\r\nLicense Id=efd7acc5-840c-4a5b-bef1-afba4608aae3"}
{"timestamp": "2026-08-02T10:16:29.851Z", "record_id": 27233, "event_id": 1004, "channel": "Application", "channel_key": "application", "provider": "Microsoft-Windows-Security-SPP", "computer": "LAPTOP-8SM7PKPU", "level": "Information", "category": "other", "process_id": 19552, "is_machine_account": 0, "mapped": 0, "source_file": "Application.jsonl", "event_data": "{\"Data\": [\"\", \"\"]}", "message": "The Software Protection service has successfully installed the license.\r\nLicense Title=Office 16 Publishing License (Public)\r\nLicense Id=8701d24b-f0af-42f2-98e8-dc8ba02046ec"}
{"timestamp": "2026-08-02T10:16:29.749Z", "record_id": 27232, "event_id": 1004, "channel": "Application", "channel_key": "application", "provider": "Microsoft-Windows-Security-SPP", "computer": "LAPTOP-8SM7PKPU", "level": "Information", "category": "other", "process_id": 19552, "is_machine_account": 0, "mapped": 0, "source_file": "Application.jsonl", "event_data": "{\"Data\": [\"\", \"\"]}", "message": "The Software Protection service has successfully installed the license.\r\nLicense Title=OfficeFF02E86C-FEF0-4063-B39F-74275CDDD7C3 PPD License\r\nLicense Id=3c061f75-c879-76de-a8fd-328709dd9522"}
{"timestamp": "2026-08-02T10:16:29.611Z", "record_id": 27231, "event_id": 1004, "channel": "Application", "channel_key": "application", "provider": "Microsoft-Windows-Security-SPP", "computer": "LAPTOP-8SM7PKPU", "level": "Information", "category": "other", "process_id": 19552, "is_machine_account": 0, "mapped": 0, "source_file": "Application.jsonl", "event_data": "{\"Data\": [\"\", \"\"]}", "message": "The Software Protection service has successfully installed the license.\r\nLicense Title=Office 16 UL oob License (Private)\r\nLicense Id=c9452f2f-1d90-459f-a1a1-459641010e48"}
{"timestamp": "2026-08-02T10:16:29.611Z", "record_id": 27230, "event_id": 1004, "channel": "Application", "channel_key": "application", "provider": "Microsoft-Windows-Security-SPP", "computer": "LAPTOP-8SM7PKPU", "level": "Information", "category": "other", "process_id": 19552, "is_machine_account": 0, "mapped": 0, "source_file": "Application.jsonl", "event_data": "{\"Data\": [\"\", \"\"]}", "message": "The Software Protection service has successfully installed the license.\r\nLicense Title=Office 16 UL oob License (Public)\r\nLicense Id=11b65b29-324f-4f93-a982-1479d2fe8a94"}
{"timestamp": "2026-08-02T10:16:29.474Z", "record_id": 27229, "event_id": 1004, "channel": "Application", "channel_key": "application", "provider": "Microsoft-Windows-Security-SPP", "computer": "LAPTOP-8SM7PKPU", "level": "Information", "category": "other", "process_id": 19552, "is_machine_account": 0, "mapped": 0, "source_file": "Application.jsonl", "event_data": "{\"Data\": [\"\", \"\"]}", "message": "The Software Protection service has successfully installed the license.\r\nLicense Title=Office 16 Publishing License (Private)\r\nLicense Id=a23480e5-ab55-4481-8c0d-c1b1bb3228d1"}
{"timestamp": "2026-08-02T10:16:29.474Z", "record_id": 27228, "event_id": 1004, "channel": "Application", "channel_key": "application", "provider": "Microsoft-Windows-Security-SPP", "computer": "LAPTOP-8SM7PKPU", "level": "Information", "category": "other", "process_id": 19552, "is_machine_account": 0, "mapped": 0, "source_file": "Application.jsonl", "event_data": "{\"Data\": [\"\", \"\"]}", "message": "The Software Protection service has successfully installed the license.\r\nLicense Title=Office 16 Publishing License (Public)\r\nLicense Id=c02ddbaf-6b46-4670-ac37-8a3df12faf00"}
{"timestamp": "2026-08-02T10:16:29.420Z", "record_id": 27227, "event_id": 1004, "channel": "Application", "channel_key": "application", "provider": "Microsoft-Windows-Security-SPP", "computer": "LAPTOP-8SM7PKPU", "level": "Information", "category": "other", "process_id": 19552, "is_machine_account": 0, "mapped": 0, "source_file": "Application.jsonl", "event_data": "{\"Data\": [\"\", \"\"]}", "message": "The Software Protection service has successfully installed the license.\r\nLicense Title=Office6E5DB8A5-78E6-4953-B793-7422351AFE88 PPD License\r\nLicense Id=51998d31-5bbb-2da1-28d0-143d3622a51e"}
{"timestamp": "2026-08-02T10:16:29.347Z", "record_id": 27226, "event_id": 1004, "channel": "Application", "channel_key": "application", "provider": "Microsoft-Windows-Security-SPP", "computer": "LAPTOP-8SM7PKPU", "level": "Information", "category": "other", "process_id": 19552, "is_machine_account": 0, "mapped": 0, "source_file": "Application.jsonl", "event_data": "{\"Data\": [\"\", \"\"]}", "message": "The Software Protection service has successfully installed the license.\r\nLicense Title=Office 16 UL oob License (Private)\r\nLicense Id=1a18c6b5-651b-4aac-81ab-d164ffa02387"}
{"timestamp": "2026-08-02T10:16:29.346Z", "record_id": 27225, "event_id": 1004, "channel": "Application", "channel_key": "application", "provider": "Microsoft-Windows-Security-SPP", "computer": "LAPTOP-8SM7PKPU", "level": "Information", "category": "other", "process_id": 19552, "is_machine_account": 0, "mapped": 0, "source_file": "Application.jsonl", "event_data": "{\"Data\": [\"\", \"\"]}", "message": "The Software Protection service has successfully installed the license.\r\nLicense Title=Office 16 UL oob License (Public)\r\nLicense Id=70b1229d-9360-4ca8-848d-003b58322cd1"}
{"timestamp": "2026-08-02T10:16:29.276Z", "record_id": 27224, "event_id": 1004, "channel": "Application", "channel_key": "application", "provider": "Microsoft-Windows-Security-SPP", "computer": "LAPTOP-8SM7PKPU", "level": "Information", "category": "other", "process_id": 19552, "is_machine_account": 0, "mapped": 0, "source_file": "Application.jsonl", "event_data": "{\"Data\": [\"\", \"\"]}", "message": "The Software Protection service has successfully installed the license.\r\nLicense Title=Office 16 Publishing License (Private)\r\nLicense Id=17dbc5de-27e9-4e53-9e03-8d6cb6e59c79"}
{"timestamp": "2026-08-02T10:16:29.275Z", "record_id": 27223, "event_id": 1004, "channel": "Application", "channel_key": "application", "provider": "Microsoft-Windows-Security-SPP", "computer": "LAPTOP-8SM7PKPU", "level": "Information", "category": "other", "process_id": 19552, "is_machine_account": 0, "mapped": 0, "source_file": "Application.jsonl", "event_data": "{\"Data\": [\"\", \"\"]}", "message": "The Software Protection service has successfully installed the license.\r\nLicense Title=Office 16 Publishing License (Public)\r\nLicense Id=a04a5b81-ff77-478e-992a-99ed9b73e614"}
{"timestamp": "2026-08-02T10:16:29.218Z", "record_id": 27222, "event_id": 1004, "channel": "Application", "channel_key": "application", "provider": "Microsoft-Windows-Security-SPP", "computer": "LAPTOP-8SM7PKPU", "level": "Information", "category": "other", "process_id": 19552, "is_machine_account": 0, "mapped": 0, "source_file": "Application.jsonl", "event_data": "{\"Data\": [\"\", \"\"]}", "message": "The Software Protection service has successfully installed the license.\r\nLicense Title=OfficeA8119E32-B17C-4BD3-8950-7D1853F4B412 PPD License\r\nLicense Id=5030ae0a-fae7-c88e-0803-7856aea4cc5f"}
{"timestamp": "2026-08-02T10:16:29.134Z", "record_id": 27221, "event_id": 1004, "channel": "Application", "channel_key": "application", "provider": "Microsoft-Windows-Security-SPP", "computer": "LAPTOP-8SM7PKPU", "level": "Information", "category": "other", "process_id": 19552, "is_machine_account": 0, "mapped": 0, "source_file": "Application.jsonl", "event_data": "{\"Data\": [\"\", \"\"]}", "message": "The Software Protection service has successfully installed the license.\r\nLicense Title=Office 16 UL oob License (Private)\r\nLicense Id=7076fa7c-4f14-47bf-9e12-cecb495cfd4f"}
{"timestamp": "2026-08-02T10:16:29.133Z", "record_id": 27220, "event_id": 1004, "channel": "Application", "channel_key": "application", "provider": "Microsoft-Windows-Security-SPP", "computer": "LAPTOP-8SM7PKPU", "level": "Information", "category": "other", "process_id": 19552, "is_machine_account": 0, "mapped": 0, "source_file": "Application.jsonl", "event_data": "{\"Data\": [\"\", \"\"]}", "message": "The Software Protection service has successfully installed the license.\r\nLicense Title=Office 16 UL oob License (Public)\r\nLicense Id=8d334dfd-817b-415a-9755-79e2c7af70ef"}
{"timestamp": "2026-08-02T10:16:29.039Z", "record_id": 27219, "event_id": 1004, "channel": "Application", "channel_key": "application", "provider": "Microsoft-Windows-Security-SPP", "computer": "LAPTOP-8SM7PKPU", "level": "Information", "category": "other", "process_id": 19552, "is_machine_account": 0, "mapped": 0, "source_file": "Application.jsonl", "event_data": "{\"Data\": [\"\", \"\"]}", "message": "The Software Protection service has successfully installed the license.\r\nLicense Title=Office 16 Publishing License (Private)\r\nLicense Id=d0adc255-4c78-42c4-8a51-ee4b56700b55"}
{"timestamp": "2026-08-02T10:16:29.038Z", "record_id": 27218, "event_id": 1004, "channel": "Application", "channel_key": "application", "provider": "Microsoft-Windows-Security-SPP", "computer": "LAPTOP-8SM7PKPU", "level": "Information", "category": "other", "process_id": 19552, "is_machine_account": 0, "mapped": 0, "source_file": "Application.jsonl", "event_data": "{\"Data\": [\"\", \"\"]}", "message": "The Software Protection service has successfully installed the license.\r\nLicense Title=Office 16 Publishing License (Public)\r\nLicense Id=c49b644f-a28e-488c-bb24-5a4425840fb8"}
{"timestamp": "2026-08-02T10:16:28.971Z", "record_id": 27217, "event_id": 1004, "channel": "Application", "channel_key": "application", "provider": "Microsoft-Windows-Security-SPP", "computer": "LAPTOP-8SM7PKPU", "level": "Information", "category": "other", "process_id": 19552, "is_machine_account": 0, "mapped": 0, "source_file": "Application.jsonl", "event_data": "{\"Data\": [\"\", \"\"]}", "message": "The Software Protection service has successfully installed the license.\r\nLicense Title=OfficeE3DACC06-3BC2-4E13-8E59-8E05F3232325 PPD License\r\nLicense Id=5bdbd507-73c3-5f87-d372-f0e5bb6a31cd"}
{"timestamp": "2026-08-02T10:16:28.899Z", "record_id": 27216, "event_id": 1004, "channel": "Application", "channel_key": "application", "provider": "Microsoft-Windows-Security-SPP", "computer": "LAPTOP-8SM7PKPU", "level": "Information", "category": "other", "process_id": 19552, "is_machine_account": 0, "mapped": 0, "source_file": "Application.jsonl", "event_data": "{\"Data\": [\"\", \"\"]}", "message": "The Software Protection service has successfully installed the license.\r\nLicense Title=Office 16 UL oob License (Private)\r\nLicense Id=d2cbd487-c92b-4918-b6af-ab75a5ba6882"}
{"timestamp": "2026-08-02T10:16:28.899Z", "record_id": 27215, "event_id": 1004, "channel": "Application", "channel_key": "application", "provider": "Microsoft-Windows-Security-SPP", "computer": "LAPTOP-8SM7PKPU", "level": "Information", "category": "other", "process_id": 19552, "is_machine_account": 0, "mapped": 0, "source_file": "Application.jsonl", "event_data": "{\"Data\": [\"\", \"\"]}", "message": "The Software Protection service has successfully installed the license.\r\nLicense Title=Office 16 UL oob License (Public)\r\nLicense Id=cb111526-131c-408d-89a2-2475514e80b8"}
{"timestamp": "2026-08-02T10:16:28.818Z", "record_id": 27214, "event_id": 1004, "channel": "Application", "channel_key": "application", "provider": "Microsoft-Windows-Security-SPP", "computer": "LAPTOP-8SM7PKPU", "level": "Information", "category": "other", "process_id": 19552, "is_machine_account": 0, "mapped": 0, "source_file": "Application.jsonl", "event_data": "{\"Data\": [\"\", \"\"]}", "message": "The Software Protection service has successfully installed the license.\r\nLicense Title=Office 16 Publishing License (Private)\r\nLicense Id=7d5605dd-af09-4f2e-9319-e8898601cc34"}
{"timestamp": "2026-08-02T10:16:28.817Z", "record_id": 27213, "event_id": 1004, "channel": "Application", "channel_key": "application", "provider": "Microsoft-Windows-Security-SPP", "computer": "LAPTOP-8SM7PKPU", "level": "Information", "category": "other", "process_id": 19552, "is_machine_account": 0, "mapped": 0, "source_file": "Application.jsonl", "event_data": "{\"Data\": [\"\", \"\"]}", "message": "The Software Protection service has successfully installed the license.\r\nLicense Title=Office 16 Publishing License (Public)\r\nLicense Id=4b715906-9564-43d9-8e14-bb21fe726e09"}
{"timestamp": "2026-08-02T10:16:28.761Z", "record_id": 27212, "event_id": 1004, "channel": "Application", "channel_key": "application", "provider": "Microsoft-Windows-Security-SPP", "computer": "LAPTOP-8SM7PKPU", "level": "Information", "category": "other", "process_id": 19552, "is_machine_account": 0, "mapped": 0, "source_file": "Application.jsonl", "event_data": "{\"Data\": [\"\", \"\"]}", "message": "The Software Protection service has successfully installed the license.\r\nLicense Title=Office149DBCE7-A48E-44DB-8364-A53386CD4580 PPD License\r\nLicense Id=9dc6cf18-3bdc-6b55-055c-77d5e1c67e08"}
{"timestamp": "2026-08-02T10:16:28.685Z", "record_id": 27211, "event_id": 1004, "channel": "Application", "channel_key": "application", "provider": "Microsoft-Windows-Security-SPP", "computer": "LAPTOP-8SM7PKPU", "level": "Information", "category": "other", "process_id": 19552, "is_machine_account": 0, "mapped": 0, "source_file": "Application.jsonl", "event_data": "{\"Data\": [\"\", \"\"]}", "message": "The Software Protection service has successfully installed the license.\r\nLicense Title=Office 16 UL oob License (Private)\r\nLicense Id=0042b0f8-3469-428c-aff4-29dc986efd59"}
{"timestamp": "2026-08-02T10:16:28.685Z", "record_id": 27210, "event_id": 1004, "channel": "Application", "channel_key": "application", "provider": "Microsoft-Windows-Security-SPP", "computer": "LAPTOP-8SM7PKPU", "level": "Information", "category": "other", "process_id": 19552, "is_machine_account": 0, "mapped": 0, "source_file": "Application.jsonl", "event_data": "{\"Data\": [\"\", \"\"]}", "message": "The Software Protection service has successfully installed the license.\r\nLicense Title=Office 16 UL oob License (Public)\r\nLicense Id=799225a6-654f-4daf-9721-5f400b040f79"}
{"timestamp": "2026-08-02T10:16:28.612Z", "record_id": 27209, "event_id": 1004, "channel": "Application", "channel_key": "application", "provider": "Microsoft-Windows-Security-SPP", "computer": "LAPTOP-8SM7PKPU", "level": "Information", "category": "other", "process_id": 19552, "is_machine_account": 0, "mapped": 0, "source_file": "Application.jsonl", "event_data": "{\"Data\": [\"\", \"\"]}", "message": "The Software Protection service has successfully installed the license.\r\nLicense Title=Office 16 Publishing License (Private)\r\nLicense Id=04d5a4ab-5e3a-4997-b707-97f5470619b3"}
{"timestamp": "2026-08-02T10:16:28.612Z", "record_id": 27208, "event_id": 1004, "channel": "Application", "channel_key": "application", "provider": "Microsoft-Windows-Security-SPP", "computer": "LAPTOP-8SM7PKPU", "level": "Information", "category": "other", "process_id": 19552, "is_machine_account": 0, "mapped": 0, "source_file": "Application.jsonl", "event_data": "{\"Data\": [\"\", \"\"]}", "message": "The Software Protection service has successfully installed the license.\r\nLicense Title=Office 16 Publishing License (Public)\r\nLicense Id=5af7232c-1067-49fb-b3aa-c3407e52ce1d"}
{"timestamp": "2026-08-02T10:16:28.552Z", "record_id": 27207, "event_id": 1004, "channel": "Application", "channel_key": "application", "provider": "Microsoft-Windows-Security-SPP", "computer": "LAPTOP-8SM7PKPU", "level": "Information", "category": "other", "process_id": 19552, "is_machine_account": 0, "mapped": 0, "source_file": "Application.jsonl", "event_data": "{\"Data\": [\"\", \"\"]}", "message": "The Software Protection service has successfully installed the license.\r\nLicense Title=Office3AD61E22-E4FE-497F-BDB1-3E51BD872173 PPD License\r\nLicense Id=32757964-6b92-d375-42e1-fbbd7da16454"}
{"timestamp": "2026-08-02T10:16:28.471Z", "record_id": 27206, "event_id": 1004, "channel": "Application", "channel_key": "application", "provider": "Microsoft-Windows-Security-SPP", "computer": "LAPTOP-8SM7PKPU", "level": "Information", "category": "other", "process_id": 19552, "is_machine_account": 0, "mapped": 0, "source_file": "Application.jsonl", "event_data": "{\"Data\": [\"\", \"\"]}", "message": "The Software Protection service has successfully installed the license.\r\nLicense Title=Office 16 UL oob License (Private)\r\nLicense Id=8b085e63-33b5-47dc-80ed-79674f091a36"}
{"timestamp": "2026-08-02T10:16:28.470Z", "record_id": 27205, "event_id": 1004, "channel": "Application", "channel_key": "application", "provider": "Microsoft-Windows-Security-SPP", "computer": "LAPTOP-8SM7PKPU", "level": "Information", "category": "other", "process_id": 19552, "is_machine_account": 0, "mapped": 0, "source_file": "Application.jsonl", "event_data": "{\"Data\": [\"\", \"\"]}", "message": "The Software Protection service has successfully installed the license.\r\nLicense Title=Office 16 UL oob License (Public)\r\nLicense Id=3c42d53b-20c5-42c6-9279-768cd35aa252"}
{"timestamp": "2026-08-02T10:16:28.409Z", "record_id": 27204, "event_id": 1004, "channel": "Application", "channel_key": "application", "provider": "Microsoft-Windows-Security-SPP", "computer": "LAPTOP-8SM7PKPU", "level": "Information", "category": "other", "process_id": 19552, "is_machine_account": 0, "mapped": 0, "source_file": "Application.jsonl", "event_data": "{\"Data\": [\"\", \"\"]}", "message": "The Software Protection service has successfully installed the license.\r\nLicense Title=OfficeB27B3D00-9A95-4FCD-A0C2-118CBD5E699B PPD License\r\nLicense Id=d25bdc86-1b23-f231-8b98-db36cc3b4b7b"}
{"timestamp": "2026-08-02T10:16:28.330Z", "record_id": 27203, "event_id": 1004, "channel": "Application", "channel_key": "application", "provider": "Microsoft-Windows-Security-SPP", "computer": "LAPTOP-8SM7PKPU", "level": "Information", "category": "other", "process_id": 19552, "is_machine_account": 0, "mapped": 0, "source_file": "Application.jsonl", "event_data": "{\"Data\": [\"\", \"\"]}", "message": "The Software Protection service has successfully installed the license.\r\nLicense Title=Office 16 UL oob License (Private)\r\nLicense Id=b114da48-667a-4ba0-937c-d4dd46887b06"}
{"timestamp": "2026-08-02T10:16:28.329Z", "record_id": 27202, "event_id": 1004, "channel": "Application", "channel_key": "application", "provider": "Microsoft-Windows-Security-SPP", "computer": "LAPTOP-8SM7PKPU", "level": "Information", "category": "other", "process_id": 19552, "is_machine_account": 0, "mapped": 0, "source_file": "Application.jsonl", "event_data": "{\"Data\": [\"\", \"\"]}", "message": "The Software Protection service has successfully installed the license.\r\nLicense Title=Office 16 UL oob License (Public)\r\nLicense Id=10edc725-764f-4bf7-acf0-7d2f9e5858c4"}
{"timestamp": "2026-08-02T10:16:28.249Z", "record_id": 27201, "event_id": 1004, "channel": "Application", "channel_key": "application", "provider": "Microsoft-Windows-Security-SPP", "computer": "LAPTOP-8SM7PKPU", "level": "Information", "category": "other", "process_id": 19552, "is_machine_account": 0, "mapped": 0, "source_file": "Application.jsonl", "event_data": "{\"Data\": [\"\", \"\"]}", "message": "The Software Protection service has successfully installed the license.\r\nLicense Title=Office 16 Publishing License (Private)\r\nLicense Id=8d1d674c-a636-4854-83cc-0ae8816ba7e9"}
{"timestamp": "2026-08-02T10:16:28.249Z", "record_id": 27200, "event_id": 1004, "channel": "Application", "channel_key": "application", "provider": "Microsoft-Windows-Security-SPP", "computer": "LAPTOP-8SM7PKPU", "level": "Information", "category": "other", "process_id": 19552, "is_machine_account": 0, "mapped": 0, "source_file": "Application.jsonl", "event_data": "{\"Data\": [\"\", \"\"]}", "message": "The Software Protection service has successfully installed the license.\r\nLicense Title=Office 16 Publishing License (Public)\r\nLicense Id=fc72d3e7-d4c4-4713-ad73-1a5d58cd0f60"}
{"timestamp": "2026-08-02T10:16:28.180Z", "record_id": 27199, "event_id": 1004, "channel": "Application", "channel_key": "application", "provider": "Microsoft-Windows-Security-SPP", "computer": "LAPTOP-8SM7PKPU", "level": "Information", "category": "other", "process_id": 19552, "is_machine_account": 0, "mapped": 0, "source_file": "Application.jsonl", "event_data": "{\"Data\": [\"\", \"\"]}", "message": "The Software Protection service has successfully installed the license.\r\nLicense Title=OfficeCBECB6F5-DA49-4029-BE25-5945AC9750B3 PPD License\r\nLicense Id=62eec107-c849-49d8-d78e-10daa0a5c173"}
{"timestamp": "2026-08-02T10:16:28.095Z", "record_id": 27198, "event_id": 1004, "channel": "Application", "channel_key": "application", "provider": "Microsoft-Windows-Security-SPP", "computer": "LAPTOP-8SM7PKPU", "level": "Information", "category": "other", "process_id": 19552, "is_machine_account": 0, "mapped": 0, "source_file": "Application.jsonl", "event_data": "{\"Data\": [\"\", \"\"]}", "message": "The Software Protection service has successfully installed the license.\r\nLicense Title=Office 16 UL oob License (Private)\r\nLicense Id=eba87059-0da6-4fdc-b697-ef7b8b902278"}
{"timestamp": "2026-08-02T10:16:28.094Z", "record_id": 27197, "event_id": 1004, "channel": "Application", "channel_key": "application", "provider": "Microsoft-Windows-Security-SPP", "computer": "LAPTOP-8SM7PKPU", "level": "Information", "category": "other", "process_id": 19552, "is_machine_account": 0, "mapped": 0, "source_file": "Application.jsonl", "event_data": "{\"Data\": [\"\", \"\"]}", "message": "The Software Protection service has successfully installed the license.\r\nLicense Title=Office 16 UL oob License (Public)\r\nLicense Id=4a4d45fb-ed8b-4815-9ce0-3ce17b8280e4"}
{"timestamp": "2026-08-02T10:16:28.012Z", "record_id": 27196, "event_id": 1004, "channel": "Application", "channel_key": "application", "provider": "Microsoft-Windows-Security-SPP", "computer": "LAPTOP-8SM7PKPU", "level": "Information", "category": "other", "process_id": 19552, "is_machine_account": 0, "mapped": 0, "source_file": "Application.jsonl", "event_data": "{\"Data\": [\"\", \"\"]}", "message": "The Software Protection service has successfully installed the license.\r\nLicense Title=Office 16 Publishing License (Private)\r\nLicense Id=26ebece4-964d-4b64-a8df-388332f40577"}
{"timestamp": "2026-08-02T10:16:28.012Z", "record_id": 27195, "event_id": 1004, "channel": "Application", "channel_key": "application", "provider": "Microsoft-Windows-Security-SPP", "computer": "LAPTOP-8SM7PKPU", "level": "Information", "category": "other", "process_id": 19552, "is_machine_account": 0, "mapped": 0, "source_file": "Application.jsonl", "event_data": "{\"Data\": [\"\", \"\"]}", "message": "The Software Protection service has successfully installed the license.\r\nLicense Title=Office 16 Publishing License (Public)\r\nLicense Id=3be3b4fb-4ce3-4f2f-af08-dd0561848d4d"}
{"timestamp": "2026-08-02T10:16:27.952Z", "record_id": 27194, "event_id": 1004, "channel": "Application", "channel_key": "application", "provider": "Microsoft-Windows-Security-SPP", "computer": "LAPTOP-8SM7PKPU", "level": "Information", "category": "other", "process_id": 19552, "is_machine_account": 0, "mapped": 0, "source_file": "Application.jsonl", "event_data": "{\"Data\": [\"\", \"\"]}", "message": "The Software Protection service has successfully installed the license.\r\nLicense Title=Office24FC428E-A37E-4996-AC66-8EA0304A152D PPD License\r\nLicense Id=5fb7168b-b17b-81fc-a5cd-efac97cde83c"}
{"timestamp": "2026-08-02T10:16:27.874Z", "record_id": 27193, "event_id": 1004, "channel": "Application", "channel_key": "application", "provider": "Microsoft-Windows-Security-SPP", "computer": "LAPTOP-8SM7PKPU", "level": "Information", "category": "other", "process_id": 19552, "is_machine_account": 0, "mapped": 0, "source_file": "Application.jsonl", "event_data": "{\"Data\": [\"\", \"\"]}", "message": "The Software Protection service has successfully installed the license.\r\nLicense Title=Office 16 UL oob License (Private)\r\nLicense Id=65994ac1-76a3-4f38-9ba6-d38a40eae01e"}
{"timestamp": "2026-08-02T10:16:27.874Z", "record_id": 27192, "event_id": 1004, "channel": "Application", "channel_key": "application", "provider": "Microsoft-Windows-Security-SPP", "computer": "LAPTOP-8SM7PKPU", "level": "Information", "category": "other", "process_id": 19552, "is_machine_account": 0, "mapped": 0, "source_file": "Application.jsonl", "event_data": "{\"Data\": [\"\", \"\"]}", "message": "The Software Protection service has successfully installed the license.\r\nLicense Title=Office 16 UL oob License (Public)\r\nLicense Id=eeb991ca-46a5-4e73-be36-8038e67895d3"}
{"timestamp": "2026-08-02T10:16:27.799Z", "record_id": 27191, "event_id": 1004, "channel": "Application", "channel_key": "application", "provider": "Microsoft-Windows-Security-SPP", "computer": "LAPTOP-8SM7PKPU", "level": "Information", "category": "other", "process_id": 19552, "is_machine_account": 0, "mapped": 0, "source_file": "Application.jsonl", "event_data": "{\"Data\": [\"\", \"\"]}", "message": "The Software Protection service has successfully installed the license.\r\nLicense Title=Office 16 Publishing License (Private)\r\nLicense Id=bd8b81cb-c0cb-4e88-9f77-24aac7253eae"}
{"timestamp": "2026-08-02T10:16:27.798Z", "record_id": 27190, "event_id": 1004, "channel": "Application", "channel_key": "application", "provider": "Microsoft-Windows-Security-SPP", "computer": "LAPTOP-8SM7PKPU", "level": "Information", "category": "other", "process_id": 19552, "is_machine_account": 0, "mapped": 0, "source_file": "Application.jsonl", "event_data": "{\"Data\": [\"\", \"\"]}", "message": "The Software Protection service has successfully installed the license.\r\nLicense Title=Office 16 Publishing License (Public)\r\nLicense Id=19e3fd2f-0b02-45f2-b816-a0f868a82685"}
{"timestamp": "2026-08-02T10:16:27.743Z", "record_id": 27189, "event_id": 1004, "channel": "Application", "channel_key": "application", "provider": "Microsoft-Windows-Security-SPP", "computer": "LAPTOP-8SM7PKPU", "level": "Information", "category": "other", "process_id": 19552, "is_machine_account": 0, "mapped": 0, "source_file": "Application.jsonl", "event_data": "{\"Data\": [\"\", \"\"]}", "message": "The Software Protection service has successfully installed the license.\r\nLicense Title=Office7984D9ED-81F9-4D50-913D-317ECD863065 PPD License\r\nLicense Id=2a9a2991-4b78-245f-e862-11366e07a43f"}
{"timestamp": "2026-08-02T10:16:27.667Z", "record_id": 27188, "event_id": 1004, "channel": "Application", "channel_key": "application", "provider": "Microsoft-Windows-Security-SPP", "computer": "LAPTOP-8SM7PKPU", "level": "Information", "category": "other", "process_id": 19552, "is_machine_account": 0, "mapped": 0, "source_file": "Application.jsonl", "event_data": "{\"Data\": [\"\", \"\"]}", "message": "The Software Protection service has successfully installed the license.\r\nLicense Title=Office 16 UL oob License (Private)\r\nLicense Id=efcfae5a-d351-41eb-a8fd-a9cb5767e63a"}
{"timestamp": "2026-08-02T10:16:27.666Z", "record_id": 27187, "event_id": 1004, "channel": "Application", "channel_key": "application", "provider": "Microsoft-Windows-Security-SPP", "computer": "LAPTOP-8SM7PKPU", "level": "Information", "category": "other", "process_id": 19552, "is_machine_account": 0, "mapped": 0, "source_file": "Application.jsonl", "event_data": "{\"Data\": [\"\", \"\"]}", "message": "The Software Protection service has successfully installed the license.\r\nLicense Title=Office 16 UL oob License (Public)\r\nLicense Id=820bf08c-5c79-4704-8f51-29bf83bc726f"}
{"timestamp": "2026-08-02T10:16:27.592Z", "record_id": 27186, "event_id": 1004, "channel": "Application", "channel_key": "application", "provider": "Microsoft-Windows-Security-SPP", "computer": "LAPTOP-8SM7PKPU", "level": "Information", "category": "other", "process_id": 19552, "is_machine_account": 0, "mapped": 0, "source_file": "Application.jsonl", "event_data": "{\"Data\": [\"\", \"\"]}", "message": "The Software Protection service has successfully installed the license.\r\nLicense Title=Office 16 Publishing License (Private)\r\nLicense Id=be7a8b41-caa7-441c-b6c2-8dac2f9ec4dc"}
{"timestamp": "2026-08-02T10:16:27.591Z", "record_id": 27185, "event_id": 1004, "channel": "Application", "channel_key": "application", "provider": "Microsoft-Windows-Security-SPP", "computer": "LAPTOP-8SM7PKPU", "level": "Information", "category": "other", "process_id": 19552, "is_machine_account": 0, "mapped": 0, "source_file": "Application.jsonl", "event_data": "{\"Data\": [\"\", \"\"]}", "message": "The Software Protection service has successfully installed the license.\r\nLicense Title=Office 16 Publishing License (Public)\r\nLicense Id=8151f4ee-800d-4732-8ce4-e5874fd427ce"}
{"timestamp": "2026-08-02T10:16:27.530Z", "record_id": 27184, "event_id": 1004, "channel": "Application", "channel_key": "application", "provider": "Microsoft-Windows-Security-SPP", "computer": "LAPTOP-8SM7PKPU", "level": "Information", "category": "other", "process_id": 19552, "is_machine_account": 0, "mapped": 0, "source_file": "Application.jsonl", "event_data": "{\"Data\": [\"\", \"\"]}", "message": "The Software Protection service has successfully installed the license.\r\nLicense Title=Office35EC6E0E-2DF4-4629-9EE3-D525E806B988 PPD License\r\nLicense Id=5acfc3a7-97b1-0683-9c66-fa18579ff15c"}
{"timestamp": "2026-08-02T10:16:27.450Z", "record_id": 27183, "event_id": 1004, "channel": "Application", "channel_key": "application", "provider": "Microsoft-Windows-Security-SPP", "computer": "LAPTOP-8SM7PKPU", "level": "Information", "category": "other", "process_id": 19552, "is_machine_account": 0, "mapped": 0, "source_file": "Application.jsonl", "event_data": "{\"Data\": [\"\", \"\"]}", "message": "The Software Protection service has successfully installed the license.\r\nLicense Title=Office 16 UL oob License (Private)\r\nLicense Id=d3f27319-4d8a-4d8f-9b04-100acb88f9f7"}
{"timestamp": "2026-08-02T10:16:27.449Z", "record_id": 27182, "event_id": 1004, "channel": "Application", "channel_key": "application", "provider": "Microsoft-Windows-Security-SPP", "computer": "LAPTOP-8SM7PKPU", "level": "Information", "category": "other", "process_id": 19552, "is_machine_account": 0, "mapped": 0, "source_file": "Application.jsonl", "event_data": "{\"Data\": [\"\", \"\"]}", "message": "The Software Protection service has successfully installed the license.\r\nLicense Title=Office 16 UL oob License (Public)\r\nLicense Id=2bc30cbf-0cce-4c3b-9a2f-596d9937208f"}
{"timestamp": "2026-08-02T10:16:27.387Z", "record_id": 27181, "event_id": 1004, "channel": "Application", "channel_key": "application", "provider": "Microsoft-Windows-Security-SPP", "computer": "LAPTOP-8SM7PKPU", "level": "Information", "category": "other", "process_id": 19552, "is_machine_account": 0, "mapped": 0, "source_file": "Application.jsonl", "event_data": "{\"Data\": [\"\", \"\"]}", "message": "The Software Protection service has successfully installed the license.\r\nLicense Title=client-issuance-bridge-office Issuance License\r\nLicense Id=4d4a5396-01a7-4ae5-9973-b53bb1af5c30"}
{"timestamp": "2026-08-02T10:16:27.328Z", "record_id": 27180, "event_id": 1004, "channel": "Application", "channel_key": "application", "provider": "Microsoft-Windows-Security-SPP", "computer": "LAPTOP-8SM7PKPU", "level": "Information", "category": "other", "process_id": 19552, "is_machine_account": 0, "mapped": 0, "source_file": "Application.jsonl", "event_data": "{\"Data\": [\"\", \"\"]}", "message": "The Software Protection service has successfully installed the license.\r\nLicense Title=client-issuance-root-bridge-test Issuance License\r\nLicense Id=7256a55f-e989-4e06-b2c2-c527f49e4527"}
{"timestamp": "2026-08-02T10:16:26.280Z", "record_id": 27179, "event_id": 10000, "channel": "Application", "channel_key": "application", "provider": "Microsoft-Windows-RestartManager", "computer": "LAPTOP-8SM7PKPU", "level": "Information", "category": "other", "user_sid": "S-1-5-18", "process_id": 19532, "is_machine_account": 0, "mapped": 0, "source_file": "Application.jsonl", "event_data": "{\"RmSessionId\": \"0\", \"UTCStartTime\": \"2026-08-02T10:16:26.2801169Z\"}", "message": "Starting session 0 - ‎2026‎-‎08‎-‎02T10:16:26.280116900Z."}
{"timestamp": "2026-08-02T10:16:27.267Z", "record_id": 27178, "event_id": 1004, "channel": "Application", "channel_key": "application", "provider": "Microsoft-Windows-Security-SPP", "computer": "LAPTOP-8SM7PKPU", "level": "Information", "category": "other", "process_id": 19552, "is_machine_account": 0, "mapped": 0, "source_file": "Application.jsonl", "event_data": "{\"Data\": [\"\", \"\"]}", "message": "The Software Protection service has successfully installed the license.\r\nLicense Title=client-issuance-ul-oob Issuance License\r\nLicense Id=7209e8e3-cce2-49dd-8f6e-2cc8a611f202"}
{"timestamp": "2026-08-02T10:16:27.201Z", "record_id": 27177, "event_id": 1004, "channel": "Application", "channel_key": "application", "provider": "Microsoft-Windows-Security-SPP", "computer": "LAPTOP-8SM7PKPU", "level": "Information", "category": "other", "process_id": 19552, "is_machine_account": 0, "mapped": 0, "source_file": "Application.jsonl", "event_data": "{\"Data\": [\"\", \"\"]}", "message": "The Software Protection service has successfully installed the license.\r\nLicense Title=client-issuance-ul Issuance License\r\nLicense Id=ce939c0e-53f7-4011-a286-78b6975fa5f0"}
{"timestamp": "2026-08-02T10:16:27.143Z", "record_id": 27176, "event_id": 1004, "channel": "Application", "channel_key": "application", "provider": "Microsoft-Windows-Security-SPP", "computer": "LAPTOP-8SM7PKPU", "level": "Information", "category": "other", "process_id": 19552, "is_machine_account": 0, "mapped": 0, "source_file": "Application.jsonl", "event_data": "{\"Data\": [\"\", \"\"]}", "message": "The Software Protection service has successfully installed the license.\r\nLicense Title=client-issuance-stil Issuance License\r\nLicense Id=285583cd-fc43-4806-ace6-d247b7edd434"}
