{"timestamp": "2026-08-02T10:57:59.451Z", "record_id": 6574, "event_id": 400, "channel": "Windows PowerShell", "channel_key": "powershell_classic", "provider": "PowerShell", "computer": "LAPTOP-8SM7PKPU", "level": "Information", "category": "script_execution", "attack_data_sources": "DS0012:Script Execution", "process_id": 3652, "is_machine_account": 0, "mapped": 1, "source_file": "Windows-PowerShell.jsonl", "event_data": "{\"Data\": [\"\", \"\", \"\"]}", "message": "Engine state is changed from None to Available. \r\n\r\nDetails: \r\n\tNewEngineState=Available\r\n\tPreviousEngineState=None\r\n\r\n\tSequenceNumber=31\r\n\r\n\tHostName=Default Host\r\n\tHostVersion=5.1.26100.8875\r\n\tHostId=81d753cb-e85d-4a1e-91c8-16d57a86d2a2\r\n\tHostApplication=C:\\Windows\\System32\\WindowsPowerShell\\v1.0\\powershell.exe -NoProfile -ExecutionPolicy Bypass -Command Import-Module 'c:\\Users\\yaswa\\.vscode\\extensions\\ms-vscode.powershell-2025.4.0\\modules\\PowerShellEditorServices\\PowerShellEditorServices.psd1'; Start-EditorServices -HostName 'Visual Studio Code Host' -HostProfileId 'Microsoft.VSCode' -HostVersion '2025.4.0' -BundledModulesPath 'c:\\Users\\yaswa\\.vscode\\extensions\\ms-vscode.powershell-2025.4.0\\modules' -EnableConsoleRepl -StartupBanner \"PowerShell Extension v2025.4.0\nCopyright (c) Microsoft Corporation.\n\nhttps://aka.ms/vscode-powershell\nType 'help' to get help.\n\" -LogLevel 'Warning' -LogPath 'c:\\Users\\yaswa\\AppData\\Roaming\\Code\\logs\\20260730T121325\\window3\\exthost\\ms-vscode.powershell' -SessionDetailsPath 'c:\\Users\\yaswa\\AppData\\Roaming\\Code\\User\\globalStorage\\ms-vscode.powershell\\sessions\\PSES-VSCode-20148-876616.json' -FeatureFlags @() \r\n\tEngineVersion=5.1.26100.8875\r\n\tRunspaceId=2f8598cf-daaa-41a5-a76a-40b6242b1b4e\r\n\tPipelineId=\r\n\tCommandName=\r\n\tCommandType=\r\n\tScriptName=\r\n\tCommandPath=\r\n\tCommandLine="}
{"timestamp": "2026-08-02T10:57:59.450Z", "record_id": 6573, "event_id": 600, "channel": "Windows PowerShell", "channel_key": "powershell_classic", "provider": "PowerShell", "computer": "LAPTOP-8SM7PKPU", "level": "Information", "category": "other", "process_id": 3652, "is_machine_account": 0, "mapped": 0, "source_file": "Windows-PowerShell.jsonl", "event_data": "{\"Data\": [\"\", \"\", \"\"]}", "message": "Provider \"WSMan\" is Started. \r\n\r\nDetails: \r\n\tProviderName=WSMan\r\n\tNewProviderState=Started\r\n\r\n\tSequenceNumber=29\r\n\r\n\tHostName=Default Host\r\n\tHostVersion=5.1.26100.8875\r\n\tHostId=81d753cb-e85d-4a1e-91c8-16d57a86d2a2\r\n\tHostApplication=C:\\Windows\\System32\\WindowsPowerShell\\v1.0\\powershell.exe -NoProfile -ExecutionPolicy Bypass -Command Import-Module 'c:\\Users\\yaswa\\.vscode\\extensions\\ms-vscode.powershell-2025.4.0\\modules\\PowerShellEditorServices\\PowerShellEditorServices.psd1'; Start-EditorServices -HostName 'Visual Studio Code Host' -HostProfileId 'Microsoft.VSCode' -HostVersion '2025.4.0' -BundledModulesPath 'c:\\Users\\yaswa\\.vscode\\extensions\\ms-vscode.powershell-2025.4.0\\modules' -EnableConsoleRepl -StartupBanner \"PowerShell Extension v2025.4.0\nCopyright (c) Microsoft Corporation.\n\nhttps://aka.ms/vscode-powershell\nType 'help' to get help.\n\" -LogLevel 'Warning' -LogPath 'c:\\Users\\yaswa\\AppData\\Roaming\\Code\\logs\\20260730T121325\\window3\\exthost\\ms-vscode.powershell' -SessionDetailsPath 'c:\\Users\\yaswa\\AppData\\Roaming\\Code\\User\\globalStorage\\ms-vscode.powershell\\sessions\\PSES-VSCode-20148-876616.json' -FeatureFlags @() \r\n\tEngineVersion=\r\n\tRunspaceId=\r\n\tPipelineId=\r\n\tCommandName=\r\n\tCommandType=\r\n\tScriptName=\r\n\tCommandPath=\r\n\tCommandLine="}
{"timestamp": "2026-08-02T10:57:59.449Z", "record_id": 6572, "event_id": 600, "channel": "Windows PowerShell", "channel_key": "powershell_classic", "provider": "PowerShell", "computer": "LAPTOP-8SM7PKPU", "level": "Information", "category": "other", "process_id": 3652, "is_machine_account": 0, "mapped": 0, "source_file": "Windows-PowerShell.jsonl", "event_data": "{\"Data\": [\"\", \"\", \"\"]}", "message": "Provider \"Certificate\" is Started. \r\n\r\nDetails: \r\n\tProviderName=Certificate\r\n\tNewProviderState=Started\r\n\r\n\tSequenceNumber=27\r\n\r\n\tHostName=Default Host\r\n\tHostVersion=5.1.26100.8875\r\n\tHostId=81d753cb-e85d-4a1e-91c8-16d57a86d2a2\r\n\tHostApplication=C:\\Windows\\System32\\WindowsPowerShell\\v1.0\\powershell.exe -NoProfile -ExecutionPolicy Bypass -Command Import-Module 'c:\\Users\\yaswa\\.vscode\\extensions\\ms-vscode.powershell-2025.4.0\\modules\\PowerShellEditorServices\\PowerShellEditorServices.psd1'; Start-EditorServices -HostName 'Visual Studio Code Host' -HostProfileId 'Microsoft.VSCode' -HostVersion '2025.4.0' -BundledModulesPath 'c:\\Users\\yaswa\\.vscode\\extensions\\ms-vscode.powershell-2025.4.0\\modules' -EnableConsoleRepl -StartupBanner \"PowerShell Extension v2025.4.0\nCopyright (c) Microsoft Corporation.\n\nhttps://aka.ms/vscode-powershell\nType 'help' to get help.\n\" -LogLevel 'Warning' -LogPath 'c:\\Users\\yaswa\\AppData\\Roaming\\Code\\logs\\20260730T121325\\window3\\exthost\\ms-vscode.powershell' -SessionDetailsPath 'c:\\Users\\yaswa\\AppData\\Roaming\\Code\\User\\globalStorage\\ms-vscode.powershell\\sessions\\PSES-VSCode-20148-876616.json' -FeatureFlags @() \r\n\tEngineVersion=\r\n\tRunspaceId=\r\n\tPipelineId=\r\n\tCommandName=\r\n\tCommandType=\r\n\tScriptName=\r\n\tCommandPath=\r\n\tCommandLine="}
{"timestamp": "2026-08-02T10:57:59.448Z", "record_id": 6571, "event_id": 600, "channel": "Windows PowerShell", "channel_key": "powershell_classic", "provider": "PowerShell", "computer": "LAPTOP-8SM7PKPU", "level": "Information", "category": "other", "process_id": 3652, "is_machine_account": 0, "mapped": 0, "source_file": "Windows-PowerShell.jsonl", "event_data": "{\"Data\": [\"\", \"\", \"\"]}", "message": "Provider \"Variable\" is Started. \r\n\r\nDetails: \r\n\tProviderName=Variable\r\n\tNewProviderState=Started\r\n\r\n\tSequenceNumber=25\r\n\r\n\tHostName=Default Host\r\n\tHostVersion=5.1.26100.8875\r\n\tHostId=81d753cb-e85d-4a1e-91c8-16d57a86d2a2\r\n\tHostApplication=C:\\Windows\\System32\\WindowsPowerShell\\v1.0\\powershell.exe -NoProfile -ExecutionPolicy Bypass -Command Import-Module 'c:\\Users\\yaswa\\.vscode\\extensions\\ms-vscode.powershell-2025.4.0\\modules\\PowerShellEditorServices\\PowerShellEditorServices.psd1'; Start-EditorServices -HostName 'Visual Studio Code Host' -HostProfileId 'Microsoft.VSCode' -HostVersion '2025.4.0' -BundledModulesPath 'c:\\Users\\yaswa\\.vscode\\extensions\\ms-vscode.powershell-2025.4.0\\modules' -EnableConsoleRepl -StartupBanner \"PowerShell Extension v2025.4.0\nCopyright (c) Microsoft Corporation.\n\nhttps://aka.ms/vscode-powershell\nType 'help' to get help.\n\" -LogLevel 'Warning' -LogPath 'c:\\Users\\yaswa\\AppData\\Roaming\\Code\\logs\\20260730T121325\\window3\\exthost\\ms-vscode.powershell' -SessionDetailsPath 'c:\\Users\\yaswa\\AppData\\Roaming\\Code\\User\\globalStorage\\ms-vscode.powershell\\sessions\\PSES-VSCode-20148-876616.json' -FeatureFlags @() \r\n\tEngineVersion=\r\n\tRunspaceId=\r\n\tPipelineId=\r\n\tCommandName=\r\n\tCommandType=\r\n\tScriptName=\r\n\tCommandPath=\r\n\tCommandLine="}
{"timestamp": "2026-08-02T10:57:59.447Z", "record_id": 6570, "event_id": 600, "channel": "Windows PowerShell", "channel_key": "powershell_classic", "provider": "PowerShell", "computer": "LAPTOP-8SM7PKPU", "level": "Information", "category": "other", "process_id": 3652, "is_machine_account": 0, "mapped": 0, "source_file": "Windows-PowerShell.jsonl", "event_data": "{\"Data\": [\"\", \"\", \"\"]}", "message": "Provider \"Function\" is Started. \r\n\r\nDetails: \r\n\tProviderName=Function\r\n\tNewProviderState=Started\r\n\r\n\tSequenceNumber=23\r\n\r\n\tHostName=Default Host\r\n\tHostVersion=5.1.26100.8875\r\n\tHostId=81d753cb-e85d-4a1e-91c8-16d57a86d2a2\r\n\tHostApplication=C:\\Windows\\System32\\WindowsPowerShell\\v1.0\\powershell.exe -NoProfile -ExecutionPolicy Bypass -Command Import-Module 'c:\\Users\\yaswa\\.vscode\\extensions\\ms-vscode.powershell-2025.4.0\\modules\\PowerShellEditorServices\\PowerShellEditorServices.psd1'; Start-EditorServices -HostName 'Visual Studio Code Host' -HostProfileId 'Microsoft.VSCode' -HostVersion '2025.4.0' -BundledModulesPath 'c:\\Users\\yaswa\\.vscode\\extensions\\ms-vscode.powershell-2025.4.0\\modules' -EnableConsoleRepl -StartupBanner \"PowerShell Extension v2025.4.0\nCopyright (c) Microsoft Corporation.\n\nhttps://aka.ms/vscode-powershell\nType 'help' to get help.\n\" -LogLevel 'Warning' -LogPath 'c:\\Users\\yaswa\\AppData\\Roaming\\Code\\logs\\20260730T121325\\window3\\exthost\\ms-vscode.powershell' -SessionDetailsPath 'c:\\Users\\yaswa\\AppData\\Roaming\\Code\\User\\globalStorage\\ms-vscode.powershell\\sessions\\PSES-VSCode-20148-876616.json' -FeatureFlags @() \r\n\tEngineVersion=\r\n\tRunspaceId=\r\n\tPipelineId=\r\n\tCommandName=\r\n\tCommandType=\r\n\tScriptName=\r\n\tCommandPath=\r\n\tCommandLine="}
{"timestamp": "2026-08-02T10:57:59.445Z", "record_id": 6569, "event_id": 600, "channel": "Windows PowerShell", "channel_key": "powershell_classic", "provider": "PowerShell", "computer": "LAPTOP-8SM7PKPU", "level": "Information", "category": "other", "process_id": 3652, "is_machine_account": 0, "mapped": 0, "source_file": "Windows-PowerShell.jsonl", "event_data": "{\"Data\": [\"\", \"\", \"\"]}", "message": "Provider \"FileSystem\" is Started. \r\n\r\nDetails: \r\n\tProviderName=FileSystem\r\n\tNewProviderState=Started\r\n\r\n\tSequenceNumber=21\r\n\r\n\tHostName=Default Host\r\n\tHostVersion=5.1.26100.8875\r\n\tHostId=81d753cb-e85d-4a1e-91c8-16d57a86d2a2\r\n\tHostApplication=C:\\Windows\\System32\\WindowsPowerShell\\v1.0\\powershell.exe -NoProfile -ExecutionPolicy Bypass -Command Import-Module 'c:\\Users\\yaswa\\.vscode\\extensions\\ms-vscode.powershell-2025.4.0\\modules\\PowerShellEditorServices\\PowerShellEditorServices.psd1'; Start-EditorServices -HostName 'Visual Studio Code Host' -HostProfileId 'Microsoft.VSCode' -HostVersion '2025.4.0' -BundledModulesPath 'c:\\Users\\yaswa\\.vscode\\extensions\\ms-vscode.powershell-2025.4.0\\modules' -EnableConsoleRepl -StartupBanner \"PowerShell Extension v2025.4.0\nCopyright (c) Microsoft Corporation.\n\nhttps://aka.ms/vscode-powershell\nType 'help' to get help.\n\" -LogLevel 'Warning' -LogPath 'c:\\Users\\yaswa\\AppData\\Roaming\\Code\\logs\\20260730T121325\\window3\\exthost\\ms-vscode.powershell' -SessionDetailsPath 'c:\\Users\\yaswa\\AppData\\Roaming\\Code\\User\\globalStorage\\ms-vscode.powershell\\sessions\\PSES-VSCode-20148-876616.json' -FeatureFlags @() \r\n\tEngineVersion=\r\n\tRunspaceId=\r\n\tPipelineId=\r\n\tCommandName=\r\n\tCommandType=\r\n\tScriptName=\r\n\tCommandPath=\r\n\tCommandLine="}
{"timestamp": "2026-08-02T10:57:59.445Z", "record_id": 6568, "event_id": 600, "channel": "Windows PowerShell", "channel_key": "powershell_classic", "provider": "PowerShell", "computer": "LAPTOP-8SM7PKPU", "level": "Information", "category": "other", "process_id": 3652, "is_machine_account": 0, "mapped": 0, "source_file": "Windows-PowerShell.jsonl", "event_data": "{\"Data\": [\"\", \"\", \"\"]}", "message": "Provider \"Environment\" is Started. \r\n\r\nDetails: \r\n\tProviderName=Environment\r\n\tNewProviderState=Started\r\n\r\n\tSequenceNumber=19\r\n\r\n\tHostName=Default Host\r\n\tHostVersion=5.1.26100.8875\r\n\tHostId=81d753cb-e85d-4a1e-91c8-16d57a86d2a2\r\n\tHostApplication=C:\\Windows\\System32\\WindowsPowerShell\\v1.0\\powershell.exe -NoProfile -ExecutionPolicy Bypass -Command Import-Module 'c:\\Users\\yaswa\\.vscode\\extensions\\ms-vscode.powershell-2025.4.0\\modules\\PowerShellEditorServices\\PowerShellEditorServices.psd1'; Start-EditorServices -HostName 'Visual Studio Code Host' -HostProfileId 'Microsoft.VSCode' -HostVersion '2025.4.0' -BundledModulesPath 'c:\\Users\\yaswa\\.vscode\\extensions\\ms-vscode.powershell-2025.4.0\\modules' -EnableConsoleRepl -StartupBanner \"PowerShell Extension v2025.4.0\nCopyright (c) Microsoft Corporation.\n\nhttps://aka.ms/vscode-powershell\nType 'help' to get help.\n\" -LogLevel 'Warning' -LogPath 'c:\\Users\\yaswa\\AppData\\Roaming\\Code\\logs\\20260730T121325\\window3\\exthost\\ms-vscode.powershell' -SessionDetailsPath 'c:\\Users\\yaswa\\AppData\\Roaming\\Code\\User\\globalStorage\\ms-vscode.powershell\\sessions\\PSES-VSCode-20148-876616.json' -FeatureFlags @() \r\n\tEngineVersion=\r\n\tRunspaceId=\r\n\tPipelineId=\r\n\tCommandName=\r\n\tCommandType=\r\n\tScriptName=\r\n\tCommandPath=\r\n\tCommandLine="}
{"timestamp": "2026-08-02T10:57:59.444Z", "record_id": 6567, "event_id": 600, "channel": "Windows PowerShell", "channel_key": "powershell_classic", "provider": "PowerShell", "computer": "LAPTOP-8SM7PKPU", "level": "Information", "category": "other", "process_id": 3652, "is_machine_account": 0, "mapped": 0, "source_file": "Windows-PowerShell.jsonl", "event_data": "{\"Data\": [\"\", \"\", \"\"]}", "message": "Provider \"Alias\" is Started. \r\n\r\nDetails: \r\n\tProviderName=Alias\r\n\tNewProviderState=Started\r\n\r\n\tSequenceNumber=17\r\n\r\n\tHostName=Default Host\r\n\tHostVersion=5.1.26100.8875\r\n\tHostId=81d753cb-e85d-4a1e-91c8-16d57a86d2a2\r\n\tHostApplication=C:\\Windows\\System32\\WindowsPowerShell\\v1.0\\powershell.exe -NoProfile -ExecutionPolicy Bypass -Command Import-Module 'c:\\Users\\yaswa\\.vscode\\extensions\\ms-vscode.powershell-2025.4.0\\modules\\PowerShellEditorServices\\PowerShellEditorServices.psd1'; Start-EditorServices -HostName 'Visual Studio Code Host' -HostProfileId 'Microsoft.VSCode' -HostVersion '2025.4.0' -BundledModulesPath 'c:\\Users\\yaswa\\.vscode\\extensions\\ms-vscode.powershell-2025.4.0\\modules' -EnableConsoleRepl -StartupBanner \"PowerShell Extension v2025.4.0\nCopyright (c) Microsoft Corporation.\n\nhttps://aka.ms/vscode-powershell\nType 'help' to get help.\n\" -LogLevel 'Warning' -LogPath 'c:\\Users\\yaswa\\AppData\\Roaming\\Code\\logs\\20260730T121325\\window3\\exthost\\ms-vscode.powershell' -SessionDetailsPath 'c:\\Users\\yaswa\\AppData\\Roaming\\Code\\User\\globalStorage\\ms-vscode.powershell\\sessions\\PSES-VSCode-20148-876616.json' -FeatureFlags @() \r\n\tEngineVersion=\r\n\tRunspaceId=\r\n\tPipelineId=\r\n\tCommandName=\r\n\tCommandType=\r\n\tScriptName=\r\n\tCommandPath=\r\n\tCommandLine="}
{"timestamp": "2026-08-02T10:57:59.444Z", "record_id": 6566, "event_id": 600, "channel": "Windows PowerShell", "channel_key": "powershell_classic", "provider": "PowerShell", "computer": "LAPTOP-8SM7PKPU", "level": "Information", "category": "other", "process_id": 3652, "is_machine_account": 0, "mapped": 0, "source_file": "Windows-PowerShell.jsonl", "event_data": "{\"Data\": [\"\", \"\", \"\"]}", "message": "Provider \"Registry\" is Started. \r\n\r\nDetails: \r\n\tProviderName=Registry\r\n\tNewProviderState=Started\r\n\r\n\tSequenceNumber=15\r\n\r\n\tHostName=Default Host\r\n\tHostVersion=5.1.26100.8875\r\n\tHostId=81d753cb-e85d-4a1e-91c8-16d57a86d2a2\r\n\tHostApplication=C:\\Windows\\System32\\WindowsPowerShell\\v1.0\\powershell.exe -NoProfile -ExecutionPolicy Bypass -Command Import-Module 'c:\\Users\\yaswa\\.vscode\\extensions\\ms-vscode.powershell-2025.4.0\\modules\\PowerShellEditorServices\\PowerShellEditorServices.psd1'; Start-EditorServices -HostName 'Visual Studio Code Host' -HostProfileId 'Microsoft.VSCode' -HostVersion '2025.4.0' -BundledModulesPath 'c:\\Users\\yaswa\\.vscode\\extensions\\ms-vscode.powershell-2025.4.0\\modules' -EnableConsoleRepl -StartupBanner \"PowerShell Extension v2025.4.0\nCopyright (c) Microsoft Corporation.\n\nhttps://aka.ms/vscode-powershell\nType 'help' to get help.\n\" -LogLevel 'Warning' -LogPath 'c:\\Users\\yaswa\\AppData\\Roaming\\Code\\logs\\20260730T121325\\window3\\exthost\\ms-vscode.powershell' -SessionDetailsPath 'c:\\Users\\yaswa\\AppData\\Roaming\\Code\\User\\globalStorage\\ms-vscode.powershell\\sessions\\PSES-VSCode-20148-876616.json' -FeatureFlags @() \r\n\tEngineVersion=\r\n\tRunspaceId=\r\n\tPipelineId=\r\n\tCommandName=\r\n\tCommandType=\r\n\tScriptName=\r\n\tCommandPath=\r\n\tCommandLine="}
{"timestamp": "2026-08-02T10:57:59.318Z", "record_id": 6565, "event_id": 400, "channel": "Windows PowerShell", "channel_key": "powershell_classic", "provider": "PowerShell", "computer": "LAPTOP-8SM7PKPU", "level": "Information", "category": "script_execution", "attack_data_sources": "DS0012:Script Execution", "process_id": 3652, "is_machine_account": 0, "mapped": 1, "source_file": "Windows-PowerShell.jsonl", "event_data": "{\"Data\": [\"\", \"\", \"\"]}", "message": "Engine state is changed from None to Available. \r\n\r\nDetails: \r\n\tNewEngineState=Available\r\n\tPreviousEngineState=None\r\n\r\n\tSequenceNumber=13\r\n\r\n\tHostName=ConsoleHost\r\n\tHostVersion=5.1.26100.8875\r\n\tHostId=01307c26-0d40-4f26-be3c-da1f1acb9e10\r\n\tHostApplication=C:\\Windows\\System32\\WindowsPowerShell\\v1.0\\powershell.exe -NoProfile -ExecutionPolicy Bypass -Command Import-Module 'c:\\Users\\yaswa\\.vscode\\extensions\\ms-vscode.powershell-2025.4.0\\modules\\PowerShellEditorServices\\PowerShellEditorServices.psd1'; Start-EditorServices -HostName 'Visual Studio Code Host' -HostProfileId 'Microsoft.VSCode' -HostVersion '2025.4.0' -BundledModulesPath 'c:\\Users\\yaswa\\.vscode\\extensions\\ms-vscode.powershell-2025.4.0\\modules' -EnableConsoleRepl -StartupBanner \"PowerShell Extension v2025.4.0\nCopyright (c) Microsoft Corporation.\n\nhttps://aka.ms/vscode-powershell\nType 'help' to get help.\n\" -LogLevel 'Warning' -LogPath 'c:\\Users\\yaswa\\AppData\\Roaming\\Code\\logs\\20260730T121325\\window3\\exthost\\ms-vscode.powershell' -SessionDetailsPath 'c:\\Users\\yaswa\\AppData\\Roaming\\Code\\User\\globalStorage\\ms-vscode.powershell\\sessions\\PSES-VSCode-20148-876616.json' -FeatureFlags @() \r\n\tEngineVersion=5.1.26100.8875\r\n\tRunspaceId=3a704437-255e-40c2-bf0e-42432350e9ca\r\n\tPipelineId=\r\n\tCommandName=\r\n\tCommandType=\r\n\tScriptName=\r\n\tCommandPath=\r\n\tCommandLine="}
{"timestamp": "2026-08-02T10:57:59.314Z", "record_id": 6564, "event_id": 600, "channel": "Windows PowerShell", "channel_key": "powershell_classic", "provider": "PowerShell", "computer": "LAPTOP-8SM7PKPU", "level": "Information", "category": "other", "process_id": 3652, "is_machine_account": 0, "mapped": 0, "source_file": "Windows-PowerShell.jsonl", "event_data": "{\"Data\": [\"\", \"\", \"\"]}", "message": "Provider \"Variable\" is Started. \r\n\r\nDetails: \r\n\tProviderName=Variable\r\n\tNewProviderState=Started\r\n\r\n\tSequenceNumber=11\r\n\r\n\tHostName=ConsoleHost\r\n\tHostVersion=5.1.26100.8875\r\n\tHostId=01307c26-0d40-4f26-be3c-da1f1acb9e10\r\n\tHostApplication=C:\\Windows\\System32\\WindowsPowerShell\\v1.0\\powershell.exe -NoProfile -ExecutionPolicy Bypass -Command Import-Module 'c:\\Users\\yaswa\\.vscode\\extensions\\ms-vscode.powershell-2025.4.0\\modules\\PowerShellEditorServices\\PowerShellEditorServices.psd1'; Start-EditorServices -HostName 'Visual Studio Code Host' -HostProfileId 'Microsoft.VSCode' -HostVersion '2025.4.0' -BundledModulesPath 'c:\\Users\\yaswa\\.vscode\\extensions\\ms-vscode.powershell-2025.4.0\\modules' -EnableConsoleRepl -StartupBanner \"PowerShell Extension v2025.4.0\nCopyright (c) Microsoft Corporation.\n\nhttps://aka.ms/vscode-powershell\nType 'help' to get help.\n\" -LogLevel 'Warning' -LogPath 'c:\\Users\\yaswa\\AppData\\Roaming\\Code\\logs\\20260730T121325\\window3\\exthost\\ms-vscode.powershell' -SessionDetailsPath 'c:\\Users\\yaswa\\AppData\\Roaming\\Code\\User\\globalStorage\\ms-vscode.powershell\\sessions\\PSES-VSCode-20148-876616.json' -FeatureFlags @() \r\n\tEngineVersion=\r\n\tRunspaceId=\r\n\tPipelineId=\r\n\tCommandName=\r\n\tCommandType=\r\n\tScriptName=\r\n\tCommandPath=\r\n\tCommandLine="}
{"timestamp": "2026-08-02T10:57:59.313Z", "record_id": 6563, "event_id": 600, "channel": "Windows PowerShell", "channel_key": "powershell_classic", "provider": "PowerShell", "computer": "LAPTOP-8SM7PKPU", "level": "Information", "category": "other", "process_id": 3652, "is_machine_account": 0, "mapped": 0, "source_file": "Windows-PowerShell.jsonl", "event_data": "{\"Data\": [\"\", \"\", \"\"]}", "message": "Provider \"Function\" is Started. \r\n\r\nDetails: \r\n\tProviderName=Function\r\n\tNewProviderState=Started\r\n\r\n\tSequenceNumber=9\r\n\r\n\tHostName=ConsoleHost\r\n\tHostVersion=5.1.26100.8875\r\n\tHostId=01307c26-0d40-4f26-be3c-da1f1acb9e10\r\n\tHostApplication=C:\\Windows\\System32\\WindowsPowerShell\\v1.0\\powershell.exe -NoProfile -ExecutionPolicy Bypass -Command Import-Module 'c:\\Users\\yaswa\\.vscode\\extensions\\ms-vscode.powershell-2025.4.0\\modules\\PowerShellEditorServices\\PowerShellEditorServices.psd1'; Start-EditorServices -HostName 'Visual Studio Code Host' -HostProfileId 'Microsoft.VSCode' -HostVersion '2025.4.0' -BundledModulesPath 'c:\\Users\\yaswa\\.vscode\\extensions\\ms-vscode.powershell-2025.4.0\\modules' -EnableConsoleRepl -StartupBanner \"PowerShell Extension v2025.4.0\nCopyright (c) Microsoft Corporation.\n\nhttps://aka.ms/vscode-powershell\nType 'help' to get help.\n\" -LogLevel 'Warning' -LogPath 'c:\\Users\\yaswa\\AppData\\Roaming\\Code\\logs\\20260730T121325\\window3\\exthost\\ms-vscode.powershell' -SessionDetailsPath 'c:\\Users\\yaswa\\AppData\\Roaming\\Code\\User\\globalStorage\\ms-vscode.powershell\\sessions\\PSES-VSCode-20148-876616.json' -FeatureFlags @() \r\n\tEngineVersion=\r\n\tRunspaceId=\r\n\tPipelineId=\r\n\tCommandName=\r\n\tCommandType=\r\n\tScriptName=\r\n\tCommandPath=\r\n\tCommandLine="}
{"timestamp": "2026-08-02T10:57:59.313Z", "record_id": 6562, "event_id": 600, "channel": "Windows PowerShell", "channel_key": "powershell_classic", "provider": "PowerShell", "computer": "LAPTOP-8SM7PKPU", "level": "Information", "category": "other", "process_id": 3652, "is_machine_account": 0, "mapped": 0, "source_file": "Windows-PowerShell.jsonl", "event_data": "{\"Data\": [\"\", \"\", \"\"]}", "message": "Provider \"FileSystem\" is Started. \r\n\r\nDetails: \r\n\tProviderName=FileSystem\r\n\tNewProviderState=Started\r\n\r\n\tSequenceNumber=7\r\n\r\n\tHostName=ConsoleHost\r\n\tHostVersion=5.1.26100.8875\r\n\tHostId=01307c26-0d40-4f26-be3c-da1f1acb9e10\r\n\tHostApplication=C:\\Windows\\System32\\WindowsPowerShell\\v1.0\\powershell.exe -NoProfile -ExecutionPolicy Bypass -Command Import-Module 'c:\\Users\\yaswa\\.vscode\\extensions\\ms-vscode.powershell-2025.4.0\\modules\\PowerShellEditorServices\\PowerShellEditorServices.psd1'; Start-EditorServices -HostName 'Visual Studio Code Host' -HostProfileId 'Microsoft.VSCode' -HostVersion '2025.4.0' -BundledModulesPath 'c:\\Users\\yaswa\\.vscode\\extensions\\ms-vscode.powershell-2025.4.0\\modules' -EnableConsoleRepl -StartupBanner \"PowerShell Extension v2025.4.0\nCopyright (c) Microsoft Corporation.\n\nhttps://aka.ms/vscode-powershell\nType 'help' to get help.\n\" -LogLevel 'Warning' -LogPath 'c:\\Users\\yaswa\\AppData\\Roaming\\Code\\logs\\20260730T121325\\window3\\exthost\\ms-vscode.powershell' -SessionDetailsPath 'c:\\Users\\yaswa\\AppData\\Roaming\\Code\\User\\globalStorage\\ms-vscode.powershell\\sessions\\PSES-VSCode-20148-876616.json' -FeatureFlags @() \r\n\tEngineVersion=\r\n\tRunspaceId=\r\n\tPipelineId=\r\n\tCommandName=\r\n\tCommandType=\r\n\tScriptName=\r\n\tCommandPath=\r\n\tCommandLine="}
{"timestamp": "2026-08-02T10:57:59.313Z", "record_id": 6561, "event_id": 600, "channel": "Windows PowerShell", "channel_key": "powershell_classic", "provider": "PowerShell", "computer": "LAPTOP-8SM7PKPU", "level": "Information", "category": "other", "process_id": 3652, "is_machine_account": 0, "mapped": 0, "source_file": "Windows-PowerShell.jsonl", "event_data": "{\"Data\": [\"\", \"\", \"\"]}", "message": "Provider \"Environment\" is Started. \r\n\r\nDetails: \r\n\tProviderName=Environment\r\n\tNewProviderState=Started\r\n\r\n\tSequenceNumber=5\r\n\r\n\tHostName=ConsoleHost\r\n\tHostVersion=5.1.26100.8875\r\n\tHostId=01307c26-0d40-4f26-be3c-da1f1acb9e10\r\n\tHostApplication=C:\\Windows\\System32\\WindowsPowerShell\\v1.0\\powershell.exe -NoProfile -ExecutionPolicy Bypass -Command Import-Module 'c:\\Users\\yaswa\\.vscode\\extensions\\ms-vscode.powershell-2025.4.0\\modules\\PowerShellEditorServices\\PowerShellEditorServices.psd1'; Start-EditorServices -HostName 'Visual Studio Code Host' -HostProfileId 'Microsoft.VSCode' -HostVersion '2025.4.0' -BundledModulesPath 'c:\\Users\\yaswa\\.vscode\\extensions\\ms-vscode.powershell-2025.4.0\\modules' -EnableConsoleRepl -StartupBanner \"PowerShell Extension v2025.4.0\nCopyright (c) Microsoft Corporation.\n\nhttps://aka.ms/vscode-powershell\nType 'help' to get help.\n\" -LogLevel 'Warning' -LogPath 'c:\\Users\\yaswa\\AppData\\Roaming\\Code\\logs\\20260730T121325\\window3\\exthost\\ms-vscode.powershell' -SessionDetailsPath 'c:\\Users\\yaswa\\AppData\\Roaming\\Code\\User\\globalStorage\\ms-vscode.powershell\\sessions\\PSES-VSCode-20148-876616.json' -FeatureFlags @() \r\n\tEngineVersion=\r\n\tRunspaceId=\r\n\tPipelineId=\r\n\tCommandName=\r\n\tCommandType=\r\n\tScriptName=\r\n\tCommandPath=\r\n\tCommandLine="}
{"timestamp": "2026-08-02T10:57:59.313Z", "record_id": 6560, "event_id": 600, "channel": "Windows PowerShell", "channel_key": "powershell_classic", "provider": "PowerShell", "computer": "LAPTOP-8SM7PKPU", "level": "Information", "category": "other", "process_id": 3652, "is_machine_account": 0, "mapped": 0, "source_file": "Windows-PowerShell.jsonl", "event_data": "{\"Data\": [\"\", \"\", \"\"]}", "message": "Provider \"Alias\" is Started. \r\n\r\nDetails: \r\n\tProviderName=Alias\r\n\tNewProviderState=Started\r\n\r\n\tSequenceNumber=3\r\n\r\n\tHostName=ConsoleHost\r\n\tHostVersion=5.1.26100.8875\r\n\tHostId=01307c26-0d40-4f26-be3c-da1f1acb9e10\r\n\tHostApplication=C:\\Windows\\System32\\WindowsPowerShell\\v1.0\\powershell.exe -NoProfile -ExecutionPolicy Bypass -Command Import-Module 'c:\\Users\\yaswa\\.vscode\\extensions\\ms-vscode.powershell-2025.4.0\\modules\\PowerShellEditorServices\\PowerShellEditorServices.psd1'; Start-EditorServices -HostName 'Visual Studio Code Host' -HostProfileId 'Microsoft.VSCode' -HostVersion '2025.4.0' -BundledModulesPath 'c:\\Users\\yaswa\\.vscode\\extensions\\ms-vscode.powershell-2025.4.0\\modules' -EnableConsoleRepl -StartupBanner \"PowerShell Extension v2025.4.0\nCopyright (c) Microsoft Corporation.\n\nhttps://aka.ms/vscode-powershell\nType 'help' to get help.\n\" -LogLevel 'Warning' -LogPath 'c:\\Users\\yaswa\\AppData\\Roaming\\Code\\logs\\20260730T121325\\window3\\exthost\\ms-vscode.powershell' -SessionDetailsPath 'c:\\Users\\yaswa\\AppData\\Roaming\\Code\\User\\globalStorage\\ms-vscode.powershell\\sessions\\PSES-VSCode-20148-876616.json' -FeatureFlags @() \r\n\tEngineVersion=\r\n\tRunspaceId=\r\n\tPipelineId=\r\n\tCommandName=\r\n\tCommandType=\r\n\tScriptName=\r\n\tCommandPath=\r\n\tCommandLine="}
{"timestamp": "2026-08-02T10:57:59.313Z", "record_id": 6559, "event_id": 600, "channel": "Windows PowerShell", "channel_key": "powershell_classic", "provider": "PowerShell", "computer": "LAPTOP-8SM7PKPU", "level": "Information", "category": "other", "process_id": 3652, "is_machine_account": 0, "mapped": 0, "source_file": "Windows-PowerShell.jsonl", "event_data": "{\"Data\": [\"\", \"\", \"\"]}", "message": "Provider \"Registry\" is Started. \r\n\r\nDetails: \r\n\tProviderName=Registry\r\n\tNewProviderState=Started\r\n\r\n\tSequenceNumber=1\r\n\r\n\tHostName=ConsoleHost\r\n\tHostVersion=5.1.26100.8875\r\n\tHostId=01307c26-0d40-4f26-be3c-da1f1acb9e10\r\n\tHostApplication=C:\\Windows\\System32\\WindowsPowerShell\\v1.0\\powershell.exe -NoProfile -ExecutionPolicy Bypass -Command Import-Module 'c:\\Users\\yaswa\\.vscode\\extensions\\ms-vscode.powershell-2025.4.0\\modules\\PowerShellEditorServices\\PowerShellEditorServices.psd1'; Start-EditorServices -HostName 'Visual Studio Code Host' -HostProfileId 'Microsoft.VSCode' -HostVersion '2025.4.0' -BundledModulesPath 'c:\\Users\\yaswa\\.vscode\\extensions\\ms-vscode.powershell-2025.4.0\\modules' -EnableConsoleRepl -StartupBanner \"PowerShell Extension v2025.4.0\nCopyright (c) Microsoft Corporation.\n\nhttps://aka.ms/vscode-powershell\nType 'help' to get help.\n\" -LogLevel 'Warning' -LogPath 'c:\\Users\\yaswa\\AppData\\Roaming\\Code\\logs\\20260730T121325\\window3\\exthost\\ms-vscode.powershell' -SessionDetailsPath 'c:\\Users\\yaswa\\AppData\\Roaming\\Code\\User\\globalStorage\\ms-vscode.powershell\\sessions\\PSES-VSCode-20148-876616.json' -FeatureFlags @() \r\n\tEngineVersion=\r\n\tRunspaceId=\r\n\tPipelineId=\r\n\tCommandName=\r\n\tCommandType=\r\n\tScriptName=\r\n\tCommandPath=\r\n\tCommandLine="}
{"timestamp": "2026-08-02T10:57:59.002Z", "record_id": 6558, "event_id": 400, "channel": "Windows PowerShell", "channel_key": "powershell_classic", "provider": "PowerShell", "computer": "LAPTOP-8SM7PKPU", "level": "Information", "category": "script_execution", "attack_data_sources": "DS0012:Script Execution", "process_id": 24224, "is_machine_account": 0, "mapped": 1, "source_file": "Windows-PowerShell.jsonl", "event_data": "{\"Data\": [\"\", \"\", \"\"]}", "message": "Engine state is changed from None to Available. \r\n\r\nDetails: \r\n\tNewEngineState=Available\r\n\tPreviousEngineState=None\r\n\r\n\tSequenceNumber=13\r\n\r\n\tHostName=ConsoleHost\r\n\tHostVersion=5.1.26100.8875\r\n\tHostId=3c32f279-09fc-40d0-95c0-963e15a8b9dc\r\n\tHostApplication=C:\\Windows\\System32\\WindowsPowerShell\\v1.0\\powershell.exe -noexit -command try { . \"c:\\Users\\yaswa\\AppData\\Local\\Programs\\Microsoft VS Code\\e4c7e7b1d6\\resources\\app\\out\\vs\\workbench\\contrib\\terminal\\common\\scripts\\shellIntegration.ps1\" } catch {}\r\n\tEngineVersion=5.1.26100.8875\r\n\tRunspaceId=0ec290d7-cb76-4485-8284-da47e3f0ae6a\r\n\tPipelineId=\r\n\tCommandName=\r\n\tCommandType=\r\n\tScriptName=\r\n\tCommandPath=\r\n\tCommandLine="}
{"timestamp": "2026-08-02T10:57:58.996Z", "record_id": 6557, "event_id": 600, "channel": "Windows PowerShell", "channel_key": "powershell_classic", "provider": "PowerShell", "computer": "LAPTOP-8SM7PKPU", "level": "Information", "category": "other", "process_id": 24224, "is_machine_account": 0, "mapped": 0, "source_file": "Windows-PowerShell.jsonl", "event_data": "{\"Data\": [\"\", \"\", \"\"]}", "message": "Provider \"Variable\" is Started. \r\n\r\nDetails: \r\n\tProviderName=Variable\r\n\tNewProviderState=Started\r\n\r\n\tSequenceNumber=11\r\n\r\n\tHostName=ConsoleHost\r\n\tHostVersion=5.1.26100.8875\r\n\tHostId=3c32f279-09fc-40d0-95c0-963e15a8b9dc\r\n\tHostApplication=C:\\Windows\\System32\\WindowsPowerShell\\v1.0\\powershell.exe -noexit -command try { . \"c:\\Users\\yaswa\\AppData\\Local\\Programs\\Microsoft VS Code\\e4c7e7b1d6\\resources\\app\\out\\vs\\workbench\\contrib\\terminal\\common\\scripts\\shellIntegration.ps1\" } catch {}\r\n\tEngineVersion=\r\n\tRunspaceId=\r\n\tPipelineId=\r\n\tCommandName=\r\n\tCommandType=\r\n\tScriptName=\r\n\tCommandPath=\r\n\tCommandLine="}
{"timestamp": "2026-08-02T10:57:58.996Z", "record_id": 6556, "event_id": 600, "channel": "Windows PowerShell", "channel_key": "powershell_classic", "provider": "PowerShell", "computer": "LAPTOP-8SM7PKPU", "level": "Information", "category": "other", "process_id": 24224, "is_machine_account": 0, "mapped": 0, "source_file": "Windows-PowerShell.jsonl", "event_data": "{\"Data\": [\"\", \"\", \"\"]}", "message": "Provider \"Function\" is Started. \r\n\r\nDetails: \r\n\tProviderName=Function\r\n\tNewProviderState=Started\r\n\r\n\tSequenceNumber=9\r\n\r\n\tHostName=ConsoleHost\r\n\tHostVersion=5.1.26100.8875\r\n\tHostId=3c32f279-09fc-40d0-95c0-963e15a8b9dc\r\n\tHostApplication=C:\\Windows\\System32\\WindowsPowerShell\\v1.0\\powershell.exe -noexit -command try { . \"c:\\Users\\yaswa\\AppData\\Local\\Programs\\Microsoft VS Code\\e4c7e7b1d6\\resources\\app\\out\\vs\\workbench\\contrib\\terminal\\common\\scripts\\shellIntegration.ps1\" } catch {}\r\n\tEngineVersion=\r\n\tRunspaceId=\r\n\tPipelineId=\r\n\tCommandName=\r\n\tCommandType=\r\n\tScriptName=\r\n\tCommandPath=\r\n\tCommandLine="}
{"timestamp": "2026-08-02T10:57:58.996Z", "record_id": 6555, "event_id": 600, "channel": "Windows PowerShell", "channel_key": "powershell_classic", "provider": "PowerShell", "computer": "LAPTOP-8SM7PKPU", "level": "Information", "category": "other", "process_id": 24224, "is_machine_account": 0, "mapped": 0, "source_file": "Windows-PowerShell.jsonl", "event_data": "{\"Data\": [\"\", \"\", \"\"]}", "message": "Provider \"FileSystem\" is Started. \r\n\r\nDetails: \r\n\tProviderName=FileSystem\r\n\tNewProviderState=Started\r\n\r\n\tSequenceNumber=7\r\n\r\n\tHostName=ConsoleHost\r\n\tHostVersion=5.1.26100.8875\r\n\tHostId=3c32f279-09fc-40d0-95c0-963e15a8b9dc\r\n\tHostApplication=C:\\Windows\\System32\\WindowsPowerShell\\v1.0\\powershell.exe -noexit -command try { . \"c:\\Users\\yaswa\\AppData\\Local\\Programs\\Microsoft VS Code\\e4c7e7b1d6\\resources\\app\\out\\vs\\workbench\\contrib\\terminal\\common\\scripts\\shellIntegration.ps1\" } catch {}\r\n\tEngineVersion=\r\n\tRunspaceId=\r\n\tPipelineId=\r\n\tCommandName=\r\n\tCommandType=\r\n\tScriptName=\r\n\tCommandPath=\r\n\tCommandLine="}
{"timestamp": "2026-08-02T10:57:58.995Z", "record_id": 6554, "event_id": 600, "channel": "Windows PowerShell", "channel_key": "powershell_classic", "provider": "PowerShell", "computer": "LAPTOP-8SM7PKPU", "level": "Information", "category": "other", "process_id": 24224, "is_machine_account": 0, "mapped": 0, "source_file": "Windows-PowerShell.jsonl", "event_data": "{\"Data\": [\"\", \"\", \"\"]}", "message": "Provider \"Environment\" is Started. \r\n\r\nDetails: \r\n\tProviderName=Environment\r\n\tNewProviderState=Started\r\n\r\n\tSequenceNumber=5\r\n\r\n\tHostName=ConsoleHost\r\n\tHostVersion=5.1.26100.8875\r\n\tHostId=3c32f279-09fc-40d0-95c0-963e15a8b9dc\r\n\tHostApplication=C:\\Windows\\System32\\WindowsPowerShell\\v1.0\\powershell.exe -noexit -command try { . \"c:\\Users\\yaswa\\AppData\\Local\\Programs\\Microsoft VS Code\\e4c7e7b1d6\\resources\\app\\out\\vs\\workbench\\contrib\\terminal\\common\\scripts\\shellIntegration.ps1\" } catch {}\r\n\tEngineVersion=\r\n\tRunspaceId=\r\n\tPipelineId=\r\n\tCommandName=\r\n\tCommandType=\r\n\tScriptName=\r\n\tCommandPath=\r\n\tCommandLine="}
{"timestamp": "2026-08-02T10:57:58.995Z", "record_id": 6553, "event_id": 600, "channel": "Windows PowerShell", "channel_key": "powershell_classic", "provider": "PowerShell", "computer": "LAPTOP-8SM7PKPU", "level": "Information", "category": "other", "process_id": 24224, "is_machine_account": 0, "mapped": 0, "source_file": "Windows-PowerShell.jsonl", "event_data": "{\"Data\": [\"\", \"\", \"\"]}", "message": "Provider \"Alias\" is Started. \r\n\r\nDetails: \r\n\tProviderName=Alias\r\n\tNewProviderState=Started\r\n\r\n\tSequenceNumber=3\r\n\r\n\tHostName=ConsoleHost\r\n\tHostVersion=5.1.26100.8875\r\n\tHostId=3c32f279-09fc-40d0-95c0-963e15a8b9dc\r\n\tHostApplication=C:\\Windows\\System32\\WindowsPowerShell\\v1.0\\powershell.exe -noexit -command try { . \"c:\\Users\\yaswa\\AppData\\Local\\Programs\\Microsoft VS Code\\e4c7e7b1d6\\resources\\app\\out\\vs\\workbench\\contrib\\terminal\\common\\scripts\\shellIntegration.ps1\" } catch {}\r\n\tEngineVersion=\r\n\tRunspaceId=\r\n\tPipelineId=\r\n\tCommandName=\r\n\tCommandType=\r\n\tScriptName=\r\n\tCommandPath=\r\n\tCommandLine="}
{"timestamp": "2026-08-02T10:57:58.994Z", "record_id": 6552, "event_id": 600, "channel": "Windows PowerShell", "channel_key": "powershell_classic", "provider": "PowerShell", "computer": "LAPTOP-8SM7PKPU", "level": "Information", "category": "other", "process_id": 24224, "is_machine_account": 0, "mapped": 0, "source_file": "Windows-PowerShell.jsonl", "event_data": "{\"Data\": [\"\", \"\", \"\"]}", "message": "Provider \"Registry\" is Started. \r\n\r\nDetails: \r\n\tProviderName=Registry\r\n\tNewProviderState=Started\r\n\r\n\tSequenceNumber=1\r\n\r\n\tHostName=ConsoleHost\r\n\tHostVersion=5.1.26100.8875\r\n\tHostId=3c32f279-09fc-40d0-95c0-963e15a8b9dc\r\n\tHostApplication=C:\\Windows\\System32\\WindowsPowerShell\\v1.0\\powershell.exe -noexit -command try { . \"c:\\Users\\yaswa\\AppData\\Local\\Programs\\Microsoft VS Code\\e4c7e7b1d6\\resources\\app\\out\\vs\\workbench\\contrib\\terminal\\common\\scripts\\shellIntegration.ps1\" } catch {}\r\n\tEngineVersion=\r\n\tRunspaceId=\r\n\tPipelineId=\r\n\tCommandName=\r\n\tCommandType=\r\n\tScriptName=\r\n\tCommandPath=\r\n\tCommandLine="}
{"timestamp": "2026-08-02T10:18:00.903Z", "record_id": 6551, "event_id": 403, "channel": "Windows PowerShell", "channel_key": "powershell_classic", "provider": "PowerShell", "computer": "LAPTOP-8SM7PKPU", "level": "Information", "category": "script_execution", "attack_data_sources": "DS0012:Script Execution", "process_id": 3636, "is_machine_account": 0, "mapped": 1, "source_file": "Windows-PowerShell.jsonl", "event_data": "{\"Data\": [\"\", \"\", \"\"]}", "message": "Engine state is changed from Available to Stopped. \r\n\r\nDetails: \r\n\tNewEngineState=Stopped\r\n\tPreviousEngineState=Available\r\n\r\n\tSequenceNumber=19\r\n\r\n\tHostName=Default Host\r\n\tHostVersion=5.1.26100.8875\r\n\tHostId=a3ed57fd-d152-4391-9e8f-553253b8a52e\r\n\tHostApplication=-name 10e70d78-7b09-4f1e-87bb-cd3cf5383823 -runas -pluginName LenovoCompanionAppPlugin -pluginVersion 3.0.0.1\r\n\tEngineVersion=5.1.26100.8875\r\n\tRunspaceId=08736577-d194-474a-a2bb-f5664f5c6abb\r\n\tPipelineId=\r\n\tCommandName=\r\n\tCommandType=\r\n\tScriptName=\r\n\tCommandPath=\r\n\tCommandLine="}
{"timestamp": "2026-08-02T10:17:59.253Z", "record_id": 6550, "event_id": 400, "channel": "Windows PowerShell", "channel_key": "powershell_classic", "provider": "PowerShell", "computer": "LAPTOP-8SM7PKPU", "level": "Information", "category": "script_execution", "attack_data_sources": "DS0012:Script Execution", "process_id": 3636, "is_machine_account": 0, "mapped": 1, "source_file": "Windows-PowerShell.jsonl", "event_data": "{\"Data\": [\"\", \"\", \"\"]}", "message": "Engine state is changed from None to Available. \r\n\r\nDetails: \r\n\tNewEngineState=Available\r\n\tPreviousEngineState=None\r\n\r\n\tSequenceNumber=17\r\n\r\n\tHostName=Default Host\r\n\tHostVersion=5.1.26100.8875\r\n\tHostId=a3ed57fd-d152-4391-9e8f-553253b8a52e\r\n\tHostApplication=-name 10e70d78-7b09-4f1e-87bb-cd3cf5383823 -runas -pluginName LenovoCompanionAppPlugin -pluginVersion 3.0.0.1\r\n\tEngineVersion=5.1.26100.8875\r\n\tRunspaceId=08736577-d194-474a-a2bb-f5664f5c6abb\r\n\tPipelineId=\r\n\tCommandName=\r\n\tCommandType=\r\n\tScriptName=\r\n\tCommandPath=\r\n\tCommandLine="}
{"timestamp": "2026-08-02T10:17:59.191Z", "record_id": 6549, "event_id": 600, "channel": "Windows PowerShell", "channel_key": "powershell_classic", "provider": "PowerShell", "computer": "LAPTOP-8SM7PKPU", "level": "Information", "category": "other", "process_id": 3636, "is_machine_account": 0, "mapped": 0, "source_file": "Windows-PowerShell.jsonl", "event_data": "{\"Data\": [\"\", \"\", \"\"]}", "message": "Provider \"WSMan\" is Started. \r\n\r\nDetails: \r\n\tProviderName=WSMan\r\n\tNewProviderState=Started\r\n\r\n\tSequenceNumber=15\r\n\r\n\tHostName=Default Host\r\n\tHostVersion=5.1.26100.8875\r\n\tHostId=a3ed57fd-d152-4391-9e8f-553253b8a52e\r\n\tHostApplication=-name 10e70d78-7b09-4f1e-87bb-cd3cf5383823 -runas -pluginName LenovoCompanionAppPlugin -pluginVersion 3.0.0.1\r\n\tEngineVersion=\r\n\tRunspaceId=\r\n\tPipelineId=\r\n\tCommandName=\r\n\tCommandType=\r\n\tScriptName=\r\n\tCommandPath=\r\n\tCommandLine="}
{"timestamp": "2026-08-02T10:17:59.188Z", "record_id": 6548, "event_id": 600, "channel": "Windows PowerShell", "channel_key": "powershell_classic", "provider": "PowerShell", "computer": "LAPTOP-8SM7PKPU", "level": "Information", "category": "other", "process_id": 3636, "is_machine_account": 0, "mapped": 0, "source_file": "Windows-PowerShell.jsonl", "event_data": "{\"Data\": [\"\", \"\", \"\"]}", "message": "Provider \"Certificate\" is Started. \r\n\r\nDetails: \r\n\tProviderName=Certificate\r\n\tNewProviderState=Started\r\n\r\n\tSequenceNumber=13\r\n\r\n\tHostName=Default Host\r\n\tHostVersion=5.1.26100.8875\r\n\tHostId=a3ed57fd-d152-4391-9e8f-553253b8a52e\r\n\tHostApplication=-name 10e70d78-7b09-4f1e-87bb-cd3cf5383823 -runas -pluginName LenovoCompanionAppPlugin -pluginVersion 3.0.0.1\r\n\tEngineVersion=\r\n\tRunspaceId=\r\n\tPipelineId=\r\n\tCommandName=\r\n\tCommandType=\r\n\tScriptName=\r\n\tCommandPath=\r\n\tCommandLine="}
{"timestamp": "2026-08-02T10:17:59.184Z", "record_id": 6547, "event_id": 600, "channel": "Windows PowerShell", "channel_key": "powershell_classic", "provider": "PowerShell", "computer": "LAPTOP-8SM7PKPU", "level": "Information", "category": "other", "process_id": 3636, "is_machine_account": 0, "mapped": 0, "source_file": "Windows-PowerShell.jsonl", "event_data": "{\"Data\": [\"\", \"\", \"\"]}", "message": "Provider \"Variable\" is Started. \r\n\r\nDetails: \r\n\tProviderName=Variable\r\n\tNewProviderState=Started\r\n\r\n\tSequenceNumber=11\r\n\r\n\tHostName=Default Host\r\n\tHostVersion=5.1.26100.8875\r\n\tHostId=a3ed57fd-d152-4391-9e8f-553253b8a52e\r\n\tHostApplication=-name 10e70d78-7b09-4f1e-87bb-cd3cf5383823 -runas -pluginName LenovoCompanionAppPlugin -pluginVersion 3.0.0.1\r\n\tEngineVersion=\r\n\tRunspaceId=\r\n\tPipelineId=\r\n\tCommandName=\r\n\tCommandType=\r\n\tScriptName=\r\n\tCommandPath=\r\n\tCommandLine="}
{"timestamp": "2026-08-02T10:17:59.184Z", "record_id": 6546, "event_id": 600, "channel": "Windows PowerShell", "channel_key": "powershell_classic", "provider": "PowerShell", "computer": "LAPTOP-8SM7PKPU", "level": "Information", "category": "other", "process_id": 3636, "is_machine_account": 0, "mapped": 0, "source_file": "Windows-PowerShell.jsonl", "event_data": "{\"Data\": [\"\", \"\", \"\"]}", "message": "Provider \"Function\" is Started. \r\n\r\nDetails: \r\n\tProviderName=Function\r\n\tNewProviderState=Started\r\n\r\n\tSequenceNumber=9\r\n\r\n\tHostName=Default Host\r\n\tHostVersion=5.1.26100.8875\r\n\tHostId=a3ed57fd-d152-4391-9e8f-553253b8a52e\r\n\tHostApplication=-name 10e70d78-7b09-4f1e-87bb-cd3cf5383823 -runas -pluginName LenovoCompanionAppPlugin -pluginVersion 3.0.0.1\r\n\tEngineVersion=\r\n\tRunspaceId=\r\n\tPipelineId=\r\n\tCommandName=\r\n\tCommandType=\r\n\tScriptName=\r\n\tCommandPath=\r\n\tCommandLine="}
{"timestamp": "2026-08-02T10:17:59.183Z", "record_id": 6545, "event_id": 600, "channel": "Windows PowerShell", "channel_key": "powershell_classic", "provider": "PowerShell", "computer": "LAPTOP-8SM7PKPU", "level": "Information", "category": "other", "process_id": 3636, "is_machine_account": 0, "mapped": 0, "source_file": "Windows-PowerShell.jsonl", "event_data": "{\"Data\": [\"\", \"\", \"\"]}", "message": "Provider \"FileSystem\" is Started. \r\n\r\nDetails: \r\n\tProviderName=FileSystem\r\n\tNewProviderState=Started\r\n\r\n\tSequenceNumber=7\r\n\r\n\tHostName=Default Host\r\n\tHostVersion=5.1.26100.8875\r\n\tHostId=a3ed57fd-d152-4391-9e8f-553253b8a52e\r\n\tHostApplication=-name 10e70d78-7b09-4f1e-87bb-cd3cf5383823 -runas -pluginName LenovoCompanionAppPlugin -pluginVersion 3.0.0.1\r\n\tEngineVersion=\r\n\tRunspaceId=\r\n\tPipelineId=\r\n\tCommandName=\r\n\tCommandType=\r\n\tScriptName=\r\n\tCommandPath=\r\n\tCommandLine="}
{"timestamp": "2026-08-02T10:17:59.177Z", "record_id": 6544, "event_id": 600, "channel": "Windows PowerShell", "channel_key": "powershell_classic", "provider": "PowerShell", "computer": "LAPTOP-8SM7PKPU", "level": "Information", "category": "other", "process_id": 3636, "is_machine_account": 0, "mapped": 0, "source_file": "Windows-PowerShell.jsonl", "event_data": "{\"Data\": [\"\", \"\", \"\"]}", "message": "Provider \"Environment\" is Started. \r\n\r\nDetails: \r\n\tProviderName=Environment\r\n\tNewProviderState=Started\r\n\r\n\tSequenceNumber=5\r\n\r\n\tHostName=Default Host\r\n\tHostVersion=5.1.26100.8875\r\n\tHostId=a3ed57fd-d152-4391-9e8f-553253b8a52e\r\n\tHostApplication=-name 10e70d78-7b09-4f1e-87bb-cd3cf5383823 -runas -pluginName LenovoCompanionAppPlugin -pluginVersion 3.0.0.1\r\n\tEngineVersion=\r\n\tRunspaceId=\r\n\tPipelineId=\r\n\tCommandName=\r\n\tCommandType=\r\n\tScriptName=\r\n\tCommandPath=\r\n\tCommandLine="}
{"timestamp": "2026-08-02T10:17:59.177Z", "record_id": 6543, "event_id": 600, "channel": "Windows PowerShell", "channel_key": "powershell_classic", "provider": "PowerShell", "computer": "LAPTOP-8SM7PKPU", "level": "Information", "category": "other", "process_id": 3636, "is_machine_account": 0, "mapped": 0, "source_file": "Windows-PowerShell.jsonl", "event_data": "{\"Data\": [\"\", \"\", \"\"]}", "message": "Provider \"Alias\" is Started. \r\n\r\nDetails: \r\n\tProviderName=Alias\r\n\tNewProviderState=Started\r\n\r\n\tSequenceNumber=3\r\n\r\n\tHostName=Default Host\r\n\tHostVersion=5.1.26100.8875\r\n\tHostId=a3ed57fd-d152-4391-9e8f-553253b8a52e\r\n\tHostApplication=-name 10e70d78-7b09-4f1e-87bb-cd3cf5383823 -runas -pluginName LenovoCompanionAppPlugin -pluginVersion 3.0.0.1\r\n\tEngineVersion=\r\n\tRunspaceId=\r\n\tPipelineId=\r\n\tCommandName=\r\n\tCommandType=\r\n\tScriptName=\r\n\tCommandPath=\r\n\tCommandLine="}
{"timestamp": "2026-08-02T10:17:59.175Z", "record_id": 6542, "event_id": 600, "channel": "Windows PowerShell", "channel_key": "powershell_classic", "provider": "PowerShell", "computer": "LAPTOP-8SM7PKPU", "level": "Information", "category": "other", "process_id": 3636, "is_machine_account": 0, "mapped": 0, "source_file": "Windows-PowerShell.jsonl", "event_data": "{\"Data\": [\"\", \"\", \"\"]}", "message": "Provider \"Registry\" is Started. \r\n\r\nDetails: \r\n\tProviderName=Registry\r\n\tNewProviderState=Started\r\n\r\n\tSequenceNumber=1\r\n\r\n\tHostName=Default Host\r\n\tHostVersion=5.1.26100.8875\r\n\tHostId=a3ed57fd-d152-4391-9e8f-553253b8a52e\r\n\tHostApplication=-name 10e70d78-7b09-4f1e-87bb-cd3cf5383823 -runas -pluginName LenovoCompanionAppPlugin -pluginVersion 3.0.0.1\r\n\tEngineVersion=\r\n\tRunspaceId=\r\n\tPipelineId=\r\n\tCommandName=\r\n\tCommandType=\r\n\tScriptName=\r\n\tCommandPath=\r\n\tCommandLine="}
