{"timestamp": "2026-08-02T10:58:14.687Z", "record_id": 4210, "event_id": 4100, "channel": "Microsoft-Windows-PowerShell/Operational", "channel_key": "powershell", "provider": "Microsoft-Windows-PowerShell", "computer": "LAPTOP-8SM7PKPU", "level": "Warning", "category": "other", "user_sid": "S-1-5-21-3119828605-3733597828-3599172180-1001", "process_id": 3652, "is_machine_account": 0, "mapped": 0, "source_file": "Microsoft-Windows-PowerShell-Operational.jsonl", "event_data": "{\"ContextInfo\": \"        Severity = Warning\\n        Host Name = Visual Studio Code Host\\n        Host Version = 2025.4.0\\n        Host ID = eba7ad3a-ba65-4d04-be04-c760678eb620\\n        Host Application = C:\\\\Windows\\\\System32\\\\WindowsPowerShell\\\\v1.0\\\\powershell.exe -NoProfile -ExecutionPolicy Bypass -Command Import-Module 'c:\\\\Users\\\\yaswa\\\\.vscode\\\\extensions\\\\ms-vscode.powershell-2025.4.0\\\\modules\\\\PowerShellEditorServices\\\\PowerShellEditorServices.psd1'; Start-EditorServices -HostName 'Visual Studio Code Host' -HostProfileId 'Microsoft.VSCode' -HostVersion '2025.4.0' -BundledModulesPath 'c:\\\\Users\\\\yaswa\\\\.vscode\\\\extensions\\\\ms-vscode.powershell-2025.4.0\\\\modules' -EnableConsoleRepl -StartupBanner \\\"PowerShell Extension v2025.4.0\\nCopyright (c) Microsoft Corporation.\\n\\nhttps://aka.ms/vscode-powershell\\nType 'help' to get help.\\n\\\" -LogLevel 'Warning' -LogPath 'c:\\\\Users\\\\yaswa\\\\AppData\\\\Roaming\\\\Code\\\\logs\\\\20260730T121325\\\\window3\\\\exthost\\\\ms-vscode.powershell' -SessionDetailsPath 'c:\\\\Users\\\\yaswa\\\\AppData\\\\Roaming\\\\Code\\\\User\\\\globalStorage\\\\ms-vscode.powershell\\\\sessions\\\\PSES-VSCode-20148-876616.json' -FeatureFlags @() \\n        Engine Version = 5.1.26100.8875\\n        Runspace ID = b2b9c8f5-1f0c-4928-af6e-269b2c2642ba\\n        Pipeline ID = 18\\n        Command Name = Get-WinEvent\\n        Command Type = Cmdlet\\n        Script Name = C:\\\\Users\\\\yaswa\\\\Desktop\\\\Dissertation\\\\Project Artifact\\\\Automation_Script\\\\Collect-WinEventLogs.ps1\\n        Command Path = \\n        Sequence Number = 129\\n        User = LAPTOP-8SM7PKPU\\\\yaswa\\n        Connected User = \\n        Shell ID = Microsoft.PowerShell\\n\", \"Payload\": \"Error Message = The running command stopped because the preference variable \\\"ErrorActionPreference\\\" or common parameter is set to Stop: No events were found that match the specified selection criteria.\\nFully Qualified Error ID = NoMatchingEventsFound,Microsoft.PowerShell.Commands.GetWinEventCommand\\n\", \"UserData\": \"\"}", "message": "Error Message = The running command stopped because the preference variable \"ErrorActionPreference\" or common parameter is set to Stop: No events were found that match the specified selection criteria.\r\nFully Qualified Error ID = NoMatchingEventsFound,Microsoft.PowerShell.Commands.GetWinEventCommand\r\n\r\n\r\nContext:\r\n        Severity = Warning\r\n        Host Name = Visual Studio Code Host\r\n        Host Version = 2025.4.0\r\n        Host ID = eba7ad3a-ba65-4d04-be04-c760678eb620\r\n        Host Application = C:\\Windows\\System32\\WindowsPowerShell\\v1.0\\powershell.exe -NoProfile -ExecutionPolicy Bypass -Command Import-Module 'c:\\Users\\yaswa\\.vscode\\extensions\\ms-vscode.powershell-2025.4.0\\modules\\PowerShellEditorServices\\PowerShellEditorServices.psd1'; Start-EditorServices -HostName 'Visual Studio Code Host' -HostProfileId 'Microsoft.VSCode' -HostVersion '2025.4.0' -BundledModulesPath 'c:\\Users\\yaswa\\.vscode\\extensions\\ms-vscode.powershell-2025.4.0\\modules' -EnableConsoleRepl -StartupBanner \"PowerShell Extension v2025.4.0\nCopyright (c) Microsoft Corporation.\n\nhttps://aka.ms/vscode-powershell\nType 'help' to get help.\n\" -LogLevel 'Warning' -LogPath 'c:\\Users\\yaswa\\AppData\\Roaming\\Code\\logs\\20260730T121325\\window3\\exthost\\ms-vscode.powershell' -SessionDetailsPath 'c:\\Users\\yaswa\\AppData\\Roaming\\Code\\User\\globalStorage\\ms-vscode.powershell\\sessions\\PSES-VSCode-20148-876616.json' -FeatureFlags @() \r\n        Engine Version = 5.1.26100.8875\r\n        Runspace ID = b2b9c8f5-1f0c-4928-af6e-269b2c2642ba\r\n        Pipeline ID = 18\r\n        Command Name = Get-WinEvent\r\n        Command Type = Cmdlet\r\n        Script Name = C:\\Users\\yaswa\\Desktop\\Dissertation\\Project Artifact\\Automation_Script\\Collect-WinEventLogs.ps1\r\n        Command Path = \r\n        Sequence Number = 129\r\n        User = LAPTOP-8SM7PKPU\\yaswa\r\n        Connected User = \r\n        Shell ID = Microsoft.PowerShell\r\n\r\n\r\nUser Data:\r\n\r\n"}
{"timestamp": "2026-08-02T10:58:14.647Z", "record_id": 4209, "event_id": 4100, "channel": "Microsoft-Windows-PowerShell/Operational", "channel_key": "powershell", "provider": "Microsoft-Windows-PowerShell", "computer": "LAPTOP-8SM7PKPU", "level": "Warning", "category": "other", "user_sid": "S-1-5-21-3119828605-3733597828-3599172180-1001", "process_id": 3652, "is_machine_account": 0, "mapped": 0, "source_file": "Microsoft-Windows-PowerShell-Operational.jsonl", "event_data": "{\"ContextInfo\": \"        Severity = Warning\\n        Host Name = Visual Studio Code Host\\n        Host Version = 2025.4.0\\n        Host ID = eba7ad3a-ba65-4d04-be04-c760678eb620\\n        Host Application = C:\\\\Windows\\\\System32\\\\WindowsPowerShell\\\\v1.0\\\\powershell.exe -NoProfile -ExecutionPolicy Bypass -Command Import-Module 'c:\\\\Users\\\\yaswa\\\\.vscode\\\\extensions\\\\ms-vscode.powershell-2025.4.0\\\\modules\\\\PowerShellEditorServices\\\\PowerShellEditorServices.psd1'; Start-EditorServices -HostName 'Visual Studio Code Host' -HostProfileId 'Microsoft.VSCode' -HostVersion '2025.4.0' -BundledModulesPath 'c:\\\\Users\\\\yaswa\\\\.vscode\\\\extensions\\\\ms-vscode.powershell-2025.4.0\\\\modules' -EnableConsoleRepl -StartupBanner \\\"PowerShell Extension v2025.4.0\\nCopyright (c) Microsoft Corporation.\\n\\nhttps://aka.ms/vscode-powershell\\nType 'help' to get help.\\n\\\" -LogLevel 'Warning' -LogPath 'c:\\\\Users\\\\yaswa\\\\AppData\\\\Roaming\\\\Code\\\\logs\\\\20260730T121325\\\\window3\\\\exthost\\\\ms-vscode.powershell' -SessionDetailsPath 'c:\\\\Users\\\\yaswa\\\\AppData\\\\Roaming\\\\Code\\\\User\\\\globalStorage\\\\ms-vscode.powershell\\\\sessions\\\\PSES-VSCode-20148-876616.json' -FeatureFlags @() \\n        Engine Version = 5.1.26100.8875\\n        Runspace ID = b2b9c8f5-1f0c-4928-af6e-269b2c2642ba\\n        Pipeline ID = 18\\n        Command Name = Get-WinEvent\\n        Command Type = Cmdlet\\n        Script Name = C:\\\\Users\\\\yaswa\\\\Desktop\\\\Dissertation\\\\Project Artifact\\\\Automation_Script\\\\Collect-WinEventLogs.ps1\\n        Command Path = \\n        Sequence Number = 128\\n        User = LAPTOP-8SM7PKPU\\\\yaswa\\n        Connected User = \\n        Shell ID = Microsoft.PowerShell\\n\", \"Payload\": \"Error Message = The running command stopped because the preference variable \\\"ErrorActionPreference\\\" or common parameter is set to Stop: No events were found that match the specified selection criteria.\\nFully Qualified Error ID = NoMatchingEventsFound,Microsoft.PowerShell.Commands.GetWinEventCommand\\n\", \"UserData\": \"\"}", "message": "Error Message = The running command stopped because the preference variable \"ErrorActionPreference\" or common parameter is set to Stop: No events were found that match the specified selection criteria.\r\nFully Qualified Error ID = NoMatchingEventsFound,Microsoft.PowerShell.Commands.GetWinEventCommand\r\n\r\n\r\nContext:\r\n        Severity = Warning\r\n        Host Name = Visual Studio Code Host\r\n        Host Version = 2025.4.0\r\n        Host ID = eba7ad3a-ba65-4d04-be04-c760678eb620\r\n        Host Application = C:\\Windows\\System32\\WindowsPowerShell\\v1.0\\powershell.exe -NoProfile -ExecutionPolicy Bypass -Command Import-Module 'c:\\Users\\yaswa\\.vscode\\extensions\\ms-vscode.powershell-2025.4.0\\modules\\PowerShellEditorServices\\PowerShellEditorServices.psd1'; Start-EditorServices -HostName 'Visual Studio Code Host' -HostProfileId 'Microsoft.VSCode' -HostVersion '2025.4.0' -BundledModulesPath 'c:\\Users\\yaswa\\.vscode\\extensions\\ms-vscode.powershell-2025.4.0\\modules' -EnableConsoleRepl -StartupBanner \"PowerShell Extension v2025.4.0\nCopyright (c) Microsoft Corporation.\n\nhttps://aka.ms/vscode-powershell\nType 'help' to get help.\n\" -LogLevel 'Warning' -LogPath 'c:\\Users\\yaswa\\AppData\\Roaming\\Code\\logs\\20260730T121325\\window3\\exthost\\ms-vscode.powershell' -SessionDetailsPath 'c:\\Users\\yaswa\\AppData\\Roaming\\Code\\User\\globalStorage\\ms-vscode.powershell\\sessions\\PSES-VSCode-20148-876616.json' -FeatureFlags @() \r\n        Engine Version = 5.1.26100.8875\r\n        Runspace ID = b2b9c8f5-1f0c-4928-af6e-269b2c2642ba\r\n        Pipeline ID = 18\r\n        Command Name = Get-WinEvent\r\n        Command Type = Cmdlet\r\n        Script Name = C:\\Users\\yaswa\\Desktop\\Dissertation\\Project Artifact\\Automation_Script\\Collect-WinEventLogs.ps1\r\n        Command Path = \r\n        Sequence Number = 128\r\n        User = LAPTOP-8SM7PKPU\\yaswa\r\n        Connected User = \r\n        Shell ID = Microsoft.PowerShell\r\n\r\n\r\nUser Data:\r\n\r\n"}
{"timestamp": "2026-08-02T10:58:09.723Z", "record_id": 4208, "event_id": 4100, "channel": "Microsoft-Windows-PowerShell/Operational", "channel_key": "powershell", "provider": "Microsoft-Windows-PowerShell", "computer": "LAPTOP-8SM7PKPU", "level": "Warning", "category": "other", "user_sid": "S-1-5-21-3119828605-3733597828-3599172180-1001", "process_id": 3652, "is_machine_account": 0, "mapped": 0, "source_file": "Microsoft-Windows-PowerShell-Operational.jsonl", "event_data": "{\"ContextInfo\": \"        Severity = Warning\\n        Host Name = Visual Studio Code Host\\n        Host Version = 2025.4.0\\n        Host ID = eba7ad3a-ba65-4d04-be04-c760678eb620\\n        Host Application = C:\\\\Windows\\\\System32\\\\WindowsPowerShell\\\\v1.0\\\\powershell.exe -NoProfile -ExecutionPolicy Bypass -Command Import-Module 'c:\\\\Users\\\\yaswa\\\\.vscode\\\\extensions\\\\ms-vscode.powershell-2025.4.0\\\\modules\\\\PowerShellEditorServices\\\\PowerShellEditorServices.psd1'; Start-EditorServices -HostName 'Visual Studio Code Host' -HostProfileId 'Microsoft.VSCode' -HostVersion '2025.4.0' -BundledModulesPath 'c:\\\\Users\\\\yaswa\\\\.vscode\\\\extensions\\\\ms-vscode.powershell-2025.4.0\\\\modules' -EnableConsoleRepl -StartupBanner \\\"PowerShell Extension v2025.4.0\\nCopyright (c) Microsoft Corporation.\\n\\nhttps://aka.ms/vscode-powershell\\nType 'help' to get help.\\n\\\" -LogLevel 'Warning' -LogPath 'c:\\\\Users\\\\yaswa\\\\AppData\\\\Roaming\\\\Code\\\\logs\\\\20260730T121325\\\\window3\\\\exthost\\\\ms-vscode.powershell' -SessionDetailsPath 'c:\\\\Users\\\\yaswa\\\\AppData\\\\Roaming\\\\Code\\\\User\\\\globalStorage\\\\ms-vscode.powershell\\\\sessions\\\\PSES-VSCode-20148-876616.json' -FeatureFlags @() \\n        Engine Version = 5.1.26100.8875\\n        Runspace ID = b2b9c8f5-1f0c-4928-af6e-269b2c2642ba\\n        Pipeline ID = 18\\n        Command Name = Get-WinEvent\\n        Command Type = Cmdlet\\n        Script Name = C:\\\\Users\\\\yaswa\\\\Desktop\\\\Dissertation\\\\Project Artifact\\\\Automation_Script\\\\Collect-WinEventLogs.ps1\\n        Command Path = \\n        Sequence Number = 127\\n        User = LAPTOP-8SM7PKPU\\\\yaswa\\n        Connected User = \\n        Shell ID = Microsoft.PowerShell\\n\", \"Payload\": \"Error Message = The running command stopped because the preference variable \\\"ErrorActionPreference\\\" or common parameter is set to Stop: There is not an event log on the localhost computer that matches \\\"Microsoft-Windows-Sysmon/Operational\\\".\\nFully Qualified Error ID = NoMatchingLogsFound,Microsoft.PowerShell.Commands.GetWinEventCommand\\n\", \"UserData\": \"\"}", "message": "Error Message = The running command stopped because the preference variable \"ErrorActionPreference\" or common parameter is set to Stop: There is not an event log on the localhost computer that matches \"Microsoft-Windows-Sysmon/Operational\".\r\nFully Qualified Error ID = NoMatchingLogsFound,Microsoft.PowerShell.Commands.GetWinEventCommand\r\n\r\n\r\nContext:\r\n        Severity = Warning\r\n        Host Name = Visual Studio Code Host\r\n        Host Version = 2025.4.0\r\n        Host ID = eba7ad3a-ba65-4d04-be04-c760678eb620\r\n        Host Application = C:\\Windows\\System32\\WindowsPowerShell\\v1.0\\powershell.exe -NoProfile -ExecutionPolicy Bypass -Command Import-Module 'c:\\Users\\yaswa\\.vscode\\extensions\\ms-vscode.powershell-2025.4.0\\modules\\PowerShellEditorServices\\PowerShellEditorServices.psd1'; Start-EditorServices -HostName 'Visual Studio Code Host' -HostProfileId 'Microsoft.VSCode' -HostVersion '2025.4.0' -BundledModulesPath 'c:\\Users\\yaswa\\.vscode\\extensions\\ms-vscode.powershell-2025.4.0\\modules' -EnableConsoleRepl -StartupBanner \"PowerShell Extension v2025.4.0\nCopyright (c) Microsoft Corporation.\n\nhttps://aka.ms/vscode-powershell\nType 'help' to get help.\n\" -LogLevel 'Warning' -LogPath 'c:\\Users\\yaswa\\AppData\\Roaming\\Code\\logs\\20260730T121325\\window3\\exthost\\ms-vscode.powershell' -SessionDetailsPath 'c:\\Users\\yaswa\\AppData\\Roaming\\Code\\User\\globalStorage\\ms-vscode.powershell\\sessions\\PSES-VSCode-20148-876616.json' -FeatureFlags @() \r\n        Engine Version = 5.1.26100.8875\r\n        Runspace ID = b2b9c8f5-1f0c-4928-af6e-269b2c2642ba\r\n        Pipeline ID = 18\r\n        Command Name = Get-WinEvent\r\n        Command Type = Cmdlet\r\n        Script Name = C:\\Users\\yaswa\\Desktop\\Dissertation\\Project Artifact\\Automation_Script\\Collect-WinEventLogs.ps1\r\n        Command Path = \r\n        Sequence Number = 127\r\n        User = LAPTOP-8SM7PKPU\\yaswa\r\n        Connected User = \r\n        Shell ID = Microsoft.PowerShell\r\n\r\n\r\nUser Data:\r\n\r\n"}
{"timestamp": "2026-08-02T10:58:08.552Z", "record_id": 4207, "event_id": 4100, "channel": "Microsoft-Windows-PowerShell/Operational", "channel_key": "powershell", "provider": "Microsoft-Windows-PowerShell", "computer": "LAPTOP-8SM7PKPU", "level": "Warning", "category": "other", "user_sid": "S-1-5-21-3119828605-3733597828-3599172180-1001", "process_id": 3652, "is_machine_account": 0, "mapped": 0, "source_file": "Microsoft-Windows-PowerShell-Operational.jsonl", "event_data": "{\"ContextInfo\": \"        Severity = Warning\\n        Host Name = Visual Studio Code Host\\n        Host Version = 2025.4.0\\n        Host ID = eba7ad3a-ba65-4d04-be04-c760678eb620\\n        Host Application = C:\\\\Windows\\\\System32\\\\WindowsPowerShell\\\\v1.0\\\\powershell.exe -NoProfile -ExecutionPolicy Bypass -Command Import-Module 'c:\\\\Users\\\\yaswa\\\\.vscode\\\\extensions\\\\ms-vscode.powershell-2025.4.0\\\\modules\\\\PowerShellEditorServices\\\\PowerShellEditorServices.psd1'; Start-EditorServices -HostName 'Visual Studio Code Host' -HostProfileId 'Microsoft.VSCode' -HostVersion '2025.4.0' -BundledModulesPath 'c:\\\\Users\\\\yaswa\\\\.vscode\\\\extensions\\\\ms-vscode.powershell-2025.4.0\\\\modules' -EnableConsoleRepl -StartupBanner \\\"PowerShell Extension v2025.4.0\\nCopyright (c) Microsoft Corporation.\\n\\nhttps://aka.ms/vscode-powershell\\nType 'help' to get help.\\n\\\" -LogLevel 'Warning' -LogPath 'c:\\\\Users\\\\yaswa\\\\AppData\\\\Roaming\\\\Code\\\\logs\\\\20260730T121325\\\\window3\\\\exthost\\\\ms-vscode.powershell' -SessionDetailsPath 'c:\\\\Users\\\\yaswa\\\\AppData\\\\Roaming\\\\Code\\\\User\\\\globalStorage\\\\ms-vscode.powershell\\\\sessions\\\\PSES-VSCode-20148-876616.json' -FeatureFlags @() \\n        Engine Version = 5.1.26100.8875\\n        Runspace ID = b2b9c8f5-1f0c-4928-af6e-269b2c2642ba\\n        Pipeline ID = 18\\n        Command Name = Get-WinEvent\\n        Command Type = Cmdlet\\n        Script Name = C:\\\\Users\\\\yaswa\\\\Desktop\\\\Dissertation\\\\Project Artifact\\\\Automation_Script\\\\Collect-WinEventLogs.ps1\\n        Command Path = \\n        Sequence Number = 126\\n        User = LAPTOP-8SM7PKPU\\\\yaswa\\n        Connected User = \\n        Shell ID = Microsoft.PowerShell\\n\", \"Payload\": \"Error Message = The running command stopped because the preference variable \\\"ErrorActionPreference\\\" or common parameter is set to Stop: Could not retrieve information about the Security log. Error: Attempted to perform an unauthorized operation..\\nFully Qualified Error ID = LogInfoUnavailable,Microsoft.PowerShell.Commands.GetWinEventCommand\\n\", \"UserData\": \"\"}", "message": "Error Message = The running command stopped because the preference variable \"ErrorActionPreference\" or common parameter is set to Stop: Could not retrieve information about the Security log. Error: Attempted to perform an unauthorized operation..\r\nFully Qualified Error ID = LogInfoUnavailable,Microsoft.PowerShell.Commands.GetWinEventCommand\r\n\r\n\r\nContext:\r\n        Severity = Warning\r\n        Host Name = Visual Studio Code Host\r\n        Host Version = 2025.4.0\r\n        Host ID = eba7ad3a-ba65-4d04-be04-c760678eb620\r\n        Host Application = C:\\Windows\\System32\\WindowsPowerShell\\v1.0\\powershell.exe -NoProfile -ExecutionPolicy Bypass -Command Import-Module 'c:\\Users\\yaswa\\.vscode\\extensions\\ms-vscode.powershell-2025.4.0\\modules\\PowerShellEditorServices\\PowerShellEditorServices.psd1'; Start-EditorServices -HostName 'Visual Studio Code Host' -HostProfileId 'Microsoft.VSCode' -HostVersion '2025.4.0' -BundledModulesPath 'c:\\Users\\yaswa\\.vscode\\extensions\\ms-vscode.powershell-2025.4.0\\modules' -EnableConsoleRepl -StartupBanner \"PowerShell Extension v2025.4.0\nCopyright (c) Microsoft Corporation.\n\nhttps://aka.ms/vscode-powershell\nType 'help' to get help.\n\" -LogLevel 'Warning' -LogPath 'c:\\Users\\yaswa\\AppData\\Roaming\\Code\\logs\\20260730T121325\\window3\\exthost\\ms-vscode.powershell' -SessionDetailsPath 'c:\\Users\\yaswa\\AppData\\Roaming\\Code\\User\\globalStorage\\ms-vscode.powershell\\sessions\\PSES-VSCode-20148-876616.json' -FeatureFlags @() \r\n        Engine Version = 5.1.26100.8875\r\n        Runspace ID = b2b9c8f5-1f0c-4928-af6e-269b2c2642ba\r\n        Pipeline ID = 18\r\n        Command Name = Get-WinEvent\r\n        Command Type = Cmdlet\r\n        Script Name = C:\\Users\\yaswa\\Desktop\\Dissertation\\Project Artifact\\Automation_Script\\Collect-WinEventLogs.ps1\r\n        Command Path = \r\n        Sequence Number = 126\r\n        User = LAPTOP-8SM7PKPU\\yaswa\r\n        Connected User = \r\n        Shell ID = Microsoft.PowerShell\r\n\r\n\r\nUser Data:\r\n\r\n"}
{"timestamp": "2026-08-02T10:58:02.782Z", "record_id": 4206, "event_id": 4103, "channel": "Microsoft-Windows-PowerShell/Operational", "channel_key": "powershell", "provider": "Microsoft-Windows-PowerShell", "computer": "LAPTOP-8SM7PKPU", "level": "Information", "category": "script_execution", "attack_data_sources": "DS0012:Script Execution", "user_sid": "S-1-5-21-3119828605-3733597828-3599172180-1001", "process_id": 3652, "script_block_text": "CommandInvocation(Add-Type): \"Add-Type\"\nParameterBinding(Add-Type): name=\"Path\"; value=\"C:\\Users\\yaswa\\.vscode\\extensions\\ms-vscode.powershell-2025.4.0\\modules\\PSScriptAnalyzer\\1.24.0/Newtonsoft.Json.dll\"\n", "command_context": "        Severity = Informational\n        Host Name = Default Host\n        Host Version = 5.1.26100.8875\n        Host ID = 163bc22f-a12c-49f8-9d09-883f98b20a99\n        Host Application = C:\\Windows\\System32\\WindowsPowerShell\\v1.0\\powershell.exe -NoProfile -ExecutionPolicy Bypass -Command Import-Module 'c:\\Users\\yaswa\\.vscode\\extensions\\ms-vscode.powershell-2025.4.0\\modules\\PowerShellEditorServices\\PowerShellEditorServices.psd1'; Start-EditorServices -HostName 'Visual Studio Code Host' -HostProfileId 'Microsoft.VSCode' -HostVersion '2025.4.0' -BundledModulesPath 'c:\\Users\\yaswa\\.vscode\\extensions\\ms-vscode.powershell-2025.4.0\\modules' -EnableConsoleRepl -StartupBanner \"PowerShell Extension v2025.4.0\nCopyright (c) Microsoft Corporation.\n\nhttps://aka.ms/vscode-powershell\nType 'help' to get help.\n\" -LogLevel 'Warning' -LogPath 'c:\\Users\\yaswa\\AppData\\Roaming\\Code\\logs\\20260730T121325\\window3\\exthost\\ms-vscode.powershell' -SessionDetailsPath 'c:\\Users\\yaswa\\AppData\\Roaming\\Code\\User\\globalStorage\\ms-vscode.powershell\\sessions\\PSES-VSCode-20148-876616.json' -FeatureFlags @() \n        Engine Version = 5.1.26100.8875\n        Runspace ID = 1f2a5821-eee4-49ae-a704-d621f04e032d\n        Pipeline ID = 1\n        Command Name = Add-Type\n        Command Type = Cmdlet\n        Script Name = C:\\Users\\yaswa\\.vscode\\extensions\\ms-vscode.powershell-2025.4.0\\modules\\PSScriptAnalyzer\\1.24.0\\PSScriptAnalyzer.psm1\n        Command Path = \n        Sequence Number = 89\n        User = LAPTOP-8SM7PKPU\\yaswa\n        Connected User = \n        Shell ID = Microsoft.PowerShell\n", "is_machine_account": 0, "mapped": 1, "source_file": "Microsoft-Windows-PowerShell-Operational.jsonl", "event_data": "{\"ContextInfo\": \"        Severity = Informational\\n        Host Name = Default Host\\n        Host Version = 5.1.26100.8875\\n        Host ID = 163bc22f-a12c-49f8-9d09-883f98b20a99\\n        Host Application = C:\\\\Windows\\\\System32\\\\WindowsPowerShell\\\\v1.0\\\\powershell.exe -NoProfile -ExecutionPolicy Bypass -Command Import-Module 'c:\\\\Users\\\\yaswa\\\\.vscode\\\\extensions\\\\ms-vscode.powershell-2025.4.0\\\\modules\\\\PowerShellEditorServices\\\\PowerShellEditorServices.psd1'; Start-EditorServices -HostName 'Visual Studio Code Host' -HostProfileId 'Microsoft.VSCode' -HostVersion '2025.4.0' -BundledModulesPath 'c:\\\\Users\\\\yaswa\\\\.vscode\\\\extensions\\\\ms-vscode.powershell-2025.4.0\\\\modules' -EnableConsoleRepl -StartupBanner \\\"PowerShell Extension v2025.4.0\\nCopyright (c) Microsoft Corporation.\\n\\nhttps://aka.ms/vscode-powershell\\nType 'help' to get help.\\n\\\" -LogLevel 'Warning' -LogPath 'c:\\\\Users\\\\yaswa\\\\AppData\\\\Roaming\\\\Code\\\\logs\\\\20260730T121325\\\\window3\\\\exthost\\\\ms-vscode.powershell' -SessionDetailsPath 'c:\\\\Users\\\\yaswa\\\\AppData\\\\Roaming\\\\Code\\\\User\\\\globalStorage\\\\ms-vscode.powershell\\\\sessions\\\\PSES-VSCode-20148-876616.json' -FeatureFlags @() \\n        Engine Version = 5.1.26100.8875\\n        Runspace ID = 1f2a5821-eee4-49ae-a704-d621f04e032d\\n        Pipeline ID = 1\\n        Command Name = Add-Type\\n        Command Type = Cmdlet\\n        Script Name = C:\\\\Users\\\\yaswa\\\\.vscode\\\\extensions\\\\ms-vscode.powershell-2025.4.0\\\\modules\\\\PSScriptAnalyzer\\\\1.24.0\\\\PSScriptAnalyzer.psm1\\n        Command Path = \\n        Sequence Number = 89\\n        User = LAPTOP-8SM7PKPU\\\\yaswa\\n        Connected User = \\n        Shell ID = Microsoft.PowerShell\\n\", \"Payload\": \"CommandInvocation(Add-Type): \\\"Add-Type\\\"\\nParameterBinding(Add-Type): name=\\\"Path\\\"; value=\\\"C:\\\\Users\\\\yaswa\\\\.vscode\\\\extensions\\\\ms-vscode.powershell-2025.4.0\\\\modules\\\\PSScriptAnalyzer\\\\1.24.0/Newtonsoft.Json.dll\\\"\\n\", \"UserData\": \"\"}", "message": "CommandInvocation(Add-Type): \"Add-Type\"\r\nParameterBinding(Add-Type): name=\"Path\"; value=\"C:\\Users\\yaswa\\.vscode\\extensions\\ms-vscode.powershell-2025.4.0\\modules\\PSScriptAnalyzer\\1.24.0/Newtonsoft.Json.dll\"\r\n\r\n\r\nContext:\r\n        Severity = Informational\r\n        Host Name = Default Host\r\n        Host Version = 5.1.26100.8875\r\n        Host ID = 163bc22f-a12c-49f8-9d09-883f98b20a99\r\n        Host Application = C:\\Windows\\System32\\WindowsPowerShell\\v1.0\\powershell.exe -NoProfile -ExecutionPolicy Bypass -Command Import-Module 'c:\\Users\\yaswa\\.vscode\\extensions\\ms-vscode.powershell-2025.4.0\\modules\\PowerShellEditorServices\\PowerShellEditorServices.psd1'; Start-EditorServices -HostName 'Visual Studio Code Host' -HostProfileId 'Microsoft.VSCode' -HostVersion '2025.4.0' -BundledModulesPath 'c:\\Users\\yaswa\\.vscode\\extensions\\ms-vscode.powershell-2025.4.0\\modules' -EnableConsoleRepl -StartupBanner \"PowerShell Extension v2025.4.0\nCopyright (c) Microsoft Corporation.\n\nhttps://aka.ms/vscode-powershell\nType 'help' to get help.\n\" -LogLevel 'Warning' -LogPath 'c:\\Users\\yaswa\\AppData\\Roaming\\Code\\logs\\20260730T121325\\window3\\exthost\\ms-vscode.powershell' -SessionDetailsPath 'c:\\Users\\yaswa\\AppData\\Roaming\\Code\\User\\globalStorage\\ms-vscode.powershell\\sessions\\PSES-VSCode-20148-876616.json' -FeatureFlags @() \r\n        Engine Version = 5.1.26100.8875\r\n        Runspace ID = 1f2a5821-eee4-49ae-a704-d621f04e032d\r\n        Pipeline ID = 1\r\n        Command Name = Add-Type\r\n        Command Type = Cmdlet\r\n        Script Name = C:\\Users\\yaswa\\.vscode\\extensions\\ms-vscode.powershell-2025.4.0\\modules\\PSScriptAnalyzer\\1.24.0\\PSScriptAnalyzer.psm1\r\n        Command Path = \r\n        Sequence Number = 89\r\n        User = LAPTOP-8SM7PKPU\\yaswa\r\n        Connected User = \r\n        Shell ID = Microsoft.PowerShell\r\n\r\n\r\nUser Data:\r\n\r\n"}
