{"timestamp": "2026-08-02T11:02:48.851Z", "record_id": 73875, "event_id": 16, "channel": "System", "channel_key": "system", "provider": "Microsoft-Windows-Kernel-General", "computer": "LAPTOP-8SM7PKPU", "level": "Information", "category": "other", "user_sid": "S-1-5-18", "process_id": 1156, "is_machine_account": 0, "mapped": 0, "source_file": "System.jsonl", "event_data": "{\"DirtyPages\": \"2\", \"HiveName\": \"\\\\??\\\\C:\\\\Users\\\\yaswa\\\\AppData\\\\Local\\\\Packages\\\\Microsoft.WindowsNotepad_8wekyb3d8bbwe\\\\SystemAppData\\\\Helium\\\\User.dat\", \"HiveNameLength\": \"110\", \"KeysUpdated\": \"12\"}", "message": "The access history in hive \\??\\C:\\Users\\yaswa\\AppData\\Local\\Packages\\Microsoft.WindowsNotepad_8wekyb3d8bbwe\\SystemAppData\\Helium\\User.dat was cleared updating 12 keys and creating 2 modified pages."}
{"timestamp": "2026-08-02T11:00:00.162Z", "record_id": 73874, "event_id": 6013, "channel": "System", "channel_key": "system", "provider": "EventLog", "computer": "LAPTOP-8SM7PKPU", "level": "Information", "category": "other", "process_id": 4428, "is_machine_account": 0, "mapped": 0, "source_file": "System.jsonl", "event_data": "{\"Data\": [\"\", \"\", \"\"]}", "message": "The system uptime is 608579 seconds."}
{"timestamp": "2026-08-02T10:56:38.772Z", "record_id": 73873, "event_id": 566, "channel": "System", "channel_key": "system", "provider": "Microsoft-Windows-Kernel-Power", "computer": "LAPTOP-8SM7PKPU", "level": "Information", "category": "other", "user_sid": "S-1-5-18", "process_id": 4, "is_machine_account": 0, "mapped": 0, "source_file": "System.jsonl", "event_data": "{\"BootId\": \"57\", \"MonitorReason\": \"32\", \"NextSessionId\": \"177\", \"NextSessionType\": \"0\", \"PowerStateAc\": \"true\", \"PreviousEnergyCapacityAtEnd\": \"49950\", \"PreviousEnergyCapacityAtStart\": \"49950\", \"PreviousFullEnergyCapacityAtEnd\": \"50640\", \"PreviousFullEnergyCapacityAtStart\": \"50640\", \"PreviousSessionDurationInUs\": \"439752926\", \"PreviousSessionId\": \"176\", \"PreviousSessionType\": \"2\", \"Reason\": \"32\"}", "message": "The system session has transitioned from 176 to 177.\r\n\r\nReason InputHid \r\n\r\nBootId: 57"}
{"timestamp": "2026-08-02T10:56:38.772Z", "record_id": 73872, "event_id": 507, "channel": "System", "channel_key": "system", "provider": "Microsoft-Windows-Kernel-Power", "computer": "LAPTOP-8SM7PKPU", "level": "Information", "category": "other", "user_sid": "S-1-5-18", "process_id": 4, "is_machine_account": 0, "mapped": 0, "source_file": "System.jsonl", "event_data": "{\"ActiveResidencyInUs\": \"454860258\", \"AoAcCompliantNic\": \"true\", \"AudioPlaybackInUs\": \"0\", \"AudioPlaying\": \"false\", \"BatteryFullChargeCapacityOnExit\": \"50640\", \"BatteryRemainingCapacityOnExit\": \"49950\", \"BootId\": \"57\", \"DisconnectedStandby\": \"false\", \"DripsResidencyInUs\": \"0\", \"DripsTransitions\": \"0\", \"DurationInUs\": \"454860258\", \"DwmSyncFlushTime\": \"0\", \"EnergyDrain\": \"158\", \"ExitLatencyInUs\": \"88108\", \"ExternalMonitorConnectedState\": \"true\", \"FirstDripsEntryInUs\": \"0\", \"FullChargeCapacityRatio\": \"96\", \"GdiOnTime\": \"0\", \"HwDripsResidencyInUs\": \"0\", \"InputSuppressionActionCount\": \"0\", \"IsCsSessionInProgressOnExit\": \"false\", \"LidOpenState\": \"false\", \"ModernSleepAppliedActionsBitmask\": \"0\", \"ModernSleepEnabledActionsBitmask\": \"7\", \"MonitorPowerOnTime\": \"71942\", \"NonActivatedCpuInUs\": \"16201282\", \"NonAttributedCpuInUs\": \"0\", \"NonDripsTimeActivatedInUs\": \"3952481979\", \"NonResiliencyTimeInUs\": \"18446744069821279010\", \"PowerButtonSuppressionActionCount\": \"0\", \"PowerSchemeInfo\": \"4\", \"PowerStateAc\": \"true\", \"Reason\": \"32\", \"ResiliencyDripsTimeInUs\": \"0\", \"ResiliencyHwDripsTimeInUs\": \"0\", \"ScenarioInstanceId\": \"177\", \"ScenarioInstanceIdV2\": \"175\", \"ScreenOffDurationInUs\": \"15106560\", \"ScreenOffEnergyCapacityAtEnd\": \"49950\", \"ScreenOffEnergyCapacityAtStart\": \"49970\", \"ScreenOffFullEnergyCapacityAtEnd\": \"50640\", \"ScreenOffFullEnergyCapacityAtStart\": \"50640\", \"ScreenOffHwDripsResidencyInUs\": \"0\", \"ScreenOffSwDripsResidencyInUs\": \"0\", \"SleepDurationInUs\": \"439752926\", \"SleepEnergyCapacityAtEnd\": \"49950\", \"SleepEnergyCapacityAtStart\": \"49950\", \"SleepEntered\": \"true\", \"SleepFullEnergyCapacityAtEnd\": \"50640\", \"SleepFullEnergyCapacityAtStart\": \"50640\", \"SleepHwDripsResidencyInUs\": \"0\", \"SleepSwDripsResidencyInUs\": \"0\"}", "message": "The system is exiting Modern Standby \r\n\r\nReason: Input Mouse."}
{"timestamp": "2026-08-02T10:49:19.021Z", "record_id": 73871, "event_id": 566, "channel": "System", "channel_key": "system", "provider": "Microsoft-Windows-Kernel-Power", "computer": "LAPTOP-8SM7PKPU", "level": "Information", "category": "other", "user_sid": "S-1-5-18", "process_id": 4, "is_machine_account": 0, "mapped": 0, "source_file": "System.jsonl", "event_data": "{\"BootId\": \"57\", \"MonitorReason\": \"12\", \"NextSessionId\": \"176\", \"NextSessionType\": \"2\", \"PowerStateAc\": \"true\", \"PreviousEnergyCapacityAtEnd\": \"49950\", \"PreviousEnergyCapacityAtStart\": \"49970\", \"PreviousFullEnergyCapacityAtEnd\": \"50640\", \"PreviousFullEnergyCapacityAtStart\": \"50640\", \"PreviousSessionDurationInUs\": \"15106560\", \"PreviousSessionId\": \"175\", \"PreviousSessionType\": \"1\", \"Reason\": \"12\"}", "message": "The system session has transitioned from 175 to 176.\r\n\r\nReason SessionUnlock \r\n\r\nBootId: 57"}
{"timestamp": "2026-08-02T10:49:03.913Z", "record_id": 73870, "event_id": 506, "channel": "System", "channel_key": "system", "provider": "Microsoft-Windows-Kernel-Power", "computer": "LAPTOP-8SM7PKPU", "level": "Information", "category": "other", "user_sid": "S-1-5-18", "process_id": 4, "is_machine_account": 0, "mapped": 0, "source_file": "System.jsonl", "event_data": "{\"BatteryFullChargeCapacityOnEnter\": \"50640\", \"BatteryRemainingCapacityOnEnter\": \"49970\", \"BootId\": \"57\", \"ExternalMonitorConnectedState\": \"true\", \"LidOpenState\": \"false\", \"Reason\": \"12\", \"ScenarioInstanceId\": \"175\", \"ScenarioInstanceIdV2\": \"175\"}", "message": "The system is entering Modern Standby \r\n\r\nReason: Idle Timeout."}
{"timestamp": "2026-08-02T10:49:03.912Z", "record_id": 73869, "event_id": 566, "channel": "System", "channel_key": "system", "provider": "Microsoft-Windows-Kernel-Power", "computer": "LAPTOP-8SM7PKPU", "level": "Information", "category": "other", "user_sid": "S-1-5-18", "process_id": 4, "is_machine_account": 0, "mapped": 0, "source_file": "System.jsonl", "event_data": "{\"BootId\": \"57\", \"MonitorReason\": \"12\", \"NextSessionId\": \"175\", \"NextSessionType\": \"1\", \"PowerStateAc\": \"true\", \"PreviousEnergyCapacityAtEnd\": \"49970\", \"PreviousEnergyCapacityAtStart\": \"49970\", \"PreviousFullEnergyCapacityAtEnd\": \"50640\", \"PreviousFullEnergyCapacityAtStart\": \"50640\", \"PreviousSessionDurationInUs\": \"301683420\", \"PreviousSessionId\": \"174\", \"PreviousSessionType\": \"0\", \"Reason\": \"12\"}", "message": "The system session has transitioned from 174 to 175.\r\n\r\nReason SessionUnlock \r\n\r\nBootId: 57"}
{"timestamp": "2026-08-02T10:44:03.188Z", "record_id": 73868, "event_id": 1, "channel": "System", "channel_key": "system", "provider": "Microsoft-Windows-IsolatedUserMode", "computer": "LAPTOP-8SM7PKPU", "level": "Information", "category": "other", "user_sid": "S-1-5-18", "process_id": 21304, "is_machine_account": 0, "mapped": 0, "source_file": "System.jsonl", "event_data": "{\"ImageName\": \"\\\\??\\\\C:\\\\Windows\\\\system32\\\\BioIso.exe\", \"NormalProcessId\": \"5896\", \"Status\": \"0\", \"TrustletIdentity\": \"4\"}", "message": "Secure Trustlet \\??\\C:\\Windows\\system32\\BioIso.exe Id 4 and Pid 5896 started with status STATUS_SUCCESS."}
{"timestamp": "2026-08-02T10:44:03.188Z", "record_id": 73867, "event_id": 5, "channel": "System", "channel_key": "system", "provider": "Microsoft-Windows-IsolatedUserMode", "computer": "LAPTOP-8SM7PKPU", "level": "Information", "category": "other", "user_sid": "S-1-5-18", "process_id": 21304, "is_machine_account": 0, "mapped": 0, "source_file": "System.jsonl", "event_data": "{\"ImageName\": \"NULL\", \"NormalProcessId\": \"0\", \"Status\": \"0\", \"TrustletIdentity\": \"0\"}", "message": "Secure Trustlet NULL Id 0 and Pid 0 started with status STATUS_SUCCESS."}
{"timestamp": "2026-08-02T10:44:02.229Z", "record_id": 73866, "event_id": 566, "channel": "System", "channel_key": "system", "provider": "Microsoft-Windows-Kernel-Power", "computer": "LAPTOP-8SM7PKPU", "level": "Information", "category": "other", "user_sid": "S-1-5-18", "process_id": 4, "is_machine_account": 0, "mapped": 0, "source_file": "System.jsonl", "event_data": "{\"BootId\": \"57\", \"MonitorReason\": \"31\", \"NextSessionId\": \"174\", \"NextSessionType\": \"0\", \"PowerStateAc\": \"true\", \"PreviousEnergyCapacityAtEnd\": \"49970\", \"PreviousEnergyCapacityAtStart\": \"49970\", \"PreviousFullEnergyCapacityAtEnd\": \"50640\", \"PreviousFullEnergyCapacityAtStart\": \"50640\", \"PreviousSessionDurationInUs\": \"12536657\", \"PreviousSessionId\": \"172\", \"PreviousSessionType\": \"1\", \"Reason\": \"31\"}", "message": "The system session has transitioned from 172 to 174.\r\n\r\nReason InputAccelerometer \r\n\r\nBootId: 57"}
{"timestamp": "2026-08-02T10:44:02.229Z", "record_id": 73865, "event_id": 507, "channel": "System", "channel_key": "system", "provider": "Microsoft-Windows-Kernel-Power", "computer": "LAPTOP-8SM7PKPU", "level": "Information", "category": "other", "user_sid": "S-1-5-18", "process_id": 4, "is_machine_account": 0, "mapped": 0, "source_file": "System.jsonl", "event_data": "{\"ActiveResidencyInUs\": \"12536845\", \"AoAcCompliantNic\": \"true\", \"AudioPlaybackInUs\": \"0\", \"AudioPlaying\": \"false\", \"BatteryFullChargeCapacityOnExit\": \"50640\", \"BatteryRemainingCapacityOnExit\": \"49970\", \"BootId\": \"57\", \"DisconnectedStandby\": \"false\", \"DripsResidencyInUs\": \"0\", \"DripsTransitions\": \"0\", \"DurationInUs\": \"12536845\", \"DwmSyncFlushTime\": \"0\", \"EnergyDrain\": \"0\", \"ExitLatencyInUs\": \"79199\", \"ExternalMonitorConnectedState\": \"true\", \"FirstDripsEntryInUs\": \"0\", \"FullChargeCapacityRatio\": \"96\", \"GdiOnTime\": \"0\", \"HwDripsResidencyInUs\": \"0\", \"InputSuppressionActionCount\": \"0\", \"IsCsSessionInProgressOnExit\": \"false\", \"LidOpenState\": \"false\", \"ModernSleepAppliedActionsBitmask\": \"0\", \"ModernSleepEnabledActionsBitmask\": \"7\", \"MonitorPowerOnTime\": \"76942\", \"NonActivatedCpuInUs\": \"0\", \"NonAttributedCpuInUs\": \"0\", \"NonDripsTimeActivatedInUs\": \"0\", \"NonResiliencyTimeInUs\": \"12536845\", \"PowerButtonSuppressionActionCount\": \"0\", \"PowerSchemeInfo\": \"4\", \"PowerStateAc\": \"true\", \"Reason\": \"31\", \"ResiliencyDripsTimeInUs\": \"0\", \"ResiliencyHwDripsTimeInUs\": \"0\", \"ScenarioInstanceId\": \"174\", \"ScenarioInstanceIdV2\": \"172\", \"ScreenOffDurationInUs\": \"12536657\", \"ScreenOffEnergyCapacityAtEnd\": \"49970\", \"ScreenOffEnergyCapacityAtStart\": \"49970\", \"ScreenOffFullEnergyCapacityAtEnd\": \"50640\", \"ScreenOffFullEnergyCapacityAtStart\": \"50640\", \"ScreenOffHwDripsResidencyInUs\": \"0\", \"ScreenOffSwDripsResidencyInUs\": \"0\", \"SleepDurationInUs\": \"0\", \"SleepEnergyCapacityAtEnd\": \"0\", \"SleepEnergyCapacityAtStart\": \"0\", \"SleepEntered\": \"false\", \"SleepFullEnergyCapacityAtEnd\": \"0\", \"SleepFullEnergyCapacityAtStart\": \"0\", \"SleepHwDripsResidencyInUs\": \"0\", \"SleepSwDripsResidencyInUs\": \"0\"}", "message": "The system is exiting Modern Standby \r\n\r\nReason: Input Keyboard."}
{"timestamp": "2026-08-02T10:43:49.694Z", "record_id": 73864, "event_id": 506, "channel": "System", "channel_key": "system", "provider": "Microsoft-Windows-Kernel-Power", "computer": "LAPTOP-8SM7PKPU", "level": "Information", "category": "other", "user_sid": "S-1-5-18", "process_id": 4, "is_machine_account": 0, "mapped": 0, "source_file": "System.jsonl", "event_data": "{\"BatteryFullChargeCapacityOnEnter\": \"50640\", \"BatteryRemainingCapacityOnEnter\": \"49970\", \"BootId\": \"57\", \"ExternalMonitorConnectedState\": \"true\", \"LidOpenState\": \"false\", \"Reason\": \"12\", \"ScenarioInstanceId\": \"172\", \"ScenarioInstanceIdV2\": \"172\"}", "message": "The system is entering Modern Standby \r\n\r\nReason: Idle Timeout."}
{"timestamp": "2026-08-02T10:43:49.692Z", "record_id": 73863, "event_id": 566, "channel": "System", "channel_key": "system", "provider": "Microsoft-Windows-Kernel-Power", "computer": "LAPTOP-8SM7PKPU", "level": "Information", "category": "other", "user_sid": "S-1-5-18", "process_id": 4, "is_machine_account": 0, "mapped": 0, "source_file": "System.jsonl", "event_data": "{\"BootId\": \"57\", \"MonitorReason\": \"12\", \"NextSessionId\": \"172\", \"NextSessionType\": \"1\", \"PowerStateAc\": \"true\", \"PreviousEnergyCapacityAtEnd\": \"49970\", \"PreviousEnergyCapacityAtStart\": \"50050\", \"PreviousFullEnergyCapacityAtEnd\": \"50640\", \"PreviousFullEnergyCapacityAtStart\": \"50640\", \"PreviousSessionDurationInUs\": \"1755389490\", \"PreviousSessionId\": \"171\", \"PreviousSessionType\": \"0\", \"Reason\": \"12\"}", "message": "The system session has transitioned from 171 to 172.\r\n\r\nReason SessionUnlock \r\n\r\nBootId: 57"}
{"timestamp": "2026-08-02T10:42:57.322Z", "record_id": 73862, "event_id": 20, "channel": "System", "channel_key": "system", "provider": "Microsoft-Windows-WindowsUpdateClient", "computer": "LAPTOP-8SM7PKPU", "level": "Error", "category": "other", "user_sid": "S-1-5-18", "process_id": 26936, "is_machine_account": 0, "mapped": 0, "source_file": "System.jsonl", "event_data": "{\"errorCode\": \"0x80073d02\", \"serviceGuid\": \"{855e8a7c-ecb4-4ca3-b045-1dfa50104289}\", \"updateGuid\": \"{bb5907c5-4a04-4931-b429-a803b85be0a8}\", \"updateRevisionNumber\": \"1\", \"updateTitle\": \"9NKSQGP7F2NH-5319275A.WhatsAppDesktop\"}", "message": "Installation Failure: Windows failed to install the following update with error 0x80073D02: 9NKSQGP7F2NH-5319275A.WhatsAppDesktop."}
{"timestamp": "2026-08-02T10:42:57.082Z", "record_id": 73861, "event_id": 43, "channel": "System", "channel_key": "system", "provider": "Microsoft-Windows-WindowsUpdateClient", "computer": "LAPTOP-8SM7PKPU", "level": "Information", "category": "other", "user_sid": "S-1-5-18", "process_id": 26936, "is_machine_account": 0, "mapped": 0, "source_file": "System.jsonl", "event_data": "{\"updateGuid\": \"{bb5907c5-4a04-4931-b429-a803b85be0a8}\", \"updateRevisionNumber\": \"1\", \"updateTitle\": \"9NKSQGP7F2NH-5319275A.WhatsAppDesktop\"}", "message": "Installation Started: Windows has started installing the following update: 9NKSQGP7F2NH-5319275A.WhatsAppDesktop"}
{"timestamp": "2026-08-02T10:42:57.031Z", "record_id": 73860, "event_id": 20, "channel": "System", "channel_key": "system", "provider": "Microsoft-Windows-WindowsUpdateClient", "computer": "LAPTOP-8SM7PKPU", "level": "Error", "category": "other", "user_sid": "S-1-5-18", "process_id": 26936, "is_machine_account": 0, "mapped": 0, "source_file": "System.jsonl", "event_data": "{\"errorCode\": \"0x80073d02\", \"serviceGuid\": \"{855e8a7c-ecb4-4ca3-b045-1dfa50104289}\", \"updateGuid\": \"{2c56c1cd-bbca-4322-9bbc-48351351e173}\", \"updateRevisionNumber\": \"1\", \"updateTitle\": \"9NTXGKQ8P7N0-MicrosoftWindows.CrossDevice\"}", "message": "Installation Failure: Windows failed to install the following update with error 0x80073D02: 9NTXGKQ8P7N0-MicrosoftWindows.CrossDevice."}
{"timestamp": "2026-08-02T10:42:56.720Z", "record_id": 73859, "event_id": 43, "channel": "System", "channel_key": "system", "provider": "Microsoft-Windows-WindowsUpdateClient", "computer": "LAPTOP-8SM7PKPU", "level": "Information", "category": "other", "user_sid": "S-1-5-18", "process_id": 26936, "is_machine_account": 0, "mapped": 0, "source_file": "System.jsonl", "event_data": "{\"updateGuid\": \"{2c56c1cd-bbca-4322-9bbc-48351351e173}\", \"updateRevisionNumber\": \"1\", \"updateTitle\": \"9NTXGKQ8P7N0-MicrosoftWindows.CrossDevice\"}", "message": "Installation Started: Windows has started installing the following update: 9NTXGKQ8P7N0-MicrosoftWindows.CrossDevice"}
{"timestamp": "2026-08-02T10:42:56.720Z", "record_id": 73858, "event_id": 44, "channel": "System", "channel_key": "system", "provider": "Microsoft-Windows-WindowsUpdateClient", "computer": "LAPTOP-8SM7PKPU", "level": "Information", "category": "other", "user_sid": "S-1-5-18", "process_id": 26936, "is_machine_account": 0, "mapped": 0, "source_file": "System.jsonl", "event_data": "{\"updateGuid\": \"{bb5907c5-4a04-4931-b429-a803b85be0a8}\", \"updateRevisionNumber\": \"1\", \"updateTitle\": \"9NKSQGP7F2NH-5319275A.WhatsAppDesktop\"}", "message": "Windows Update started downloading an update."}
{"timestamp": "2026-08-02T10:42:55.304Z", "record_id": 73857, "event_id": 20, "channel": "System", "channel_key": "system", "provider": "Microsoft-Windows-WindowsUpdateClient", "computer": "LAPTOP-8SM7PKPU", "level": "Error", "category": "other", "user_sid": "S-1-5-18", "process_id": 26936, "is_machine_account": 0, "mapped": 0, "source_file": "System.jsonl", "event_data": "{\"errorCode\": \"0x80073d02\", \"serviceGuid\": \"{855e8a7c-ecb4-4ca3-b045-1dfa50104289}\", \"updateGuid\": \"{3ccb35fd-8903-4681-ba54-30952d1ee219}\", \"updateRevisionNumber\": \"1\", \"updateTitle\": \"9NMPJ99VJBWV-Microsoft.YourPhone\"}", "message": "Installation Failure: Windows failed to install the following update with error 0x80073D02: 9NMPJ99VJBWV-Microsoft.YourPhone."}
{"timestamp": "2026-08-02T10:42:55.272Z", "record_id": 73856, "event_id": 44, "channel": "System", "channel_key": "system", "provider": "Microsoft-Windows-WindowsUpdateClient", "computer": "LAPTOP-8SM7PKPU", "level": "Information", "category": "other", "user_sid": "S-1-5-18", "process_id": 26936, "is_machine_account": 0, "mapped": 0, "source_file": "System.jsonl", "event_data": "{\"updateGuid\": \"{2c56c1cd-bbca-4322-9bbc-48351351e173}\", \"updateRevisionNumber\": \"1\", \"updateTitle\": \"9NTXGKQ8P7N0-MicrosoftWindows.CrossDevice\"}", "message": "Windows Update started downloading an update."}
{"timestamp": "2026-08-02T10:42:54.889Z", "record_id": 73855, "event_id": 43, "channel": "System", "channel_key": "system", "provider": "Microsoft-Windows-WindowsUpdateClient", "computer": "LAPTOP-8SM7PKPU", "level": "Information", "category": "other", "user_sid": "S-1-5-18", "process_id": 26936, "is_machine_account": 0, "mapped": 0, "source_file": "System.jsonl", "event_data": "{\"updateGuid\": \"{3ccb35fd-8903-4681-ba54-30952d1ee219}\", \"updateRevisionNumber\": \"1\", \"updateTitle\": \"9NMPJ99VJBWV-Microsoft.YourPhone\"}", "message": "Installation Started: Windows has started installing the following update: 9NMPJ99VJBWV-Microsoft.YourPhone"}
{"timestamp": "2026-08-02T10:42:53.912Z", "record_id": 73854, "event_id": 19, "channel": "System", "channel_key": "system", "provider": "Microsoft-Windows-WindowsUpdateClient", "computer": "LAPTOP-8SM7PKPU", "level": "Information", "category": "other", "user_sid": "S-1-5-18", "process_id": 26936, "is_machine_account": 0, "mapped": 0, "source_file": "System.jsonl", "event_data": "{\"serviceGuid\": \"{855e8a7c-ecb4-4ca3-b045-1dfa50104289}\", \"updateGuid\": \"{67e25b73-d93d-4232-a082-2222607ecdb3}\", \"updateRevisionNumber\": \"1\", \"updateTitle\": \"9WZDNCRD1HKW-Microsoft.XboxIdentityProvider\"}", "message": "Installation Successful: Windows successfully installed the following update: 9WZDNCRD1HKW-Microsoft.XboxIdentityProvider"}
{"timestamp": "2026-08-02T10:42:53.894Z", "record_id": 73853, "event_id": 20, "channel": "System", "channel_key": "system", "provider": "Microsoft-Windows-WindowsUpdateClient", "computer": "LAPTOP-8SM7PKPU", "level": "Error", "category": "other", "user_sid": "S-1-5-18", "process_id": 26936, "is_machine_account": 0, "mapped": 0, "source_file": "System.jsonl", "event_data": "{\"errorCode\": \"0x80073d02\", \"serviceGuid\": \"{855e8a7c-ecb4-4ca3-b045-1dfa50104289}\", \"updateGuid\": \"{7729370b-310a-4733-9a47-ed90c17dc5f6}\", \"updateRevisionNumber\": \"1\", \"updateTitle\": \"9WZDNCRD29V9-MICROSOFT.MICROSOFTOFFICEHUB\"}", "message": "Installation Failure: Windows failed to install the following update with error 0x80073D02: 9WZDNCRD29V9-MICROSOFT.MICROSOFTOFFICEHUB."}
{"timestamp": "2026-08-02T10:42:53.556Z", "record_id": 73852, "event_id": 43, "channel": "System", "channel_key": "system", "provider": "Microsoft-Windows-WindowsUpdateClient", "computer": "LAPTOP-8SM7PKPU", "level": "Information", "category": "other", "user_sid": "S-1-5-18", "process_id": 26936, "is_machine_account": 0, "mapped": 0, "source_file": "System.jsonl", "event_data": "{\"updateGuid\": \"{7729370b-310a-4733-9a47-ed90c17dc5f6}\", \"updateRevisionNumber\": \"1\", \"updateTitle\": \"9WZDNCRD29V9-MICROSOFT.MICROSOFTOFFICEHUB\"}", "message": "Installation Started: Windows has started installing the following update: 9WZDNCRD29V9-MICROSOFT.MICROSOFTOFFICEHUB"}
{"timestamp": "2026-08-02T10:42:53.202Z", "record_id": 73851, "event_id": 44, "channel": "System", "channel_key": "system", "provider": "Microsoft-Windows-WindowsUpdateClient", "computer": "LAPTOP-8SM7PKPU", "level": "Information", "category": "other", "user_sid": "S-1-5-18", "process_id": 26936, "is_machine_account": 0, "mapped": 0, "source_file": "System.jsonl", "event_data": "{\"updateGuid\": \"{3ccb35fd-8903-4681-ba54-30952d1ee219}\", \"updateRevisionNumber\": \"1\", \"updateTitle\": \"9NMPJ99VJBWV-Microsoft.YourPhone\"}", "message": "Windows Update started downloading an update."}
{"timestamp": "2026-08-02T10:42:53.202Z", "record_id": 73850, "event_id": 44, "channel": "System", "channel_key": "system", "provider": "Microsoft-Windows-WindowsUpdateClient", "computer": "LAPTOP-8SM7PKPU", "level": "Information", "category": "other", "user_sid": "S-1-5-18", "process_id": 26936, "is_machine_account": 0, "mapped": 0, "source_file": "System.jsonl", "event_data": "{\"updateGuid\": \"{67e25b73-d93d-4232-a082-2222607ecdb3}\", \"updateRevisionNumber\": \"1\", \"updateTitle\": \"9WZDNCRD1HKW-Microsoft.XboxIdentityProvider\"}", "message": "Windows Update started downloading an update."}
{"timestamp": "2026-08-02T10:42:53.202Z", "record_id": 73849, "event_id": 44, "channel": "System", "channel_key": "system", "provider": "Microsoft-Windows-WindowsUpdateClient", "computer": "LAPTOP-8SM7PKPU", "level": "Information", "category": "other", "user_sid": "S-1-5-18", "process_id": 26936, "is_machine_account": 0, "mapped": 0, "source_file": "System.jsonl", "event_data": "{\"updateGuid\": \"{7729370b-310a-4733-9a47-ed90c17dc5f6}\", \"updateRevisionNumber\": \"1\", \"updateTitle\": \"9WZDNCRD29V9-MICROSOFT.MICROSOFTOFFICEHUB\"}", "message": "Windows Update started downloading an update."}
{"timestamp": "2026-08-02T10:33:14.482Z", "record_id": 73848, "event_id": 5, "channel": "System", "channel_key": "system", "provider": "Microsoft-Windows-IsolatedUserMode", "computer": "LAPTOP-8SM7PKPU", "level": "Information", "category": "other", "user_sid": "S-1-5-21-3119828605-3733597828-3599172180-1001", "process_id": 15116, "is_machine_account": 0, "mapped": 0, "source_file": "System.jsonl", "event_data": "{\"ImageName\": \"NULL\", \"NormalProcessId\": \"0\", \"Status\": \"0\", \"TrustletIdentity\": \"0\"}", "message": "Secure Trustlet NULL Id 0 and Pid 0 started with status STATUS_SUCCESS."}
{"timestamp": "2026-08-02T10:33:14.371Z", "record_id": 73847, "event_id": 2, "channel": "System", "channel_key": "system", "provider": "Microsoft-Windows-IsolatedUserMode", "computer": "LAPTOP-8SM7PKPU", "level": "Information", "category": "other", "user_sid": "S-1-5-21-3119828605-3733597828-3599172180-1001", "process_id": 3824, "is_machine_account": 0, "mapped": 0, "source_file": "System.jsonl", "event_data": "{\"NormalProcessId\": \"0\", \"Status\": \"0\", \"TrustletIdentity\": \"0\"}", "message": "Secure Trustlet Id 0 and Pid 0 stopped with status STATUS_SUCCESS."}
{"timestamp": "2026-08-02T10:32:32.283Z", "record_id": 73846, "event_id": 5, "channel": "System", "channel_key": "system", "provider": "Microsoft-Windows-IsolatedUserMode", "computer": "LAPTOP-8SM7PKPU", "level": "Information", "category": "other", "user_sid": "S-1-5-21-3119828605-3733597828-3599172180-1001", "process_id": 3824, "is_machine_account": 0, "mapped": 0, "source_file": "System.jsonl", "event_data": "{\"ImageName\": \"NULL\", \"NormalProcessId\": \"0\", \"Status\": \"0\", \"TrustletIdentity\": \"0\"}", "message": "Secure Trustlet NULL Id 0 and Pid 0 started with status STATUS_SUCCESS."}
{"timestamp": "2026-08-02T10:32:31.954Z", "record_id": 73845, "event_id": 2, "channel": "System", "channel_key": "system", "provider": "Microsoft-Windows-IsolatedUserMode", "computer": "LAPTOP-8SM7PKPU", "level": "Information", "category": "other", "user_sid": "S-1-5-21-3119828605-3733597828-3599172180-1001", "process_id": 12328, "is_machine_account": 0, "mapped": 0, "source_file": "System.jsonl", "event_data": "{\"NormalProcessId\": \"0\", \"Status\": \"0\", \"TrustletIdentity\": \"0\"}", "message": "Secure Trustlet Id 0 and Pid 0 stopped with status STATUS_SUCCESS."}
{"timestamp": "2026-08-02T10:30:02.288Z", "record_id": 73844, "event_id": 19, "channel": "System", "channel_key": "system", "provider": "Microsoft-Windows-WindowsUpdateClient", "computer": "LAPTOP-8SM7PKPU", "level": "Information", "category": "other", "user_sid": "S-1-5-18", "process_id": 7360, "is_machine_account": 0, "mapped": 0, "source_file": "System.jsonl", "event_data": "{\"serviceGuid\": \"{9482f4b4-e343-43b6-b170-9a65bc822c77}\", \"updateGuid\": \"{32559553-2f3e-4e22-a282-52a39cd25f11}\", \"updateRevisionNumber\": \"200\", \"updateTitle\": \"Security Intelligence Update for Microsoft Defender Antivirus - KB2267602 (Version 1.455.469.0) - Current Channel (Broad)\"}", "message": "Installation Successful: Windows successfully installed the following update: Security Intelligence Update for Microsoft Defender Antivirus - KB2267602 (Version 1.455.469.0) - Current Channel (Broad)"}
{"timestamp": "2026-08-02T10:29:56.677Z", "record_id": 73843, "event_id": 43, "channel": "System", "channel_key": "system", "provider": "Microsoft-Windows-WindowsUpdateClient", "computer": "LAPTOP-8SM7PKPU", "level": "Information", "category": "other", "user_sid": "S-1-5-18", "process_id": 7360, "is_machine_account": 0, "mapped": 0, "source_file": "System.jsonl", "event_data": "{\"updateGuid\": \"{32559553-2f3e-4e22-a282-52a39cd25f11}\", \"updateRevisionNumber\": \"200\", \"updateTitle\": \"Security Intelligence Update for Microsoft Defender Antivirus - KB2267602 (Version 1.455.469.0) - Current Channel (Broad)\"}", "message": "Installation Started: Windows has started installing the following update: Security Intelligence Update for Microsoft Defender Antivirus - KB2267602 (Version 1.455.469.0) - Current Channel (Broad)"}
{"timestamp": "2026-08-02T10:29:56.677Z", "record_id": 73842, "event_id": 44, "channel": "System", "channel_key": "system", "provider": "Microsoft-Windows-WindowsUpdateClient", "computer": "LAPTOP-8SM7PKPU", "level": "Information", "category": "other", "user_sid": "S-1-5-18", "process_id": 7360, "is_machine_account": 0, "mapped": 0, "source_file": "System.jsonl", "event_data": "{\"updateGuid\": \"{32559553-2f3e-4e22-a282-52a39cd25f11}\", \"updateRevisionNumber\": \"200\", \"updateTitle\": \"Security Intelligence Update for Microsoft Defender Antivirus - KB2267602 (Version 1.455.469.0) - Current Channel (Broad)\"}", "message": "Windows Update started downloading an update."}
{"timestamp": "2026-08-02T10:21:19.904Z", "record_id": 73841, "event_id": 2, "channel": "System", "channel_key": "system", "provider": "Microsoft-Windows-IsolatedUserMode", "computer": "LAPTOP-8SM7PKPU", "level": "Information", "category": "other", "user_sid": "S-1-5-18", "process_id": 20508, "is_machine_account": 0, "mapped": 0, "source_file": "System.jsonl", "event_data": "{\"NormalProcessId\": \"20508\", \"Status\": \"0\", \"TrustletIdentity\": \"4\"}", "message": "Secure Trustlet Id 4 and Pid 20508 stopped with status STATUS_SUCCESS."}
{"timestamp": "2026-08-02T10:16:34.522Z", "record_id": 73840, "event_id": 16, "channel": "System", "channel_key": "system", "provider": "Microsoft-Windows-Kernel-General", "computer": "LAPTOP-8SM7PKPU", "level": "Information", "category": "other", "user_sid": "S-1-5-18", "process_id": 33292, "is_machine_account": 0, "mapped": 0, "source_file": "System.jsonl", "event_data": "{\"DirtyPages\": \"0\", \"HiveName\": \"\\\\??\\\\C:\\\\ProgramData\\\\Microsoft\\\\Windows\\\\AppRepository\\\\Packages\\\\Microsoft.Office.ActionsServer_16.0.20228.20124_neutral__8wekyb3d8bbwe\\\\ActivationStore.dat\", \"HiveNameLength\": \"150\", \"KeysUpdated\": \"0\"}", "message": "The access history in hive \\??\\C:\\ProgramData\\Microsoft\\Windows\\AppRepository\\Packages\\Microsoft.Office.ActionsServer_16.0.20228.20124_neutral__8wekyb3d8bbwe\\ActivationStore.dat was cleared updating 0 keys and creating 0 modified pages."}
{"timestamp": "2026-08-02T10:16:33.713Z", "record_id": 73839, "event_id": 16, "channel": "System", "channel_key": "system", "provider": "Microsoft-Windows-Kernel-General", "computer": "LAPTOP-8SM7PKPU", "level": "Information", "category": "other", "user_sid": "S-1-5-18", "process_id": 33292, "is_machine_account": 0, "mapped": 0, "source_file": "System.jsonl", "event_data": "{\"DirtyPages\": \"0\", \"HiveName\": \"\\\\??\\\\C:\\\\ProgramData\\\\Microsoft\\\\Windows\\\\AppRepository\\\\Packages\\\\Microsoft.OfficePushNotificationUtility_16.0.20228.20124_neutral__8wekyb3d8bbwe\\\\ActivationStore.dat\", \"HiveNameLength\": \"159\", \"KeysUpdated\": \"0\"}", "message": "The access history in hive \\??\\C:\\ProgramData\\Microsoft\\Windows\\AppRepository\\Packages\\Microsoft.OfficePushNotificationUtility_16.0.20228.20124_neutral__8wekyb3d8bbwe\\ActivationStore.dat was cleared updating 0 keys and creating 0 modified pages."}
{"timestamp": "2026-08-02T10:15:54.190Z", "record_id": 73838, "event_id": 19, "channel": "System", "channel_key": "system", "provider": "Microsoft-Windows-WindowsUpdateClient", "computer": "LAPTOP-8SM7PKPU", "level": "Information", "category": "other", "user_sid": "S-1-5-18", "process_id": 31720, "is_machine_account": 0, "mapped": 0, "source_file": "System.jsonl", "event_data": "{\"serviceGuid\": \"{855e8a7c-ecb4-4ca3-b045-1dfa50104289}\", \"updateGuid\": \"{d5dcbf5f-fa94-4d93-ac4c-662c308a9d18}\", \"updateRevisionNumber\": \"1\", \"updateTitle\": \"9NRZT3Q9R3DL-Microsoft.WindowsAppRuntime.2\"}", "message": "Installation Successful: Windows successfully installed the following update: 9NRZT3Q9R3DL-Microsoft.WindowsAppRuntime.2"}
{"timestamp": "2026-08-02T10:15:54.130Z", "record_id": 73837, "event_id": 43, "channel": "System", "channel_key": "system", "provider": "Microsoft-Windows-WindowsUpdateClient", "computer": "LAPTOP-8SM7PKPU", "level": "Information", "category": "other", "user_sid": "S-1-5-18", "process_id": 31720, "is_machine_account": 0, "mapped": 0, "source_file": "System.jsonl", "event_data": "{\"updateGuid\": \"{d5dcbf5f-fa94-4d93-ac4c-662c308a9d18}\", \"updateRevisionNumber\": \"1\", \"updateTitle\": \"9NRZT3Q9R3DL-Microsoft.WindowsAppRuntime.2\"}", "message": "Installation Started: Windows has started installing the following update: 9NRZT3Q9R3DL-Microsoft.WindowsAppRuntime.2"}
{"timestamp": "2026-08-02T10:15:54.098Z", "record_id": 73836, "event_id": 19, "channel": "System", "channel_key": "system", "provider": "Microsoft-Windows-WindowsUpdateClient", "computer": "LAPTOP-8SM7PKPU", "level": "Information", "category": "other", "user_sid": "S-1-5-18", "process_id": 31720, "is_machine_account": 0, "mapped": 0, "source_file": "System.jsonl", "event_data": "{\"serviceGuid\": \"{855e8a7c-ecb4-4ca3-b045-1dfa50104289}\", \"updateGuid\": \"{8eb63d09-528c-4fed-b9a8-c4463b2ddb92}\", \"updateRevisionNumber\": \"1\", \"updateTitle\": \"9NRZT3Q9R3DL-Microsoft.WindowsAppRuntime.2\"}", "message": "Installation Successful: Windows successfully installed the following update: 9NRZT3Q9R3DL-Microsoft.WindowsAppRuntime.2"}
{"timestamp": "2026-08-02T10:15:54.036Z", "record_id": 73835, "event_id": 43, "channel": "System", "channel_key": "system", "provider": "Microsoft-Windows-WindowsUpdateClient", "computer": "LAPTOP-8SM7PKPU", "level": "Information", "category": "other", "user_sid": "S-1-5-18", "process_id": 31720, "is_machine_account": 0, "mapped": 0, "source_file": "System.jsonl", "event_data": "{\"updateGuid\": \"{8eb63d09-528c-4fed-b9a8-c4463b2ddb92}\", \"updateRevisionNumber\": \"1\", \"updateTitle\": \"9NRZT3Q9R3DL-Microsoft.WindowsAppRuntime.2\"}", "message": "Installation Started: Windows has started installing the following update: 9NRZT3Q9R3DL-Microsoft.WindowsAppRuntime.2"}
{"timestamp": "2026-08-02T10:15:53.598Z", "record_id": 73834, "event_id": 44, "channel": "System", "channel_key": "system", "provider": "Microsoft-Windows-WindowsUpdateClient", "computer": "LAPTOP-8SM7PKPU", "level": "Information", "category": "other", "user_sid": "S-1-5-18", "process_id": 31720, "is_machine_account": 0, "mapped": 0, "source_file": "System.jsonl", "event_data": "{\"updateGuid\": \"{d5dcbf5f-fa94-4d93-ac4c-662c308a9d18}\", \"updateRevisionNumber\": \"1\", \"updateTitle\": \"9NRZT3Q9R3DL-Microsoft.WindowsAppRuntime.2\"}", "message": "Windows Update started downloading an update."}
{"timestamp": "2026-08-02T10:15:53.598Z", "record_id": 73833, "event_id": 44, "channel": "System", "channel_key": "system", "provider": "Microsoft-Windows-WindowsUpdateClient", "computer": "LAPTOP-8SM7PKPU", "level": "Information", "category": "other", "user_sid": "S-1-5-18", "process_id": 31720, "is_machine_account": 0, "mapped": 0, "source_file": "System.jsonl", "event_data": "{\"updateGuid\": \"{8eb63d09-528c-4fed-b9a8-c4463b2ddb92}\", \"updateRevisionNumber\": \"1\", \"updateTitle\": \"9NRZT3Q9R3DL-Microsoft.WindowsAppRuntime.2\"}", "message": "Windows Update started downloading an update."}
{"timestamp": "2026-08-02T10:14:34.304Z", "record_id": 73832, "event_id": 566, "channel": "System", "channel_key": "system", "provider": "Microsoft-Windows-Kernel-Power", "computer": "LAPTOP-8SM7PKPU", "level": "Information", "category": "other", "user_sid": "S-1-5-18", "process_id": 4, "is_machine_account": 0, "mapped": 0, "source_file": "System.jsonl", "event_data": "{\"BootId\": \"57\", \"MonitorReason\": \"31\", \"NextSessionId\": \"171\", \"NextSessionType\": \"0\", \"PowerStateAc\": \"true\", \"PreviousEnergyCapacityAtEnd\": \"50050\", \"PreviousEnergyCapacityAtStart\": \"50060\", \"PreviousFullEnergyCapacityAtEnd\": \"50640\", \"PreviousFullEnergyCapacityAtStart\": \"50640\", \"PreviousSessionDurationInUs\": \"14672385963\", \"PreviousSessionId\": \"170\", \"PreviousSessionType\": \"2\", \"Reason\": \"31\"}", "message": "The system session has transitioned from 170 to 171.\r\n\r\nReason InputAccelerometer \r\n\r\nBootId: 57"}
{"timestamp": "2026-08-02T10:14:34.304Z", "record_id": 73831, "event_id": 507, "channel": "System", "channel_key": "system", "provider": "Microsoft-Windows-Kernel-Power", "computer": "LAPTOP-8SM7PKPU", "level": "Information", "category": "other", "user_sid": "S-1-5-18", "process_id": 4, "is_machine_account": 0, "mapped": 0, "source_file": "System.jsonl", "event_data": "{\"ActiveResidencyInUs\": \"14735605145\", \"AoAcCompliantNic\": \"true\", \"AudioPlaybackInUs\": \"0\", \"AudioPlaying\": \"false\", \"BatteryFullChargeCapacityOnExit\": \"50640\", \"BatteryRemainingCapacityOnExit\": \"50050\", \"BootId\": \"57\", \"DisconnectedStandby\": \"false\", \"DripsResidencyInUs\": \"0\", \"DripsTransitions\": \"0\", \"DurationInUs\": \"14735605145\", \"DwmSyncFlushTime\": \"0\", \"EnergyDrain\": \"7\", \"ExitLatencyInUs\": \"230298\", \"ExternalMonitorConnectedState\": \"true\", \"FirstDripsEntryInUs\": \"0\", \"FullChargeCapacityRatio\": \"96\", \"GdiOnTime\": \"0\", \"HwDripsResidencyInUs\": \"0\", \"InputSuppressionActionCount\": \"0\", \"IsCsSessionInProgressOnExit\": \"false\", \"LidOpenState\": \"false\", \"ModernSleepAppliedActionsBitmask\": \"4\", \"ModernSleepEnabledActionsBitmask\": \"7\", \"MonitorPowerOnTime\": \"210224\", \"NonActivatedCpuInUs\": \"533929467\", \"NonAttributedCpuInUs\": \"0\", \"NonDripsTimeActivatedInUs\": \"132623689253\", \"NonResiliencyTimeInUs\": \"18446743941777415057\", \"PowerButtonSuppressionActionCount\": \"0\", \"PowerSchemeInfo\": \"4\", \"PowerStateAc\": \"true\", \"Reason\": \"31\", \"ResiliencyDripsTimeInUs\": \"0\", \"ResiliencyHwDripsTimeInUs\": \"0\", \"ScenarioInstanceId\": \"171\", \"ScenarioInstanceIdV2\": \"169\", \"ScreenOffDurationInUs\": \"63216287\", \"ScreenOffEnergyCapacityAtEnd\": \"50060\", \"ScreenOffEnergyCapacityAtStart\": \"50080\", \"ScreenOffFullEnergyCapacityAtEnd\": \"50640\", \"ScreenOffFullEnergyCapacityAtStart\": \"50640\", \"ScreenOffHwDripsResidencyInUs\": \"0\", \"ScreenOffSwDripsResidencyInUs\": \"0\", \"SleepDurationInUs\": \"14672385963\", \"SleepEnergyCapacityAtEnd\": \"50050\", \"SleepEnergyCapacityAtStart\": \"50060\", \"SleepEntered\": \"true\", \"SleepFullEnergyCapacityAtEnd\": \"50640\", \"SleepFullEnergyCapacityAtStart\": \"50640\", \"SleepHwDripsResidencyInUs\": \"0\", \"SleepSwDripsResidencyInUs\": \"0\"}", "message": "The system is exiting Modern Standby \r\n\r\nReason: Input Keyboard."}
{"timestamp": "2026-08-02T10:14:34.078Z", "record_id": 73830, "event_id": 1, "channel": "System", "channel_key": "system", "provider": "Microsoft-Windows-Kernel-General", "computer": "LAPTOP-8SM7PKPU", "level": "Information", "category": "other", "user_sid": "S-1-5-19", "process_id": 27420, "is_machine_account": 0, "mapped": 0, "source_file": "System.jsonl", "event_data": "{\"CmosTime\": \"2026-08-02T11:14:34.0785549Z\", \"NewTime\": \"2026-08-02T10:14:34.0785549Z\", \"OldTime\": \"2026-08-02T10:14:34.0783225Z\", \"ProcessID\": \"27420\", \"ProcessName\": \"\\\\Device\\\\HarddiskVolume3\\\\Windows\\\\System32\\\\svchost.exe\", \"RealTimeIsUniversal\": \"false\", \"Reason\": \"1\", \"SystemInCmosMode\": \"false\", \"TimeDeltaInMs\": \"0\", \"TimeZoneBias\": \"-60\"}", "message": "The system time has changed to ‎2026‎-‎08‎-‎02T10:14:34.078554900Z from ‎2026‎-‎08‎-‎02T10:14:34.078322500Z.\r\nTime Delta: 0 ms\r\n\r\nChange Reason: An application or system component changed the time.\r\nProcess: '\\Device\\HarddiskVolume3\\Windows\\System32\\svchost.exe' (PID 27420).\r\n\r\nRTC time: ‎2026‎-‎08‎-‎02T11:14:34.078554900Z\r\nCurrent time zone bias: -60\r\nRTC time is in UTC: false\r\nSystem time was based on RTC time: false"}
{"timestamp": "2026-08-02T10:14:34.078Z", "record_id": 73829, "event_id": 24, "channel": "System", "channel_key": "system", "provider": "Microsoft-Windows-Kernel-General", "computer": "LAPTOP-8SM7PKPU", "level": "Information", "category": "other", "user_sid": "S-1-5-19", "process_id": 27420, "is_machine_account": 0, "mapped": 0, "source_file": "System.jsonl", "event_data": "{\"CurrentBias\": \"-60\", \"CurrentTimeZoneID\": \"2\", \"ExitReason\": \"0\", \"FirstRefresh\": \"0\", \"TimeZoneInfoCacheUpdated\": \"0\"}", "message": "The time zone information was refreshed with exit reason 0. Current time zone bias is -60."}
{"timestamp": "2026-08-02T09:00:42.650Z", "record_id": 73828, "event_id": 37, "channel": "System", "channel_key": "system", "provider": "Microsoft-Windows-Time-Service", "computer": "LAPTOP-8SM7PKPU", "level": "Information", "category": "other", "user_sid": "S-1-5-19", "process_id": 27420, "is_machine_account": 0, "mapped": 0, "source_file": "System.jsonl", "event_data": "{\"TimeSource\": \"time.windows.com,0x9 (ntp.m|0x9|0.0.0.0:123->51.145.123.29:123)\"}", "message": "The time provider NtpClient is currently receiving valid time data from time.windows.com,0x9 (ntp.m|0x9|0.0.0.0:123->51.145.123.29:123)."}
{"timestamp": "2026-08-02T06:10:01.919Z", "record_id": 73827, "event_id": 566, "channel": "System", "channel_key": "system", "provider": "Microsoft-Windows-Kernel-Power", "computer": "LAPTOP-8SM7PKPU", "level": "Information", "category": "other", "user_sid": "S-1-5-18", "process_id": 4, "is_machine_account": 0, "mapped": 0, "source_file": "System.jsonl", "event_data": "{\"BootId\": \"57\", \"MonitorReason\": \"28\", \"NextSessionId\": \"170\", \"NextSessionType\": \"2\", \"PowerStateAc\": \"true\", \"PreviousEnergyCapacityAtEnd\": \"50060\", \"PreviousEnergyCapacityAtStart\": \"50080\", \"PreviousFullEnergyCapacityAtEnd\": \"50640\", \"PreviousFullEnergyCapacityAtStart\": \"50640\", \"PreviousSessionDurationInUs\": \"63216287\", \"PreviousSessionId\": \"169\", \"PreviousSessionType\": \"1\", \"Reason\": \"28\"}", "message": "The system session has transitioned from 169 to 170.\r\n\r\nReason InputMouse \r\n\r\nBootId: 57"}
{"timestamp": "2026-08-02T06:08:58.702Z", "record_id": 73826, "event_id": 506, "channel": "System", "channel_key": "system", "provider": "Microsoft-Windows-Kernel-Power", "computer": "LAPTOP-8SM7PKPU", "level": "Information", "category": "other", "user_sid": "S-1-5-18", "process_id": 4, "is_machine_account": 0, "mapped": 0, "source_file": "System.jsonl", "event_data": "{\"BatteryFullChargeCapacityOnEnter\": \"50640\", \"BatteryRemainingCapacityOnEnter\": \"50080\", \"BootId\": \"57\", \"ExternalMonitorConnectedState\": \"true\", \"LidOpenState\": \"false\", \"Reason\": \"16777220\", \"ScenarioInstanceId\": \"169\", \"ScenarioInstanceIdV2\": \"169\"}", "message": "The system is entering Modern Standby \r\n\r\nReason: 16777220."}
{"timestamp": "2026-08-02T06:08:58.702Z", "record_id": 73825, "event_id": 566, "channel": "System", "channel_key": "system", "provider": "Microsoft-Windows-Kernel-Power", "computer": "LAPTOP-8SM7PKPU", "level": "Information", "category": "other", "user_sid": "S-1-5-18", "process_id": 4, "is_machine_account": 0, "mapped": 0, "source_file": "System.jsonl", "event_data": "{\"BootId\": \"57\", \"MonitorReason\": \"16777220\", \"NextSessionId\": \"169\", \"NextSessionType\": \"1\", \"PowerStateAc\": \"true\", \"PreviousEnergyCapacityAtEnd\": \"50080\", \"PreviousEnergyCapacityAtStart\": \"50080\", \"PreviousFullEnergyCapacityAtEnd\": \"50640\", \"PreviousFullEnergyCapacityAtStart\": \"50640\", \"PreviousSessionDurationInUs\": \"1003222\", \"PreviousSessionId\": \"168\", \"PreviousSessionType\": \"2\", \"Reason\": \"16777220\"}", "message": "The system session has transitioned from 168 to 169.\r\n\r\nReason 16777220 \r\n\r\nBootId: 57"}
{"timestamp": "2026-08-02T06:08:58.701Z", "record_id": 73824, "event_id": 507, "channel": "System", "channel_key": "system", "provider": "Microsoft-Windows-Kernel-Power", "computer": "LAPTOP-8SM7PKPU", "level": "Information", "category": "other", "user_sid": "S-1-5-18", "process_id": 4, "is_machine_account": 0, "mapped": 0, "source_file": "System.jsonl", "event_data": "{\"ActiveResidencyInUs\": \"18957379\", \"AoAcCompliantNic\": \"true\", \"AudioPlaybackInUs\": \"0\", \"AudioPlaying\": \"false\", \"BatteryFullChargeCapacityOnExit\": \"50640\", \"BatteryRemainingCapacityOnExit\": \"50080\", \"BootId\": \"57\", \"DisconnectedStandby\": \"false\", \"DripsResidencyInUs\": \"0\", \"DripsTransitions\": \"0\", \"DurationInUs\": \"18957379\", \"DwmSyncFlushTime\": \"0\", \"EnergyDrain\": \"0\", \"ExitLatencyInUs\": \"0\", \"ExternalMonitorConnectedState\": \"true\", \"FirstDripsEntryInUs\": \"0\", \"FullChargeCapacityRatio\": \"96\", \"GdiOnTime\": \"0\", \"HwDripsResidencyInUs\": \"0\", \"InputSuppressionActionCount\": \"0\", \"IsCsSessionInProgressOnExit\": \"true\", \"LidOpenState\": \"false\", \"ModernSleepAppliedActionsBitmask\": \"4\", \"ModernSleepEnabledActionsBitmask\": \"7\", \"MonitorPowerOnTime\": \"0\", \"NonActivatedCpuInUs\": \"0\", \"NonAttributedCpuInUs\": \"0\", \"NonDripsTimeActivatedInUs\": \"0\", \"NonResiliencyTimeInUs\": \"18957379\", \"PowerButtonSuppressionActionCount\": \"0\", \"PowerSchemeInfo\": \"4\", \"PowerStateAc\": \"true\", \"Reason\": \"16777220\", \"ResiliencyDripsTimeInUs\": \"0\", \"ResiliencyHwDripsTimeInUs\": \"0\", \"ScenarioInstanceId\": \"169\", \"ScenarioInstanceIdV2\": \"167\", \"ScreenOffDurationInUs\": \"17958229\", \"ScreenOffEnergyCapacityAtEnd\": \"50080\", \"ScreenOffEnergyCapacityAtStart\": \"50080\", \"ScreenOffFullEnergyCapacityAtEnd\": \"50640\", \"ScreenOffFullEnergyCapacityAtStart\": \"50640\", \"ScreenOffHwDripsResidencyInUs\": \"0\", \"ScreenOffSwDripsResidencyInUs\": \"0\", \"SleepDurationInUs\": \"1003222\", \"SleepEnergyCapacityAtEnd\": \"50080\", \"SleepEnergyCapacityAtStart\": \"50080\", \"SleepEntered\": \"true\", \"SleepFullEnergyCapacityAtEnd\": \"50640\", \"SleepFullEnergyCapacityAtStart\": \"50640\", \"SleepHwDripsResidencyInUs\": \"0\", \"SleepSwDripsResidencyInUs\": \"0\"}", "message": "The system is exiting Modern Standby \r\n\r\nReason: 16777220."}
{"timestamp": "2026-08-02T06:08:57.699Z", "record_id": 73823, "event_id": 566, "channel": "System", "channel_key": "system", "provider": "Microsoft-Windows-Kernel-Power", "computer": "LAPTOP-8SM7PKPU", "level": "Information", "category": "other", "user_sid": "S-1-5-18", "process_id": 4, "is_machine_account": 0, "mapped": 0, "source_file": "System.jsonl", "event_data": "{\"BootId\": \"57\", \"MonitorReason\": \"28\", \"NextSessionId\": \"168\", \"NextSessionType\": \"2\", \"PowerStateAc\": \"true\", \"PreviousEnergyCapacityAtEnd\": \"50080\", \"PreviousEnergyCapacityAtStart\": \"50080\", \"PreviousFullEnergyCapacityAtEnd\": \"50640\", \"PreviousFullEnergyCapacityAtStart\": \"50640\", \"PreviousSessionDurationInUs\": \"17958229\", \"PreviousSessionId\": \"167\", \"PreviousSessionType\": \"1\", \"Reason\": \"28\"}", "message": "The system session has transitioned from 167 to 168.\r\n\r\nReason InputMouse \r\n\r\nBootId: 57"}
{"timestamp": "2026-08-02T06:08:57.678Z", "record_id": 73822, "event_id": 7040, "channel": "System", "channel_key": "system", "provider": "Service Control Manager", "computer": "LAPTOP-8SM7PKPU", "level": "Information", "category": "service_install", "attack_data_sources": "DS0019:Service Creation", "user_sid": "S-1-5-18", "process_id": 1908, "service_name": "Windows Modules Installer", "service_start_type": "demand start", "is_machine_account": 0, "mapped": 1, "source_file": "System.jsonl", "event_data": "{\"param1\": \"Windows Modules Installer\", \"param2\": \"auto start\", \"param3\": \"demand start\", \"param4\": \"TrustedInstaller\"}", "message": "The start type of the Windows Modules Installer service was changed from auto start to demand start."}
{"timestamp": "2026-08-02T06:08:57.414Z", "record_id": 73821, "event_id": 7040, "channel": "System", "channel_key": "system", "provider": "Service Control Manager", "computer": "LAPTOP-8SM7PKPU", "level": "Information", "category": "service_install", "attack_data_sources": "DS0019:Service Creation", "user_sid": "S-1-5-18", "process_id": 1908, "service_name": "Windows Modules Installer", "service_start_type": "auto start", "is_machine_account": 0, "mapped": 1, "source_file": "System.jsonl", "event_data": "{\"param1\": \"Windows Modules Installer\", \"param2\": \"demand start\", \"param3\": \"auto start\", \"param4\": \"TrustedInstaller\"}", "message": "The start type of the Windows Modules Installer service was changed from demand start to auto start."}
{"timestamp": "2026-08-02T06:08:49.135Z", "record_id": 73820, "event_id": 7040, "channel": "System", "channel_key": "system", "provider": "Service Control Manager", "computer": "LAPTOP-8SM7PKPU", "level": "Information", "category": "service_install", "attack_data_sources": "DS0019:Service Creation", "user_sid": "S-1-5-18", "process_id": 1908, "service_name": "Windows Modules Installer", "service_start_type": "demand start", "is_machine_account": 0, "mapped": 1, "source_file": "System.jsonl", "event_data": "{\"param1\": \"Windows Modules Installer\", \"param2\": \"auto start\", \"param3\": \"demand start\", \"param4\": \"TrustedInstaller\"}", "message": "The start type of the Windows Modules Installer service was changed from auto start to demand start."}
{"timestamp": "2026-08-02T06:08:49.118Z", "record_id": 73819, "event_id": 7040, "channel": "System", "channel_key": "system", "provider": "Service Control Manager", "computer": "LAPTOP-8SM7PKPU", "level": "Information", "category": "service_install", "attack_data_sources": "DS0019:Service Creation", "user_sid": "S-1-5-18", "process_id": 1908, "service_name": "Windows Modules Installer", "service_start_type": "auto start", "is_machine_account": 0, "mapped": 1, "source_file": "System.jsonl", "event_data": "{\"param1\": \"Windows Modules Installer\", \"param2\": \"demand start\", \"param3\": \"auto start\", \"param4\": \"TrustedInstaller\"}", "message": "The start type of the Windows Modules Installer service was changed from demand start to auto start."}
{"timestamp": "2026-08-02T06:08:48.947Z", "record_id": 73818, "event_id": 7040, "channel": "System", "channel_key": "system", "provider": "Service Control Manager", "computer": "LAPTOP-8SM7PKPU", "level": "Information", "category": "service_install", "attack_data_sources": "DS0019:Service Creation", "user_sid": "S-1-5-18", "process_id": 1908, "service_name": "Windows Modules Installer", "service_start_type": "demand start", "is_machine_account": 0, "mapped": 1, "source_file": "System.jsonl", "event_data": "{\"param1\": \"Windows Modules Installer\", \"param2\": \"auto start\", \"param3\": \"demand start\", \"param4\": \"TrustedInstaller\"}", "message": "The start type of the Windows Modules Installer service was changed from auto start to demand start."}
