{"timestamp": "2026-08-02T10:42:57.074Z", "record_id": 27306, "event_id": 1001, "channel": "Application", "channel_key": "application", "provider": "Windows Error Reporting", "computer": "LAPTOP-8SM7PKPU", "level": "Information", "category": "other", "user_sid": "S-1-5-18", "process_id": 31776, "is_machine_account": 0, "mapped": 0, "source_file": "Application.jsonl", "event_data": "{\"AnalysisSymbol\": \"\", \"AttachedFiles\": \"\\n\\\\\\\\?\\\\C:\\\\Windows\\\\LiveKernelReports\\\\UcmUcsiCx.sys\\\\UcmUcsiCx.sys-20260509-2322.dmp\\n\\\\\\\\?\\\\C:\\\\Windows\\\\SystemTemp\\\\WER-272185656-0.sysdata.xml\\n\\\\\\\\?\\\\C:\\\\ProgramData\\\\Microsoft\\\\Windows\\\\WER\\\\Temp\\\\WER.3717a5de-154e-48b1-ac4e-d44443386fbd.tmp.WERInternalMetadata.xml\\n\\\\\\\\?\\\\C:\\\\ProgramData\\\\Microsoft\\\\Windows\\\\WER\\\\Temp\\\\WER.2db181bf-9033-4960-907d-6f3e6114edc7.tmp.csv\\n\\\\\\\\?\\\\C:\\\\ProgramData\\\\Microsoft\\\\Windows\\\\WER\\\\Temp\\\\WER.ec817bed-6ca6-4940-b74f-447d9d491fbb.tmp.txt\\n\\\\\\\\?\\\\C:\\\\ProgramData\\\\Microsoft\\\\Windows\\\\WER\\\\Temp\\\\WER.e923ea3d-4fe7-465b-9fe8-23da8900b4b2.tmp.xml\", \"Bucket\": \"\", \"BucketType\": \"0\", \"CabGuid\": \"0\", \"CabId\": \"0\", \"EventName\": \"LiveKernelEvent\", \"HashedBucket\": \"\", \"P1\": \"1d4\", \"P10\": \"\", \"P2\": \"0\", \"P3\": \"12\", \"P4\": \"fffff003f90c7150\", \"P5\": \"102\", \"P6\": \"10_0_26200\", \"P7\": \"0_0\", \"P8\": \"256_1\", \"P9\": \"\", \"Rechecking\": \"0\", \"ReportId\": \"3c66456f-e1f6-4dc9-b198-75831e559848\", \"ReportStatus\": \"2051\", \"Response\": \"Not available\", \"StorePath\": \"\\\\\\\\?\\\\C:\\\\ProgramData\\\\Microsoft\\\\Windows\\\\WER\\\\ReportQueue\\\\Kernel_1d4_964e26076728cf242e9d4791629814ac6ec8c2_00000000_3c66456f-e1f6-4dc9-b198-75831e559848\"}", "message": "Fault bucket , type 0\r\nEvent Name: LiveKernelEvent\r\nResponse: Not available\r\nCab Id: 0\r\n\r\nProblem signature:\r\nP1: 1d4\r\nP2: 0\r\nP3: 12\r\nP4: fffff003f90c7150\r\nP5: 102\r\nP6: 10_0_26200\r\nP7: 0_0\r\nP8: 256_1\r\nP9: \r\nP10: \r\n\r\nAttached files:\r\n\\\\?\\C:\\Windows\\LiveKernelReports\\UcmUcsiCx.sys\\UcmUcsiCx.sys-20260509-2322.dmp\r\n\\\\?\\C:\\Windows\\SystemTemp\\WER-272185656-0.sysdata.xml\r\n\\\\?\\C:\\ProgramData\\Microsoft\\Windows\\WER\\Temp\\WER.3717a5de-154e-48b1-ac4e-d44443386fbd.tmp.WERInternalMetadata.xml\r\n\\\\?\\C:\\ProgramData\\Microsoft\\Windows\\WER\\Temp\\WER.2db181bf-9033-4960-907d-6f3e6114edc7.tmp.csv\r\n\\\\?\\C:\\ProgramData\\Microsoft\\Windows\\WER\\Temp\\WER.ec817bed-6ca6-4940-b74f-447d9d491fbb.tmp.txt\r\n\\\\?\\C:\\ProgramData\\Microsoft\\Windows\\WER\\Temp\\WER.e923ea3d-4fe7-465b-9fe8-23da8900b4b2.tmp.xml\r\n\r\nThese files may be available here:\r\n\\\\?\\C:\\ProgramData\\Microsoft\\Windows\\WER\\ReportQueue\\Kernel_1d4_964e26076728cf242e9d4791629814ac6ec8c2_00000000_3c66456f-e1f6-4dc9-b198-75831e559848\r\n\r\nAnalysis symbol: \r\nRechecking for solution: 0\r\nReport Id: 3c66456f-e1f6-4dc9-b198-75831e559848\r\nReport Status: 2051\r\nHashed bucket: \r\nCab Guid: 0"}
{"timestamp": "2026-08-02T10:42:57.035Z", "record_id": 27305, "event_id": 1001, "channel": "Application", "channel_key": "application", "provider": "Windows Error Reporting", "computer": "LAPTOP-8SM7PKPU", "level": "Information", "category": "other", "user_sid": "S-1-5-18", "process_id": 31776, "is_machine_account": 0, "mapped": 0, "source_file": "Application.jsonl", "event_data": "{\"AnalysisSymbol\": \"\", \"AttachedFiles\": \"\\n\\\\\\\\?\\\\C:\\\\Windows\\\\LiveKernelReports\\\\UcmUcsiCx.sys\\\\UcmUcsiCx.sys-20260408-0917.dmp\\n\\\\\\\\?\\\\C:\\\\Windows\\\\SystemTemp\\\\WER-862550500-0.sysdata.xml\\n\\\\\\\\?\\\\C:\\\\ProgramData\\\\Microsoft\\\\Windows\\\\WER\\\\Temp\\\\WER.cb02a0cc-3af2-42a0-8238-8c636f95d71e.tmp.WERInternalMetadata.xml\\n\\\\\\\\?\\\\C:\\\\ProgramData\\\\Microsoft\\\\Windows\\\\WER\\\\Temp\\\\WER.732c3887-520a-4825-b2e4-5639e9365604.tmp.csv\\n\\\\\\\\?\\\\C:\\\\ProgramData\\\\Microsoft\\\\Windows\\\\WER\\\\Temp\\\\WER.feffad12-c4be-4b35-888d-9e9ca76b7838.tmp.txt\\n\\\\\\\\?\\\\C:\\\\ProgramData\\\\Microsoft\\\\Windows\\\\WER\\\\Temp\\\\WER.1255de6e-eacf-44c5-876a-efe17fd4315c.tmp.xml\", \"Bucket\": \"\", \"BucketType\": \"0\", \"CabGuid\": \"0\", \"CabId\": \"0\", \"EventName\": \"LiveKernelEvent\", \"HashedBucket\": \"\", \"P1\": \"1d4\", \"P10\": \"\", \"P2\": \"0\", \"P3\": \"12\", \"P4\": \"ffff828f529b7150\", \"P5\": \"102\", \"P6\": \"10_0_26200\", \"P7\": \"0_0\", \"P8\": \"256_1\", \"P9\": \"\", \"Rechecking\": \"0\", \"ReportId\": \"0c16c476-a1b6-4770-a96b-5bd444952f3e\", \"ReportStatus\": \"2051\", \"Response\": \"Not available\", \"StorePath\": \"\\\\\\\\?\\\\C:\\\\ProgramData\\\\Microsoft\\\\Windows\\\\WER\\\\ReportQueue\\\\Kernel_1d4_58376c2ce325d9ebb38ee5f5d37663c8816c04_00000000_0c16c476-a1b6-4770-a96b-5bd444952f3e\"}", "message": "Fault bucket , type 0\r\nEvent Name: LiveKernelEvent\r\nResponse: Not available\r\nCab Id: 0\r\n\r\nProblem signature:\r\nP1: 1d4\r\nP2: 0\r\nP3: 12\r\nP4: ffff828f529b7150\r\nP5: 102\r\nP6: 10_0_26200\r\nP7: 0_0\r\nP8: 256_1\r\nP9: \r\nP10: \r\n\r\nAttached files:\r\n\\\\?\\C:\\Windows\\LiveKernelReports\\UcmUcsiCx.sys\\UcmUcsiCx.sys-20260408-0917.dmp\r\n\\\\?\\C:\\Windows\\SystemTemp\\WER-862550500-0.sysdata.xml\r\n\\\\?\\C:\\ProgramData\\Microsoft\\Windows\\WER\\Temp\\WER.cb02a0cc-3af2-42a0-8238-8c636f95d71e.tmp.WERInternalMetadata.xml\r\n\\\\?\\C:\\ProgramData\\Microsoft\\Windows\\WER\\Temp\\WER.732c3887-520a-4825-b2e4-5639e9365604.tmp.csv\r\n\\\\?\\C:\\ProgramData\\Microsoft\\Windows\\WER\\Temp\\WER.feffad12-c4be-4b35-888d-9e9ca76b7838.tmp.txt\r\n\\\\?\\C:\\ProgramData\\Microsoft\\Windows\\WER\\Temp\\WER.1255de6e-eacf-44c5-876a-efe17fd4315c.tmp.xml\r\n\r\nThese files may be available here:\r\n\\\\?\\C:\\ProgramData\\Microsoft\\Windows\\WER\\ReportQueue\\Kernel_1d4_58376c2ce325d9ebb38ee5f5d37663c8816c04_00000000_0c16c476-a1b6-4770-a96b-5bd444952f3e\r\n\r\nAnalysis symbol: \r\nRechecking for solution: 0\r\nReport Id: 0c16c476-a1b6-4770-a96b-5bd444952f3e\r\nReport Status: 2051\r\nHashed bucket: \r\nCab Guid: 0"}
{"timestamp": "2026-08-02T10:42:56.997Z", "record_id": 27304, "event_id": 1001, "channel": "Application", "channel_key": "application", "provider": "Windows Error Reporting", "computer": "LAPTOP-8SM7PKPU", "level": "Information", "category": "other", "user_sid": "S-1-5-18", "process_id": 31776, "is_machine_account": 0, "mapped": 0, "source_file": "Application.jsonl", "event_data": "{\"AnalysisSymbol\": \"\", \"AttachedFiles\": \"\\n\\\\\\\\?\\\\C:\\\\Windows\\\\LiveKernelReports\\\\UcmUcsiCx.sys\\\\UcmUcsiCx.sys-20251202-0826.dmp\\n\\\\\\\\?\\\\C:\\\\Windows\\\\SystemTemp\\\\WER-143287890-0.sysdata.xml\\n\\\\\\\\?\\\\C:\\\\ProgramData\\\\Microsoft\\\\Windows\\\\WER\\\\Temp\\\\WER.da7a0a1c-f212-46a3-8285-98673ebbfecf.tmp.WERInternalMetadata.xml\\n\\\\\\\\?\\\\C:\\\\ProgramData\\\\Microsoft\\\\Windows\\\\WER\\\\Temp\\\\WER.fa91a330-f7ab-4be9-b50b-eb78ed451996.tmp.csv\\n\\\\\\\\?\\\\C:\\\\ProgramData\\\\Microsoft\\\\Windows\\\\WER\\\\Temp\\\\WER.a4baff40-12e8-417b-aa39-708ac0828792.tmp.txt\\n\\\\\\\\?\\\\C:\\\\ProgramData\\\\Microsoft\\\\Windows\\\\WER\\\\Temp\\\\WER.e95787e6-0218-43d5-906b-60f585b35cf9.tmp.xml\", \"Bucket\": \"\", \"BucketType\": \"0\", \"CabGuid\": \"0\", \"CabId\": \"0\", \"EventName\": \"LiveKernelEvent\", \"HashedBucket\": \"\", \"P1\": \"1d4\", \"P10\": \"\", \"P2\": \"0\", \"P3\": \"12\", \"P4\": \"ffffb70283eb0120\", \"P5\": \"102\", \"P6\": \"10_0_26200\", \"P7\": \"0_0\", \"P8\": \"256_1\", \"P9\": \"\", \"Rechecking\": \"0\", \"ReportId\": \"fd813499-7ee3-4b11-a99e-d55ee367584b\", \"ReportStatus\": \"2051\", \"Response\": \"Not available\", \"StorePath\": \"\\\\\\\\?\\\\C:\\\\ProgramData\\\\Microsoft\\\\Windows\\\\WER\\\\ReportQueue\\\\Kernel_1d4_fed46974cfad8464b8c8641ec3cac3358d16d35_00000000_fd813499-7ee3-4b11-a99e-d55ee367584b\"}", "message": "Fault bucket , type 0\r\nEvent Name: LiveKernelEvent\r\nResponse: Not available\r\nCab Id: 0\r\n\r\nProblem signature:\r\nP1: 1d4\r\nP2: 0\r\nP3: 12\r\nP4: ffffb70283eb0120\r\nP5: 102\r\nP6: 10_0_26200\r\nP7: 0_0\r\nP8: 256_1\r\nP9: \r\nP10: \r\n\r\nAttached files:\r\n\\\\?\\C:\\Windows\\LiveKernelReports\\UcmUcsiCx.sys\\UcmUcsiCx.sys-20251202-0826.dmp\r\n\\\\?\\C:\\Windows\\SystemTemp\\WER-143287890-0.sysdata.xml\r\n\\\\?\\C:\\ProgramData\\Microsoft\\Windows\\WER\\Temp\\WER.da7a0a1c-f212-46a3-8285-98673ebbfecf.tmp.WERInternalMetadata.xml\r\n\\\\?\\C:\\ProgramData\\Microsoft\\Windows\\WER\\Temp\\WER.fa91a330-f7ab-4be9-b50b-eb78ed451996.tmp.csv\r\n\\\\?\\C:\\ProgramData\\Microsoft\\Windows\\WER\\Temp\\WER.a4baff40-12e8-417b-aa39-708ac0828792.tmp.txt\r\n\\\\?\\C:\\ProgramData\\Microsoft\\Windows\\WER\\Temp\\WER.e95787e6-0218-43d5-906b-60f585b35cf9.tmp.xml\r\n\r\nThese files may be available here:\r\n\\\\?\\C:\\ProgramData\\Microsoft\\Windows\\WER\\ReportQueue\\Kernel_1d4_fed46974cfad8464b8c8641ec3cac3358d16d35_00000000_fd813499-7ee3-4b11-a99e-d55ee367584b\r\n\r\nAnalysis symbol: \r\nRechecking for solution: 0\r\nReport Id: fd813499-7ee3-4b11-a99e-d55ee367584b\r\nReport Status: 2051\r\nHashed bucket: \r\nCab Guid: 0"}
{"timestamp": "2026-08-02T10:42:56.850Z", "record_id": 27303, "event_id": 1001, "channel": "Application", "channel_key": "application", "provider": "Windows Error Reporting", "computer": "LAPTOP-8SM7PKPU", "level": "Information", "category": "other", "user_sid": "S-1-5-18", "process_id": 32500, "is_machine_account": 0, "mapped": 0, "source_file": "Application.jsonl", "event_data": "{\"AnalysisSymbol\": \"\", \"AttachedFiles\": \"\\n\\\\\\\\?\\\\C:\\\\ProgramData\\\\Microsoft\\\\Windows\\\\WER\\\\Temp\\\\WER.0b567d1a-1c39-40b6-87b0-d6d93b63f91e.tmp.WERInternalMetadata.xml\", \"Bucket\": \"2057962395181865010\", \"BucketType\": \"5\", \"CabGuid\": \"0\", \"CabId\": \"0\", \"EventName\": \"StoreAgentInstallFailure1\", \"HashedBucket\": \"32334460b6bef6967c8f59e515ed5832\", \"P1\": \"Update;MoUpdateOrchestratorUserScan-MoUsoCoreWorker-SearchForAllUpdatesWithUpdateOptionsAsync\", \"P10\": \"\", \"P2\": \"80073d02\", \"P3\": \"26200\", \"P4\": \"8875\", \"P5\": \"Windows.Desktop\", \"P6\": \"9\", \"P7\": \"\", \"P8\": \"\", \"P9\": \"\", \"Rechecking\": \"0\", \"ReportId\": \"3a0ee711-e0f7-43f1-a4c5-dfe4ce3b0f2c\", \"ReportStatus\": \"268435456\", \"Response\": \"Not available\", \"StorePath\": \"\\\\\\\\?\\\\C:\\\\ProgramData\\\\Microsoft\\\\Windows\\\\WER\\\\ReportArchive\\\\NonCritical_Update;MoUpdateO_2a9422f9feeeb1801f3f3660788e40e068fb602d_00000000_3a0ee711-e0f7-43f1-a4c5-dfe4ce3b0f2c\"}", "message": "Fault bucket 2057962395181865010, type 5\r\nEvent Name: StoreAgentInstallFailure1\r\nResponse: Not available\r\nCab Id: 0\r\n\r\nProblem signature:\r\nP1: Update;MoUpdateOrchestratorUserScan-MoUsoCoreWorker-SearchForAllUpdatesWithUpdateOptionsAsync\r\nP2: 80073d02\r\nP3: 26200\r\nP4: 8875\r\nP5: Windows.Desktop\r\nP6: 9\r\nP7: \r\nP8: \r\nP9: \r\nP10: \r\n\r\nAttached files:\r\n\\\\?\\C:\\ProgramData\\Microsoft\\Windows\\WER\\Temp\\WER.0b567d1a-1c39-40b6-87b0-d6d93b63f91e.tmp.WERInternalMetadata.xml\r\n\r\nThese files may be available here:\r\n\\\\?\\C:\\ProgramData\\Microsoft\\Windows\\WER\\ReportArchive\\NonCritical_Update;MoUpdateO_2a9422f9feeeb1801f3f3660788e40e068fb602d_00000000_3a0ee711-e0f7-43f1-a4c5-dfe4ce3b0f2c\r\n\r\nAnalysis symbol: \r\nRechecking for solution: 0\r\nReport Id: 3a0ee711-e0f7-43f1-a4c5-dfe4ce3b0f2c\r\nReport Status: 268435456\r\nHashed bucket: 32334460b6bef6967c8f59e515ed5832\r\nCab Guid: 0"}
{"timestamp": "2026-08-02T10:42:56.310Z", "record_id": 27302, "event_id": 8216, "channel": "Application", "channel_key": "application", "provider": "System Restore", "computer": "LAPTOP-8SM7PKPU", "level": "Information", "category": "other", "process_id": 26936, "is_machine_account": 0, "mapped": 0, "source_file": "Application.jsonl", "event_data": "{\"Data\": [\"\", \"\"]}", "message": "Skipping creation of restore point (Process = C:\\Windows\\system32\\svchost.exe -k netsvcs -p -s wuauserv; Description = Windows Update) as there is a restore point available which is recent enough for System Restore."}
{"timestamp": "2026-08-02T10:42:56.072Z", "record_id": 27301, "event_id": 1001, "channel": "Application", "channel_key": "application", "provider": "Windows Error Reporting", "computer": "LAPTOP-8SM7PKPU", "level": "Information", "category": "other", "user_sid": "S-1-5-18", "process_id": 9960, "is_machine_account": 0, "mapped": 0, "source_file": "Application.jsonl", "event_data": "{\"AnalysisSymbol\": \"\", \"AttachedFiles\": \"\", \"Bucket\": \"\", \"BucketType\": \"0\", \"CabGuid\": \"0\", \"CabId\": \"0\", \"EventName\": \"StoreAgentInstallFailure1\", \"HashedBucket\": \"\", \"P1\": \"Update;MoUpdateOrchestratorUserScan-MoUsoCoreWorker-SearchForAllUpdatesWithUpdateOptionsAsync\", \"P10\": \"\", \"P2\": \"80073d02\", \"P3\": \"26200\", \"P4\": \"8875\", \"P5\": \"Windows.Desktop\", \"P6\": \"V\", \"P7\": \"\", \"P8\": \"\", \"P9\": \"\", \"Rechecking\": \"0\", \"ReportId\": \"06a11c64-c70a-4505-a7ce-e50871c86831\", \"ReportStatus\": \"4\", \"Response\": \"Not available\", \"StorePath\": \"\\\\\\\\?\\\\C:\\\\ProgramData\\\\Microsoft\\\\Windows\\\\WER\\\\ReportQueue\\\\NonCritical_Update;MoUpdateO_a3518c34786b5d36f39dcd3465b240a5424fb02d_00000000_06a11c64-c70a-4505-a7ce-e50871c86831\"}", "message": "Fault bucket , type 0\r\nEvent Name: StoreAgentInstallFailure1\r\nResponse: Not available\r\nCab Id: 0\r\n\r\nProblem signature:\r\nP1: Update;MoUpdateOrchestratorUserScan-MoUsoCoreWorker-SearchForAllUpdatesWithUpdateOptionsAsync\r\nP2: 80073d02\r\nP3: 26200\r\nP4: 8875\r\nP5: Windows.Desktop\r\nP6: V\r\nP7: \r\nP8: \r\nP9: \r\nP10: \r\n\r\nAttached files:\r\n\r\nThese files may be available here:\r\n\\\\?\\C:\\ProgramData\\Microsoft\\Windows\\WER\\ReportQueue\\NonCritical_Update;MoUpdateO_a3518c34786b5d36f39dcd3465b240a5424fb02d_00000000_06a11c64-c70a-4505-a7ce-e50871c86831\r\n\r\nAnalysis symbol: \r\nRechecking for solution: 0\r\nReport Id: 06a11c64-c70a-4505-a7ce-e50871c86831\r\nReport Status: 4\r\nHashed bucket: \r\nCab Guid: 0"}
{"timestamp": "2026-08-02T10:42:55.124Z", "record_id": 27300, "event_id": 1001, "channel": "Application", "channel_key": "application", "provider": "Windows Error Reporting", "computer": "LAPTOP-8SM7PKPU", "level": "Information", "category": "other", "user_sid": "S-1-5-18", "process_id": 32500, "is_machine_account": 0, "mapped": 0, "source_file": "Application.jsonl", "event_data": "{\"AnalysisSymbol\": \"\", \"AttachedFiles\": \"\\n\\\\\\\\?\\\\C:\\\\Windows\\\\LiveKernelReports\\\\WATCHDOG\\\\WATCHDOG-20260623-1415.dmp\\n\\\\\\\\?\\\\C:\\\\Windows\\\\SystemTemp\\\\WER-925533687-0.sysdata.xml\\n\\\\\\\\?\\\\C:\\\\ProgramData\\\\Microsoft\\\\Windows\\\\WER\\\\Temp\\\\WER.075454f3-c917-42b7-ae22-5e544e0cc23d.tmp.WERInternalMetadata.xml\\n\\\\\\\\?\\\\C:\\\\ProgramData\\\\Microsoft\\\\Windows\\\\WER\\\\Temp\\\\WER.5880debd-1665-4ca6-9ab1-df5268ec5dfb.tmp.csv\\n\\\\\\\\?\\\\C:\\\\ProgramData\\\\Microsoft\\\\Windows\\\\WER\\\\Temp\\\\WER.57dfb2be-7aa4-48eb-8146-773e43864243.tmp.txt\\n\\\\\\\\?\\\\C:\\\\ProgramData\\\\Microsoft\\\\Windows\\\\WER\\\\Temp\\\\WER.9f7087d1-37b2-4b1a-950e-d3fba7ffba02.tmp.xml\", \"Bucket\": \"\", \"BucketType\": \"0\", \"CabGuid\": \"0\", \"CabId\": \"0\", \"EventName\": \"LiveKernelEvent\", \"HashedBucket\": \"\", \"P1\": \"193\", \"P10\": \"\", \"P2\": \"80e\", \"P3\": \"ffff87857aa0a080\", \"P4\": \"ffffd785658d03b0\", \"P5\": \"0\", \"P6\": \"10_0_26200\", \"P7\": \"0_0\", \"P8\": \"256_1\", \"P9\": \"\", \"Rechecking\": \"0\", \"ReportId\": \"feef7efa-b9b6-43a2-b252-e030ec2eaccd\", \"ReportStatus\": \"2051\", \"Response\": \"Not available\", \"StorePath\": \"\\\\\\\\?\\\\C:\\\\ProgramData\\\\Microsoft\\\\Windows\\\\WER\\\\ReportQueue\\\\Kernel_193_5655eec2b36f7fc2c851bb4bca9c29fc33a437c5_00000000_feef7efa-b9b6-43a2-b252-e030ec2eaccd\"}", "message": "Fault bucket , type 0\r\nEvent Name: LiveKernelEvent\r\nResponse: Not available\r\nCab Id: 0\r\n\r\nProblem signature:\r\nP1: 193\r\nP2: 80e\r\nP3: ffff87857aa0a080\r\nP4: ffffd785658d03b0\r\nP5: 0\r\nP6: 10_0_26200\r\nP7: 0_0\r\nP8: 256_1\r\nP9: \r\nP10: \r\n\r\nAttached files:\r\n\\\\?\\C:\\Windows\\LiveKernelReports\\WATCHDOG\\WATCHDOG-20260623-1415.dmp\r\n\\\\?\\C:\\Windows\\SystemTemp\\WER-925533687-0.sysdata.xml\r\n\\\\?\\C:\\ProgramData\\Microsoft\\Windows\\WER\\Temp\\WER.075454f3-c917-42b7-ae22-5e544e0cc23d.tmp.WERInternalMetadata.xml\r\n\\\\?\\C:\\ProgramData\\Microsoft\\Windows\\WER\\Temp\\WER.5880debd-1665-4ca6-9ab1-df5268ec5dfb.tmp.csv\r\n\\\\?\\C:\\ProgramData\\Microsoft\\Windows\\WER\\Temp\\WER.57dfb2be-7aa4-48eb-8146-773e43864243.tmp.txt\r\n\\\\?\\C:\\ProgramData\\Microsoft\\Windows\\WER\\Temp\\WER.9f7087d1-37b2-4b1a-950e-d3fba7ffba02.tmp.xml\r\n\r\nThese files may be available here:\r\n\\\\?\\C:\\ProgramData\\Microsoft\\Windows\\WER\\ReportQueue\\Kernel_193_5655eec2b36f7fc2c851bb4bca9c29fc33a437c5_00000000_feef7efa-b9b6-43a2-b252-e030ec2eaccd\r\n\r\nAnalysis symbol: \r\nRechecking for solution: 0\r\nReport Id: feef7efa-b9b6-43a2-b252-e030ec2eaccd\r\nReport Status: 2051\r\nHashed bucket: \r\nCab Guid: 0"}
{"timestamp": "2026-08-02T10:42:55.057Z", "record_id": 27299, "event_id": 1001, "channel": "Application", "channel_key": "application", "provider": "Windows Error Reporting", "computer": "LAPTOP-8SM7PKPU", "level": "Information", "category": "other", "user_sid": "S-1-5-18", "process_id": 32500, "is_machine_account": 0, "mapped": 0, "source_file": "Application.jsonl", "event_data": "{\"AnalysisSymbol\": \"\", \"AttachedFiles\": \"\\n\\\\\\\\?\\\\C:\\\\Windows\\\\LiveKernelReports\\\\WATCHDOG\\\\WATCHDOG-20260530-1357.dmp\\n\\\\\\\\?\\\\C:\\\\Windows\\\\SystemTemp\\\\WER-1510141656-0.sysdata.xml\\n\\\\\\\\?\\\\C:\\\\ProgramData\\\\Microsoft\\\\Windows\\\\WER\\\\Temp\\\\WER.6637a8e6-85d9-4a80-842f-cb34c6c4c222.tmp.WERInternalMetadata.xml\\n\\\\\\\\?\\\\C:\\\\ProgramData\\\\Microsoft\\\\Windows\\\\WER\\\\Temp\\\\WER.0bbc6920-2e80-4246-bf72-8fea9f75ce6c.tmp.csv\\n\\\\\\\\?\\\\C:\\\\ProgramData\\\\Microsoft\\\\Windows\\\\WER\\\\Temp\\\\WER.bc27b120-198f-4302-92cb-6ba411063d4c.tmp.txt\\n\\\\\\\\?\\\\C:\\\\ProgramData\\\\Microsoft\\\\Windows\\\\WER\\\\Temp\\\\WER.fa00eff0-57de-44eb-b148-c27c58f53d37.tmp.xml\", \"Bucket\": \"\", \"BucketType\": \"0\", \"CabGuid\": \"0\", \"CabId\": \"0\", \"EventName\": \"LiveKernelEvent\", \"HashedBucket\": \"\", \"P1\": \"193\", \"P10\": \"\", \"P2\": \"80e\", \"P3\": \"ffff8789999d3180\", \"P4\": \"ffffc506a0feead0\", \"P5\": \"0\", \"P6\": \"10_0_26200\", \"P7\": \"0_0\", \"P8\": \"256_1\", \"P9\": \"\", \"Rechecking\": \"0\", \"ReportId\": \"4f9b6f3c-15ba-4eb1-9930-3e6a67b15959\", \"ReportStatus\": \"2051\", \"Response\": \"Not available\", \"StorePath\": \"\\\\\\\\?\\\\C:\\\\ProgramData\\\\Microsoft\\\\Windows\\\\WER\\\\ReportQueue\\\\Kernel_193_984916d406ebc67914e7494a1c5ea15cd2f5f_00000000_4f9b6f3c-15ba-4eb1-9930-3e6a67b15959\"}", "message": "Fault bucket , type 0\r\nEvent Name: LiveKernelEvent\r\nResponse: Not available\r\nCab Id: 0\r\n\r\nProblem signature:\r\nP1: 193\r\nP2: 80e\r\nP3: ffff8789999d3180\r\nP4: ffffc506a0feead0\r\nP5: 0\r\nP6: 10_0_26200\r\nP7: 0_0\r\nP8: 256_1\r\nP9: \r\nP10: \r\n\r\nAttached files:\r\n\\\\?\\C:\\Windows\\LiveKernelReports\\WATCHDOG\\WATCHDOG-20260530-1357.dmp\r\n\\\\?\\C:\\Windows\\SystemTemp\\WER-1510141656-0.sysdata.xml\r\n\\\\?\\C:\\ProgramData\\Microsoft\\Windows\\WER\\Temp\\WER.6637a8e6-85d9-4a80-842f-cb34c6c4c222.tmp.WERInternalMetadata.xml\r\n\\\\?\\C:\\ProgramData\\Microsoft\\Windows\\WER\\Temp\\WER.0bbc6920-2e80-4246-bf72-8fea9f75ce6c.tmp.csv\r\n\\\\?\\C:\\ProgramData\\Microsoft\\Windows\\WER\\Temp\\WER.bc27b120-198f-4302-92cb-6ba411063d4c.tmp.txt\r\n\\\\?\\C:\\ProgramData\\Microsoft\\Windows\\WER\\Temp\\WER.fa00eff0-57de-44eb-b148-c27c58f53d37.tmp.xml\r\n\r\nThese files may be available here:\r\n\\\\?\\C:\\ProgramData\\Microsoft\\Windows\\WER\\ReportQueue\\Kernel_193_984916d406ebc67914e7494a1c5ea15cd2f5f_00000000_4f9b6f3c-15ba-4eb1-9930-3e6a67b15959\r\n\r\nAnalysis symbol: \r\nRechecking for solution: 0\r\nReport Id: 4f9b6f3c-15ba-4eb1-9930-3e6a67b15959\r\nReport Status: 2051\r\nHashed bucket: \r\nCab Guid: 0"}
{"timestamp": "2026-08-02T10:42:54.982Z", "record_id": 27298, "event_id": 1001, "channel": "Application", "channel_key": "application", "provider": "Windows Error Reporting", "computer": "LAPTOP-8SM7PKPU", "level": "Information", "category": "other", "user_sid": "S-1-5-18", "process_id": 32500, "is_machine_account": 0, "mapped": 0, "source_file": "Application.jsonl", "event_data": "{\"AnalysisSymbol\": \"\", \"AttachedFiles\": \"\\n\\\\\\\\?\\\\C:\\\\Windows\\\\LiveKernelReports\\\\UcmUcsiCx.sys\\\\UcmUcsiCx.sys-20260509-2322.dmp\\n\\\\\\\\?\\\\C:\\\\Windows\\\\SystemTemp\\\\WER-272185656-0.sysdata.xml\\n\\\\\\\\?\\\\C:\\\\ProgramData\\\\Microsoft\\\\Windows\\\\WER\\\\Temp\\\\WER.3717a5de-154e-48b1-ac4e-d44443386fbd.tmp.WERInternalMetadata.xml\\n\\\\\\\\?\\\\C:\\\\ProgramData\\\\Microsoft\\\\Windows\\\\WER\\\\Temp\\\\WER.2db181bf-9033-4960-907d-6f3e6114edc7.tmp.csv\\n\\\\\\\\?\\\\C:\\\\ProgramData\\\\Microsoft\\\\Windows\\\\WER\\\\Temp\\\\WER.ec817bed-6ca6-4940-b74f-447d9d491fbb.tmp.txt\\n\\\\\\\\?\\\\C:\\\\ProgramData\\\\Microsoft\\\\Windows\\\\WER\\\\Temp\\\\WER.e923ea3d-4fe7-465b-9fe8-23da8900b4b2.tmp.xml\", \"Bucket\": \"\", \"BucketType\": \"0\", \"CabGuid\": \"0\", \"CabId\": \"0\", \"EventName\": \"LiveKernelEvent\", \"HashedBucket\": \"\", \"P1\": \"1d4\", \"P10\": \"\", \"P2\": \"0\", \"P3\": \"12\", \"P4\": \"fffff003f90c7150\", \"P5\": \"102\", \"P6\": \"10_0_26200\", \"P7\": \"0_0\", \"P8\": \"256_1\", \"P9\": \"\", \"Rechecking\": \"0\", \"ReportId\": \"3c66456f-e1f6-4dc9-b198-75831e559848\", \"ReportStatus\": \"2051\", \"Response\": \"Not available\", \"StorePath\": \"\\\\\\\\?\\\\C:\\\\ProgramData\\\\Microsoft\\\\Windows\\\\WER\\\\ReportQueue\\\\Kernel_1d4_964e26076728cf242e9d4791629814ac6ec8c2_00000000_3c66456f-e1f6-4dc9-b198-75831e559848\"}", "message": "Fault bucket , type 0\r\nEvent Name: LiveKernelEvent\r\nResponse: Not available\r\nCab Id: 0\r\n\r\nProblem signature:\r\nP1: 1d4\r\nP2: 0\r\nP3: 12\r\nP4: fffff003f90c7150\r\nP5: 102\r\nP6: 10_0_26200\r\nP7: 0_0\r\nP8: 256_1\r\nP9: \r\nP10: \r\n\r\nAttached files:\r\n\\\\?\\C:\\Windows\\LiveKernelReports\\UcmUcsiCx.sys\\UcmUcsiCx.sys-20260509-2322.dmp\r\n\\\\?\\C:\\Windows\\SystemTemp\\WER-272185656-0.sysdata.xml\r\n\\\\?\\C:\\ProgramData\\Microsoft\\Windows\\WER\\Temp\\WER.3717a5de-154e-48b1-ac4e-d44443386fbd.tmp.WERInternalMetadata.xml\r\n\\\\?\\C:\\ProgramData\\Microsoft\\Windows\\WER\\Temp\\WER.2db181bf-9033-4960-907d-6f3e6114edc7.tmp.csv\r\n\\\\?\\C:\\ProgramData\\Microsoft\\Windows\\WER\\Temp\\WER.ec817bed-6ca6-4940-b74f-447d9d491fbb.tmp.txt\r\n\\\\?\\C:\\ProgramData\\Microsoft\\Windows\\WER\\Temp\\WER.e923ea3d-4fe7-465b-9fe8-23da8900b4b2.tmp.xml\r\n\r\nThese files may be available here:\r\n\\\\?\\C:\\ProgramData\\Microsoft\\Windows\\WER\\ReportQueue\\Kernel_1d4_964e26076728cf242e9d4791629814ac6ec8c2_00000000_3c66456f-e1f6-4dc9-b198-75831e559848\r\n\r\nAnalysis symbol: \r\nRechecking for solution: 0\r\nReport Id: 3c66456f-e1f6-4dc9-b198-75831e559848\r\nReport Status: 2051\r\nHashed bucket: \r\nCab Guid: 0"}
{"timestamp": "2026-08-02T10:42:54.897Z", "record_id": 27297, "event_id": 1001, "channel": "Application", "channel_key": "application", "provider": "Windows Error Reporting", "computer": "LAPTOP-8SM7PKPU", "level": "Information", "category": "other", "user_sid": "S-1-5-18", "process_id": 32500, "is_machine_account": 0, "mapped": 0, "source_file": "Application.jsonl", "event_data": "{\"AnalysisSymbol\": \"\", \"AttachedFiles\": \"\\n\\\\\\\\?\\\\C:\\\\Windows\\\\LiveKernelReports\\\\UcmUcsiCx.sys\\\\UcmUcsiCx.sys-20260408-0917.dmp\\n\\\\\\\\?\\\\C:\\\\Windows\\\\SystemTemp\\\\WER-862550500-0.sysdata.xml\\n\\\\\\\\?\\\\C:\\\\ProgramData\\\\Microsoft\\\\Windows\\\\WER\\\\Temp\\\\WER.cb02a0cc-3af2-42a0-8238-8c636f95d71e.tmp.WERInternalMetadata.xml\\n\\\\\\\\?\\\\C:\\\\ProgramData\\\\Microsoft\\\\Windows\\\\WER\\\\Temp\\\\WER.732c3887-520a-4825-b2e4-5639e9365604.tmp.csv\\n\\\\\\\\?\\\\C:\\\\ProgramData\\\\Microsoft\\\\Windows\\\\WER\\\\Temp\\\\WER.feffad12-c4be-4b35-888d-9e9ca76b7838.tmp.txt\\n\\\\\\\\?\\\\C:\\\\ProgramData\\\\Microsoft\\\\Windows\\\\WER\\\\Temp\\\\WER.1255de6e-eacf-44c5-876a-efe17fd4315c.tmp.xml\", \"Bucket\": \"\", \"BucketType\": \"0\", \"CabGuid\": \"0\", \"CabId\": \"0\", \"EventName\": \"LiveKernelEvent\", \"HashedBucket\": \"\", \"P1\": \"1d4\", \"P10\": \"\", \"P2\": \"0\", \"P3\": \"12\", \"P4\": \"ffff828f529b7150\", \"P5\": \"102\", \"P6\": \"10_0_26200\", \"P7\": \"0_0\", \"P8\": \"256_1\", \"P9\": \"\", \"Rechecking\": \"0\", \"ReportId\": \"0c16c476-a1b6-4770-a96b-5bd444952f3e\", \"ReportStatus\": \"2051\", \"Response\": \"Not available\", \"StorePath\": \"\\\\\\\\?\\\\C:\\\\ProgramData\\\\Microsoft\\\\Windows\\\\WER\\\\ReportQueue\\\\Kernel_1d4_58376c2ce325d9ebb38ee5f5d37663c8816c04_00000000_0c16c476-a1b6-4770-a96b-5bd444952f3e\"}", "message": "Fault bucket , type 0\r\nEvent Name: LiveKernelEvent\r\nResponse: Not available\r\nCab Id: 0\r\n\r\nProblem signature:\r\nP1: 1d4\r\nP2: 0\r\nP3: 12\r\nP4: ffff828f529b7150\r\nP5: 102\r\nP6: 10_0_26200\r\nP7: 0_0\r\nP8: 256_1\r\nP9: \r\nP10: \r\n\r\nAttached files:\r\n\\\\?\\C:\\Windows\\LiveKernelReports\\UcmUcsiCx.sys\\UcmUcsiCx.sys-20260408-0917.dmp\r\n\\\\?\\C:\\Windows\\SystemTemp\\WER-862550500-0.sysdata.xml\r\n\\\\?\\C:\\ProgramData\\Microsoft\\Windows\\WER\\Temp\\WER.cb02a0cc-3af2-42a0-8238-8c636f95d71e.tmp.WERInternalMetadata.xml\r\n\\\\?\\C:\\ProgramData\\Microsoft\\Windows\\WER\\Temp\\WER.732c3887-520a-4825-b2e4-5639e9365604.tmp.csv\r\n\\\\?\\C:\\ProgramData\\Microsoft\\Windows\\WER\\Temp\\WER.feffad12-c4be-4b35-888d-9e9ca76b7838.tmp.txt\r\n\\\\?\\C:\\ProgramData\\Microsoft\\Windows\\WER\\Temp\\WER.1255de6e-eacf-44c5-876a-efe17fd4315c.tmp.xml\r\n\r\nThese files may be available here:\r\n\\\\?\\C:\\ProgramData\\Microsoft\\Windows\\WER\\ReportQueue\\Kernel_1d4_58376c2ce325d9ebb38ee5f5d37663c8816c04_00000000_0c16c476-a1b6-4770-a96b-5bd444952f3e\r\n\r\nAnalysis symbol: \r\nRechecking for solution: 0\r\nReport Id: 0c16c476-a1b6-4770-a96b-5bd444952f3e\r\nReport Status: 2051\r\nHashed bucket: \r\nCab Guid: 0"}
{"timestamp": "2026-08-02T10:42:54.852Z", "record_id": 27296, "event_id": 1001, "channel": "Application", "channel_key": "application", "provider": "Windows Error Reporting", "computer": "LAPTOP-8SM7PKPU", "level": "Information", "category": "other", "user_sid": "S-1-5-18", "process_id": 32500, "is_machine_account": 0, "mapped": 0, "source_file": "Application.jsonl", "event_data": "{\"AnalysisSymbol\": \"\", \"AttachedFiles\": \"\\n\\\\\\\\?\\\\C:\\\\Windows\\\\LiveKernelReports\\\\UcmUcsiCx.sys\\\\UcmUcsiCx.sys-20251202-0826.dmp\\n\\\\\\\\?\\\\C:\\\\Windows\\\\SystemTemp\\\\WER-143287890-0.sysdata.xml\\n\\\\\\\\?\\\\C:\\\\ProgramData\\\\Microsoft\\\\Windows\\\\WER\\\\Temp\\\\WER.da7a0a1c-f212-46a3-8285-98673ebbfecf.tmp.WERInternalMetadata.xml\\n\\\\\\\\?\\\\C:\\\\ProgramData\\\\Microsoft\\\\Windows\\\\WER\\\\Temp\\\\WER.fa91a330-f7ab-4be9-b50b-eb78ed451996.tmp.csv\\n\\\\\\\\?\\\\C:\\\\ProgramData\\\\Microsoft\\\\Windows\\\\WER\\\\Temp\\\\WER.a4baff40-12e8-417b-aa39-708ac0828792.tmp.txt\\n\\\\\\\\?\\\\C:\\\\ProgramData\\\\Microsoft\\\\Windows\\\\WER\\\\Temp\\\\WER.e95787e6-0218-43d5-906b-60f585b35cf9.tmp.xml\", \"Bucket\": \"\", \"BucketType\": \"0\", \"CabGuid\": \"0\", \"CabId\": \"0\", \"EventName\": \"LiveKernelEvent\", \"HashedBucket\": \"\", \"P1\": \"1d4\", \"P10\": \"\", \"P2\": \"0\", \"P3\": \"12\", \"P4\": \"ffffb70283eb0120\", \"P5\": \"102\", \"P6\": \"10_0_26200\", \"P7\": \"0_0\", \"P8\": \"256_1\", \"P9\": \"\", \"Rechecking\": \"0\", \"ReportId\": \"fd813499-7ee3-4b11-a99e-d55ee367584b\", \"ReportStatus\": \"2051\", \"Response\": \"Not available\", \"StorePath\": \"\\\\\\\\?\\\\C:\\\\ProgramData\\\\Microsoft\\\\Windows\\\\WER\\\\ReportQueue\\\\Kernel_1d4_fed46974cfad8464b8c8641ec3cac3358d16d35_00000000_fd813499-7ee3-4b11-a99e-d55ee367584b\"}", "message": "Fault bucket , type 0\r\nEvent Name: LiveKernelEvent\r\nResponse: Not available\r\nCab Id: 0\r\n\r\nProblem signature:\r\nP1: 1d4\r\nP2: 0\r\nP3: 12\r\nP4: ffffb70283eb0120\r\nP5: 102\r\nP6: 10_0_26200\r\nP7: 0_0\r\nP8: 256_1\r\nP9: \r\nP10: \r\n\r\nAttached files:\r\n\\\\?\\C:\\Windows\\LiveKernelReports\\UcmUcsiCx.sys\\UcmUcsiCx.sys-20251202-0826.dmp\r\n\\\\?\\C:\\Windows\\SystemTemp\\WER-143287890-0.sysdata.xml\r\n\\\\?\\C:\\ProgramData\\Microsoft\\Windows\\WER\\Temp\\WER.da7a0a1c-f212-46a3-8285-98673ebbfecf.tmp.WERInternalMetadata.xml\r\n\\\\?\\C:\\ProgramData\\Microsoft\\Windows\\WER\\Temp\\WER.fa91a330-f7ab-4be9-b50b-eb78ed451996.tmp.csv\r\n\\\\?\\C:\\ProgramData\\Microsoft\\Windows\\WER\\Temp\\WER.a4baff40-12e8-417b-aa39-708ac0828792.tmp.txt\r\n\\\\?\\C:\\ProgramData\\Microsoft\\Windows\\WER\\Temp\\WER.e95787e6-0218-43d5-906b-60f585b35cf9.tmp.xml\r\n\r\nThese files may be available here:\r\n\\\\?\\C:\\ProgramData\\Microsoft\\Windows\\WER\\ReportQueue\\Kernel_1d4_fed46974cfad8464b8c8641ec3cac3358d16d35_00000000_fd813499-7ee3-4b11-a99e-d55ee367584b\r\n\r\nAnalysis symbol: \r\nRechecking for solution: 0\r\nReport Id: fd813499-7ee3-4b11-a99e-d55ee367584b\r\nReport Status: 2051\r\nHashed bucket: \r\nCab Guid: 0"}
{"timestamp": "2026-08-02T10:42:54.759Z", "record_id": 27295, "event_id": 1001, "channel": "Application", "channel_key": "application", "provider": "Windows Error Reporting", "computer": "LAPTOP-8SM7PKPU", "level": "Information", "category": "other", "user_sid": "S-1-5-18", "process_id": 9960, "is_machine_account": 0, "mapped": 0, "source_file": "Application.jsonl", "event_data": "{\"AnalysisSymbol\": \"\", \"AttachedFiles\": \"\", \"Bucket\": \"\", \"BucketType\": \"0\", \"CabGuid\": \"0\", \"CabId\": \"0\", \"EventName\": \"StoreAgentInstallFailure1\", \"HashedBucket\": \"\", \"P1\": \"Update;MoUpdateOrchestratorUserScan-MoUsoCoreWorker-SearchForAllUpdatesWithUpdateOptionsAsync\", \"P10\": \"\", \"P2\": \"80073d02\", \"P3\": \"26200\", \"P4\": \"8875\", \"P5\": \"Windows.Desktop\", \"P6\": \"9\", \"P7\": \"\", \"P8\": \"\", \"P9\": \"\", \"Rechecking\": \"0\", \"ReportId\": \"3a0ee711-e0f7-43f1-a4c5-dfe4ce3b0f2c\", \"ReportStatus\": \"4\", \"Response\": \"Not available\", \"StorePath\": \"\\\\\\\\?\\\\C:\\\\ProgramData\\\\Microsoft\\\\Windows\\\\WER\\\\ReportQueue\\\\NonCritical_Update;MoUpdateO_2a9422f9feeeb1801f3f3660788e40e068fb602d_00000000_3a0ee711-e0f7-43f1-a4c5-dfe4ce3b0f2c\"}", "message": "Fault bucket , type 0\r\nEvent Name: StoreAgentInstallFailure1\r\nResponse: Not available\r\nCab Id: 0\r\n\r\nProblem signature:\r\nP1: Update;MoUpdateOrchestratorUserScan-MoUsoCoreWorker-SearchForAllUpdatesWithUpdateOptionsAsync\r\nP2: 80073d02\r\nP3: 26200\r\nP4: 8875\r\nP5: Windows.Desktop\r\nP6: 9\r\nP7: \r\nP8: \r\nP9: \r\nP10: \r\n\r\nAttached files:\r\n\r\nThese files may be available here:\r\n\\\\?\\C:\\ProgramData\\Microsoft\\Windows\\WER\\ReportQueue\\NonCritical_Update;MoUpdateO_2a9422f9feeeb1801f3f3660788e40e068fb602d_00000000_3a0ee711-e0f7-43f1-a4c5-dfe4ce3b0f2c\r\n\r\nAnalysis symbol: \r\nRechecking for solution: 0\r\nReport Id: 3a0ee711-e0f7-43f1-a4c5-dfe4ce3b0f2c\r\nReport Status: 4\r\nHashed bucket: \r\nCab Guid: 0"}
{"timestamp": "2026-08-02T10:42:54.283Z", "record_id": 27294, "event_id": 8216, "channel": "Application", "channel_key": "application", "provider": "System Restore", "computer": "LAPTOP-8SM7PKPU", "level": "Information", "category": "other", "process_id": 26936, "is_machine_account": 0, "mapped": 0, "source_file": "Application.jsonl", "event_data": "{\"Data\": [\"\", \"\"]}", "message": "Skipping creation of restore point (Process = C:\\Windows\\system32\\svchost.exe -k netsvcs -p -s wuauserv; Description = Windows Update) as there is a restore point available which is recent enough for System Restore."}
{"timestamp": "2026-08-02T10:42:53.240Z", "record_id": 27293, "event_id": 8216, "channel": "Application", "channel_key": "application", "provider": "System Restore", "computer": "LAPTOP-8SM7PKPU", "level": "Information", "category": "other", "process_id": 26936, "is_machine_account": 0, "mapped": 0, "source_file": "Application.jsonl", "event_data": "{\"Data\": [\"\", \"\"]}", "message": "Skipping creation of restore point (Process = C:\\Windows\\system32\\svchost.exe -k netsvcs -p -s wuauserv; Description = Windows Update) as there is a restore point available which is recent enough for System Restore."}
{"timestamp": "2026-08-02T10:42:50.307Z", "record_id": 27292, "event_id": 8231, "channel": "Application", "channel_key": "application", "provider": "VSS", "computer": "LAPTOP-8SM7PKPU", "level": "Information", "category": "other", "process_id": 9616, "is_machine_account": 0, "mapped": 0, "source_file": "Application.jsonl", "event_data": "{\"Data\": [\"\", \"\", \"\", \"\", \"\"]}", "message": "Volume Shadow Copy Service information: Snapshot creation initiated for Snapshot Set {1ed1407a-4d8f-432e-a4e5-f2fc0667a419}.\r\n Process command line: taskhostw.exe\r\n Process Caller Stack:\r\n Process[0]: taskhostw.exe\r\n Process[1]: svchost.exe\r\n Process[2]: services.exe\r\n"}
{"timestamp": "2026-08-02T10:33:44.548Z", "record_id": 27291, "event_id": 256, "channel": "Application", "channel_key": "application", "provider": "Edge", "computer": "LAPTOP-8SM7PKPU", "level": "Information", "category": "other", "user_sid": "S-1-5-21-3119828605-3733597828-3599172180-1001", "process_id": 15116, "is_machine_account": 0, "mapped": 0, "source_file": "Application.jsonl", "event_data": "{\"Data\": \"\"}", "message": "[15116:29652:0802/113344.547:INFO:chrome\\browser\\extensions\\extension_garbage_collector.cc:188] Garbage collection for extensions on file thread is complete."}
{"timestamp": "2026-08-02T10:33:14.674Z", "record_id": 27290, "event_id": 257, "channel": "Application", "channel_key": "application", "provider": "Edge", "computer": "LAPTOP-8SM7PKPU", "level": "Warning", "category": "other", "user_sid": "S-1-5-18", "process_id": 3700, "is_machine_account": 0, "mapped": 0, "source_file": "Application.jsonl", "event_data": "{\"Data\": \"\"}", "message": "[0802/113314.673:WARNING:chrome\\elevation_service\\caller_validation.cc:163] Failed to authenticate caller process: C:\\Program Files (x86)\\Microsoft\\Edge\\Application\\msedge.exe"}
{"timestamp": "2026-08-02T10:33:02.392Z", "record_id": 27289, "event_id": 256, "channel": "Application", "channel_key": "application", "provider": "Edge", "computer": "LAPTOP-8SM7PKPU", "level": "Information", "category": "other", "user_sid": "S-1-5-21-3119828605-3733597828-3599172180-1001", "process_id": 3824, "is_machine_account": 0, "mapped": 0, "source_file": "Application.jsonl", "event_data": "{\"Data\": \"\"}", "message": "[3824:6712:0802/113302.391:INFO:chrome\\browser\\extensions\\extension_garbage_collector.cc:188] Garbage collection for extensions on file thread is complete."}
{"timestamp": "2026-08-02T10:32:32.556Z", "record_id": 27288, "event_id": 257, "channel": "Application", "channel_key": "application", "provider": "Edge", "computer": "LAPTOP-8SM7PKPU", "level": "Warning", "category": "other", "user_sid": "S-1-5-18", "process_id": 3700, "is_machine_account": 0, "mapped": 0, "source_file": "Application.jsonl", "event_data": "{\"Data\": \"\"}", "message": "[0802/113232.556:WARNING:chrome\\elevation_service\\caller_validation.cc:163] Failed to authenticate caller process: C:\\Program Files (x86)\\Microsoft\\Edge\\Application\\msedge.exe"}
{"timestamp": "2026-08-02T10:32:31.637Z", "record_id": 27287, "event_id": 2562, "channel": "Application", "channel_key": "application", "provider": "Microsoft-Windows-AppXDeploymentServer/Operational", "computer": "LAPTOP-8SM7PKPU", "category": "other", "process_id": 33292, "is_machine_account": 0, "mapped": 0, "source_file": "Application.jsonl", "event_data": "{\"Data\": [\"\", \"\", \"\", \"\"]}"}
{"timestamp": "2026-08-02T10:30:25.321Z", "record_id": 27286, "event_id": 16384, "channel": "Application", "channel_key": "application", "provider": "Microsoft-Windows-Security-SPP", "computer": "LAPTOP-8SM7PKPU", "level": "Information", "category": "other", "process_id": 3876, "is_machine_account": 0, "mapped": 0, "source_file": "Application.jsonl", "event_data": "{\"Data\": [\"\", \"\"]}", "message": "Successfully scheduled Software Protection service for re-start at 2126-07-09T10:30:25Z. Reason: RulesEngine."}
{"timestamp": "2026-08-02T10:30:04.207Z", "record_id": 27285, "event_id": 15, "channel": "Application", "channel_key": "application", "provider": "SecurityCenter", "computer": "LAPTOP-8SM7PKPU", "level": "Information", "category": "other", "process_id": 23676, "is_machine_account": 0, "mapped": 0, "source_file": "Application.jsonl", "event_data": "{\"Data\": [\"\", \"\"]}", "message": "Updated Windows Defender status successfully to SECURITY_PRODUCT_STATE_ON."}
{"timestamp": "2026-08-02T10:29:41.969Z", "record_id": 27284, "event_id": 1033, "channel": "Application", "channel_key": "application", "provider": "Microsoft-Windows-Security-SPP", "computer": "LAPTOP-8SM7PKPU", "level": "Information", "category": "other", "process_id": 3876, "is_machine_account": 0, "mapped": 0, "source_file": "Application.jsonl", "event_data": "{\"Data\": [\"\", \"\", \"\"]}", "message": "These policies are being excluded since they are only defined with override-only attribute.\r\nPolicy Names=(Security-SPP-Reserved-EnableNotificationMode) \r\nApp Id=55c92734-d682-4d71-983e-d6ec3f16059f\r\nSku Id=fe74f55b-0338-41d6-b267-4a201abe7285"}
{"timestamp": "2026-08-02T10:29:41.968Z", "record_id": 27283, "event_id": 1034, "channel": "Application", "channel_key": "application", "provider": "Microsoft-Windows-Security-SPP", "computer": "LAPTOP-8SM7PKPU", "level": "Information", "category": "other", "process_id": 3876, "is_machine_account": 0, "mapped": 0, "source_file": "Application.jsonl", "event_data": "{\"Data\": [\"\", \"\"]}", "message": "Duplicate definition of policy found. Policy name=Security-SPP-WriteWauMarker  Priority=500"}
{"timestamp": "2026-08-02T10:29:41.964Z", "record_id": 27282, "event_id": 1034, "channel": "Application", "channel_key": "application", "provider": "Microsoft-Windows-Security-SPP", "computer": "LAPTOP-8SM7PKPU", "level": "Information", "category": "other", "process_id": 3876, "is_machine_account": 0, "mapped": 0, "source_file": "Application.jsonl", "event_data": "{\"Data\": [\"\", \"\"]}", "message": "Duplicate definition of policy found. Policy name=AAD-AddDeviceJoinUserToAdminGroup-Policy  Priority=100"}
{"timestamp": "2026-08-02T10:29:41.956Z", "record_id": 27281, "event_id": 1034, "channel": "Application", "channel_key": "application", "provider": "Microsoft-Windows-Security-SPP", "computer": "LAPTOP-8SM7PKPU", "level": "Information", "category": "other", "process_id": 3876, "is_machine_account": 0, "mapped": 0, "source_file": "Application.jsonl", "event_data": "{\"Data\": [\"\", \"\"]}", "message": "Duplicate definition of policy found. Policy name=AAD-AddDeviceJoinUserToAdminGroup-Policy  Priority=100"}
{"timestamp": "2026-08-02T10:29:41.947Z", "record_id": 27280, "event_id": 1034, "channel": "Application", "channel_key": "application", "provider": "Microsoft-Windows-Security-SPP", "computer": "LAPTOP-8SM7PKPU", "level": "Information", "category": "other", "process_id": 3876, "is_machine_account": 0, "mapped": 0, "source_file": "Application.jsonl", "event_data": "{\"Data\": [\"\", \"\"]}", "message": "Duplicate definition of policy found. Policy name=AAD-AddDeviceJoinUserToAdminGroup-Policy  Priority=100"}
{"timestamp": "2026-08-02T10:29:41.939Z", "record_id": 27279, "event_id": 1034, "channel": "Application", "channel_key": "application", "provider": "Microsoft-Windows-Security-SPP", "computer": "LAPTOP-8SM7PKPU", "level": "Information", "category": "other", "process_id": 3876, "is_machine_account": 0, "mapped": 0, "source_file": "Application.jsonl", "event_data": "{\"Data\": [\"\", \"\"]}", "message": "Duplicate definition of policy found. Policy name=AAD-AddDeviceJoinUserToAdminGroup-Policy  Priority=100"}
{"timestamp": "2026-08-02T10:29:41.930Z", "record_id": 27278, "event_id": 1034, "channel": "Application", "channel_key": "application", "provider": "Microsoft-Windows-Security-SPP", "computer": "LAPTOP-8SM7PKPU", "level": "Information", "category": "other", "process_id": 3876, "is_machine_account": 0, "mapped": 0, "source_file": "Application.jsonl", "event_data": "{\"Data\": [\"\", \"\"]}", "message": "Duplicate definition of policy found. Policy name=AAD-AddDeviceJoinUserToAdminGroup-Policy  Priority=100"}
{"timestamp": "2026-08-02T10:29:41.922Z", "record_id": 27277, "event_id": 1034, "channel": "Application", "channel_key": "application", "provider": "Microsoft-Windows-Security-SPP", "computer": "LAPTOP-8SM7PKPU", "level": "Information", "category": "other", "process_id": 3876, "is_machine_account": 0, "mapped": 0, "source_file": "Application.jsonl", "event_data": "{\"Data\": [\"\", \"\"]}", "message": "Duplicate definition of policy found. Policy name=AAD-AddDeviceJoinUserToAdminGroup-Policy  Priority=100"}
{"timestamp": "2026-08-02T10:29:41.913Z", "record_id": 27276, "event_id": 1034, "channel": "Application", "channel_key": "application", "provider": "Microsoft-Windows-Security-SPP", "computer": "LAPTOP-8SM7PKPU", "level": "Information", "category": "other", "process_id": 3876, "is_machine_account": 0, "mapped": 0, "source_file": "Application.jsonl", "event_data": "{\"Data\": [\"\", \"\"]}", "message": "Duplicate definition of policy found. Policy name=AAD-AddDeviceJoinUserToAdminGroup-Policy  Priority=100"}
{"timestamp": "2026-08-02T10:29:41.905Z", "record_id": 27275, "event_id": 1034, "channel": "Application", "channel_key": "application", "provider": "Microsoft-Windows-Security-SPP", "computer": "LAPTOP-8SM7PKPU", "level": "Information", "category": "other", "process_id": 3876, "is_machine_account": 0, "mapped": 0, "source_file": "Application.jsonl", "event_data": "{\"Data\": [\"\", \"\"]}", "message": "Duplicate definition of policy found. Policy name=AAD-AddDeviceJoinUserToAdminGroup-Policy  Priority=100"}
{"timestamp": "2026-08-02T10:29:41.896Z", "record_id": 27274, "event_id": 1034, "channel": "Application", "channel_key": "application", "provider": "Microsoft-Windows-Security-SPP", "computer": "LAPTOP-8SM7PKPU", "level": "Information", "category": "other", "process_id": 3876, "is_machine_account": 0, "mapped": 0, "source_file": "Application.jsonl", "event_data": "{\"Data\": [\"\", \"\"]}", "message": "Duplicate definition of policy found. Policy name=AAD-AddDeviceJoinUserToAdminGroup-Policy  Priority=100"}
{"timestamp": "2026-08-02T10:29:41.887Z", "record_id": 27273, "event_id": 1034, "channel": "Application", "channel_key": "application", "provider": "Microsoft-Windows-Security-SPP", "computer": "LAPTOP-8SM7PKPU", "level": "Information", "category": "other", "process_id": 3876, "is_machine_account": 0, "mapped": 0, "source_file": "Application.jsonl", "event_data": "{\"Data\": [\"\", \"\"]}", "message": "Duplicate definition of policy found. Policy name=AAD-AddDeviceJoinUserToAdminGroup-Policy  Priority=100"}
{"timestamp": "2026-08-02T10:29:41.879Z", "record_id": 27272, "event_id": 1034, "channel": "Application", "channel_key": "application", "provider": "Microsoft-Windows-Security-SPP", "computer": "LAPTOP-8SM7PKPU", "level": "Information", "category": "other", "process_id": 3876, "is_machine_account": 0, "mapped": 0, "source_file": "Application.jsonl", "event_data": "{\"Data\": [\"\", \"\"]}", "message": "Duplicate definition of policy found. Policy name=AAD-AddDeviceJoinUserToAdminGroup-Policy  Priority=100"}
{"timestamp": "2026-08-02T10:29:41.432Z", "record_id": 27271, "event_id": 16394, "channel": "Application", "channel_key": "application", "provider": "Microsoft-Windows-Security-SPP", "computer": "LAPTOP-8SM7PKPU", "level": "Information", "category": "other", "process_id": 3876, "is_machine_account": 0, "mapped": 0, "source_file": "Application.jsonl", "event_data": "{}", "message": "Offline downlevel migration succeeded."}
{"timestamp": "2026-08-02T10:18:53.767Z", "record_id": 27270, "event_id": 8224, "channel": "Application", "channel_key": "application", "provider": "VSS", "computer": "LAPTOP-8SM7PKPU", "level": "Information", "category": "other", "process_id": 3932, "is_machine_account": 0, "mapped": 0, "source_file": "Application.jsonl", "event_data": "{}", "message": "The VSS service is shutting down due to idle timeout. "}
{"timestamp": "2026-08-02T10:18:13.172Z", "record_id": 27269, "event_id": 1042, "channel": "Application", "channel_key": "application", "provider": "MsiInstaller", "computer": "LAPTOP-8SM7PKPU", "level": "Information", "category": "other", "user_sid": "S-1-5-18", "process_id": 8032, "is_machine_account": 0, "mapped": 0, "source_file": "Application.jsonl", "event_data": "{\"Data\": [\"\", \"\", \"\", \"\", \"\", \"\"]}", "message": "Ending a Windows Installer transaction: c:\\program files\\microsoft office\\root\\integration\\c2rint.16.msi. Client Process Id: 24492."}
{"timestamp": "2026-08-02T10:18:13.163Z", "record_id": 27268, "event_id": 1035, "channel": "Application", "channel_key": "application", "provider": "MsiInstaller", "computer": "LAPTOP-8SM7PKPU", "level": "Information", "category": "other", "user_sid": "S-1-5-18", "process_id": 8032, "is_machine_account": 0, "mapped": 0, "source_file": "Application.jsonl", "event_data": "{\"Data\": [\"\", \"\", \"\", \"\", \"\", \"\"]}", "message": "Windows Installer reconfigured the product. Product Name: Office 16 Click-to-Run Extensibility Component. Product Version: 16.0.20131.20112. Product Language: 0. Manufacturer: Microsoft Corporation. Reconfiguration success or error status: 0."}
{"timestamp": "2026-08-02T10:18:13.162Z", "record_id": 27267, "event_id": 11728, "channel": "Application", "channel_key": "application", "provider": "MsiInstaller", "computer": "LAPTOP-8SM7PKPU", "level": "Information", "category": "other", "user_sid": "S-1-5-18", "process_id": 8032, "is_machine_account": 0, "mapped": 0, "source_file": "Application.jsonl", "event_data": "{\"Data\": [\"\", \"\", \"\", \"\", \"\", \"\"]}", "message": "Product: Office 16 Click-to-Run Extensibility Component -- Configuration completed successfully."}
{"timestamp": "2026-08-02T10:18:11.958Z", "record_id": 27266, "event_id": 1040, "channel": "Application", "channel_key": "application", "provider": "MsiInstaller", "computer": "LAPTOP-8SM7PKPU", "level": "Information", "category": "other", "user_sid": "S-1-5-18", "process_id": 8032, "is_machine_account": 0, "mapped": 0, "source_file": "Application.jsonl", "event_data": "{\"Data\": [\"\", \"\", \"\", \"\", \"\", \"\"]}", "message": "Beginning a Windows Installer transaction: c:\\program files\\microsoft office\\root\\integration\\c2rint.16.msi. Client Process Id: 24492."}
{"timestamp": "2026-08-02T10:17:12.346Z", "record_id": 27265, "event_id": 1003, "channel": "Application", "channel_key": "application", "provider": "Microsoft-Windows-Search", "computer": "LAPTOP-8SM7PKPU", "level": "Information", "category": "other", "process_id": 25404, "is_machine_account": 0, "mapped": 0, "source_file": "Application.jsonl", "event_data": "{\"ExtraInfo\": \"\"}", "message": "The Windows Search Service started.\n"}
{"timestamp": "2026-08-02T10:17:11.577Z", "record_id": 27264, "event_id": 1013, "channel": "Application", "channel_key": "application", "provider": "Microsoft-Windows-Search", "computer": "LAPTOP-8SM7PKPU", "level": "Information", "category": "other", "process_id": 24396, "is_machine_account": 0, "mapped": 0, "source_file": "Application.jsonl", "event_data": "{\"ExtraInfo\": \"\"}", "message": "Windows Search Service stopped normally.\n"}
{"timestamp": "2026-08-02T10:17:02.010Z", "record_id": 27263, "event_id": 16384, "channel": "Application", "channel_key": "application", "provider": "Microsoft-Windows-Security-SPP", "computer": "LAPTOP-8SM7PKPU", "level": "Information", "category": "other", "process_id": 19552, "is_machine_account": 0, "mapped": 0, "source_file": "Application.jsonl", "event_data": "{\"Data\": [\"\", \"\"]}", "message": "Successfully scheduled Software Protection service for re-start at 2126-07-09T10:17:01Z. Reason: RulesEngine."}
{"timestamp": "2026-08-02T10:16:38.158Z", "record_id": 27262, "event_id": 1003, "channel": "Application", "channel_key": "application", "provider": "Microsoft-Windows-Search", "computer": "LAPTOP-8SM7PKPU", "level": "Information", "category": "other", "process_id": 24396, "is_machine_account": 0, "mapped": 0, "source_file": "Application.jsonl", "event_data": "{\"ExtraInfo\": \"\"}", "message": "The Windows Search Service started.\n"}
{"timestamp": "2026-08-02T10:16:37.549Z", "record_id": 27261, "event_id": 1013, "channel": "Application", "channel_key": "application", "provider": "Microsoft-Windows-Search", "computer": "LAPTOP-8SM7PKPU", "level": "Information", "category": "other", "process_id": 10820, "is_machine_account": 0, "mapped": 0, "source_file": "Application.jsonl", "event_data": "{\"ExtraInfo\": \"\"}", "message": "Windows Search Service stopped normally.\n"}
{"timestamp": "2026-08-02T10:16:31.912Z", "record_id": 27260, "event_id": 1004, "channel": "Application", "channel_key": "application", "provider": "Microsoft-Windows-Security-SPP", "computer": "LAPTOP-8SM7PKPU", "level": "Information", "category": "other", "process_id": 19552, "is_machine_account": 0, "mapped": 0, "source_file": "Application.jsonl", "event_data": "{\"Data\": [\"\", \"\"]}", "message": "The Software Protection service has successfully installed the license.\r\nLicense Title=Office436366DE-5579-4F24-96DB-3893E4400030 PPD License\r\nLicense Id=24458741-e83d-5f5c-b43a-465eba244525"}
