{"timestamp": "2026-08-02T11:23:25.783Z", "record_id": 6633, "event_id": 600, "channel": "Windows PowerShell", "channel_key": "powershell_classic", "provider": "PowerShell", "computer": "LAPTOP-8SM7PKPU", "level": "Information", "category": "other", "process_id": 8276, "is_machine_account": 0, "mapped": 0, "source_file": "Windows-PowerShell.jsonl", "event_data": "{\"Data\": [\"\", \"\", \"\"]}", "message": "Provider \"Variable\" is Started. \r\n\r\nDetails: \r\n\tProviderName=Variable\r\n\tNewProviderState=Started\r\n\r\n\tSequenceNumber=11\r\n\r\n\tHostName=ConsoleHost\r\n\tHostVersion=5.1.26100.8875\r\n\tHostId=2722ff80-3e54-4cba-99b7-a898a594c429\r\n\tHostApplication=C:\\Windows\\System32\\WindowsPowerShell\\v1.0\\powershell.exe -noexit -command try { . \"c:\\Users\\yaswa\\AppData\\Local\\Programs\\Microsoft VS Code\\e4c7e7b1d6\\resources\\app\\out\\vs\\workbench\\contrib\\terminal\\common\\scripts\\shellIntegration.ps1\" } catch {}\r\n\tEngineVersion=\r\n\tRunspaceId=\r\n\tPipelineId=\r\n\tCommandName=\r\n\tCommandType=\r\n\tScriptName=\r\n\tCommandPath=\r\n\tCommandLine="}
{"timestamp": "2026-08-02T11:23:25.783Z", "record_id": 6632, "event_id": 600, "channel": "Windows PowerShell", "channel_key": "powershell_classic", "provider": "PowerShell", "computer": "LAPTOP-8SM7PKPU", "level": "Information", "category": "other", "process_id": 8276, "is_machine_account": 0, "mapped": 0, "source_file": "Windows-PowerShell.jsonl", "event_data": "{\"Data\": [\"\", \"\", \"\"]}", "message": "Provider \"Function\" is Started. \r\n\r\nDetails: \r\n\tProviderName=Function\r\n\tNewProviderState=Started\r\n\r\n\tSequenceNumber=9\r\n\r\n\tHostName=ConsoleHost\r\n\tHostVersion=5.1.26100.8875\r\n\tHostId=2722ff80-3e54-4cba-99b7-a898a594c429\r\n\tHostApplication=C:\\Windows\\System32\\WindowsPowerShell\\v1.0\\powershell.exe -noexit -command try { . \"c:\\Users\\yaswa\\AppData\\Local\\Programs\\Microsoft VS Code\\e4c7e7b1d6\\resources\\app\\out\\vs\\workbench\\contrib\\terminal\\common\\scripts\\shellIntegration.ps1\" } catch {}\r\n\tEngineVersion=\r\n\tRunspaceId=\r\n\tPipelineId=\r\n\tCommandName=\r\n\tCommandType=\r\n\tScriptName=\r\n\tCommandPath=\r\n\tCommandLine="}
{"timestamp": "2026-08-02T11:23:25.783Z", "record_id": 6631, "event_id": 600, "channel": "Windows PowerShell", "channel_key": "powershell_classic", "provider": "PowerShell", "computer": "LAPTOP-8SM7PKPU", "level": "Information", "category": "other", "process_id": 8276, "is_machine_account": 0, "mapped": 0, "source_file": "Windows-PowerShell.jsonl", "event_data": "{\"Data\": [\"\", \"\", \"\"]}", "message": "Provider \"FileSystem\" is Started. \r\n\r\nDetails: \r\n\tProviderName=FileSystem\r\n\tNewProviderState=Started\r\n\r\n\tSequenceNumber=7\r\n\r\n\tHostName=ConsoleHost\r\n\tHostVersion=5.1.26100.8875\r\n\tHostId=2722ff80-3e54-4cba-99b7-a898a594c429\r\n\tHostApplication=C:\\Windows\\System32\\WindowsPowerShell\\v1.0\\powershell.exe -noexit -command try { . \"c:\\Users\\yaswa\\AppData\\Local\\Programs\\Microsoft VS Code\\e4c7e7b1d6\\resources\\app\\out\\vs\\workbench\\contrib\\terminal\\common\\scripts\\shellIntegration.ps1\" } catch {}\r\n\tEngineVersion=\r\n\tRunspaceId=\r\n\tPipelineId=\r\n\tCommandName=\r\n\tCommandType=\r\n\tScriptName=\r\n\tCommandPath=\r\n\tCommandLine="}
{"timestamp": "2026-08-02T11:23:25.782Z", "record_id": 6630, "event_id": 600, "channel": "Windows PowerShell", "channel_key": "powershell_classic", "provider": "PowerShell", "computer": "LAPTOP-8SM7PKPU", "level": "Information", "category": "other", "process_id": 8276, "is_machine_account": 0, "mapped": 0, "source_file": "Windows-PowerShell.jsonl", "event_data": "{\"Data\": [\"\", \"\", \"\"]}", "message": "Provider \"Environment\" is Started. \r\n\r\nDetails: \r\n\tProviderName=Environment\r\n\tNewProviderState=Started\r\n\r\n\tSequenceNumber=5\r\n\r\n\tHostName=ConsoleHost\r\n\tHostVersion=5.1.26100.8875\r\n\tHostId=2722ff80-3e54-4cba-99b7-a898a594c429\r\n\tHostApplication=C:\\Windows\\System32\\WindowsPowerShell\\v1.0\\powershell.exe -noexit -command try { . \"c:\\Users\\yaswa\\AppData\\Local\\Programs\\Microsoft VS Code\\e4c7e7b1d6\\resources\\app\\out\\vs\\workbench\\contrib\\terminal\\common\\scripts\\shellIntegration.ps1\" } catch {}\r\n\tEngineVersion=\r\n\tRunspaceId=\r\n\tPipelineId=\r\n\tCommandName=\r\n\tCommandType=\r\n\tScriptName=\r\n\tCommandPath=\r\n\tCommandLine="}
{"timestamp": "2026-08-02T11:23:25.782Z", "record_id": 6629, "event_id": 600, "channel": "Windows PowerShell", "channel_key": "powershell_classic", "provider": "PowerShell", "computer": "LAPTOP-8SM7PKPU", "level": "Information", "category": "other", "process_id": 8276, "is_machine_account": 0, "mapped": 0, "source_file": "Windows-PowerShell.jsonl", "event_data": "{\"Data\": [\"\", \"\", \"\"]}", "message": "Provider \"Alias\" is Started. \r\n\r\nDetails: \r\n\tProviderName=Alias\r\n\tNewProviderState=Started\r\n\r\n\tSequenceNumber=3\r\n\r\n\tHostName=ConsoleHost\r\n\tHostVersion=5.1.26100.8875\r\n\tHostId=2722ff80-3e54-4cba-99b7-a898a594c429\r\n\tHostApplication=C:\\Windows\\System32\\WindowsPowerShell\\v1.0\\powershell.exe -noexit -command try { . \"c:\\Users\\yaswa\\AppData\\Local\\Programs\\Microsoft VS Code\\e4c7e7b1d6\\resources\\app\\out\\vs\\workbench\\contrib\\terminal\\common\\scripts\\shellIntegration.ps1\" } catch {}\r\n\tEngineVersion=\r\n\tRunspaceId=\r\n\tPipelineId=\r\n\tCommandName=\r\n\tCommandType=\r\n\tScriptName=\r\n\tCommandPath=\r\n\tCommandLine="}
{"timestamp": "2026-08-02T11:23:25.781Z", "record_id": 6628, "event_id": 600, "channel": "Windows PowerShell", "channel_key": "powershell_classic", "provider": "PowerShell", "computer": "LAPTOP-8SM7PKPU", "level": "Information", "category": "other", "process_id": 8276, "is_machine_account": 0, "mapped": 0, "source_file": "Windows-PowerShell.jsonl", "event_data": "{\"Data\": [\"\", \"\", \"\"]}", "message": "Provider \"Registry\" is Started. \r\n\r\nDetails: \r\n\tProviderName=Registry\r\n\tNewProviderState=Started\r\n\r\n\tSequenceNumber=1\r\n\r\n\tHostName=ConsoleHost\r\n\tHostVersion=5.1.26100.8875\r\n\tHostId=2722ff80-3e54-4cba-99b7-a898a594c429\r\n\tHostApplication=C:\\Windows\\System32\\WindowsPowerShell\\v1.0\\powershell.exe -noexit -command try { . \"c:\\Users\\yaswa\\AppData\\Local\\Programs\\Microsoft VS Code\\e4c7e7b1d6\\resources\\app\\out\\vs\\workbench\\contrib\\terminal\\common\\scripts\\shellIntegration.ps1\" } catch {}\r\n\tEngineVersion=\r\n\tRunspaceId=\r\n\tPipelineId=\r\n\tCommandName=\r\n\tCommandType=\r\n\tScriptName=\r\n\tCommandPath=\r\n\tCommandLine="}
{"timestamp": "2026-08-02T11:23:18.062Z", "record_id": 6627, "event_id": 400, "channel": "Windows PowerShell", "channel_key": "powershell_classic", "provider": "PowerShell", "computer": "LAPTOP-8SM7PKPU", "level": "Information", "category": "script_execution", "attack_data_sources": "DS0012:Script Execution", "process_id": 6096, "is_machine_account": 0, "mapped": 1, "source_file": "Windows-PowerShell.jsonl", "event_data": "{\"Data\": [\"\", \"\", \"\"]}", "message": "Engine state is changed from None to Available. \r\n\r\nDetails: \r\n\tNewEngineState=Available\r\n\tPreviousEngineState=None\r\n\r\n\tSequenceNumber=13\r\n\r\n\tHostName=ConsoleHost\r\n\tHostVersion=5.1.26100.8875\r\n\tHostId=16b81f50-c514-4b74-a655-83427d07824c\r\n\tHostApplication=C:\\Windows\\System32\\WindowsPowerShell\\v1.0\\powershell.exe -noexit -command try { . \"c:\\Users\\yaswa\\AppData\\Local\\Programs\\Microsoft VS Code\\e4c7e7b1d6\\resources\\app\\out\\vs\\workbench\\contrib\\terminal\\common\\scripts\\shellIntegration.ps1\" } catch {}\r\n\tEngineVersion=5.1.26100.8875\r\n\tRunspaceId=2f37c399-f0e4-473a-a47b-99087d13fee3\r\n\tPipelineId=\r\n\tCommandName=\r\n\tCommandType=\r\n\tScriptName=\r\n\tCommandPath=\r\n\tCommandLine="}
{"timestamp": "2026-08-02T11:23:18.056Z", "record_id": 6626, "event_id": 600, "channel": "Windows PowerShell", "channel_key": "powershell_classic", "provider": "PowerShell", "computer": "LAPTOP-8SM7PKPU", "level": "Information", "category": "other", "process_id": 6096, "is_machine_account": 0, "mapped": 0, "source_file": "Windows-PowerShell.jsonl", "event_data": "{\"Data\": [\"\", \"\", \"\"]}", "message": "Provider \"Variable\" is Started. \r\n\r\nDetails: \r\n\tProviderName=Variable\r\n\tNewProviderState=Started\r\n\r\n\tSequenceNumber=11\r\n\r\n\tHostName=ConsoleHost\r\n\tHostVersion=5.1.26100.8875\r\n\tHostId=16b81f50-c514-4b74-a655-83427d07824c\r\n\tHostApplication=C:\\Windows\\System32\\WindowsPowerShell\\v1.0\\powershell.exe -noexit -command try { . \"c:\\Users\\yaswa\\AppData\\Local\\Programs\\Microsoft VS Code\\e4c7e7b1d6\\resources\\app\\out\\vs\\workbench\\contrib\\terminal\\common\\scripts\\shellIntegration.ps1\" } catch {}\r\n\tEngineVersion=\r\n\tRunspaceId=\r\n\tPipelineId=\r\n\tCommandName=\r\n\tCommandType=\r\n\tScriptName=\r\n\tCommandPath=\r\n\tCommandLine="}
{"timestamp": "2026-08-02T11:23:18.056Z", "record_id": 6625, "event_id": 600, "channel": "Windows PowerShell", "channel_key": "powershell_classic", "provider": "PowerShell", "computer": "LAPTOP-8SM7PKPU", "level": "Information", "category": "other", "process_id": 6096, "is_machine_account": 0, "mapped": 0, "source_file": "Windows-PowerShell.jsonl", "event_data": "{\"Data\": [\"\", \"\", \"\"]}", "message": "Provider \"Function\" is Started. \r\n\r\nDetails: \r\n\tProviderName=Function\r\n\tNewProviderState=Started\r\n\r\n\tSequenceNumber=9\r\n\r\n\tHostName=ConsoleHost\r\n\tHostVersion=5.1.26100.8875\r\n\tHostId=16b81f50-c514-4b74-a655-83427d07824c\r\n\tHostApplication=C:\\Windows\\System32\\WindowsPowerShell\\v1.0\\powershell.exe -noexit -command try { . \"c:\\Users\\yaswa\\AppData\\Local\\Programs\\Microsoft VS Code\\e4c7e7b1d6\\resources\\app\\out\\vs\\workbench\\contrib\\terminal\\common\\scripts\\shellIntegration.ps1\" } catch {}\r\n\tEngineVersion=\r\n\tRunspaceId=\r\n\tPipelineId=\r\n\tCommandName=\r\n\tCommandType=\r\n\tScriptName=\r\n\tCommandPath=\r\n\tCommandLine="}
{"timestamp": "2026-08-02T11:23:18.056Z", "record_id": 6624, "event_id": 600, "channel": "Windows PowerShell", "channel_key": "powershell_classic", "provider": "PowerShell", "computer": "LAPTOP-8SM7PKPU", "level": "Information", "category": "other", "process_id": 6096, "is_machine_account": 0, "mapped": 0, "source_file": "Windows-PowerShell.jsonl", "event_data": "{\"Data\": [\"\", \"\", \"\"]}", "message": "Provider \"FileSystem\" is Started. \r\n\r\nDetails: \r\n\tProviderName=FileSystem\r\n\tNewProviderState=Started\r\n\r\n\tSequenceNumber=7\r\n\r\n\tHostName=ConsoleHost\r\n\tHostVersion=5.1.26100.8875\r\n\tHostId=16b81f50-c514-4b74-a655-83427d07824c\r\n\tHostApplication=C:\\Windows\\System32\\WindowsPowerShell\\v1.0\\powershell.exe -noexit -command try { . \"c:\\Users\\yaswa\\AppData\\Local\\Programs\\Microsoft VS Code\\e4c7e7b1d6\\resources\\app\\out\\vs\\workbench\\contrib\\terminal\\common\\scripts\\shellIntegration.ps1\" } catch {}\r\n\tEngineVersion=\r\n\tRunspaceId=\r\n\tPipelineId=\r\n\tCommandName=\r\n\tCommandType=\r\n\tScriptName=\r\n\tCommandPath=\r\n\tCommandLine="}
{"timestamp": "2026-08-02T11:23:18.055Z", "record_id": 6623, "event_id": 600, "channel": "Windows PowerShell", "channel_key": "powershell_classic", "provider": "PowerShell", "computer": "LAPTOP-8SM7PKPU", "level": "Information", "category": "other", "process_id": 6096, "is_machine_account": 0, "mapped": 0, "source_file": "Windows-PowerShell.jsonl", "event_data": "{\"Data\": [\"\", \"\", \"\"]}", "message": "Provider \"Environment\" is Started. \r\n\r\nDetails: \r\n\tProviderName=Environment\r\n\tNewProviderState=Started\r\n\r\n\tSequenceNumber=5\r\n\r\n\tHostName=ConsoleHost\r\n\tHostVersion=5.1.26100.8875\r\n\tHostId=16b81f50-c514-4b74-a655-83427d07824c\r\n\tHostApplication=C:\\Windows\\System32\\WindowsPowerShell\\v1.0\\powershell.exe -noexit -command try { . \"c:\\Users\\yaswa\\AppData\\Local\\Programs\\Microsoft VS Code\\e4c7e7b1d6\\resources\\app\\out\\vs\\workbench\\contrib\\terminal\\common\\scripts\\shellIntegration.ps1\" } catch {}\r\n\tEngineVersion=\r\n\tRunspaceId=\r\n\tPipelineId=\r\n\tCommandName=\r\n\tCommandType=\r\n\tScriptName=\r\n\tCommandPath=\r\n\tCommandLine="}
{"timestamp": "2026-08-02T11:23:18.055Z", "record_id": 6622, "event_id": 600, "channel": "Windows PowerShell", "channel_key": "powershell_classic", "provider": "PowerShell", "computer": "LAPTOP-8SM7PKPU", "level": "Information", "category": "other", "process_id": 6096, "is_machine_account": 0, "mapped": 0, "source_file": "Windows-PowerShell.jsonl", "event_data": "{\"Data\": [\"\", \"\", \"\"]}", "message": "Provider \"Alias\" is Started. \r\n\r\nDetails: \r\n\tProviderName=Alias\r\n\tNewProviderState=Started\r\n\r\n\tSequenceNumber=3\r\n\r\n\tHostName=ConsoleHost\r\n\tHostVersion=5.1.26100.8875\r\n\tHostId=16b81f50-c514-4b74-a655-83427d07824c\r\n\tHostApplication=C:\\Windows\\System32\\WindowsPowerShell\\v1.0\\powershell.exe -noexit -command try { . \"c:\\Users\\yaswa\\AppData\\Local\\Programs\\Microsoft VS Code\\e4c7e7b1d6\\resources\\app\\out\\vs\\workbench\\contrib\\terminal\\common\\scripts\\shellIntegration.ps1\" } catch {}\r\n\tEngineVersion=\r\n\tRunspaceId=\r\n\tPipelineId=\r\n\tCommandName=\r\n\tCommandType=\r\n\tScriptName=\r\n\tCommandPath=\r\n\tCommandLine="}
{"timestamp": "2026-08-02T11:23:18.055Z", "record_id": 6621, "event_id": 600, "channel": "Windows PowerShell", "channel_key": "powershell_classic", "provider": "PowerShell", "computer": "LAPTOP-8SM7PKPU", "level": "Information", "category": "other", "process_id": 6096, "is_machine_account": 0, "mapped": 0, "source_file": "Windows-PowerShell.jsonl", "event_data": "{\"Data\": [\"\", \"\", \"\"]}", "message": "Provider \"Registry\" is Started. \r\n\r\nDetails: \r\n\tProviderName=Registry\r\n\tNewProviderState=Started\r\n\r\n\tSequenceNumber=1\r\n\r\n\tHostName=ConsoleHost\r\n\tHostVersion=5.1.26100.8875\r\n\tHostId=16b81f50-c514-4b74-a655-83427d07824c\r\n\tHostApplication=C:\\Windows\\System32\\WindowsPowerShell\\v1.0\\powershell.exe -noexit -command try { . \"c:\\Users\\yaswa\\AppData\\Local\\Programs\\Microsoft VS Code\\e4c7e7b1d6\\resources\\app\\out\\vs\\workbench\\contrib\\terminal\\common\\scripts\\shellIntegration.ps1\" } catch {}\r\n\tEngineVersion=\r\n\tRunspaceId=\r\n\tPipelineId=\r\n\tCommandName=\r\n\tCommandType=\r\n\tScriptName=\r\n\tCommandPath=\r\n\tCommandLine="}
{"timestamp": "2026-08-02T11:13:03.071Z", "record_id": 6620, "event_id": 403, "channel": "Windows PowerShell", "channel_key": "powershell_classic", "provider": "PowerShell", "computer": "LAPTOP-8SM7PKPU", "level": "Information", "category": "script_execution", "attack_data_sources": "DS0012:Script Execution", "process_id": 3652, "is_machine_account": 0, "mapped": 1, "source_file": "Windows-PowerShell.jsonl", "event_data": "{\"Data\": [\"\", \"\", \"\"]}", "message": "Engine state is changed from Available to Stopped. \r\n\r\nDetails: \r\n\tNewEngineState=Stopped\r\n\tPreviousEngineState=Available\r\n\r\n\tSequenceNumber=134\r\n\r\n\tHostName=Default Host\r\n\tHostVersion=5.1.26100.8875\r\n\tHostId=174142ec-40a8-45ca-8cc7-c75fccf69d05\r\n\tHostApplication=C:\\Windows\\System32\\WindowsPowerShell\\v1.0\\powershell.exe -NoProfile -ExecutionPolicy Bypass -Command Import-Module 'c:\\Users\\yaswa\\.vscode\\extensions\\ms-vscode.powershell-2025.4.0\\modules\\PowerShellEditorServices\\PowerShellEditorServices.psd1'; Start-EditorServices -HostName 'Visual Studio Code Host' -HostProfileId 'Microsoft.VSCode' -HostVersion '2025.4.0' -BundledModulesPath 'c:\\Users\\yaswa\\.vscode\\extensions\\ms-vscode.powershell-2025.4.0\\modules' -EnableConsoleRepl -StartupBanner \"PowerShell Extension v2025.4.0\nCopyright (c) Microsoft Corporation.\n\nhttps://aka.ms/vscode-powershell\nType 'help' to get help.\n\" -LogLevel 'Warning' -LogPath 'c:\\Users\\yaswa\\AppData\\Roaming\\Code\\logs\\20260730T121325\\window3\\exthost\\ms-vscode.powershell' -SessionDetailsPath 'c:\\Users\\yaswa\\AppData\\Roaming\\Code\\User\\globalStorage\\ms-vscode.powershell\\sessions\\PSES-VSCode-20148-876616.json' -FeatureFlags @() \r\n\tEngineVersion=5.1.26100.8875\r\n\tRunspaceId=54e3ea20-23bc-418c-9fe7-6a725aa8b410\r\n\tPipelineId=\r\n\tCommandName=\r\n\tCommandType=\r\n\tScriptName=\r\n\tCommandPath=\r\n\tCommandLine="}
{"timestamp": "2026-08-02T10:58:03.062Z", "record_id": 6619, "event_id": 400, "channel": "Windows PowerShell", "channel_key": "powershell_classic", "provider": "PowerShell", "computer": "LAPTOP-8SM7PKPU", "level": "Information", "category": "script_execution", "attack_data_sources": "DS0012:Script Execution", "process_id": 3652, "is_machine_account": 0, "mapped": 1, "source_file": "Windows-PowerShell.jsonl", "event_data": "{\"Data\": [\"\", \"\", \"\"]}", "message": "Engine state is changed from None to Available. \r\n\r\nDetails: \r\n\tNewEngineState=Available\r\n\tPreviousEngineState=None\r\n\r\n\tSequenceNumber=124\r\n\r\n\tHostName=Default Host\r\n\tHostVersion=5.1.26100.8875\r\n\tHostId=174142ec-40a8-45ca-8cc7-c75fccf69d05\r\n\tHostApplication=C:\\Windows\\System32\\WindowsPowerShell\\v1.0\\powershell.exe -NoProfile -ExecutionPolicy Bypass -Command Import-Module 'c:\\Users\\yaswa\\.vscode\\extensions\\ms-vscode.powershell-2025.4.0\\modules\\PowerShellEditorServices\\PowerShellEditorServices.psd1'; Start-EditorServices -HostName 'Visual Studio Code Host' -HostProfileId 'Microsoft.VSCode' -HostVersion '2025.4.0' -BundledModulesPath 'c:\\Users\\yaswa\\.vscode\\extensions\\ms-vscode.powershell-2025.4.0\\modules' -EnableConsoleRepl -StartupBanner \"PowerShell Extension v2025.4.0\nCopyright (c) Microsoft Corporation.\n\nhttps://aka.ms/vscode-powershell\nType 'help' to get help.\n\" -LogLevel 'Warning' -LogPath 'c:\\Users\\yaswa\\AppData\\Roaming\\Code\\logs\\20260730T121325\\window3\\exthost\\ms-vscode.powershell' -SessionDetailsPath 'c:\\Users\\yaswa\\AppData\\Roaming\\Code\\User\\globalStorage\\ms-vscode.powershell\\sessions\\PSES-VSCode-20148-876616.json' -FeatureFlags @() \r\n\tEngineVersion=5.1.26100.8875\r\n\tRunspaceId=bd2b4454-fd0b-4798-82d8-4d8e5d6d6069\r\n\tPipelineId=\r\n\tCommandName=\r\n\tCommandType=\r\n\tScriptName=\r\n\tCommandPath=\r\n\tCommandLine="}
{"timestamp": "2026-08-02T10:58:03.061Z", "record_id": 6618, "event_id": 600, "channel": "Windows PowerShell", "channel_key": "powershell_classic", "provider": "PowerShell", "computer": "LAPTOP-8SM7PKPU", "level": "Information", "category": "other", "process_id": 3652, "is_machine_account": 0, "mapped": 0, "source_file": "Windows-PowerShell.jsonl", "event_data": "{\"Data\": [\"\", \"\", \"\"]}", "message": "Provider \"WSMan\" is Started. \r\n\r\nDetails: \r\n\tProviderName=WSMan\r\n\tNewProviderState=Started\r\n\r\n\tSequenceNumber=122\r\n\r\n\tHostName=Default Host\r\n\tHostVersion=5.1.26100.8875\r\n\tHostId=174142ec-40a8-45ca-8cc7-c75fccf69d05\r\n\tHostApplication=C:\\Windows\\System32\\WindowsPowerShell\\v1.0\\powershell.exe -NoProfile -ExecutionPolicy Bypass -Command Import-Module 'c:\\Users\\yaswa\\.vscode\\extensions\\ms-vscode.powershell-2025.4.0\\modules\\PowerShellEditorServices\\PowerShellEditorServices.psd1'; Start-EditorServices -HostName 'Visual Studio Code Host' -HostProfileId 'Microsoft.VSCode' -HostVersion '2025.4.0' -BundledModulesPath 'c:\\Users\\yaswa\\.vscode\\extensions\\ms-vscode.powershell-2025.4.0\\modules' -EnableConsoleRepl -StartupBanner \"PowerShell Extension v2025.4.0\nCopyright (c) Microsoft Corporation.\n\nhttps://aka.ms/vscode-powershell\nType 'help' to get help.\n\" -LogLevel 'Warning' -LogPath 'c:\\Users\\yaswa\\AppData\\Roaming\\Code\\logs\\20260730T121325\\window3\\exthost\\ms-vscode.powershell' -SessionDetailsPath 'c:\\Users\\yaswa\\AppData\\Roaming\\Code\\User\\globalStorage\\ms-vscode.powershell\\sessions\\PSES-VSCode-20148-876616.json' -FeatureFlags @() \r\n\tEngineVersion=\r\n\tRunspaceId=\r\n\tPipelineId=\r\n\tCommandName=\r\n\tCommandType=\r\n\tScriptName=\r\n\tCommandPath=\r\n\tCommandLine="}
{"timestamp": "2026-08-02T10:58:03.061Z", "record_id": 6617, "event_id": 600, "channel": "Windows PowerShell", "channel_key": "powershell_classic", "provider": "PowerShell", "computer": "LAPTOP-8SM7PKPU", "level": "Information", "category": "other", "process_id": 3652, "is_machine_account": 0, "mapped": 0, "source_file": "Windows-PowerShell.jsonl", "event_data": "{\"Data\": [\"\", \"\", \"\"]}", "message": "Provider \"Certificate\" is Started. \r\n\r\nDetails: \r\n\tProviderName=Certificate\r\n\tNewProviderState=Started\r\n\r\n\tSequenceNumber=120\r\n\r\n\tHostName=Default Host\r\n\tHostVersion=5.1.26100.8875\r\n\tHostId=174142ec-40a8-45ca-8cc7-c75fccf69d05\r\n\tHostApplication=C:\\Windows\\System32\\WindowsPowerShell\\v1.0\\powershell.exe -NoProfile -ExecutionPolicy Bypass -Command Import-Module 'c:\\Users\\yaswa\\.vscode\\extensions\\ms-vscode.powershell-2025.4.0\\modules\\PowerShellEditorServices\\PowerShellEditorServices.psd1'; Start-EditorServices -HostName 'Visual Studio Code Host' -HostProfileId 'Microsoft.VSCode' -HostVersion '2025.4.0' -BundledModulesPath 'c:\\Users\\yaswa\\.vscode\\extensions\\ms-vscode.powershell-2025.4.0\\modules' -EnableConsoleRepl -StartupBanner \"PowerShell Extension v2025.4.0\nCopyright (c) Microsoft Corporation.\n\nhttps://aka.ms/vscode-powershell\nType 'help' to get help.\n\" -LogLevel 'Warning' -LogPath 'c:\\Users\\yaswa\\AppData\\Roaming\\Code\\logs\\20260730T121325\\window3\\exthost\\ms-vscode.powershell' -SessionDetailsPath 'c:\\Users\\yaswa\\AppData\\Roaming\\Code\\User\\globalStorage\\ms-vscode.powershell\\sessions\\PSES-VSCode-20148-876616.json' -FeatureFlags @() \r\n\tEngineVersion=\r\n\tRunspaceId=\r\n\tPipelineId=\r\n\tCommandName=\r\n\tCommandType=\r\n\tScriptName=\r\n\tCommandPath=\r\n\tCommandLine="}
{"timestamp": "2026-08-02T10:58:03.061Z", "record_id": 6616, "event_id": 600, "channel": "Windows PowerShell", "channel_key": "powershell_classic", "provider": "PowerShell", "computer": "LAPTOP-8SM7PKPU", "level": "Information", "category": "other", "process_id": 3652, "is_machine_account": 0, "mapped": 0, "source_file": "Windows-PowerShell.jsonl", "event_data": "{\"Data\": [\"\", \"\", \"\"]}", "message": "Provider \"Variable\" is Started. \r\n\r\nDetails: \r\n\tProviderName=Variable\r\n\tNewProviderState=Started\r\n\r\n\tSequenceNumber=118\r\n\r\n\tHostName=Default Host\r\n\tHostVersion=5.1.26100.8875\r\n\tHostId=174142ec-40a8-45ca-8cc7-c75fccf69d05\r\n\tHostApplication=C:\\Windows\\System32\\WindowsPowerShell\\v1.0\\powershell.exe -NoProfile -ExecutionPolicy Bypass -Command Import-Module 'c:\\Users\\yaswa\\.vscode\\extensions\\ms-vscode.powershell-2025.4.0\\modules\\PowerShellEditorServices\\PowerShellEditorServices.psd1'; Start-EditorServices -HostName 'Visual Studio Code Host' -HostProfileId 'Microsoft.VSCode' -HostVersion '2025.4.0' -BundledModulesPath 'c:\\Users\\yaswa\\.vscode\\extensions\\ms-vscode.powershell-2025.4.0\\modules' -EnableConsoleRepl -StartupBanner \"PowerShell Extension v2025.4.0\nCopyright (c) Microsoft Corporation.\n\nhttps://aka.ms/vscode-powershell\nType 'help' to get help.\n\" -LogLevel 'Warning' -LogPath 'c:\\Users\\yaswa\\AppData\\Roaming\\Code\\logs\\20260730T121325\\window3\\exthost\\ms-vscode.powershell' -SessionDetailsPath 'c:\\Users\\yaswa\\AppData\\Roaming\\Code\\User\\globalStorage\\ms-vscode.powershell\\sessions\\PSES-VSCode-20148-876616.json' -FeatureFlags @() \r\n\tEngineVersion=\r\n\tRunspaceId=\r\n\tPipelineId=\r\n\tCommandName=\r\n\tCommandType=\r\n\tScriptName=\r\n\tCommandPath=\r\n\tCommandLine="}
{"timestamp": "2026-08-02T10:58:03.060Z", "record_id": 6615, "event_id": 600, "channel": "Windows PowerShell", "channel_key": "powershell_classic", "provider": "PowerShell", "computer": "LAPTOP-8SM7PKPU", "level": "Information", "category": "other", "process_id": 3652, "is_machine_account": 0, "mapped": 0, "source_file": "Windows-PowerShell.jsonl", "event_data": "{\"Data\": [\"\", \"\", \"\"]}", "message": "Provider \"Function\" is Started. \r\n\r\nDetails: \r\n\tProviderName=Function\r\n\tNewProviderState=Started\r\n\r\n\tSequenceNumber=116\r\n\r\n\tHostName=Default Host\r\n\tHostVersion=5.1.26100.8875\r\n\tHostId=174142ec-40a8-45ca-8cc7-c75fccf69d05\r\n\tHostApplication=C:\\Windows\\System32\\WindowsPowerShell\\v1.0\\powershell.exe -NoProfile -ExecutionPolicy Bypass -Command Import-Module 'c:\\Users\\yaswa\\.vscode\\extensions\\ms-vscode.powershell-2025.4.0\\modules\\PowerShellEditorServices\\PowerShellEditorServices.psd1'; Start-EditorServices -HostName 'Visual Studio Code Host' -HostProfileId 'Microsoft.VSCode' -HostVersion '2025.4.0' -BundledModulesPath 'c:\\Users\\yaswa\\.vscode\\extensions\\ms-vscode.powershell-2025.4.0\\modules' -EnableConsoleRepl -StartupBanner \"PowerShell Extension v2025.4.0\nCopyright (c) Microsoft Corporation.\n\nhttps://aka.ms/vscode-powershell\nType 'help' to get help.\n\" -LogLevel 'Warning' -LogPath 'c:\\Users\\yaswa\\AppData\\Roaming\\Code\\logs\\20260730T121325\\window3\\exthost\\ms-vscode.powershell' -SessionDetailsPath 'c:\\Users\\yaswa\\AppData\\Roaming\\Code\\User\\globalStorage\\ms-vscode.powershell\\sessions\\PSES-VSCode-20148-876616.json' -FeatureFlags @() \r\n\tEngineVersion=\r\n\tRunspaceId=\r\n\tPipelineId=\r\n\tCommandName=\r\n\tCommandType=\r\n\tScriptName=\r\n\tCommandPath=\r\n\tCommandLine="}
{"timestamp": "2026-08-02T10:58:03.060Z", "record_id": 6614, "event_id": 600, "channel": "Windows PowerShell", "channel_key": "powershell_classic", "provider": "PowerShell", "computer": "LAPTOP-8SM7PKPU", "level": "Information", "category": "other", "process_id": 3652, "is_machine_account": 0, "mapped": 0, "source_file": "Windows-PowerShell.jsonl", "event_data": "{\"Data\": [\"\", \"\", \"\"]}", "message": "Provider \"FileSystem\" is Started. \r\n\r\nDetails: \r\n\tProviderName=FileSystem\r\n\tNewProviderState=Started\r\n\r\n\tSequenceNumber=114\r\n\r\n\tHostName=Default Host\r\n\tHostVersion=5.1.26100.8875\r\n\tHostId=174142ec-40a8-45ca-8cc7-c75fccf69d05\r\n\tHostApplication=C:\\Windows\\System32\\WindowsPowerShell\\v1.0\\powershell.exe -NoProfile -ExecutionPolicy Bypass -Command Import-Module 'c:\\Users\\yaswa\\.vscode\\extensions\\ms-vscode.powershell-2025.4.0\\modules\\PowerShellEditorServices\\PowerShellEditorServices.psd1'; Start-EditorServices -HostName 'Visual Studio Code Host' -HostProfileId 'Microsoft.VSCode' -HostVersion '2025.4.0' -BundledModulesPath 'c:\\Users\\yaswa\\.vscode\\extensions\\ms-vscode.powershell-2025.4.0\\modules' -EnableConsoleRepl -StartupBanner \"PowerShell Extension v2025.4.0\nCopyright (c) Microsoft Corporation.\n\nhttps://aka.ms/vscode-powershell\nType 'help' to get help.\n\" -LogLevel 'Warning' -LogPath 'c:\\Users\\yaswa\\AppData\\Roaming\\Code\\logs\\20260730T121325\\window3\\exthost\\ms-vscode.powershell' -SessionDetailsPath 'c:\\Users\\yaswa\\AppData\\Roaming\\Code\\User\\globalStorage\\ms-vscode.powershell\\sessions\\PSES-VSCode-20148-876616.json' -FeatureFlags @() \r\n\tEngineVersion=\r\n\tRunspaceId=\r\n\tPipelineId=\r\n\tCommandName=\r\n\tCommandType=\r\n\tScriptName=\r\n\tCommandPath=\r\n\tCommandLine="}
{"timestamp": "2026-08-02T10:58:03.060Z", "record_id": 6613, "event_id": 600, "channel": "Windows PowerShell", "channel_key": "powershell_classic", "provider": "PowerShell", "computer": "LAPTOP-8SM7PKPU", "level": "Information", "category": "other", "process_id": 3652, "is_machine_account": 0, "mapped": 0, "source_file": "Windows-PowerShell.jsonl", "event_data": "{\"Data\": [\"\", \"\", \"\"]}", "message": "Provider \"Environment\" is Started. \r\n\r\nDetails: \r\n\tProviderName=Environment\r\n\tNewProviderState=Started\r\n\r\n\tSequenceNumber=112\r\n\r\n\tHostName=Default Host\r\n\tHostVersion=5.1.26100.8875\r\n\tHostId=174142ec-40a8-45ca-8cc7-c75fccf69d05\r\n\tHostApplication=C:\\Windows\\System32\\WindowsPowerShell\\v1.0\\powershell.exe -NoProfile -ExecutionPolicy Bypass -Command Import-Module 'c:\\Users\\yaswa\\.vscode\\extensions\\ms-vscode.powershell-2025.4.0\\modules\\PowerShellEditorServices\\PowerShellEditorServices.psd1'; Start-EditorServices -HostName 'Visual Studio Code Host' -HostProfileId 'Microsoft.VSCode' -HostVersion '2025.4.0' -BundledModulesPath 'c:\\Users\\yaswa\\.vscode\\extensions\\ms-vscode.powershell-2025.4.0\\modules' -EnableConsoleRepl -StartupBanner \"PowerShell Extension v2025.4.0\nCopyright (c) Microsoft Corporation.\n\nhttps://aka.ms/vscode-powershell\nType 'help' to get help.\n\" -LogLevel 'Warning' -LogPath 'c:\\Users\\yaswa\\AppData\\Roaming\\Code\\logs\\20260730T121325\\window3\\exthost\\ms-vscode.powershell' -SessionDetailsPath 'c:\\Users\\yaswa\\AppData\\Roaming\\Code\\User\\globalStorage\\ms-vscode.powershell\\sessions\\PSES-VSCode-20148-876616.json' -FeatureFlags @() \r\n\tEngineVersion=\r\n\tRunspaceId=\r\n\tPipelineId=\r\n\tCommandName=\r\n\tCommandType=\r\n\tScriptName=\r\n\tCommandPath=\r\n\tCommandLine="}
{"timestamp": "2026-08-02T10:58:03.060Z", "record_id": 6612, "event_id": 600, "channel": "Windows PowerShell", "channel_key": "powershell_classic", "provider": "PowerShell", "computer": "LAPTOP-8SM7PKPU", "level": "Information", "category": "other", "process_id": 3652, "is_machine_account": 0, "mapped": 0, "source_file": "Windows-PowerShell.jsonl", "event_data": "{\"Data\": [\"\", \"\", \"\"]}", "message": "Provider \"Alias\" is Started. \r\n\r\nDetails: \r\n\tProviderName=Alias\r\n\tNewProviderState=Started\r\n\r\n\tSequenceNumber=110\r\n\r\n\tHostName=Default Host\r\n\tHostVersion=5.1.26100.8875\r\n\tHostId=174142ec-40a8-45ca-8cc7-c75fccf69d05\r\n\tHostApplication=C:\\Windows\\System32\\WindowsPowerShell\\v1.0\\powershell.exe -NoProfile -ExecutionPolicy Bypass -Command Import-Module 'c:\\Users\\yaswa\\.vscode\\extensions\\ms-vscode.powershell-2025.4.0\\modules\\PowerShellEditorServices\\PowerShellEditorServices.psd1'; Start-EditorServices -HostName 'Visual Studio Code Host' -HostProfileId 'Microsoft.VSCode' -HostVersion '2025.4.0' -BundledModulesPath 'c:\\Users\\yaswa\\.vscode\\extensions\\ms-vscode.powershell-2025.4.0\\modules' -EnableConsoleRepl -StartupBanner \"PowerShell Extension v2025.4.0\nCopyright (c) Microsoft Corporation.\n\nhttps://aka.ms/vscode-powershell\nType 'help' to get help.\n\" -LogLevel 'Warning' -LogPath 'c:\\Users\\yaswa\\AppData\\Roaming\\Code\\logs\\20260730T121325\\window3\\exthost\\ms-vscode.powershell' -SessionDetailsPath 'c:\\Users\\yaswa\\AppData\\Roaming\\Code\\User\\globalStorage\\ms-vscode.powershell\\sessions\\PSES-VSCode-20148-876616.json' -FeatureFlags @() \r\n\tEngineVersion=\r\n\tRunspaceId=\r\n\tPipelineId=\r\n\tCommandName=\r\n\tCommandType=\r\n\tScriptName=\r\n\tCommandPath=\r\n\tCommandLine="}
{"timestamp": "2026-08-02T10:58:03.060Z", "record_id": 6611, "event_id": 600, "channel": "Windows PowerShell", "channel_key": "powershell_classic", "provider": "PowerShell", "computer": "LAPTOP-8SM7PKPU", "level": "Information", "category": "other", "process_id": 3652, "is_machine_account": 0, "mapped": 0, "source_file": "Windows-PowerShell.jsonl", "event_data": "{\"Data\": [\"\", \"\", \"\"]}", "message": "Provider \"Registry\" is Started. \r\n\r\nDetails: \r\n\tProviderName=Registry\r\n\tNewProviderState=Started\r\n\r\n\tSequenceNumber=108\r\n\r\n\tHostName=Default Host\r\n\tHostVersion=5.1.26100.8875\r\n\tHostId=174142ec-40a8-45ca-8cc7-c75fccf69d05\r\n\tHostApplication=C:\\Windows\\System32\\WindowsPowerShell\\v1.0\\powershell.exe -NoProfile -ExecutionPolicy Bypass -Command Import-Module 'c:\\Users\\yaswa\\.vscode\\extensions\\ms-vscode.powershell-2025.4.0\\modules\\PowerShellEditorServices\\PowerShellEditorServices.psd1'; Start-EditorServices -HostName 'Visual Studio Code Host' -HostProfileId 'Microsoft.VSCode' -HostVersion '2025.4.0' -BundledModulesPath 'c:\\Users\\yaswa\\.vscode\\extensions\\ms-vscode.powershell-2025.4.0\\modules' -EnableConsoleRepl -StartupBanner \"PowerShell Extension v2025.4.0\nCopyright (c) Microsoft Corporation.\n\nhttps://aka.ms/vscode-powershell\nType 'help' to get help.\n\" -LogLevel 'Warning' -LogPath 'c:\\Users\\yaswa\\AppData\\Roaming\\Code\\logs\\20260730T121325\\window3\\exthost\\ms-vscode.powershell' -SessionDetailsPath 'c:\\Users\\yaswa\\AppData\\Roaming\\Code\\User\\globalStorage\\ms-vscode.powershell\\sessions\\PSES-VSCode-20148-876616.json' -FeatureFlags @() \r\n\tEngineVersion=\r\n\tRunspaceId=\r\n\tPipelineId=\r\n\tCommandName=\r\n\tCommandType=\r\n\tScriptName=\r\n\tCommandPath=\r\n\tCommandLine="}
{"timestamp": "2026-08-02T10:58:03.055Z", "record_id": 6610, "event_id": 400, "channel": "Windows PowerShell", "channel_key": "powershell_classic", "provider": "PowerShell", "computer": "LAPTOP-8SM7PKPU", "level": "Information", "category": "script_execution", "attack_data_sources": "DS0012:Script Execution", "process_id": 3652, "is_machine_account": 0, "mapped": 1, "source_file": "Windows-PowerShell.jsonl", "event_data": "{\"Data\": [\"\", \"\", \"\"]}", "message": "Engine state is changed from None to Available. \r\n\r\nDetails: \r\n\tNewEngineState=Available\r\n\tPreviousEngineState=None\r\n\r\n\tSequenceNumber=106\r\n\r\n\tHostName=Default Host\r\n\tHostVersion=5.1.26100.8875\r\n\tHostId=174142ec-40a8-45ca-8cc7-c75fccf69d05\r\n\tHostApplication=C:\\Windows\\System32\\WindowsPowerShell\\v1.0\\powershell.exe -NoProfile -ExecutionPolicy Bypass -Command Import-Module 'c:\\Users\\yaswa\\.vscode\\extensions\\ms-vscode.powershell-2025.4.0\\modules\\PowerShellEditorServices\\PowerShellEditorServices.psd1'; Start-EditorServices -HostName 'Visual Studio Code Host' -HostProfileId 'Microsoft.VSCode' -HostVersion '2025.4.0' -BundledModulesPath 'c:\\Users\\yaswa\\.vscode\\extensions\\ms-vscode.powershell-2025.4.0\\modules' -EnableConsoleRepl -StartupBanner \"PowerShell Extension v2025.4.0\nCopyright (c) Microsoft Corporation.\n\nhttps://aka.ms/vscode-powershell\nType 'help' to get help.\n\" -LogLevel 'Warning' -LogPath 'c:\\Users\\yaswa\\AppData\\Roaming\\Code\\logs\\20260730T121325\\window3\\exthost\\ms-vscode.powershell' -SessionDetailsPath 'c:\\Users\\yaswa\\AppData\\Roaming\\Code\\User\\globalStorage\\ms-vscode.powershell\\sessions\\PSES-VSCode-20148-876616.json' -FeatureFlags @() \r\n\tEngineVersion=5.1.26100.8875\r\n\tRunspaceId=54e3ea20-23bc-418c-9fe7-6a725aa8b410\r\n\tPipelineId=\r\n\tCommandName=\r\n\tCommandType=\r\n\tScriptName=\r\n\tCommandPath=\r\n\tCommandLine="}
{"timestamp": "2026-08-02T10:58:03.054Z", "record_id": 6609, "event_id": 600, "channel": "Windows PowerShell", "channel_key": "powershell_classic", "provider": "PowerShell", "computer": "LAPTOP-8SM7PKPU", "level": "Information", "category": "other", "process_id": 3652, "is_machine_account": 0, "mapped": 0, "source_file": "Windows-PowerShell.jsonl", "event_data": "{\"Data\": [\"\", \"\", \"\"]}", "message": "Provider \"WSMan\" is Started. \r\n\r\nDetails: \r\n\tProviderName=WSMan\r\n\tNewProviderState=Started\r\n\r\n\tSequenceNumber=104\r\n\r\n\tHostName=Default Host\r\n\tHostVersion=5.1.26100.8875\r\n\tHostId=174142ec-40a8-45ca-8cc7-c75fccf69d05\r\n\tHostApplication=C:\\Windows\\System32\\WindowsPowerShell\\v1.0\\powershell.exe -NoProfile -ExecutionPolicy Bypass -Command Import-Module 'c:\\Users\\yaswa\\.vscode\\extensions\\ms-vscode.powershell-2025.4.0\\modules\\PowerShellEditorServices\\PowerShellEditorServices.psd1'; Start-EditorServices -HostName 'Visual Studio Code Host' -HostProfileId 'Microsoft.VSCode' -HostVersion '2025.4.0' -BundledModulesPath 'c:\\Users\\yaswa\\.vscode\\extensions\\ms-vscode.powershell-2025.4.0\\modules' -EnableConsoleRepl -StartupBanner \"PowerShell Extension v2025.4.0\nCopyright (c) Microsoft Corporation.\n\nhttps://aka.ms/vscode-powershell\nType 'help' to get help.\n\" -LogLevel 'Warning' -LogPath 'c:\\Users\\yaswa\\AppData\\Roaming\\Code\\logs\\20260730T121325\\window3\\exthost\\ms-vscode.powershell' -SessionDetailsPath 'c:\\Users\\yaswa\\AppData\\Roaming\\Code\\User\\globalStorage\\ms-vscode.powershell\\sessions\\PSES-VSCode-20148-876616.json' -FeatureFlags @() \r\n\tEngineVersion=\r\n\tRunspaceId=\r\n\tPipelineId=\r\n\tCommandName=\r\n\tCommandType=\r\n\tScriptName=\r\n\tCommandPath=\r\n\tCommandLine="}
{"timestamp": "2026-08-02T10:58:03.054Z", "record_id": 6608, "event_id": 600, "channel": "Windows PowerShell", "channel_key": "powershell_classic", "provider": "PowerShell", "computer": "LAPTOP-8SM7PKPU", "level": "Information", "category": "other", "process_id": 3652, "is_machine_account": 0, "mapped": 0, "source_file": "Windows-PowerShell.jsonl", "event_data": "{\"Data\": [\"\", \"\", \"\"]}", "message": "Provider \"Certificate\" is Started. \r\n\r\nDetails: \r\n\tProviderName=Certificate\r\n\tNewProviderState=Started\r\n\r\n\tSequenceNumber=102\r\n\r\n\tHostName=Default Host\r\n\tHostVersion=5.1.26100.8875\r\n\tHostId=174142ec-40a8-45ca-8cc7-c75fccf69d05\r\n\tHostApplication=C:\\Windows\\System32\\WindowsPowerShell\\v1.0\\powershell.exe -NoProfile -ExecutionPolicy Bypass -Command Import-Module 'c:\\Users\\yaswa\\.vscode\\extensions\\ms-vscode.powershell-2025.4.0\\modules\\PowerShellEditorServices\\PowerShellEditorServices.psd1'; Start-EditorServices -HostName 'Visual Studio Code Host' -HostProfileId 'Microsoft.VSCode' -HostVersion '2025.4.0' -BundledModulesPath 'c:\\Users\\yaswa\\.vscode\\extensions\\ms-vscode.powershell-2025.4.0\\modules' -EnableConsoleRepl -StartupBanner \"PowerShell Extension v2025.4.0\nCopyright (c) Microsoft Corporation.\n\nhttps://aka.ms/vscode-powershell\nType 'help' to get help.\n\" -LogLevel 'Warning' -LogPath 'c:\\Users\\yaswa\\AppData\\Roaming\\Code\\logs\\20260730T121325\\window3\\exthost\\ms-vscode.powershell' -SessionDetailsPath 'c:\\Users\\yaswa\\AppData\\Roaming\\Code\\User\\globalStorage\\ms-vscode.powershell\\sessions\\PSES-VSCode-20148-876616.json' -FeatureFlags @() \r\n\tEngineVersion=\r\n\tRunspaceId=\r\n\tPipelineId=\r\n\tCommandName=\r\n\tCommandType=\r\n\tScriptName=\r\n\tCommandPath=\r\n\tCommandLine="}
{"timestamp": "2026-08-02T10:58:03.054Z", "record_id": 6607, "event_id": 600, "channel": "Windows PowerShell", "channel_key": "powershell_classic", "provider": "PowerShell", "computer": "LAPTOP-8SM7PKPU", "level": "Information", "category": "other", "process_id": 3652, "is_machine_account": 0, "mapped": 0, "source_file": "Windows-PowerShell.jsonl", "event_data": "{\"Data\": [\"\", \"\", \"\"]}", "message": "Provider \"Variable\" is Started. \r\n\r\nDetails: \r\n\tProviderName=Variable\r\n\tNewProviderState=Started\r\n\r\n\tSequenceNumber=100\r\n\r\n\tHostName=Default Host\r\n\tHostVersion=5.1.26100.8875\r\n\tHostId=174142ec-40a8-45ca-8cc7-c75fccf69d05\r\n\tHostApplication=C:\\Windows\\System32\\WindowsPowerShell\\v1.0\\powershell.exe -NoProfile -ExecutionPolicy Bypass -Command Import-Module 'c:\\Users\\yaswa\\.vscode\\extensions\\ms-vscode.powershell-2025.4.0\\modules\\PowerShellEditorServices\\PowerShellEditorServices.psd1'; Start-EditorServices -HostName 'Visual Studio Code Host' -HostProfileId 'Microsoft.VSCode' -HostVersion '2025.4.0' -BundledModulesPath 'c:\\Users\\yaswa\\.vscode\\extensions\\ms-vscode.powershell-2025.4.0\\modules' -EnableConsoleRepl -StartupBanner \"PowerShell Extension v2025.4.0\nCopyright (c) Microsoft Corporation.\n\nhttps://aka.ms/vscode-powershell\nType 'help' to get help.\n\" -LogLevel 'Warning' -LogPath 'c:\\Users\\yaswa\\AppData\\Roaming\\Code\\logs\\20260730T121325\\window3\\exthost\\ms-vscode.powershell' -SessionDetailsPath 'c:\\Users\\yaswa\\AppData\\Roaming\\Code\\User\\globalStorage\\ms-vscode.powershell\\sessions\\PSES-VSCode-20148-876616.json' -FeatureFlags @() \r\n\tEngineVersion=\r\n\tRunspaceId=\r\n\tPipelineId=\r\n\tCommandName=\r\n\tCommandType=\r\n\tScriptName=\r\n\tCommandPath=\r\n\tCommandLine="}
{"timestamp": "2026-08-02T10:58:03.053Z", "record_id": 6606, "event_id": 600, "channel": "Windows PowerShell", "channel_key": "powershell_classic", "provider": "PowerShell", "computer": "LAPTOP-8SM7PKPU", "level": "Information", "category": "other", "process_id": 3652, "is_machine_account": 0, "mapped": 0, "source_file": "Windows-PowerShell.jsonl", "event_data": "{\"Data\": [\"\", \"\", \"\"]}", "message": "Provider \"Function\" is Started. \r\n\r\nDetails: \r\n\tProviderName=Function\r\n\tNewProviderState=Started\r\n\r\n\tSequenceNumber=98\r\n\r\n\tHostName=Default Host\r\n\tHostVersion=5.1.26100.8875\r\n\tHostId=174142ec-40a8-45ca-8cc7-c75fccf69d05\r\n\tHostApplication=C:\\Windows\\System32\\WindowsPowerShell\\v1.0\\powershell.exe -NoProfile -ExecutionPolicy Bypass -Command Import-Module 'c:\\Users\\yaswa\\.vscode\\extensions\\ms-vscode.powershell-2025.4.0\\modules\\PowerShellEditorServices\\PowerShellEditorServices.psd1'; Start-EditorServices -HostName 'Visual Studio Code Host' -HostProfileId 'Microsoft.VSCode' -HostVersion '2025.4.0' -BundledModulesPath 'c:\\Users\\yaswa\\.vscode\\extensions\\ms-vscode.powershell-2025.4.0\\modules' -EnableConsoleRepl -StartupBanner \"PowerShell Extension v2025.4.0\nCopyright (c) Microsoft Corporation.\n\nhttps://aka.ms/vscode-powershell\nType 'help' to get help.\n\" -LogLevel 'Warning' -LogPath 'c:\\Users\\yaswa\\AppData\\Roaming\\Code\\logs\\20260730T121325\\window3\\exthost\\ms-vscode.powershell' -SessionDetailsPath 'c:\\Users\\yaswa\\AppData\\Roaming\\Code\\User\\globalStorage\\ms-vscode.powershell\\sessions\\PSES-VSCode-20148-876616.json' -FeatureFlags @() \r\n\tEngineVersion=\r\n\tRunspaceId=\r\n\tPipelineId=\r\n\tCommandName=\r\n\tCommandType=\r\n\tScriptName=\r\n\tCommandPath=\r\n\tCommandLine="}
{"timestamp": "2026-08-02T10:58:03.053Z", "record_id": 6605, "event_id": 600, "channel": "Windows PowerShell", "channel_key": "powershell_classic", "provider": "PowerShell", "computer": "LAPTOP-8SM7PKPU", "level": "Information", "category": "other", "process_id": 3652, "is_machine_account": 0, "mapped": 0, "source_file": "Windows-PowerShell.jsonl", "event_data": "{\"Data\": [\"\", \"\", \"\"]}", "message": "Provider \"FileSystem\" is Started. \r\n\r\nDetails: \r\n\tProviderName=FileSystem\r\n\tNewProviderState=Started\r\n\r\n\tSequenceNumber=96\r\n\r\n\tHostName=Default Host\r\n\tHostVersion=5.1.26100.8875\r\n\tHostId=174142ec-40a8-45ca-8cc7-c75fccf69d05\r\n\tHostApplication=C:\\Windows\\System32\\WindowsPowerShell\\v1.0\\powershell.exe -NoProfile -ExecutionPolicy Bypass -Command Import-Module 'c:\\Users\\yaswa\\.vscode\\extensions\\ms-vscode.powershell-2025.4.0\\modules\\PowerShellEditorServices\\PowerShellEditorServices.psd1'; Start-EditorServices -HostName 'Visual Studio Code Host' -HostProfileId 'Microsoft.VSCode' -HostVersion '2025.4.0' -BundledModulesPath 'c:\\Users\\yaswa\\.vscode\\extensions\\ms-vscode.powershell-2025.4.0\\modules' -EnableConsoleRepl -StartupBanner \"PowerShell Extension v2025.4.0\nCopyright (c) Microsoft Corporation.\n\nhttps://aka.ms/vscode-powershell\nType 'help' to get help.\n\" -LogLevel 'Warning' -LogPath 'c:\\Users\\yaswa\\AppData\\Roaming\\Code\\logs\\20260730T121325\\window3\\exthost\\ms-vscode.powershell' -SessionDetailsPath 'c:\\Users\\yaswa\\AppData\\Roaming\\Code\\User\\globalStorage\\ms-vscode.powershell\\sessions\\PSES-VSCode-20148-876616.json' -FeatureFlags @() \r\n\tEngineVersion=\r\n\tRunspaceId=\r\n\tPipelineId=\r\n\tCommandName=\r\n\tCommandType=\r\n\tScriptName=\r\n\tCommandPath=\r\n\tCommandLine="}
{"timestamp": "2026-08-02T10:58:03.053Z", "record_id": 6604, "event_id": 600, "channel": "Windows PowerShell", "channel_key": "powershell_classic", "provider": "PowerShell", "computer": "LAPTOP-8SM7PKPU", "level": "Information", "category": "other", "process_id": 3652, "is_machine_account": 0, "mapped": 0, "source_file": "Windows-PowerShell.jsonl", "event_data": "{\"Data\": [\"\", \"\", \"\"]}", "message": "Provider \"Environment\" is Started. \r\n\r\nDetails: \r\n\tProviderName=Environment\r\n\tNewProviderState=Started\r\n\r\n\tSequenceNumber=94\r\n\r\n\tHostName=Default Host\r\n\tHostVersion=5.1.26100.8875\r\n\tHostId=174142ec-40a8-45ca-8cc7-c75fccf69d05\r\n\tHostApplication=C:\\Windows\\System32\\WindowsPowerShell\\v1.0\\powershell.exe -NoProfile -ExecutionPolicy Bypass -Command Import-Module 'c:\\Users\\yaswa\\.vscode\\extensions\\ms-vscode.powershell-2025.4.0\\modules\\PowerShellEditorServices\\PowerShellEditorServices.psd1'; Start-EditorServices -HostName 'Visual Studio Code Host' -HostProfileId 'Microsoft.VSCode' -HostVersion '2025.4.0' -BundledModulesPath 'c:\\Users\\yaswa\\.vscode\\extensions\\ms-vscode.powershell-2025.4.0\\modules' -EnableConsoleRepl -StartupBanner \"PowerShell Extension v2025.4.0\nCopyright (c) Microsoft Corporation.\n\nhttps://aka.ms/vscode-powershell\nType 'help' to get help.\n\" -LogLevel 'Warning' -LogPath 'c:\\Users\\yaswa\\AppData\\Roaming\\Code\\logs\\20260730T121325\\window3\\exthost\\ms-vscode.powershell' -SessionDetailsPath 'c:\\Users\\yaswa\\AppData\\Roaming\\Code\\User\\globalStorage\\ms-vscode.powershell\\sessions\\PSES-VSCode-20148-876616.json' -FeatureFlags @() \r\n\tEngineVersion=\r\n\tRunspaceId=\r\n\tPipelineId=\r\n\tCommandName=\r\n\tCommandType=\r\n\tScriptName=\r\n\tCommandPath=\r\n\tCommandLine="}
{"timestamp": "2026-08-02T10:58:03.053Z", "record_id": 6603, "event_id": 600, "channel": "Windows PowerShell", "channel_key": "powershell_classic", "provider": "PowerShell", "computer": "LAPTOP-8SM7PKPU", "level": "Information", "category": "other", "process_id": 3652, "is_machine_account": 0, "mapped": 0, "source_file": "Windows-PowerShell.jsonl", "event_data": "{\"Data\": [\"\", \"\", \"\"]}", "message": "Provider \"Alias\" is Started. \r\n\r\nDetails: \r\n\tProviderName=Alias\r\n\tNewProviderState=Started\r\n\r\n\tSequenceNumber=92\r\n\r\n\tHostName=Default Host\r\n\tHostVersion=5.1.26100.8875\r\n\tHostId=174142ec-40a8-45ca-8cc7-c75fccf69d05\r\n\tHostApplication=C:\\Windows\\System32\\WindowsPowerShell\\v1.0\\powershell.exe -NoProfile -ExecutionPolicy Bypass -Command Import-Module 'c:\\Users\\yaswa\\.vscode\\extensions\\ms-vscode.powershell-2025.4.0\\modules\\PowerShellEditorServices\\PowerShellEditorServices.psd1'; Start-EditorServices -HostName 'Visual Studio Code Host' -HostProfileId 'Microsoft.VSCode' -HostVersion '2025.4.0' -BundledModulesPath 'c:\\Users\\yaswa\\.vscode\\extensions\\ms-vscode.powershell-2025.4.0\\modules' -EnableConsoleRepl -StartupBanner \"PowerShell Extension v2025.4.0\nCopyright (c) Microsoft Corporation.\n\nhttps://aka.ms/vscode-powershell\nType 'help' to get help.\n\" -LogLevel 'Warning' -LogPath 'c:\\Users\\yaswa\\AppData\\Roaming\\Code\\logs\\20260730T121325\\window3\\exthost\\ms-vscode.powershell' -SessionDetailsPath 'c:\\Users\\yaswa\\AppData\\Roaming\\Code\\User\\globalStorage\\ms-vscode.powershell\\sessions\\PSES-VSCode-20148-876616.json' -FeatureFlags @() \r\n\tEngineVersion=\r\n\tRunspaceId=\r\n\tPipelineId=\r\n\tCommandName=\r\n\tCommandType=\r\n\tScriptName=\r\n\tCommandPath=\r\n\tCommandLine="}
{"timestamp": "2026-08-02T10:58:03.053Z", "record_id": 6602, "event_id": 600, "channel": "Windows PowerShell", "channel_key": "powershell_classic", "provider": "PowerShell", "computer": "LAPTOP-8SM7PKPU", "level": "Information", "category": "other", "process_id": 3652, "is_machine_account": 0, "mapped": 0, "source_file": "Windows-PowerShell.jsonl", "event_data": "{\"Data\": [\"\", \"\", \"\"]}", "message": "Provider \"Registry\" is Started. \r\n\r\nDetails: \r\n\tProviderName=Registry\r\n\tNewProviderState=Started\r\n\r\n\tSequenceNumber=90\r\n\r\n\tHostName=Default Host\r\n\tHostVersion=5.1.26100.8875\r\n\tHostId=174142ec-40a8-45ca-8cc7-c75fccf69d05\r\n\tHostApplication=C:\\Windows\\System32\\WindowsPowerShell\\v1.0\\powershell.exe -NoProfile -ExecutionPolicy Bypass -Command Import-Module 'c:\\Users\\yaswa\\.vscode\\extensions\\ms-vscode.powershell-2025.4.0\\modules\\PowerShellEditorServices\\PowerShellEditorServices.psd1'; Start-EditorServices -HostName 'Visual Studio Code Host' -HostProfileId 'Microsoft.VSCode' -HostVersion '2025.4.0' -BundledModulesPath 'c:\\Users\\yaswa\\.vscode\\extensions\\ms-vscode.powershell-2025.4.0\\modules' -EnableConsoleRepl -StartupBanner \"PowerShell Extension v2025.4.0\nCopyright (c) Microsoft Corporation.\n\nhttps://aka.ms/vscode-powershell\nType 'help' to get help.\n\" -LogLevel 'Warning' -LogPath 'c:\\Users\\yaswa\\AppData\\Roaming\\Code\\logs\\20260730T121325\\window3\\exthost\\ms-vscode.powershell' -SessionDetailsPath 'c:\\Users\\yaswa\\AppData\\Roaming\\Code\\User\\globalStorage\\ms-vscode.powershell\\sessions\\PSES-VSCode-20148-876616.json' -FeatureFlags @() \r\n\tEngineVersion=\r\n\tRunspaceId=\r\n\tPipelineId=\r\n\tCommandName=\r\n\tCommandType=\r\n\tScriptName=\r\n\tCommandPath=\r\n\tCommandLine="}
